[3.360s] Invoking command in 'F:\dev\colcon_ws\src\lunabotics2021\build\lunabotics2021': C:\Program Files\CMake\bin\cmake.EXE F:\dev\colcon_ws\src\lunabotics2021 -DAMENT_CMAKE_SYMLINK_INSTALL=1 -DCMAKE_INSTALL_PREFIX=F:\dev\colcon_ws\src\lunabotics2021\install\lunabotics2021
[3.860s] -- Selecting Windows SDK version 10.0.17763.0 to target Windows 10.0.18363.
[3.860s] -- Found ament_cmake: 0.9.6 (F:/dev/ros2_foxy/share/ament_cmake/cmake)
[3.860s] -- Using PYTHON_EXECUTABLE: C:/Python38/python.exe
[9.157s] -- Override CMake install command with custom implementation using symlinks instead of copying resources
[10.875s] -- Found rclcpp: 2.1.0 (F:/dev/ros2_foxy/share/rclcpp/cmake)
[11.485s] -- Using all available rosidl_typesupport_c: rosidl_typesupport_connext_c;rosidl_typesupport_fastrtps_c;rosidl_typesupport_introspection_c
[11.563s] -- Found rosidl_adapter: 1.0.1 (F:/dev/ros2_foxy/share/rosidl_adapter/cmake)
[12.172s] -- Could not find RTI Connext - skipping rosidl_typesupport_connext_c
[12.469s] -- Could not find RTI Connext - skipping rosidl_typesupport_connext_cpp
[13.391s] -- Using all available rosidl_typesupport_cpp: rosidl_typesupport_connext_cpp;rosidl_typesupport_fastrtps_cpp;rosidl_typesupport_introspection_cpp
[14.266s] -- Found rmw_implementation_cmake: 1.0.1 (F:/dev/ros2_foxy/share/rmw_implementation_cmake/cmake)
[14.750s] -- Using RMW implementation 'rmw_fastrtps_cpp' as default
[15.250s] -- Found std_msgs: 2.0.3 (F:/dev/ros2_foxy/share/std_msgs/cmake)
[16.172s] -- Found ament_lint_auto: 0.9.5 (F:/dev/ros2_foxy/share/ament_lint_auto/cmake)
[18.750s] -- Added test 'copyright' to check source files copyright and LICENSE
[19.000s] -- Added test 'cppcheck' to perform static code analysis on C / C++ code
[19.000s] -- Configured cppcheck include dirs: $<BUILD_INTERFACE:F:/dev/colcon_ws/src/lunabotics2021/include>
[19.000s] -- Configured cppcheck exclude dirs and/or files: 
[19.172s] -- Added test 'cpplint' to check C / C++ code against the Google style
[19.172s] -- Configured cpplint exclude dirs and/or files: 
[19.250s] -- Added test 'flake8' to check Python code syntax and style conventions
[19.328s] -- Added test 'lint_cmake' to check CMake code style
[19.375s] -- Added test 'pep257' to check Python code against some of the style conventions in PEP 257
[19.563s] -- Added test 'uncrustify' to check C / C++ code style
[19.563s] -- Configured uncrustify additional arguments: 
[19.594s] -- Added test 'xmllint' to check XML markup files
[19.672s] -- Configuring done
[20.828s] -- Generating done
[20.907s] -- Build files have been written to: F:/dev/colcon_ws/src/lunabotics2021/build/lunabotics2021
[20.938s] Invoked command in 'F:\dev\colcon_ws\src\lunabotics2021\build\lunabotics2021' returned '0': C:\Program Files\CMake\bin\cmake.EXE F:\dev\colcon_ws\src\lunabotics2021 -DAMENT_CMAKE_SYMLINK_INSTALL=1 -DCMAKE_INSTALL_PREFIX=F:\dev\colcon_ws\src\lunabotics2021\install\lunabotics2021
[20.938s] Invoking command in 'F:\dev\colcon_ws\src\lunabotics2021\build\lunabotics2021': CL=/MP C:\Program Files\CMake\bin\cmake.EXE --build F:\dev\colcon_ws\src\lunabotics2021\build\lunabotics2021 --config Release
[21.250s] Microsoft (R) Build Engine version 15.9.21+g9802d43bc3 for .NET Framework
[21.250s] Copyright (C) Microsoft Corporation. All rights reserved.
[21.250s] 
[22.469s]   hello.vcxproj -> F:\dev\colcon_ws\src\lunabotics2021\build\lunabotics2021\Release\hello.exe
[22.703s]   Building Custom Rule F:/dev/colcon_ws/src/lunabotics2021/CMakeLists.txt
[22.985s]   listen.cpp
[24.141s] F:\dev\colcon_ws\src\lunabotics2021\src\listen.cpp(30): warning C4551: function call missing argument list [F:\dev\colcon_ws\src\lunabotics2021\build\lunabotics2021\listen.vcxproj]
[28.094s]   listen.vcxproj -> F:\dev\colcon_ws\src\lunabotics2021\build\lunabotics2021\Release\listen.exe
[28.250s] Invoked command in 'F:\dev\colcon_ws\src\lunabotics2021\build\lunabotics2021' returned '0': CL=/MP C:\Program Files\CMake\bin\cmake.EXE --build F:\dev\colcon_ws\src\lunabotics2021\build\lunabotics2021 --config Release
[28.375s] Invoking command in 'F:\dev\colcon_ws\src\lunabotics2021\build\lunabotics2021': C:\Program Files\CMake\bin\cmake.EXE --install F:\dev\colcon_ws\src\lunabotics2021\build\lunabotics2021 --config Release
[28.469s] -- Execute custom install script
[28.485s] -- Symlinking: F:/dev/colcon_ws/src/lunabotics2021/install/lunabotics2021/lib/lunabotics2021/hello.exe
[28.547s] -- Symlinking: F:/dev/colcon_ws/src/lunabotics2021/install/lunabotics2021/lib/lunabotics2021/listen.exe
[28.610s] -- Symlinking: F:/dev/colcon_ws/src/lunabotics2021/install/lunabotics2021/share/ament_index/resource_index/package_run_dependencies/lunabotics2021
[28.688s] -- Symlinking: F:/dev/colcon_ws/src/lunabotics2021/install/lunabotics2021/share/ament_index/resource_index/parent_prefix_path/lunabotics2021
[28.750s] -- Symlinking: F:/dev/colcon_ws/src/lunabotics2021/install/lunabotics2021/share/lunabotics2021/environment/ament_prefix_path.bat
[28.797s] -- Symlinking: F:/dev/colcon_ws/src/lunabotics2021/install/lunabotics2021/share/lunabotics2021/environment/ament_prefix_path.dsv
[28.828s] -- Symlinking: F:/dev/colcon_ws/src/lunabotics2021/install/lunabotics2021/share/lunabotics2021/environment/path.bat
[28.860s] -- Symlinking: F:/dev/colcon_ws/src/lunabotics2021/install/lunabotics2021/share/lunabotics2021/environment/path.dsv
[28.907s] -- Symlinking: F:/dev/colcon_ws/src/lunabotics2021/install/lunabotics2021/share/lunabotics2021/local_setup.bat
[28.953s] -- Symlinking: F:/dev/colcon_ws/src/lunabotics2021/install/lunabotics2021/share/lunabotics2021/local_setup.dsv
[29.016s] -- Symlinking: F:/dev/colcon_ws/src/lunabotics2021/install/lunabotics2021/share/lunabotics2021/package.dsv
[29.094s] -- Symlinking: F:/dev/colcon_ws/src/lunabotics2021/install/lunabotics2021/share/ament_index/resource_index/packages/lunabotics2021
[29.141s] -- Symlinking: F:/dev/colcon_ws/src/lunabotics2021/install/lunabotics2021/share/lunabotics2021/cmake/lunabotics2021Config.cmake
[29.188s] -- Symlinking: F:/dev/colcon_ws/src/lunabotics2021/install/lunabotics2021/share/lunabotics2021/cmake/lunabotics2021Config-version.cmake
[29.235s] -- Symlinking: F:/dev/colcon_ws/src/lunabotics2021/install/lunabotics2021/share/lunabotics2021/package.xml
[29.313s] Invoked command in 'F:\dev\colcon_ws\src\lunabotics2021\build\lunabotics2021' returned '0': C:\Program Files\CMake\bin\cmake.EXE --install F:\dev\colcon_ws\src\lunabotics2021\build\lunabotics2021 --config Release
