[0.000000] (-) TimerEvent: {}
[0.000000] (lunabotics2021) JobQueued: {'identifier': 'lunabotics2021', 'dependencies': OrderedDict()}
[0.015000] (lunabotics2021) JobStarted: {'identifier': 'lunabotics2021'}
[0.109000] (-) TimerEvent: {}
[0.203000] (lunabotics2021) JobProgress: {'identifier': 'lunabotics2021', 'progress': 'cmake'}
[0.218000] (-) TimerEvent: {}
[0.250000] (lunabotics2021) Command: {'cmd': ['C:\\Program Files\\CMake\\bin\\cmake.EXE', 'F:\\dev\\colcon_ws\\src\\lunabotics2021', '-DAMENT_CMAKE_SYMLINK_INSTALL=1', '-DCMAKE_INSTALL_PREFIX=F:\\dev\\colcon_ws\\src\\lunabotics2021\\install\\lunabotics2021', '-G', 'Visual Studio 15 2017', '-A', 'x64'], 'cwd': 'F:\\dev\\colcon_ws\\src\\lunabotics2021\\build\\lunabotics2021', 'env': OrderedDict([('ALLUSERSPROFILE', 'C:\\ProgramData'), ('AMENT_PREFIX_PATH', 'F:\\dev\\colcon_ws\\install\\lunabotics2021;F:\\dev\\colcon_ws\\install\\basic;F:\\dev\\ros2_foxy'), ('APPDATA', 'C:\\Users\\JoelB\\AppData\\Roaming'), ('ChocolateyInstall', 'C:\\ProgramData\\chocolatey'), ('ChocolateyLastPathUpdate', '132440800097210234'), ('CMAKE_PREFIX_PATH', 'F:\\dev\\colcon_ws\\install\\lunabotics2021;F:\\dev\\colcon_ws\\install\\basic;F:\\dev\\ros2_foxy'), ('COLCON', '1'), ('COLCON_PREFIX_PATH', 'F:\\dev\\colcon_ws\\install\\;F:\\dev\\ros2_foxy\\'), ('CommandPromptType', 'Cross'), ('CommonProgramFiles', 'C:\\Program Files\\Common Files'), ('CommonProgramFiles(x86)', 'C:\\Program Files (x86)\\Common Files'), ('CommonProgramW6432', 'C:\\Program Files\\Common Files'), ('COMPUTERNAME', 'LAPTOP-F21FPG6D'), ('ComSpec', 'C:\\WINDOWS\\system32\\cmd.exe'), ('configsetroot', 'C:\\WINDOWS\\ConfigSetRoot'), ('DevEnvDir', 'C:\\Program Files (x86)\\Microsoft Visual Studio\\2017\\BuildTools\\Common7\\IDE\\'), ('DriverData', 'C:\\Windows\\System32\\Drivers\\DriverData'), ('ExtensionSdkDir', 'C:\\Program Files (x86)\\Microsoft SDKs\\Windows Kits\\10\\ExtensionSDKs'), ('FPS_BROWSER_APP_PROFILE_STRING', 'Internet Explorer'), ('FPS_BROWSER_USER_PROFILE_STRING', 'Default'), ('Framework40Version', 'v4.0'), ('FrameworkDir', 'C:\\Windows\\Microsoft.NET\\Framework\\'), ('FrameworkDir32', 'C:\\Windows\\Microsoft.NET\\Framework\\'), ('FrameworkDir64', 'C:\\Windows\\Microsoft.NET\\Framework64\\'), ('FrameworkVersion', 'v4.0.30319'), ('FrameworkVersion32', 'v4.0.30319'), ('FrameworkVersion64', 'v4.0.30319'), ('HOMEDRIVE', 'C:'), ('HOMEPATH', '\\Users\\JoelB'), ('INCLUDE', 'C:\\Program Files (x86)\\Microsoft Visual Studio\\2017\\BuildTools\\VC\\Tools\\MSVC\\14.16.27023\\include;C:\\Program Files (x86)\\Windows Kits\\10\\include\\10.0.17763.0\\ucrt;C:\\Program Files (x86)\\Windows Kits\\10\\include\\10.0.17763.0\\shared;C:\\Program Files (x86)\\Windows Kits\\10\\include\\10.0.17763.0\\um;C:\\Program Files (x86)\\Windows Kits\\10\\include\\10.0.17763.0\\winrt;C:\\Program Files (x86)\\Windows Kits\\10\\include\\10.0.17763.0\\cppwinrt'), ('JAVA_HOME', 'C:\\Program Files\\Java\\jdk-12.0.2'), ('LIB', 'C:\\Program Files (x86)\\Microsoft Visual Studio\\2017\\BuildTools\\VC\\Tools\\MSVC\\14.16.27023\\lib\\x64;C:\\Program Files (x86)\\Windows Kits\\10\\lib\\10.0.17763.0\\ucrt\\x64;C:\\Program Files (x86)\\Windows Kits\\10\\lib\\10.0.17763.0\\um\\x64;'), ('LIBPATH', 'C:\\Program Files (x86)\\Microsoft Visual Studio\\2017\\BuildTools\\VC\\Tools\\MSVC\\14.16.27023\\lib\\x64;C:\\Program Files (x86)\\Microsoft Visual Studio\\2017\\BuildTools\\VC\\Tools\\MSVC\\14.16.27023\\lib\\x86\\store\\references;C:\\Program Files (x86)\\Windows Kits\\10\\UnionMetadata\\10.0.17763.0;C:\\Program Files (x86)\\Windows Kits\\10\\References\\10.0.17763.0;C:\\Windows\\Microsoft.NET\\Framework\\v4.0.30319;'), ('LOCALAPPDATA', 'C:\\Users\\JoelB\\AppData\\Local'), ('LOGONSERVER', '\\\\LAPTOP-F21FPG6D'), ('NIEXTCCOMPILERSUPP', 'C:\\Program Files (x86)\\National Instruments\\Shared\\ExternalCompilerSupport\\C\\'), ('NUMBER_OF_PROCESSORS', '8'), ('OneDrive', 'C:\\Users\\JoelB\\OneDrive'), ('OneDriveConsumer', 'C:\\Users\\JoelB\\OneDrive'), ('OpenCV_DIR', 'C:\\opencv'), ('OS', 'Windows_NT'), ('OV_NI_PLUGIN_DIR', 'C:\\Program Files\\National Instruments\\Shared\\OpenVINO\\'), ('Path', 'F:\\dev\\ros2_foxy\\opt\\yaml_cpp_vendor\\bin;F:\\dev\\ros2_foxy\\opt\\rviz_ogre_vendor\\bin;F:\\dev\\ros2_foxy\\opt\\rviz_assimp_vendor\\bin;F:\\dev\\ros2_foxy\\opt\\libcurl_vendor\\bin;F:\\dev\\ros2_foxy\\Scripts;C:\\Program Files (x86)\\Microsoft Visual Studio\\2017\\BuildTools\\VC\\Tools\\MSVC\\14.16.27023\\bin\\HostX86\\x64;C:\\Program Files (x86)\\Microsoft Visual Studio\\2017\\BuildTools\\VC\\Tools\\MSVC\\14.16.27023\\bin\\HostX86\\x86;C:\\Program Files (x86)\\Microsoft Visual Studio\\2017\\BuildTools\\Common7\\IDE\\CommonExtensions\\Microsoft\\TestWindow;C:\\Program Files (x86)\\Microsoft Visual Studio\\2017\\BuildTools\\MSBuild\\15.0\\bin\\Roslyn;C:\\Program Files (x86)\\Windows Kits\\10\\bin\\10.0.17763.0\\x86;C:\\Program Files (x86)\\Windows Kits\\10\\bin\\x86;C:\\Program Files (x86)\\Microsoft Visual Studio\\2017\\BuildTools\\\\MSBuild\\15.0\\bin;C:\\Windows\\Microsoft.NET\\Framework\\v4.0.30319;C:\\Program Files (x86)\\Microsoft Visual Studio\\2017\\BuildTools\\Common7\\IDE\\;C:\\Program Files (x86)\\Microsoft Visual Studio\\2017\\BuildTools\\Common7\\Tools\\;C:\\Program Files\\National Instruments\\Shared\\OpenVINO\\;C:\\Python38\\Scripts\\;C:\\Python38\\;C:\\Program Files (x86)\\Intel\\Intel(R) Management Engine Components\\iCLS\\;C:\\Program Files\\Intel\\Intel(R) Management Engine Components\\iCLS\\;C:\\WINDOWS\\system32;C:\\WINDOWS;C:\\WINDOWS\\System32\\Wbem;C:\\WINDOWS\\System32\\WindowsPowerShell\\v1.0\\;C:\\Program Files (x86)\\Intel\\Intel(R) Management Engine Components\\DAL;C:\\Program Files\\Intel\\Intel(R) Management Engine Components\\DAL;C:\\Program Files (x86)\\Intel\\Intel(R) Management Engine Components\\IPT;C:\\Program Files\\Intel\\Intel(R) Management Engine Components\\IPT;C:\\WINDOWS\\System32\\OpenSSH\\;C:\\Program Files (x86)\\IVI Foundation\\VISA\\WinNT\\Bin;C:\\Program Files\\PuTTY\\;C:\\Program Files\\Java\\jdk-12.0.2\\bin;C:\\Users\\JoelB\\Desktop\\Maven\\apache-maven-3.6.3-bin\\apache-maven-3.6.3\\bin;C:\\Program Files\\nodejs;C:\\ProgramData\\chocolatey\\bin;C:\\Program Files\\Git\\cmd;C:\\Program Files\\CMake\\bin;C:\\MinGW\\bin;C:\\Program Files (x86)\\GnuWin32\\bin;E:\\World Painter\\WorldPainter;C:\\Program Files\\dotnet\\;C:\\Users\\Public\\wpilib\\2020\\frccode;C:\\ProgramData\\chocolatey\\lib\\cunit\\lib;C:\\ProgramData\\chocolatey\\lib\\tinyxml2\\lib;C:\\ProgramData\\chocolatey\\lib\\log4cxx\\lib;C:\\ProgramData\\chocolatey\\lib\\bullet\\lib;C:\\Program Files\\OpenSSL-Win64\\bin;C:\\Program Files\\Cppcheck;C:\\xmllint\\libxml2-2.9.3-win32-x86_64\\bin;F:\\dev\\ros2_foxy\\bin;F:\\QT\\5.15.0\\msvc2015_64;C:\\Python38\\Lib\\site-packages\\PyQt5\\Qt\\plugins\\platforms;C:\\Users\\JoelB\\AppData\\Local\\Programs\\Python\\Python37\\Scripts\\;C:\\Users\\JoelB\\AppData\\Local\\Programs\\Python\\Python37\\;C:\\Users\\JoelB\\AppData\\Local\\Microsoft\\WindowsApps;C:\\Users\\JoelB\\AppData\\Local\\Programs\\Microsoft VS Code\\bin;C:\\Users\\JoelB\\Desktop\\Coding\\jdk-12.0.2_windows-x64_bin\\jdk-12.0.2;C:\\Users\\JoelB\\Desktop\\Maven\\apache-maven-3.6.3-bin\\apache-maven-3.6.3\\bin;C:\\Users\\JoelB\\AppData\\Roaming\\npm;C:\\Program Files\\nodejs;C:\\Users\\Public\\wpilib\\2020\\frccode;C:\\Program Files\\CMake\\bin;C:\\Program Files (x86)\\Graphviz2.38\\bin;C:\\Program Files\\OpenSSL-Win64\\bin;F:\\ROS2\\foxy\\ros2-foxy-20200807-windows-release-amd64\\ros2-windows\\bin;C:\\opencv\\opencv-3.4.6-vc16.VS2019\\opencv\\x64\\vc16\\bin;F:\\QT\\5.15.0\\msvc2015_64;;C:\\Program Files (x86)\\Microsoft Visual Studio\\2017\\BuildTools\\Common7\\IDE\\CommonExtensions\\Microsoft\\CMake\\CMake\\bin;C:\\Program Files (x86)\\Microsoft Visual Studio\\2017\\BuildTools\\Common7\\IDE\\CommonExtensions\\Microsoft\\CMake\\Ninja'), ('PATHEXT', '.COM;.EXE;.BAT;.CMD;.VBS;.VBE;.JS;.JSE;.WSF;.WSH;.MSC;.PY;.PYW'), ('PKG_CONFIG_PATH', 'F:\\dev\\ros2_foxy\\lib\\pkgconfig'), ('Platform', 'x64'), ('PROCESSOR_ARCHITECTURE', 'AMD64'), ('PROCESSOR_IDENTIFIER', 'Intel64 Family 6 Model 142 Stepping 10, GenuineIntel'), ('PROCESSOR_LEVEL', '6'), ('PROCESSOR_REVISION', '8e0a'), ('ProgramData', 'C:\\ProgramData'), ('ProgramFiles', 'C:\\Program Files'), ('ProgramFiles(x86)', 'C:\\Program Files (x86)'), ('ProgramW6432', 'C:\\Program Files'), ('PROMPT', '$P$G'), ('PSModulePath', 'C:\\Program Files\\WindowsPowerShell\\Modules;C:\\WINDOWS\\system32\\WindowsPowerShell\\v1.0\\Modules'), ('PUBLIC', 'C:\\Users\\Public'), ('PYTHONPATH', 'F:\\dev\\ros2_foxy\\Lib\\site-packages'), ('QSYS_ROOTDIR', 'E:\\Quartus_Prime\\quartus\\sopc_builder\\bin'), ('QT_QPA_PLATFORM_PLUGIN_PATH', 'C:\\Python38\\Lib\\site-packages\\PyQt5\\Qt\\plugins\\platforms'), ('QUARTUS_ROOTDIR', 'E:\\Quartus_Prime\\quartus'), ('ROS_DISTRO', 'foxy'), ('ROS_DOMAIN_ID', '12'), ('ROS_LOCALHOST_ONLY', '0'), ('ROS_PYTHON_VERSION', '3'), ('ROS_VERSION', '2'), ('SESSIONNAME', 'Console'), ('SOPC_KIT_NIOS2', 'E:\\Quartus_Prime\\nios2eds'), ('SystemDrive', 'C:'), ('SystemRoot', 'C:\\WINDOWS'), ('TEMP', 'C:\\Users\\JoelB\\AppData\\Local\\Temp'), ('TMP', 'C:\\Users\\JoelB\\AppData\\Local\\Temp'), ('UCRTVersion', '10.0.17763.0'), ('UniversalCRTSdkDir', 'C:\\Program Files (x86)\\Windows Kits\\10\\'), ('USERDOMAIN', 'LAPTOP-F21FPG6D'), ('USERDOMAIN_ROAMINGPROFILE', 'LAPTOP-F21FPG6D'), ('USERNAME', 'JoelB'), ('USERPROFILE', 'C:\\Users\\JoelB'), ('VBOX_MSI_INSTALL_PATH', 'C:\\Program Files\\Oracle\\VirtualBox\\'), ('VCIDEInstallDir', 'C:\\Program Files (x86)\\Microsoft Visual Studio\\2017\\BuildTools\\Common7\\IDE\\VC\\'), ('VCINSTALLDIR', 'C:\\Program Files (x86)\\Microsoft Visual Studio\\2017\\BuildTools\\VC\\'), ('VCToolsInstallDir', 'C:\\Program Files (x86)\\Microsoft Visual Studio\\2017\\BuildTools\\VC\\Tools\\MSVC\\14.16.27023\\'), ('VCToolsRedistDir', 'C:\\Program Files (x86)\\Microsoft Visual Studio\\2017\\BuildTools\\VC\\Redist\\MSVC\\14.16.27012\\'), ('VCToolsVersion', '14.16.27023'), ('VisualStudioVersion', '15.0'), ('VS150COMNTOOLS', 'C:\\Program Files (x86)\\Microsoft Visual Studio\\2017\\BuildTools\\Common7\\Tools\\'), ('VSCMD_ARG_app_plat', 'Desktop'), ('VSCMD_ARG_HOST_ARCH', 'x86'), ('VSCMD_ARG_TGT_ARCH', 'x64'), ('VSCMD_VER', '15.0'), ('VSINSTALLDIR', 'C:\\Program Files (x86)\\Microsoft Visual Studio\\2017\\BuildTools\\'), ('VXIPNPPATH', 'C:\\Program Files (x86)\\IVI Foundation\\VISA\\'), ('windir', 'C:\\WINDOWS'), ('WindowsLibPath', 'C:\\Program Files (x86)\\Windows Kits\\10\\UnionMetadata\\10.0.17763.0;C:\\Program Files (x86)\\Windows Kits\\10\\References\\10.0.17763.0'), ('WindowsSdkBinPath', 'C:\\Program Files (x86)\\Windows Kits\\10\\bin\\'), ('WindowsSdkDir', 'C:\\Program Files (x86)\\Windows Kits\\10\\'), ('WindowsSDKLibVersion', '10.0.17763.0\\'), ('WindowsSdkVerBinPath', 'C:\\Program Files (x86)\\Windows Kits\\10\\bin\\10.0.17763.0\\'), ('WindowsSDKVersion', '10.0.17763.0\\'), ('__DOTNET_ADD_32BIT', '1'), ('__DOTNET_ADD_64BIT', '1'), ('__DOTNET_PREFERRED_BITNESS', '32'), ('__VSCMD_PREINIT_PATH', 'C:\\Program Files\\National Instruments\\Shared\\OpenVINO\\;C:\\Python38\\Scripts\\;C:\\Python38\\;C:\\Program Files (x86)\\Intel\\Intel(R) Management Engine Components\\iCLS\\;C:\\Program Files\\Intel\\Intel(R) Management Engine Components\\iCLS\\;C:\\WINDOWS\\system32;C:\\WINDOWS;C:\\WINDOWS\\System32\\Wbem;C:\\WINDOWS\\System32\\WindowsPowerShell\\v1.0\\;C:\\Program Files (x86)\\Intel\\Intel(R) Management Engine Components\\DAL;C:\\Program Files\\Intel\\Intel(R) Management Engine Components\\DAL;C:\\Program Files (x86)\\Intel\\Intel(R) Management Engine Components\\IPT;C:\\Program Files\\Intel\\Intel(R) Management Engine Components\\IPT;C:\\WINDOWS\\System32\\OpenSSH\\;C:\\Program Files (x86)\\IVI Foundation\\VISA\\WinNT\\Bin;C:\\Program Files\\PuTTY\\;C:\\Program Files\\Java\\jdk-12.0.2\\bin;C:\\Users\\JoelB\\Desktop\\Maven\\apache-maven-3.6.3-bin\\apache-maven-3.6.3\\bin;C:\\Program Files\\nodejs;C:\\ProgramData\\chocolatey\\bin;C:\\Program Files\\Git\\cmd;C:\\Program Files\\CMake\\bin;C:\\MinGW\\bin;C:\\Program Files (x86)\\GnuWin32\\bin;E:\\World Painter\\WorldPainter;C:\\Program Files\\dotnet\\;C:\\Users\\Public\\wpilib\\2020\\frccode;C:\\ProgramData\\chocolatey\\lib\\cunit\\lib;C:\\ProgramData\\chocolatey\\lib\\tinyxml2\\lib;C:\\ProgramData\\chocolatey\\lib\\log4cxx\\lib;C:\\ProgramData\\chocolatey\\lib\\bullet\\lib;C:\\Program Files\\OpenSSL-Win64\\bin;C:\\Program Files\\Cppcheck;C:\\xmllint\\libxml2-2.9.3-win32-x86_64\\bin;F:\\dev\\ros2_foxy\\bin;F:\\QT\\5.15.0\\msvc2015_64;C:\\Python38\\Lib\\site-packages\\PyQt5\\Qt\\plugins\\platforms;C:\\Users\\JoelB\\AppData\\Local\\Programs\\Python\\Python37\\Scripts\\;C:\\Users\\JoelB\\AppData\\Local\\Programs\\Python\\Python37\\;C:\\Users\\JoelB\\AppData\\Local\\Microsoft\\WindowsApps;C:\\Users\\JoelB\\AppData\\Local\\Programs\\Microsoft VS Code\\bin;C:\\Users\\JoelB\\Desktop\\Coding\\jdk-12.0.2_windows-x64_bin\\jdk-12.0.2;C:\\Users\\JoelB\\Desktop\\Maven\\apache-maven-3.6.3-bin\\apache-maven-3.6.3\\bin;C:\\Users\\JoelB\\AppData\\Roaming\\npm;C:\\Program Files\\nodejs;C:\\Users\\Public\\wpilib\\2020\\frccode;C:\\Program Files\\CMake\\bin;C:\\Program Files (x86)\\Graphviz2.38\\bin;C:\\Program Files\\OpenSSL-Win64\\bin;F:\\ROS2\\foxy\\ros2-foxy-20200807-windows-release-amd64\\ros2-windows\\bin;C:\\opencv\\opencv-3.4.6-vc16.VS2019\\opencv\\x64\\vc16\\bin;F:\\QT\\5.15.0\\msvc2015_64;')]), 'shell': False}
[0.328000] (-) TimerEvent: {}
[0.437000] (-) TimerEvent: {}
[0.546000] (-) TimerEvent: {}
[0.656000] (-) TimerEvent: {}
[0.765000] (-) TimerEvent: {}
[0.812000] (lunabotics2021) StdoutLine: {'line': b'-- Selecting Windows SDK version 10.0.17763.0 to target Windows 10.0.18363.\n'}
[0.875000] (-) TimerEvent: {}
[0.984000] (-) TimerEvent: {}
[1.093000] (-) TimerEvent: {}
[1.203000] (-) TimerEvent: {}
[1.312000] (-) TimerEvent: {}
[1.421000] (-) TimerEvent: {}
[1.531000] (-) TimerEvent: {}
[1.640000] (-) TimerEvent: {}
[1.750000] (-) TimerEvent: {}
[1.859000] (-) TimerEvent: {}
[1.968000] (-) TimerEvent: {}
[2.078000] (-) TimerEvent: {}
[2.187000] (-) TimerEvent: {}
[2.296000] (-) TimerEvent: {}
[2.406000] (-) TimerEvent: {}
[2.515000] (-) TimerEvent: {}
[2.625000] (-) TimerEvent: {}
[2.734000] (-) TimerEvent: {}
[2.843000] (-) TimerEvent: {}
[2.953000] (-) TimerEvent: {}
[3.062000] (-) TimerEvent: {}
[3.171000] (-) TimerEvent: {}
[3.281000] (-) TimerEvent: {}
[3.390000] (-) TimerEvent: {}
[3.500000] (-) TimerEvent: {}
[3.609000] (-) TimerEvent: {}
[3.718000] (-) TimerEvent: {}
[3.828000] (-) TimerEvent: {}
[3.937000] (-) TimerEvent: {}
[4.046000] (-) TimerEvent: {}
[4.156000] (-) TimerEvent: {}
[4.265000] (-) TimerEvent: {}
[4.375000] (-) TimerEvent: {}
[4.484000] (-) TimerEvent: {}
[4.593000] (-) TimerEvent: {}
[4.703000] (-) TimerEvent: {}
[4.812000] (-) TimerEvent: {}
[4.921000] (-) TimerEvent: {}
[5.031000] (-) TimerEvent: {}
[5.140000] (-) TimerEvent: {}
[5.250000] (-) TimerEvent: {}
[5.359000] (-) TimerEvent: {}
[5.468000] (-) TimerEvent: {}
[5.578000] (-) TimerEvent: {}
[5.687000] (-) TimerEvent: {}
[5.796000] (-) TimerEvent: {}
[5.906000] (-) TimerEvent: {}
[6.015000] (-) TimerEvent: {}
[6.125000] (-) TimerEvent: {}
[6.234000] (-) TimerEvent: {}
[6.343000] (-) TimerEvent: {}
[6.453000] (-) TimerEvent: {}
[6.562000] (-) TimerEvent: {}
[6.671000] (-) TimerEvent: {}
[6.781000] (-) TimerEvent: {}
[6.890000] (-) TimerEvent: {}
[7.000000] (-) TimerEvent: {}
[7.109000] (-) TimerEvent: {}
[7.218000] (-) TimerEvent: {}
[7.328000] (-) TimerEvent: {}
[7.437000] (-) TimerEvent: {}
[7.546000] (-) TimerEvent: {}
[7.656000] (-) TimerEvent: {}
[7.765000] (-) TimerEvent: {}
[7.875000] (-) TimerEvent: {}
[7.984000] (-) TimerEvent: {}
[8.093000] (-) TimerEvent: {}
[8.203000] (-) TimerEvent: {}
[8.312000] (-) TimerEvent: {}
[8.421000] (-) TimerEvent: {}
[8.515000] (lunabotics2021) StdoutLine: {'line': b'-- The C compiler identification is MSVC 19.16.27039.0\n'}
[8.531000] (-) TimerEvent: {}
[8.640000] (-) TimerEvent: {}
[8.750000] (-) TimerEvent: {}
[8.859000] (-) TimerEvent: {}
[8.968000] (-) TimerEvent: {}
[9.078000] (-) TimerEvent: {}
[9.187000] (-) TimerEvent: {}
[9.296000] (-) TimerEvent: {}
[9.406000] (-) TimerEvent: {}
[9.515000] (-) TimerEvent: {}
[9.625000] (-) TimerEvent: {}
[9.734000] (-) TimerEvent: {}
[9.843000] (-) TimerEvent: {}
[9.953000] (-) TimerEvent: {}
[10.062000] (-) TimerEvent: {}
[10.171000] (-) TimerEvent: {}
[10.281000] (-) TimerEvent: {}
[10.390000] (-) TimerEvent: {}
[10.500000] (-) TimerEvent: {}
[10.609000] (-) TimerEvent: {}
[10.718000] (-) TimerEvent: {}
[10.828000] (-) TimerEvent: {}
[10.937000] (-) TimerEvent: {}
[11.046000] (-) TimerEvent: {}
[11.156000] (-) TimerEvent: {}
[11.265000] (-) TimerEvent: {}
[11.375000] (-) TimerEvent: {}
[11.484000] (-) TimerEvent: {}
[11.593000] (-) TimerEvent: {}
[11.703000] (-) TimerEvent: {}
[11.812000] (-) TimerEvent: {}
[11.921000] (-) TimerEvent: {}
[12.031000] (-) TimerEvent: {}
[12.140000] (-) TimerEvent: {}
[12.250000] (-) TimerEvent: {}
[12.359000] (-) TimerEvent: {}
[12.468000] (-) TimerEvent: {}
[12.578000] (-) TimerEvent: {}
[12.687000] (-) TimerEvent: {}
[12.796000] (-) TimerEvent: {}
[12.906000] (-) TimerEvent: {}
[13.015000] (-) TimerEvent: {}
[13.125000] (-) TimerEvent: {}
[13.234000] (-) TimerEvent: {}
[13.343000] (-) TimerEvent: {}
[13.453000] (-) TimerEvent: {}
[13.562000] (-) TimerEvent: {}
[13.671000] (-) TimerEvent: {}
[13.781000] (-) TimerEvent: {}
[13.890000] (-) TimerEvent: {}
[14.000000] (-) TimerEvent: {}
[14.109000] (-) TimerEvent: {}
[14.218000] (-) TimerEvent: {}
[14.328000] (-) TimerEvent: {}
[14.437000] (-) TimerEvent: {}
[14.546000] (-) TimerEvent: {}
[14.656000] (-) TimerEvent: {}
[14.765000] (-) TimerEvent: {}
[14.765000] (lunabotics2021) StdoutLine: {'line': b'-- The CXX compiler identification is MSVC 19.16.27039.0\n'}
[14.875000] (-) TimerEvent: {}
[14.984000] (-) TimerEvent: {}
[15.093000] (-) TimerEvent: {}
[15.203000] (-) TimerEvent: {}
[15.203000] (lunabotics2021) StdoutLine: {'line': b'-- Detecting C compiler ABI info\n'}
[15.312000] (-) TimerEvent: {}
[15.421000] (-) TimerEvent: {}
[15.531000] (-) TimerEvent: {}
[15.640000] (-) TimerEvent: {}
[15.750000] (-) TimerEvent: {}
[15.859000] (-) TimerEvent: {}
[15.968000] (-) TimerEvent: {}
[16.078000] (-) TimerEvent: {}
[16.187000] (-) TimerEvent: {}
[16.296000] (-) TimerEvent: {}
[16.406000] (-) TimerEvent: {}
[16.515000] (-) TimerEvent: {}
[16.625000] (-) TimerEvent: {}
[16.734000] (-) TimerEvent: {}
[16.843000] (-) TimerEvent: {}
[16.953000] (-) TimerEvent: {}
[17.062000] (-) TimerEvent: {}
[17.171000] (-) TimerEvent: {}
[17.281000] (-) TimerEvent: {}
[17.390000] (-) TimerEvent: {}
[17.500000] (-) TimerEvent: {}
[17.609000] (-) TimerEvent: {}
[17.718000] (-) TimerEvent: {}
[17.828000] (-) TimerEvent: {}
[17.937000] (-) TimerEvent: {}
[18.046000] (-) TimerEvent: {}
[18.156000] (-) TimerEvent: {}
[18.265000] (-) TimerEvent: {}
[18.375000] (-) TimerEvent: {}
[18.484000] (-) TimerEvent: {}
[18.593000] (-) TimerEvent: {}
[18.703000] (-) TimerEvent: {}
[18.812000] (-) TimerEvent: {}
[18.921000] (-) TimerEvent: {}
[19.031000] (-) TimerEvent: {}
[19.140000] (-) TimerEvent: {}
[19.250000] (-) TimerEvent: {}
[19.359000] (-) TimerEvent: {}
[19.468000] (-) TimerEvent: {}
[19.578000] (-) TimerEvent: {}
[19.687000] (-) TimerEvent: {}
[19.796000] (-) TimerEvent: {}
[19.906000] (-) TimerEvent: {}
[20.015000] (-) TimerEvent: {}
[20.125000] (-) TimerEvent: {}
[20.234000] (-) TimerEvent: {}
[20.343000] (-) TimerEvent: {}
[20.453000] (-) TimerEvent: {}
[20.562000] (-) TimerEvent: {}
[20.671000] (-) TimerEvent: {}
[20.781000] (-) TimerEvent: {}
[20.890000] (-) TimerEvent: {}
[21.000000] (-) TimerEvent: {}
[21.109000] (-) TimerEvent: {}
[21.125000] (lunabotics2021) StdoutLine: {'line': b'-- Detecting C compiler ABI info - done\n'}
[21.156000] (lunabotics2021) StdoutLine: {'line': b'-- Check for working C compiler: C:/Program Files (x86)/Microsoft Visual Studio/2017/BuildTools/VC/Tools/MSVC/14.16.27023/bin/Hostx86/x64/cl.exe - skipped\n'}
[21.171000] (lunabotics2021) StdoutLine: {'line': b'-- Detecting C compile features\n'}
[21.187000] (lunabotics2021) StdoutLine: {'line': b'-- Detecting C compile features - done\n'}
[21.218000] (-) TimerEvent: {}
[21.328000] (-) TimerEvent: {}
[21.343000] (lunabotics2021) StdoutLine: {'line': b'-- Detecting CXX compiler ABI info\n'}
[21.437000] (-) TimerEvent: {}
[21.546000] (-) TimerEvent: {}
[21.656000] (-) TimerEvent: {}
[21.765000] (-) TimerEvent: {}
[21.875000] (-) TimerEvent: {}
[21.984000] (-) TimerEvent: {}
[22.093000] (-) TimerEvent: {}
[22.203000] (-) TimerEvent: {}
[22.312000] (-) TimerEvent: {}
[22.421000] (-) TimerEvent: {}
[22.531000] (-) TimerEvent: {}
[22.640000] (-) TimerEvent: {}
[22.750000] (-) TimerEvent: {}
[22.859000] (-) TimerEvent: {}
[22.968000] (-) TimerEvent: {}
[23.078000] (-) TimerEvent: {}
[23.187000] (-) TimerEvent: {}
[23.296000] (-) TimerEvent: {}
[23.406000] (-) TimerEvent: {}
[23.515000] (-) TimerEvent: {}
[23.625000] (-) TimerEvent: {}
[23.734000] (-) TimerEvent: {}
[23.843000] (-) TimerEvent: {}
[23.953000] (-) TimerEvent: {}
[24.062000] (-) TimerEvent: {}
[24.171000] (-) TimerEvent: {}
[24.281000] (-) TimerEvent: {}
[24.390000] (-) TimerEvent: {}
[24.500000] (-) TimerEvent: {}
[24.609000] (-) TimerEvent: {}
[24.718000] (-) TimerEvent: {}
[24.828000] (-) TimerEvent: {}
[24.937000] (-) TimerEvent: {}
[25.046000] (-) TimerEvent: {}
[25.156000] (-) TimerEvent: {}
[25.265000] (-) TimerEvent: {}
[25.375000] (-) TimerEvent: {}
[25.484000] (-) TimerEvent: {}
[25.593000] (-) TimerEvent: {}
[25.703000] (-) TimerEvent: {}
[25.812000] (-) TimerEvent: {}
[25.921000] (-) TimerEvent: {}
[26.031000] (-) TimerEvent: {}
[26.140000] (-) TimerEvent: {}
[26.250000] (-) TimerEvent: {}
[26.359000] (-) TimerEvent: {}
[26.468000] (-) TimerEvent: {}
[26.578000] (-) TimerEvent: {}
[26.687000] (-) TimerEvent: {}
[26.796000] (-) TimerEvent: {}
[26.859000] (lunabotics2021) StdoutLine: {'line': b'-- Detecting CXX compiler ABI info - done\n'}
[26.906000] (-) TimerEvent: {}
[27.015000] (-) TimerEvent: {}
[27.125000] (-) TimerEvent: {}
[27.234000] (-) TimerEvent: {}
[27.343000] (-) TimerEvent: {}
[27.453000] (-) TimerEvent: {}
[27.562000] (-) TimerEvent: {}
[27.671000] (-) TimerEvent: {}
[27.781000] (-) TimerEvent: {}
[28.312000] (lunabotics2021) StdoutLine: {'line': b'-- Check for working CXX compiler: C:/Program Files (x86)/Microsoft Visual Studio/2017/BuildTools/VC/Tools/MSVC/14.16.27023/bin/Hostx86/x64/cl.exe - skipped\n'}
[28.359000] (-) TimerEvent: {}
[28.375000] (lunabotics2021) StdoutLine: {'line': b'-- Detecting CXX compile features\n'}
[28.390000] (lunabotics2021) StdoutLine: {'line': b'-- Detecting CXX compile features - done\n'}
[28.468000] (-) TimerEvent: {}
[28.578000] (-) TimerEvent: {}
[28.593000] (lunabotics2021) StdoutLine: {'line': b'-- Found ament_cmake: 0.9.6 (F:/dev/ros2_foxy/share/ament_cmake/cmake)\n'}
[28.687000] (-) TimerEvent: {}
[28.796000] (-) TimerEvent: {}
[28.890000] (lunabotics2021) StdoutLine: {'line': b'-- Found PythonInterp: C:/Python38/python.exe (found suitable version "3.8.3", minimum required is "3") \n'}
[28.890000] (lunabotics2021) StdoutLine: {'line': b'-- Using PYTHON_EXECUTABLE: C:/Python38/python.exe\n'}
[28.906000] (-) TimerEvent: {}
[29.015000] (-) TimerEvent: {}
[29.125000] (-) TimerEvent: {}
[29.234000] (-) TimerEvent: {}
[29.343000] (-) TimerEvent: {}
[29.453000] (-) TimerEvent: {}
[29.562000] (-) TimerEvent: {}
[29.671000] (-) TimerEvent: {}
[29.781000] (-) TimerEvent: {}
[29.890000] (-) TimerEvent: {}
[29.984000] (lunabotics2021) StdoutLine: {'line': b'-- Override CMake install command with custom implementation using symlinks instead of copying resources\n'}
[30.000000] (-) TimerEvent: {}
[30.109000] (-) TimerEvent: {}
[30.218000] (-) TimerEvent: {}
[30.328000] (-) TimerEvent: {}
[30.437000] (-) TimerEvent: {}
[30.546000] (-) TimerEvent: {}
[30.656000] (-) TimerEvent: {}
[30.765000] (-) TimerEvent: {}
[30.875000] (-) TimerEvent: {}
[30.984000] (-) TimerEvent: {}
[31.093000] (-) TimerEvent: {}
[31.203000] (-) TimerEvent: {}
[31.312000] (-) TimerEvent: {}
[31.421000] (-) TimerEvent: {}
[31.531000] (-) TimerEvent: {}
[31.640000] (-) TimerEvent: {}
[31.687000] (lunabotics2021) StdoutLine: {'line': b'-- Found rclcpp: 2.1.0 (F:/dev/ros2_foxy/share/rclcpp/cmake)\n'}
[31.750000] (-) TimerEvent: {}
[31.859000] (-) TimerEvent: {}
[31.968000] (-) TimerEvent: {}
[32.078000] (-) TimerEvent: {}
[32.187000] (-) TimerEvent: {}
[32.296000] (-) TimerEvent: {}
[32.406000] (-) TimerEvent: {}
[32.515000] (-) TimerEvent: {}
[32.625000] (-) TimerEvent: {}
[32.671000] (lunabotics2021) StdoutLine: {'line': b'-- Using all available rosidl_typesupport_c: rosidl_typesupport_connext_c;rosidl_typesupport_fastrtps_c;rosidl_typesupport_introspection_c\n'}
[32.734000] (-) TimerEvent: {}
[32.765000] (lunabotics2021) StdoutLine: {'line': b'-- Found rosidl_adapter: 1.0.1 (F:/dev/ros2_foxy/share/rosidl_adapter/cmake)\n'}
[32.843000] (-) TimerEvent: {}
[32.953000] (-) TimerEvent: {}
[33.062000] (-) TimerEvent: {}
[33.171000] (-) TimerEvent: {}
[33.281000] (-) TimerEvent: {}
[33.390000] (-) TimerEvent: {}
[33.500000] (-) TimerEvent: {}
[33.609000] (-) TimerEvent: {}
[33.718000] (-) TimerEvent: {}
[33.734000] (lunabotics2021) StdoutLine: {'line': b'-- Could not find RTI Connext - skipping rosidl_typesupport_connext_c\n'}
[33.828000] (-) TimerEvent: {}
[33.937000] (-) TimerEvent: {}
[34.015000] (lunabotics2021) StdoutLine: {'line': b'-- Could not find RTI Connext - skipping rosidl_typesupport_connext_cpp\n'}
[34.046000] (-) TimerEvent: {}
[34.156000] (-) TimerEvent: {}
[34.265000] (-) TimerEvent: {}
[34.375000] (-) TimerEvent: {}
[34.484000] (-) TimerEvent: {}
[34.593000] (-) TimerEvent: {}
[34.703000] (-) TimerEvent: {}
[34.812000] (-) TimerEvent: {}
[34.843000] (lunabotics2021) StdoutLine: {'line': b'-- Found OpenSSL: optimized;C:/Program Files/OpenSSL-Win64/lib/VC/libcrypto64MD.lib;debug;C:/Program Files/OpenSSL-Win64/lib/VC/libcrypto64MDd.lib (found version "1.1.1g")  \n'}
[34.921000] (-) TimerEvent: {}
[35.031000] (-) TimerEvent: {}
[35.140000] (-) TimerEvent: {}
[35.156000] (lunabotics2021) StdoutLine: {'line': b'-- Found FastRTPS: F:/dev/ros2_foxy/include  \n'}
[35.250000] (-) TimerEvent: {}
[35.359000] (-) TimerEvent: {}
[35.468000] (-) TimerEvent: {}
[35.578000] (-) TimerEvent: {}
[35.687000] (-) TimerEvent: {}
[35.796000] (-) TimerEvent: {}
[35.906000] (-) TimerEvent: {}
[36.015000] (-) TimerEvent: {}
[36.062000] (lunabotics2021) StdoutLine: {'line': b'-- Using all available rosidl_typesupport_cpp: rosidl_typesupport_connext_cpp;rosidl_typesupport_fastrtps_cpp;rosidl_typesupport_introspection_cpp\n'}
[36.125000] (-) TimerEvent: {}
[36.234000] (-) TimerEvent: {}
[36.343000] (-) TimerEvent: {}
[36.453000] (-) TimerEvent: {}
[36.562000] (-) TimerEvent: {}
[36.671000] (-) TimerEvent: {}
[36.781000] (-) TimerEvent: {}
[36.890000] (-) TimerEvent: {}
[37.000000] (-) TimerEvent: {}
[37.109000] (-) TimerEvent: {}
[37.218000] (-) TimerEvent: {}
[37.328000] (-) TimerEvent: {}
[37.437000] (-) TimerEvent: {}
[37.546000] (-) TimerEvent: {}
[37.625000] (lunabotics2021) StdoutLine: {'line': b'-- Found rmw_implementation_cmake: 1.0.1 (F:/dev/ros2_foxy/share/rmw_implementation_cmake/cmake)\n'}
[37.656000] (-) TimerEvent: {}
[37.703000] (lunabotics2021) StdoutLine: {'line': b"-- Using RMW implementation 'rmw_fastrtps_cpp' as default\n"}
[37.765000] (-) TimerEvent: {}
[37.828000] (lunabotics2021) StdoutLine: {'line': b'-- Looking for pthread.h\n'}
[37.875000] (-) TimerEvent: {}
[37.984000] (-) TimerEvent: {}
[38.093000] (-) TimerEvent: {}
[38.203000] (-) TimerEvent: {}
[38.312000] (-) TimerEvent: {}
[38.421000] (-) TimerEvent: {}
[38.531000] (-) TimerEvent: {}
[38.640000] (-) TimerEvent: {}
[38.781000] (-) TimerEvent: {}
[38.890000] (-) TimerEvent: {}
[39.000000] (-) TimerEvent: {}
[39.109000] (-) TimerEvent: {}
[39.218000] (-) TimerEvent: {}
[39.328000] (-) TimerEvent: {}
[39.437000] (-) TimerEvent: {}
[39.546000] (-) TimerEvent: {}
[39.656000] (-) TimerEvent: {}
[39.765000] (-) TimerEvent: {}
[39.875000] (-) TimerEvent: {}
[39.984000] (-) TimerEvent: {}
[40.093000] (-) TimerEvent: {}
[40.203000] (-) TimerEvent: {}
[40.312000] (-) TimerEvent: {}
[40.421000] (-) TimerEvent: {}
[40.531000] (-) TimerEvent: {}
[40.640000] (-) TimerEvent: {}
[40.750000] (-) TimerEvent: {}
[40.859000] (-) TimerEvent: {}
[40.968000] (-) TimerEvent: {}
[41.078000] (-) TimerEvent: {}
[41.187000] (-) TimerEvent: {}
[41.296000] (-) TimerEvent: {}
[41.406000] (-) TimerEvent: {}
[41.515000] (-) TimerEvent: {}
[41.625000] (-) TimerEvent: {}
[41.734000] (-) TimerEvent: {}
[41.843000] (-) TimerEvent: {}
[41.953000] (-) TimerEvent: {}
[42.062000] (-) TimerEvent: {}
[42.171000] (-) TimerEvent: {}
[42.203000] (lunabotics2021) StdoutLine: {'line': b'-- Looking for pthread.h - not found\n'}
[42.250000] (lunabotics2021) StdoutLine: {'line': b'-- Found Threads: TRUE  \n'}
[42.281000] (-) TimerEvent: {}
[42.390000] (-) TimerEvent: {}
[42.500000] (-) TimerEvent: {}
[42.609000] (-) TimerEvent: {}
[42.718000] (-) TimerEvent: {}
[42.828000] (-) TimerEvent: {}
[42.937000] (-) TimerEvent: {}
[43.046000] (-) TimerEvent: {}
[43.156000] (-) TimerEvent: {}
[43.203000] (lunabotics2021) StdoutLine: {'line': b'-- Found std_msgs: 2.0.3 (F:/dev/ros2_foxy/share/std_msgs/cmake)\n'}
[43.265000] (-) TimerEvent: {}
[43.375000] (-) TimerEvent: {}
[43.484000] (-) TimerEvent: {}
[43.593000] (-) TimerEvent: {}
[43.703000] (-) TimerEvent: {}
[43.765000] (lunabotics2021) StdoutLine: {'line': b'-- Found ament_lint_auto: 0.9.5 (F:/dev/ros2_foxy/share/ament_lint_auto/cmake)\n'}
[43.812000] (-) TimerEvent: {}
[43.921000] (-) TimerEvent: {}
[44.031000] (-) TimerEvent: {}
[44.140000] (-) TimerEvent: {}
[44.296000] (-) TimerEvent: {}
[44.406000] (-) TimerEvent: {}
[44.515000] (-) TimerEvent: {}
[44.625000] (-) TimerEvent: {}
[44.734000] (-) TimerEvent: {}
[44.843000] (-) TimerEvent: {}
[44.953000] (-) TimerEvent: {}
[45.062000] (-) TimerEvent: {}
[45.171000] (-) TimerEvent: {}
[45.281000] (-) TimerEvent: {}
[45.390000] (-) TimerEvent: {}
[45.500000] (-) TimerEvent: {}
[45.609000] (-) TimerEvent: {}
[45.718000] (-) TimerEvent: {}
[45.828000] (-) TimerEvent: {}
[45.937000] (-) TimerEvent: {}
[46.046000] (-) TimerEvent: {}
[46.156000] (-) TimerEvent: {}
[46.265000] (-) TimerEvent: {}
[46.375000] (-) TimerEvent: {}
[46.484000] (-) TimerEvent: {}
[46.593000] (-) TimerEvent: {}
[46.703000] (-) TimerEvent: {}
[46.812000] (-) TimerEvent: {}
[46.921000] (-) TimerEvent: {}
[47.031000] (-) TimerEvent: {}
[47.140000] (-) TimerEvent: {}
[47.250000] (-) TimerEvent: {}
[47.343000] (lunabotics2021) StdoutLine: {'line': b"-- Added test 'copyright' to check source files copyright and LICENSE\n"}
[47.359000] (-) TimerEvent: {}
[47.468000] (-) TimerEvent: {}
[47.578000] (-) TimerEvent: {}
[47.687000] (-) TimerEvent: {}
[47.796000] (-) TimerEvent: {}
[47.906000] (-) TimerEvent: {}
[47.953000] (lunabotics2021) StdoutLine: {'line': b"-- Added test 'cppcheck' to perform static code analysis on C / C++ code\n"}
[47.953000] (lunabotics2021) StdoutLine: {'line': b'-- Configured cppcheck include dirs: F:/dev/colcon_ws/src/lunabotics2021/hello;F:/dev/colcon_ws/src/lunabotics2021/lib/cpp/motorcontrol;F:/dev/colcon_ws/src/lunabotics2021/lib/cpp/motorcontrol/can;$<BUILD_INTERFACE:F:/dev/colcon_ws/src/lunabotics2021/include>\n'}
[47.953000] (lunabotics2021) StdoutLine: {'line': b'-- Configured cppcheck exclude dirs and/or files: \n'}
[48.015000] (-) TimerEvent: {}
[48.125000] (-) TimerEvent: {}
[48.234000] (-) TimerEvent: {}
[48.343000] (-) TimerEvent: {}
[48.437000] (lunabotics2021) StdoutLine: {'line': b"-- Added test 'cpplint' to check C / C++ code against the Google style\n"}
[48.437000] (lunabotics2021) StdoutLine: {'line': b'-- Configured cpplint exclude dirs and/or files: \n'}
[48.453000] (-) TimerEvent: {}
[48.562000] (-) TimerEvent: {}
[48.671000] (-) TimerEvent: {}
[48.781000] (-) TimerEvent: {}
[48.843000] (lunabotics2021) StdoutLine: {'line': b"-- Added test 'lint_cmake' to check CMake code style\n"}
[48.890000] (-) TimerEvent: {}
[49.000000] (-) TimerEvent: {}
[49.109000] (-) TimerEvent: {}
[49.218000] (-) TimerEvent: {}
[49.328000] (-) TimerEvent: {}
[49.437000] (-) TimerEvent: {}
[49.546000] (-) TimerEvent: {}
[49.656000] (-) TimerEvent: {}
[49.765000] (-) TimerEvent: {}
[49.875000] (-) TimerEvent: {}
[49.984000] (-) TimerEvent: {}
[50.093000] (-) TimerEvent: {}
[50.093000] (lunabotics2021) StdoutLine: {'line': b"-- Added test 'uncrustify' to check C / C++ code style\n"}
[50.093000] (lunabotics2021) StdoutLine: {'line': b'-- Configured uncrustify additional arguments: \n'}
[50.203000] (-) TimerEvent: {}
[50.265000] (lunabotics2021) StdoutLine: {'line': b"-- Added test 'xmllint' to check XML markup files\n"}
[50.312000] (-) TimerEvent: {}
[50.421000] (-) TimerEvent: {}
[50.531000] (-) TimerEvent: {}
[50.640000] (-) TimerEvent: {}
[50.750000] (-) TimerEvent: {}
[50.859000] (-) TimerEvent: {}
[50.968000] (-) TimerEvent: {}
[51.015000] (lunabotics2021) StdoutLine: {'line': b'-- Configuring done\n'}
[51.156000] (-) TimerEvent: {}
[51.265000] (-) TimerEvent: {}
[51.375000] (-) TimerEvent: {}
[51.484000] (-) TimerEvent: {}
[51.593000] (-) TimerEvent: {}
[51.703000] (-) TimerEvent: {}
[51.812000] (-) TimerEvent: {}
[51.921000] (-) TimerEvent: {}
[52.031000] (-) TimerEvent: {}
[52.140000] (-) TimerEvent: {}
[52.250000] (-) TimerEvent: {}
[53.640000] (-) TimerEvent: {}
[53.750000] (-) TimerEvent: {}
[53.859000] (-) TimerEvent: {}
[53.968000] (-) TimerEvent: {}
[54.078000] (-) TimerEvent: {}
[54.187000] (-) TimerEvent: {}
[54.296000] (-) TimerEvent: {}
[54.406000] (-) TimerEvent: {}
[54.515000] (-) TimerEvent: {}
[54.625000] (-) TimerEvent: {}
[54.734000] (-) TimerEvent: {}
[54.843000] (-) TimerEvent: {}
[54.953000] (-) TimerEvent: {}
[55.062000] (-) TimerEvent: {}
[55.171000] (-) TimerEvent: {}
[55.281000] (-) TimerEvent: {}
[55.390000] (-) TimerEvent: {}
[55.500000] (-) TimerEvent: {}
[55.609000] (-) TimerEvent: {}
[55.718000] (-) TimerEvent: {}
[55.828000] (-) TimerEvent: {}
[55.937000] (-) TimerEvent: {}
[56.046000] (-) TimerEvent: {}
[56.156000] (-) TimerEvent: {}
[56.265000] (-) TimerEvent: {}
[56.375000] (-) TimerEvent: {}
[56.484000] (-) TimerEvent: {}
[56.593000] (-) TimerEvent: {}
[62.406000] (-) TimerEvent: {}
[62.515000] (-) TimerEvent: {}
[62.625000] (-) TimerEvent: {}
[62.734000] (-) TimerEvent: {}
[62.843000] (-) TimerEvent: {}
[62.953000] (-) TimerEvent: {}
[63.062000] (-) TimerEvent: {}
[63.171000] (-) TimerEvent: {}
[63.234000] (lunabotics2021) StdoutLine: {'line': b'-- Generating done\n'}
[63.281000] (-) TimerEvent: {}
[63.390000] (-) TimerEvent: {}
[63.421000] (lunabotics2021) StdoutLine: {'line': b'-- Build files have been written to: F:/dev/colcon_ws/src/lunabotics2021/build/lunabotics2021\n'}
[63.453000] (lunabotics2021) CommandEnded: {'returncode': 0}
[63.453000] (lunabotics2021) JobProgress: {'identifier': 'lunabotics2021', 'progress': 'build'}
[63.453000] (lunabotics2021) Command: {'cmd': ['C:\\Program Files\\CMake\\bin\\cmake.EXE', '--build', 'F:\\dev\\colcon_ws\\src\\lunabotics2021\\build\\lunabotics2021', '--config', 'Release'], 'cwd': 'F:\\dev\\colcon_ws\\src\\lunabotics2021\\build\\lunabotics2021', 'env': {'ALLUSERSPROFILE': 'C:\\ProgramData', 'AMENT_PREFIX_PATH': 'F:\\dev\\colcon_ws\\install\\lunabotics2021;F:\\dev\\colcon_ws\\install\\basic;F:\\dev\\ros2_foxy', 'APPDATA': 'C:\\Users\\JoelB\\AppData\\Roaming', 'ChocolateyInstall': 'C:\\ProgramData\\chocolatey', 'ChocolateyLastPathUpdate': '132440800097210234', 'CMAKE_PREFIX_PATH': 'F:\\dev\\colcon_ws\\install\\lunabotics2021;F:\\dev\\colcon_ws\\install\\basic;F:\\dev\\ros2_foxy', 'COLCON': '1', 'COLCON_PREFIX_PATH': 'F:\\dev\\colcon_ws\\install\\;F:\\dev\\ros2_foxy\\', 'CommandPromptType': 'Cross', 'CommonProgramFiles': 'C:\\Program Files\\Common Files', 'CommonProgramFiles(x86)': 'C:\\Program Files (x86)\\Common Files', 'CommonProgramW6432': 'C:\\Program Files\\Common Files', 'COMPUTERNAME': 'LAPTOP-F21FPG6D', 'ComSpec': 'C:\\WINDOWS\\system32\\cmd.exe', 'configsetroot': 'C:\\WINDOWS\\ConfigSetRoot', 'DevEnvDir': 'C:\\Program Files (x86)\\Microsoft Visual Studio\\2017\\BuildTools\\Common7\\IDE\\', 'DriverData': 'C:\\Windows\\System32\\Drivers\\DriverData', 'ExtensionSdkDir': 'C:\\Program Files (x86)\\Microsoft SDKs\\Windows Kits\\10\\ExtensionSDKs', 'FPS_BROWSER_APP_PROFILE_STRING': 'Internet Explorer', 'FPS_BROWSER_USER_PROFILE_STRING': 'Default', 'Framework40Version': 'v4.0', 'FrameworkDir': 'C:\\Windows\\Microsoft.NET\\Framework\\', 'FrameworkDir32': 'C:\\Windows\\Microsoft.NET\\Framework\\', 'FrameworkDir64': 'C:\\Windows\\Microsoft.NET\\Framework64\\', 'FrameworkVersion': 'v4.0.30319', 'FrameworkVersion32': 'v4.0.30319', 'FrameworkVersion64': 'v4.0.30319', 'HOMEDRIVE': 'C:', 'HOMEPATH': '\\Users\\JoelB', 'INCLUDE': 'C:\\Program Files (x86)\\Microsoft Visual Studio\\2017\\BuildTools\\VC\\Tools\\MSVC\\14.16.27023\\include;C:\\Program Files (x86)\\Windows Kits\\10\\include\\10.0.17763.0\\ucrt;C:\\Program Files (x86)\\Windows Kits\\10\\include\\10.0.17763.0\\shared;C:\\Program Files (x86)\\Windows Kits\\10\\include\\10.0.17763.0\\um;C:\\Program Files (x86)\\Windows Kits\\10\\include\\10.0.17763.0\\winrt;C:\\Program Files (x86)\\Windows Kits\\10\\include\\10.0.17763.0\\cppwinrt', 'JAVA_HOME': 'C:\\Program Files\\Java\\jdk-12.0.2', 'LIB': 'C:\\Program Files (x86)\\Microsoft Visual Studio\\2017\\BuildTools\\VC\\Tools\\MSVC\\14.16.27023\\lib\\x64;C:\\Program Files (x86)\\Windows Kits\\10\\lib\\10.0.17763.0\\ucrt\\x64;C:\\Program Files (x86)\\Windows Kits\\10\\lib\\10.0.17763.0\\um\\x64;', 'LIBPATH': 'C:\\Program Files (x86)\\Microsoft Visual Studio\\2017\\BuildTools\\VC\\Tools\\MSVC\\14.16.27023\\lib\\x64;C:\\Program Files (x86)\\Microsoft Visual Studio\\2017\\BuildTools\\VC\\Tools\\MSVC\\14.16.27023\\lib\\x86\\store\\references;C:\\Program Files (x86)\\Windows Kits\\10\\UnionMetadata\\10.0.17763.0;C:\\Program Files (x86)\\Windows Kits\\10\\References\\10.0.17763.0;C:\\Windows\\Microsoft.NET\\Framework\\v4.0.30319;', 'LOCALAPPDATA': 'C:\\Users\\JoelB\\AppData\\Local', 'LOGONSERVER': '\\\\LAPTOP-F21FPG6D', 'NIEXTCCOMPILERSUPP': 'C:\\Program Files (x86)\\National Instruments\\Shared\\ExternalCompilerSupport\\C\\', 'NUMBER_OF_PROCESSORS': '8', 'OneDrive': 'C:\\Users\\JoelB\\OneDrive', 'OneDriveConsumer': 'C:\\Users\\JoelB\\OneDrive', 'OpenCV_DIR': 'C:\\opencv', 'OS': 'Windows_NT', 'OV_NI_PLUGIN_DIR': 'C:\\Program Files\\National Instruments\\Shared\\OpenVINO\\', 'Path': 'F:\\dev\\ros2_foxy\\opt\\yaml_cpp_vendor\\bin;F:\\dev\\ros2_foxy\\opt\\rviz_ogre_vendor\\bin;F:\\dev\\ros2_foxy\\opt\\rviz_assimp_vendor\\bin;F:\\dev\\ros2_foxy\\opt\\libcurl_vendor\\bin;F:\\dev\\ros2_foxy\\Scripts;C:\\Program Files (x86)\\Microsoft Visual Studio\\2017\\BuildTools\\VC\\Tools\\MSVC\\14.16.27023\\bin\\HostX86\\x64;C:\\Program Files (x86)\\Microsoft Visual Studio\\2017\\BuildTools\\VC\\Tools\\MSVC\\14.16.27023\\bin\\HostX86\\x86;C:\\Program Files (x86)\\Microsoft Visual Studio\\2017\\BuildTools\\Common7\\IDE\\CommonExtensions\\Microsoft\\TestWindow;C:\\Program Files (x86)\\Microsoft Visual Studio\\2017\\BuildTools\\MSBuild\\15.0\\bin\\Roslyn;C:\\Program Files (x86)\\Windows Kits\\10\\bin\\10.0.17763.0\\x86;C:\\Program Files (x86)\\Windows Kits\\10\\bin\\x86;C:\\Program Files (x86)\\Microsoft Visual Studio\\2017\\BuildTools\\\\MSBuild\\15.0\\bin;C:\\Windows\\Microsoft.NET\\Framework\\v4.0.30319;C:\\Program Files (x86)\\Microsoft Visual Studio\\2017\\BuildTools\\Common7\\IDE\\;C:\\Program Files (x86)\\Microsoft Visual Studio\\2017\\BuildTools\\Common7\\Tools\\;C:\\Program Files\\National Instruments\\Shared\\OpenVINO\\;C:\\Python38\\Scripts\\;C:\\Python38\\;C:\\Program Files (x86)\\Intel\\Intel(R) Management Engine Components\\iCLS\\;C:\\Program Files\\Intel\\Intel(R) Management Engine Components\\iCLS\\;C:\\WINDOWS\\system32;C:\\WINDOWS;C:\\WINDOWS\\System32\\Wbem;C:\\WINDOWS\\System32\\WindowsPowerShell\\v1.0\\;C:\\Program Files (x86)\\Intel\\Intel(R) Management Engine Components\\DAL;C:\\Program Files\\Intel\\Intel(R) Management Engine Components\\DAL;C:\\Program Files (x86)\\Intel\\Intel(R) Management Engine Components\\IPT;C:\\Program Files\\Intel\\Intel(R) Management Engine Components\\IPT;C:\\WINDOWS\\System32\\OpenSSH\\;C:\\Program Files (x86)\\IVI Foundation\\VISA\\WinNT\\Bin;C:\\Program Files\\PuTTY\\;C:\\Program Files\\Java\\jdk-12.0.2\\bin;C:\\Users\\JoelB\\Desktop\\Maven\\apache-maven-3.6.3-bin\\apache-maven-3.6.3\\bin;C:\\Program Files\\nodejs;C:\\ProgramData\\chocolatey\\bin;C:\\Program Files\\Git\\cmd;C:\\Program Files\\CMake\\bin;C:\\MinGW\\bin;C:\\Program Files (x86)\\GnuWin32\\bin;E:\\World Painter\\WorldPainter;C:\\Program Files\\dotnet\\;C:\\Users\\Public\\wpilib\\2020\\frccode;C:\\ProgramData\\chocolatey\\lib\\cunit\\lib;C:\\ProgramData\\chocolatey\\lib\\tinyxml2\\lib;C:\\ProgramData\\chocolatey\\lib\\log4cxx\\lib;C:\\ProgramData\\chocolatey\\lib\\bullet\\lib;C:\\Program Files\\OpenSSL-Win64\\bin;C:\\Program Files\\Cppcheck;C:\\xmllint\\libxml2-2.9.3-win32-x86_64\\bin;F:\\dev\\ros2_foxy\\bin;F:\\QT\\5.15.0\\msvc2015_64;C:\\Python38\\Lib\\site-packages\\PyQt5\\Qt\\plugins\\platforms;C:\\Users\\JoelB\\AppData\\Local\\Programs\\Python\\Python37\\Scripts\\;C:\\Users\\JoelB\\AppData\\Local\\Programs\\Python\\Python37\\;C:\\Users\\JoelB\\AppData\\Local\\Microsoft\\WindowsApps;C:\\Users\\JoelB\\AppData\\Local\\Programs\\Microsoft VS Code\\bin;C:\\Users\\JoelB\\Desktop\\Coding\\jdk-12.0.2_windows-x64_bin\\jdk-12.0.2;C:\\Users\\JoelB\\Desktop\\Maven\\apache-maven-3.6.3-bin\\apache-maven-3.6.3\\bin;C:\\Users\\JoelB\\AppData\\Roaming\\npm;C:\\Program Files\\nodejs;C:\\Users\\Public\\wpilib\\2020\\frccode;C:\\Program Files\\CMake\\bin;C:\\Program Files (x86)\\Graphviz2.38\\bin;C:\\Program Files\\OpenSSL-Win64\\bin;F:\\ROS2\\foxy\\ros2-foxy-20200807-windows-release-amd64\\ros2-windows\\bin;C:\\opencv\\opencv-3.4.6-vc16.VS2019\\opencv\\x64\\vc16\\bin;F:\\QT\\5.15.0\\msvc2015_64;;C:\\Program Files (x86)\\Microsoft Visual Studio\\2017\\BuildTools\\Common7\\IDE\\CommonExtensions\\Microsoft\\CMake\\CMake\\bin;C:\\Program Files (x86)\\Microsoft Visual Studio\\2017\\BuildTools\\Common7\\IDE\\CommonExtensions\\Microsoft\\CMake\\Ninja', 'PATHEXT': '.COM;.EXE;.BAT;.CMD;.VBS;.VBE;.JS;.JSE;.WSF;.WSH;.MSC;.PY;.PYW', 'PKG_CONFIG_PATH': 'F:\\dev\\ros2_foxy\\lib\\pkgconfig', 'Platform': 'x64', 'PROCESSOR_ARCHITECTURE': 'AMD64', 'PROCESSOR_IDENTIFIER': 'Intel64 Family 6 Model 142 Stepping 10, GenuineIntel', 'PROCESSOR_LEVEL': '6', 'PROCESSOR_REVISION': '8e0a', 'ProgramData': 'C:\\ProgramData', 'ProgramFiles': 'C:\\Program Files', 'ProgramFiles(x86)': 'C:\\Program Files (x86)', 'ProgramW6432': 'C:\\Program Files', 'PROMPT': '$P$G', 'PSModulePath': 'C:\\Program Files\\WindowsPowerShell\\Modules;C:\\WINDOWS\\system32\\WindowsPowerShell\\v1.0\\Modules', 'PUBLIC': 'C:\\Users\\Public', 'PYTHONPATH': 'F:\\dev\\ros2_foxy\\Lib\\site-packages', 'QSYS_ROOTDIR': 'E:\\Quartus_Prime\\quartus\\sopc_builder\\bin', 'QT_QPA_PLATFORM_PLUGIN_PATH': 'C:\\Python38\\Lib\\site-packages\\PyQt5\\Qt\\plugins\\platforms', 'QUARTUS_ROOTDIR': 'E:\\Quartus_Prime\\quartus', 'ROS_DISTRO': 'foxy', 'ROS_DOMAIN_ID': '12', 'ROS_LOCALHOST_ONLY': '0', 'ROS_PYTHON_VERSION': '3', 'ROS_VERSION': '2', 'SESSIONNAME': 'Console', 'SOPC_KIT_NIOS2': 'E:\\Quartus_Prime\\nios2eds', 'SystemDrive': 'C:', 'SystemRoot': 'C:\\WINDOWS', 'TEMP': 'C:\\Users\\JoelB\\AppData\\Local\\Temp', 'TMP': 'C:\\Users\\JoelB\\AppData\\Local\\Temp', 'UCRTVersion': '10.0.17763.0', 'UniversalCRTSdkDir': 'C:\\Program Files (x86)\\Windows Kits\\10\\', 'USERDOMAIN': 'LAPTOP-F21FPG6D', 'USERDOMAIN_ROAMINGPROFILE': 'LAPTOP-F21FPG6D', 'USERNAME': 'JoelB', 'USERPROFILE': 'C:\\Users\\JoelB', 'VBOX_MSI_INSTALL_PATH': 'C:\\Program Files\\Oracle\\VirtualBox\\', 'VCIDEInstallDir': 'C:\\Program Files (x86)\\Microsoft Visual Studio\\2017\\BuildTools\\Common7\\IDE\\VC\\', 'VCINSTALLDIR': 'C:\\Program Files (x86)\\Microsoft Visual Studio\\2017\\BuildTools\\VC\\', 'VCToolsInstallDir': 'C:\\Program Files (x86)\\Microsoft Visual Studio\\2017\\BuildTools\\VC\\Tools\\MSVC\\14.16.27023\\', 'VCToolsRedistDir': 'C:\\Program Files (x86)\\Microsoft Visual Studio\\2017\\BuildTools\\VC\\Redist\\MSVC\\14.16.27012\\', 'VCToolsVersion': '14.16.27023', 'VisualStudioVersion': '15.0', 'VS150COMNTOOLS': 'C:\\Program Files (x86)\\Microsoft Visual Studio\\2017\\BuildTools\\Common7\\Tools\\', 'VSCMD_ARG_app_plat': 'Desktop', 'VSCMD_ARG_HOST_ARCH': 'x86', 'VSCMD_ARG_TGT_ARCH': 'x64', 'VSCMD_VER': '15.0', 'VSINSTALLDIR': 'C:\\Program Files (x86)\\Microsoft Visual Studio\\2017\\BuildTools\\', 'VXIPNPPATH': 'C:\\Program Files (x86)\\IVI Foundation\\VISA\\', 'windir': 'C:\\WINDOWS', 'WindowsLibPath': 'C:\\Program Files (x86)\\Windows Kits\\10\\UnionMetadata\\10.0.17763.0;C:\\Program Files (x86)\\Windows Kits\\10\\References\\10.0.17763.0', 'WindowsSdkBinPath': 'C:\\Program Files (x86)\\Windows Kits\\10\\bin\\', 'WindowsSdkDir': 'C:\\Program Files (x86)\\Windows Kits\\10\\', 'WindowsSDKLibVersion': '10.0.17763.0\\', 'WindowsSdkVerBinPath': 'C:\\Program Files (x86)\\Windows Kits\\10\\bin\\10.0.17763.0\\', 'WindowsSDKVersion': '10.0.17763.0\\', '__DOTNET_ADD_32BIT': '1', '__DOTNET_ADD_64BIT': '1', '__DOTNET_PREFERRED_BITNESS': '32', '__VSCMD_PREINIT_PATH': 'C:\\Program Files\\National Instruments\\Shared\\OpenVINO\\;C:\\Python38\\Scripts\\;C:\\Python38\\;C:\\Program Files (x86)\\Intel\\Intel(R) Management Engine Components\\iCLS\\;C:\\Program Files\\Intel\\Intel(R) Management Engine Components\\iCLS\\;C:\\WINDOWS\\system32;C:\\WINDOWS;C:\\WINDOWS\\System32\\Wbem;C:\\WINDOWS\\System32\\WindowsPowerShell\\v1.0\\;C:\\Program Files (x86)\\Intel\\Intel(R) Management Engine Components\\DAL;C:\\Program Files\\Intel\\Intel(R) Management Engine Components\\DAL;C:\\Program Files (x86)\\Intel\\Intel(R) Management Engine Components\\IPT;C:\\Program Files\\Intel\\Intel(R) Management Engine Components\\IPT;C:\\WINDOWS\\System32\\OpenSSH\\;C:\\Program Files (x86)\\IVI Foundation\\VISA\\WinNT\\Bin;C:\\Program Files\\PuTTY\\;C:\\Program Files\\Java\\jdk-12.0.2\\bin;C:\\Users\\JoelB\\Desktop\\Maven\\apache-maven-3.6.3-bin\\apache-maven-3.6.3\\bin;C:\\Program Files\\nodejs;C:\\ProgramData\\chocolatey\\bin;C:\\Program Files\\Git\\cmd;C:\\Program Files\\CMake\\bin;C:\\MinGW\\bin;C:\\Program Files (x86)\\GnuWin32\\bin;E:\\World Painter\\WorldPainter;C:\\Program Files\\dotnet\\;C:\\Users\\Public\\wpilib\\2020\\frccode;C:\\ProgramData\\chocolatey\\lib\\cunit\\lib;C:\\ProgramData\\chocolatey\\lib\\tinyxml2\\lib;C:\\ProgramData\\chocolatey\\lib\\log4cxx\\lib;C:\\ProgramData\\chocolatey\\lib\\bullet\\lib;C:\\Program Files\\OpenSSL-Win64\\bin;C:\\Program Files\\Cppcheck;C:\\xmllint\\libxml2-2.9.3-win32-x86_64\\bin;F:\\dev\\ros2_foxy\\bin;F:\\QT\\5.15.0\\msvc2015_64;C:\\Python38\\Lib\\site-packages\\PyQt5\\Qt\\plugins\\platforms;C:\\Users\\JoelB\\AppData\\Local\\Programs\\Python\\Python37\\Scripts\\;C:\\Users\\JoelB\\AppData\\Local\\Programs\\Python\\Python37\\;C:\\Users\\JoelB\\AppData\\Local\\Microsoft\\WindowsApps;C:\\Users\\JoelB\\AppData\\Local\\Programs\\Microsoft VS Code\\bin;C:\\Users\\JoelB\\Desktop\\Coding\\jdk-12.0.2_windows-x64_bin\\jdk-12.0.2;C:\\Users\\JoelB\\Desktop\\Maven\\apache-maven-3.6.3-bin\\apache-maven-3.6.3\\bin;C:\\Users\\JoelB\\AppData\\Roaming\\npm;C:\\Program Files\\nodejs;C:\\Users\\Public\\wpilib\\2020\\frccode;C:\\Program Files\\CMake\\bin;C:\\Program Files (x86)\\Graphviz2.38\\bin;C:\\Program Files\\OpenSSL-Win64\\bin;F:\\ROS2\\foxy\\ros2-foxy-20200807-windows-release-amd64\\ros2-windows\\bin;C:\\opencv\\opencv-3.4.6-vc16.VS2019\\opencv\\x64\\vc16\\bin;F:\\QT\\5.15.0\\msvc2015_64;', 'CL': '/MP'}, 'shell': False}
[63.500000] (-) TimerEvent: {}
[63.609000] (-) TimerEvent: {}
[63.718000] (-) TimerEvent: {}
[63.828000] (-) TimerEvent: {}
[63.921000] (lunabotics2021) StdoutLine: {'line': b'Microsoft (R) Build Engine version 15.9.21+g9802d43bc3 for .NET Framework\r\n'}
[63.921000] (lunabotics2021) StdoutLine: {'line': b'Copyright (C) Microsoft Corporation. All rights reserved.\r\n'}
[63.921000] (lunabotics2021) StdoutLine: {'line': b'\r\n'}
[63.937000] (-) TimerEvent: {}
[64.046000] (-) TimerEvent: {}
[64.156000] (-) TimerEvent: {}
[64.265000] (-) TimerEvent: {}
[64.375000] (-) TimerEvent: {}
[64.484000] (-) TimerEvent: {}
[64.593000] (-) TimerEvent: {}
[64.703000] (-) TimerEvent: {}
[64.812000] (-) TimerEvent: {}
[64.921000] (-) TimerEvent: {}
[65.031000] (-) TimerEvent: {}
[65.140000] (-) TimerEvent: {}
[65.250000] (-) TimerEvent: {}
[65.359000] (-) TimerEvent: {}
[65.468000] (-) TimerEvent: {}
[65.578000] (-) TimerEvent: {}
[65.687000] (-) TimerEvent: {}
[65.796000] (-) TimerEvent: {}
[65.906000] (-) TimerEvent: {}
[66.015000] (-) TimerEvent: {}
[66.125000] (-) TimerEvent: {}
[66.234000] (-) TimerEvent: {}
[66.343000] (-) TimerEvent: {}
[66.453000] (-) TimerEvent: {}
[66.562000] (-) TimerEvent: {}
[66.671000] (-) TimerEvent: {}
[66.781000] (-) TimerEvent: {}
[66.890000] (-) TimerEvent: {}
[66.890000] (lunabotics2021) StdoutLine: {'line': b'  Checking Build System\r\n'}
[67.000000] (-) TimerEvent: {}
[67.109000] (-) TimerEvent: {}
[67.218000] (-) TimerEvent: {}
[67.328000] (-) TimerEvent: {}
[67.437000] (-) TimerEvent: {}
[67.546000] (-) TimerEvent: {}
[67.656000] (-) TimerEvent: {}
[67.765000] (-) TimerEvent: {}
[67.875000] (-) TimerEvent: {}
[67.953000] (lunabotics2021) StdoutLine: {'line': b'  Building Custom Rule F:/dev/colcon_ws/src/lunabotics2021/CMakeLists.txt\r\n'}
[67.984000] (-) TimerEvent: {}
[68.093000] (-) TimerEvent: {}
[68.203000] (-) TimerEvent: {}
[68.312000] (-) TimerEvent: {}
[68.421000] (-) TimerEvent: {}
[68.531000] (-) TimerEvent: {}
[68.640000] (-) TimerEvent: {}
[68.750000] (-) TimerEvent: {}
[68.859000] (-) TimerEvent: {}
[68.968000] (-) TimerEvent: {}
[69.078000] (-) TimerEvent: {}
[69.187000] (-) TimerEvent: {}
[69.593000] (-) TimerEvent: {}
[69.703000] (-) TimerEvent: {}
[69.812000] (-) TimerEvent: {}
[69.921000] (-) TimerEvent: {}
[70.031000] (-) TimerEvent: {}
[70.140000] (-) TimerEvent: {}
[70.187000] (lunabotics2021) StdoutLine: {'line': b'  hello.cpp\r\n'}
[70.250000] (-) TimerEvent: {}
[70.359000] (-) TimerEvent: {}
[70.468000] (-) TimerEvent: {}
[70.578000] (-) TimerEvent: {}
[70.687000] (-) TimerEvent: {}
[70.796000] (-) TimerEvent: {}
[70.906000] (-) TimerEvent: {}
[71.015000] (-) TimerEvent: {}
[71.125000] (-) TimerEvent: {}
[71.234000] (-) TimerEvent: {}
[71.343000] (-) TimerEvent: {}
[71.453000] (-) TimerEvent: {}
[71.562000] (-) TimerEvent: {}
[71.671000] (-) TimerEvent: {}
[71.781000] (-) TimerEvent: {}
[71.890000] (-) TimerEvent: {}
[72.000000] (-) TimerEvent: {}
[72.109000] (-) TimerEvent: {}
[72.218000] (-) TimerEvent: {}
[72.328000] (-) TimerEvent: {}
[72.437000] (-) TimerEvent: {}
[72.546000] (-) TimerEvent: {}
[72.656000] (-) TimerEvent: {}
[72.765000] (-) TimerEvent: {}
[72.875000] (-) TimerEvent: {}
[72.984000] (-) TimerEvent: {}
[73.093000] (-) TimerEvent: {}
[73.203000] (-) TimerEvent: {}
[73.312000] (-) TimerEvent: {}
[73.421000] (-) TimerEvent: {}
[73.531000] (-) TimerEvent: {}
[73.640000] (-) TimerEvent: {}
[73.750000] (-) TimerEvent: {}
[73.859000] (-) TimerEvent: {}
[73.968000] (-) TimerEvent: {}
[74.078000] (-) TimerEvent: {}
[74.187000] (-) TimerEvent: {}
[74.296000] (-) TimerEvent: {}
[74.406000] (-) TimerEvent: {}
[74.515000] (-) TimerEvent: {}
[74.625000] (-) TimerEvent: {}
[74.734000] (-) TimerEvent: {}
[74.843000] (-) TimerEvent: {}
[74.953000] (-) TimerEvent: {}
[75.062000] (-) TimerEvent: {}
[75.171000] (-) TimerEvent: {}
[75.281000] (-) TimerEvent: {}
[75.390000] (-) TimerEvent: {}
[75.500000] (-) TimerEvent: {}
[75.609000] (-) TimerEvent: {}
[75.718000] (-) TimerEvent: {}
[75.828000] (-) TimerEvent: {}
[75.937000] (-) TimerEvent: {}
[76.062000] (-) TimerEvent: {}
[76.171000] (-) TimerEvent: {}
[76.281000] (-) TimerEvent: {}
[76.390000] (-) TimerEvent: {}
[76.500000] (-) TimerEvent: {}
[76.609000] (-) TimerEvent: {}
[76.718000] (-) TimerEvent: {}
[76.828000] (-) TimerEvent: {}
[76.937000] (-) TimerEvent: {}
[77.046000] (-) TimerEvent: {}
[77.156000] (-) TimerEvent: {}
[77.265000] (-) TimerEvent: {}
[77.375000] (-) TimerEvent: {}
[77.500000] (-) TimerEvent: {}
[77.609000] (-) TimerEvent: {}
[77.718000] (-) TimerEvent: {}
[77.828000] (-) TimerEvent: {}
[77.937000] (-) TimerEvent: {}
[78.046000] (-) TimerEvent: {}
[78.093000] (lunabotics2021) StdoutLine: {'line': b'hello.obj : error LNK2019: unresolved external symbol "int __cdecl ctre::phoenix::platform::can::SetCANInterface(char const *)" (?SetCANInterface@can@platform@phoenix@ctre@@YAHPEBD@Z) referenced in function main [F:\\dev\\colcon_ws\\src\\lunabotics2021\\build\\lunabotics2021\\hello.vcxproj]\r\n'}
[78.109000] (lunabotics2021) StdoutLine: {'line': b'F:\\dev\\colcon_ws\\src\\lunabotics2021\\build\\lunabotics2021\\Release\\hello.exe : fatal error LNK1120: 1 unresolved externals [F:\\dev\\colcon_ws\\src\\lunabotics2021\\build\\lunabotics2021\\hello.vcxproj]\r\n'}
[78.156000] (-) TimerEvent: {}
[78.265000] (-) TimerEvent: {}
[78.375000] (-) TimerEvent: {}
[78.484000] (-) TimerEvent: {}
[78.593000] (-) TimerEvent: {}
[78.703000] (-) TimerEvent: {}
[78.828000] (-) TimerEvent: {}
[78.937000] (-) TimerEvent: {}
[79.031000] (lunabotics2021) StdoutLine: {'line': b'  Building Custom Rule F:/dev/colcon_ws/src/lunabotics2021/CMakeLists.txt\r\n'}
[79.046000] (-) TimerEvent: {}
[79.156000] (-) TimerEvent: {}
[79.265000] (-) TimerEvent: {}
[79.375000] (-) TimerEvent: {}
[79.484000] (-) TimerEvent: {}
[79.593000] (lunabotics2021) StdoutLine: {'line': b'  listen.cpp\r\n'}
[79.593000] (-) TimerEvent: {}
[79.609000] (lunabotics2021) StdoutLine: {'line': b"F:\\dev\\colcon_ws\\src\\lunabotics2021\\src\\listen.cpp(1): fatal error C1083: Cannot open include file: 'std_msgs/msg/string.hpp': No such file or directory [F:\\dev\\colcon_ws\\src\\lunabotics2021\\build\\lunabotics2021\\listen.vcxproj]\r\n"}
[79.703000] (-) TimerEvent: {}
[79.812000] (-) TimerEvent: {}
[79.921000] (-) TimerEvent: {}
[80.031000] (-) TimerEvent: {}
[80.046000] (lunabotics2021) CommandEnded: {'returncode': 1}
[80.046000] (lunabotics2021) JobEnded: {'identifier': 'lunabotics2021', 'rc': 1}
[80.250000] (-) TimerEvent: {}
[80.265000] (-) EventReactorShutdown: {}
