[0.266s] Invoking command in 'F:\dev\colcon_ws\src\lunabotics2021\build\lunabotics2021': C:\Program Files\CMake\bin\cmake.EXE F:\dev\colcon_ws\src\lunabotics2021 -DAMENT_CMAKE_SYMLINK_INSTALL=1 -DCMAKE_INSTALL_PREFIX=F:\dev\colcon_ws\src\lunabotics2021\install\lunabotics2021 -G Visual Studio 15 2017 -A x64
[0.813s] -- Selecting Windows SDK version 10.0.17763.0 to target Windows 10.0.18363.
[8.500s] -- The C compiler identification is MSVC 19.16.27039.0
[14.750s] -- The CXX compiler identification is MSVC 19.16.27039.0
[15.188s] -- Detecting C compiler ABI info
[21.110s] -- Detecting C compiler ABI info - done
[21.141s] -- Check for working C compiler: C:/Program Files (x86)/Microsoft Visual Studio/2017/BuildTools/VC/Tools/MSVC/14.16.27023/bin/Hostx86/x64/cl.exe - skipped
[21.156s] -- Detecting C compile features
[21.172s] -- Detecting C compile features - done
[21.328s] -- Detecting CXX compiler ABI info
[26.844s] -- Detecting CXX compiler ABI info - done
[28.344s] -- Check for working CXX compiler: C:/Program Files (x86)/Microsoft Visual Studio/2017/BuildTools/VC/Tools/MSVC/14.16.27023/bin/Hostx86/x64/cl.exe - skipped
[28.375s] -- Detecting CXX compile features
[28.375s] -- Detecting CXX compile features - done
[28.578s] -- Found ament_cmake: 0.9.6 (F:/dev/ros2_foxy/share/ament_cmake/cmake)
[28.875s] -- Found PythonInterp: C:/Python38/python.exe (found suitable version "3.8.3", minimum required is "3") 
[28.875s] -- Using PYTHON_EXECUTABLE: C:/Python38/python.exe
[29.969s] -- Override CMake install command with custom implementation using symlinks instead of copying resources
[31.672s] -- Found rclcpp: 2.1.0 (F:/dev/ros2_foxy/share/rclcpp/cmake)
[32.656s] -- Using all available rosidl_typesupport_c: rosidl_typesupport_connext_c;rosidl_typesupport_fastrtps_c;rosidl_typesupport_introspection_c
[32.750s] -- Found rosidl_adapter: 1.0.1 (F:/dev/ros2_foxy/share/rosidl_adapter/cmake)
[33.719s] -- Could not find RTI Connext - skipping rosidl_typesupport_connext_c
[34.000s] -- Could not find RTI Connext - skipping rosidl_typesupport_connext_cpp
[34.828s] -- Found OpenSSL: optimized;C:/Program Files/OpenSSL-Win64/lib/VC/libcrypto64MD.lib;debug;C:/Program Files/OpenSSL-Win64/lib/VC/libcrypto64MDd.lib (found version "1.1.1g")  
[35.141s] -- Found FastRTPS: F:/dev/ros2_foxy/include  
[36.047s] -- Using all available rosidl_typesupport_cpp: rosidl_typesupport_connext_cpp;rosidl_typesupport_fastrtps_cpp;rosidl_typesupport_introspection_cpp
[37.610s] -- Found rmw_implementation_cmake: 1.0.1 (F:/dev/ros2_foxy/share/rmw_implementation_cmake/cmake)
[37.688s] -- Using RMW implementation 'rmw_fastrtps_cpp' as default
[37.813s] -- Looking for pthread.h
[42.188s] -- Looking for pthread.h - not found
[42.235s] -- Found Threads: TRUE  
[43.188s] -- Found std_msgs: 2.0.3 (F:/dev/ros2_foxy/share/std_msgs/cmake)
[43.750s] -- Found ament_lint_auto: 0.9.5 (F:/dev/ros2_foxy/share/ament_lint_auto/cmake)
[47.328s] -- Added test 'copyright' to check source files copyright and LICENSE
[47.938s] -- Added test 'cppcheck' to perform static code analysis on C / C++ code
[47.938s] -- Configured cppcheck include dirs: F:/dev/colcon_ws/src/lunabotics2021/hello;F:/dev/colcon_ws/src/lunabotics2021/lib/cpp/motorcontrol;F:/dev/colcon_ws/src/lunabotics2021/lib/cpp/motorcontrol/can;$<BUILD_INTERFACE:F:/dev/colcon_ws/src/lunabotics2021/include>
[47.938s] -- Configured cppcheck exclude dirs and/or files: 
[48.422s] -- Added test 'cpplint' to check C / C++ code against the Google style
[48.422s] -- Configured cpplint exclude dirs and/or files: 
[48.828s] -- Added test 'lint_cmake' to check CMake code style
[50.078s] -- Added test 'uncrustify' to check C / C++ code style
[50.078s] -- Configured uncrustify additional arguments: 
[50.250s] -- Added test 'xmllint' to check XML markup files
[51.110s] -- Configuring done
[63.219s] -- Generating done
[63.406s] -- Build files have been written to: F:/dev/colcon_ws/src/lunabotics2021/build/lunabotics2021
[63.438s] Invoked command in 'F:\dev\colcon_ws\src\lunabotics2021\build\lunabotics2021' returned '0': C:\Program Files\CMake\bin\cmake.EXE F:\dev\colcon_ws\src\lunabotics2021 -DAMENT_CMAKE_SYMLINK_INSTALL=1 -DCMAKE_INSTALL_PREFIX=F:\dev\colcon_ws\src\lunabotics2021\install\lunabotics2021 -G Visual Studio 15 2017 -A x64
[63.453s] Invoking command in 'F:\dev\colcon_ws\src\lunabotics2021\build\lunabotics2021': CL=/MP C:\Program Files\CMake\bin\cmake.EXE --build F:\dev\colcon_ws\src\lunabotics2021\build\lunabotics2021 --config Release
[63.906s] Microsoft (R) Build Engine version 15.9.21+g9802d43bc3 for .NET Framework
[63.906s] Copyright (C) Microsoft Corporation. All rights reserved.
[63.906s] 
[66.875s]   Checking Build System
[67.938s]   Building Custom Rule F:/dev/colcon_ws/src/lunabotics2021/CMakeLists.txt
[70.172s]   hello.cpp
[78.078s] hello.obj : error LNK2019: unresolved external symbol "int __cdecl ctre::phoenix::platform::can::SetCANInterface(char const *)" (?SetCANInterface@can@platform@phoenix@ctre@@YAHPEBD@Z) referenced in function main [F:\dev\colcon_ws\src\lunabotics2021\build\lunabotics2021\hello.vcxproj]
[78.094s] F:\dev\colcon_ws\src\lunabotics2021\build\lunabotics2021\Release\hello.exe : fatal error LNK1120: 1 unresolved externals [F:\dev\colcon_ws\src\lunabotics2021\build\lunabotics2021\hello.vcxproj]
[79.031s]   Building Custom Rule F:/dev/colcon_ws/src/lunabotics2021/CMakeLists.txt
[79.578s]   listen.cpp
[79.594s] F:\dev\colcon_ws\src\lunabotics2021\src\listen.cpp(1): fatal error C1083: Cannot open include file: 'std_msgs/msg/string.hpp': No such file or directory [F:\dev\colcon_ws\src\lunabotics2021\build\lunabotics2021\listen.vcxproj]
[80.031s] Invoked command in 'F:\dev\colcon_ws\src\lunabotics2021\build\lunabotics2021' returned '1': CL=/MP C:\Program Files\CMake\bin\cmake.EXE --build F:\dev\colcon_ws\src\lunabotics2021\build\lunabotics2021 --config Release
