[0.234s] Invoking command in 'F:\dev\colcon_ws\src\lunabotics2021\build\lunabotics2021': C:\Program Files\CMake\bin\cmake.EXE F:\dev\colcon_ws\src\lunabotics2021 -DAMENT_CMAKE_SYMLINK_INSTALL=1 -DCMAKE_INSTALL_PREFIX=F:\dev\colcon_ws\src\lunabotics2021\install\lunabotics2021 -G Visual Studio 15 2017 -A x64
[0.390s] -- Selecting Windows SDK version 10.0.17763.0 to target Windows 10.0.18363.
[5.781s] -- The C compiler identification is MSVC 19.16.27039.0
[8.172s] -- The CXX compiler identification is MSVC 19.16.27039.0
[8.312s] -- Detecting C compiler ABI info
[13.734s] -- Detecting C compiler ABI info - done
[13.750s] -- Check for working C compiler: C:/Program Files (x86)/Microsoft Visual Studio/2017/BuildTools/VC/Tools/MSVC/14.16.27023/bin/Hostx86/x64/cl.exe - skipped
[13.781s] -- Detecting C compile features
[13.797s] -- Detecting C compile features - done
[13.890s] -- Detecting CXX compiler ABI info
[20.281s] -- Detecting CXX compiler ABI info - done
[20.312s] -- Check for working CXX compiler: C:/Program Files (x86)/Microsoft Visual Studio/2017/BuildTools/VC/Tools/MSVC/14.16.27023/bin/Hostx86/x64/cl.exe - skipped
[20.328s] -- Detecting CXX compile features
[20.328s] -- Detecting CXX compile features - done
[20.375s] -- Found ament_cmake: 0.9.6 (F:/dev/ros2_foxy/share/ament_cmake/cmake)
[20.562s] -- Found PythonInterp: C:/Python38/python.exe (found suitable version "3.8.3", minimum required is "3") 
[20.562s] -- Using PYTHON_EXECUTABLE: C:/Python38/python.exe
[21.109s] -- Override CMake install command with custom implementation using symlinks instead of copying resources
[21.390s] -- Found rclcpp: 2.1.0 (F:/dev/ros2_foxy/share/rclcpp/cmake)
[21.531s] -- Using all available rosidl_typesupport_c: rosidl_typesupport_connext_c;rosidl_typesupport_fastrtps_c;rosidl_typesupport_introspection_c
[21.562s] -- Found rosidl_adapter: 1.0.1 (F:/dev/ros2_foxy/share/rosidl_adapter/cmake)
[23.343s] -- Could not find RTI Connext - skipping rosidl_typesupport_connext_c
[23.547s] -- Could not find RTI Connext - skipping rosidl_typesupport_connext_cpp
[24.609s] -- Found OpenSSL: optimized;C:/Program Files/OpenSSL-Win64/lib/VC/libcrypto64MD.lib;debug;C:/Program Files/OpenSSL-Win64/lib/VC/libcrypto64MDd.lib (found version "1.1.1g")  
[24.859s] -- Found FastRTPS: F:/dev/ros2_foxy/include  
[25.187s] -- Using all available rosidl_typesupport_cpp: rosidl_typesupport_connext_cpp;rosidl_typesupport_fastrtps_cpp;rosidl_typesupport_introspection_cpp
[26.156s] -- Found rmw_implementation_cmake: 1.0.1 (F:/dev/ros2_foxy/share/rmw_implementation_cmake/cmake)
[26.156s] -- Using RMW implementation 'rmw_fastrtps_cpp' as default
[27.047s] -- Looking for pthread.h
[40.547s] -- Looking for pthread.h - not found
[40.562s] -- Found Threads: TRUE  
[40.828s] -- Found std_msgs: 2.0.3 (F:/dev/ros2_foxy/share/std_msgs/cmake)
[40.890s] -- Found ament_lint_auto: 0.9.5 (F:/dev/ros2_foxy/share/ament_lint_auto/cmake)
[41.265s] -- Added test 'copyright' to check source files copyright and LICENSE
[41.547s] -- Added test 'cppcheck' to perform static code analysis on C / C++ code
[41.547s] -- Configured cppcheck include dirs: $<BUILD_INTERFACE:F:/dev/colcon_ws/src/lunabotics2021/include>
[41.547s] -- Configured cppcheck exclude dirs and/or files: 
[42.187s] -- Added test 'cpplint' to check C / C++ code against the Google style
[42.187s] -- Configured cpplint exclude dirs and/or files: 
[42.500s] -- Added test 'lint_cmake' to check CMake code style
[43.437s] -- Added test 'uncrustify' to check C / C++ code style
[43.437s] -- Configured uncrustify additional arguments: 
[43.609s] -- Added test 'xmllint' to check XML markup files
[43.937s] -- Configuring done
[46.328s] -- Generating done
[46.406s] -- Build files have been written to: F:/dev/colcon_ws/src/lunabotics2021/build/lunabotics2021
[46.437s] Invoked command in 'F:\dev\colcon_ws\src\lunabotics2021\build\lunabotics2021' returned '0': C:\Program Files\CMake\bin\cmake.EXE F:\dev\colcon_ws\src\lunabotics2021 -DAMENT_CMAKE_SYMLINK_INSTALL=1 -DCMAKE_INSTALL_PREFIX=F:\dev\colcon_ws\src\lunabotics2021\install\lunabotics2021 -G Visual Studio 15 2017 -A x64
[46.453s] Invoking command in 'F:\dev\colcon_ws\src\lunabotics2021\build\lunabotics2021': CL=/MP C:\Program Files\CMake\bin\cmake.EXE --build F:\dev\colcon_ws\src\lunabotics2021\build\lunabotics2021 --config Release
[46.953s] Microsoft (R) Build Engine version 15.9.21+g9802d43bc3 for .NET Framework
[46.953s] Copyright (C) Microsoft Corporation. All rights reserved.
[46.968s] 
[49.312s]   Checking Build System
[49.593s]   Building Custom Rule F:/dev/colcon_ws/src/lunabotics2021/CMakeLists.txt
[49.797s]   hello.cpp
[54.781s] hello.obj : error LNK2019: unresolved external symbol "int __cdecl ctre::phoenix::platform::can::SetCANInterface(char const *)" (?SetCANInterface@can@platform@phoenix@ctre@@YAHPEBD@Z) referenced in function main [F:\dev\colcon_ws\src\lunabotics2021\build\lunabotics2021\hello.vcxproj]
[54.781s] ..\..\lib\x86-64\libCTRE_Phoenix.a : fatal error LNK1107: invalid or corrupt file: cannot read at 0x56FF0 [F:\dev\colcon_ws\src\lunabotics2021\build\lunabotics2021\hello.vcxproj]
[55.031s]   Building Custom Rule F:/dev/colcon_ws/src/lunabotics2021/CMakeLists.txt
[55.359s]   listen.cpp
[64.281s]   listen.vcxproj -> F:\dev\colcon_ws\src\lunabotics2021\build\lunabotics2021\Release\listen.exe
[64.437s] Invoked command in 'F:\dev\colcon_ws\src\lunabotics2021\build\lunabotics2021' returned '1': CL=/MP C:\Program Files\CMake\bin\cmake.EXE --build F:\dev\colcon_ws\src\lunabotics2021\build\lunabotics2021 --config Release
