[0.125s] Invoking command in 'F:\dev\colcon_ws\src\lunabotics2021\build\lunabotics2021': C:\Program Files\CMake\bin\cmake.EXE F:\dev\colcon_ws\src\lunabotics2021 -DAMENT_CMAKE_SYMLINK_INSTALL=1 -DCMAKE_INSTALL_PREFIX=F:\dev\colcon_ws\src\lunabotics2021\install\lunabotics2021
[0.375s] -- Selecting Windows SDK version 10.0.17763.0 to target Windows 10.0.18363.
[0.610s] -- Found ament_cmake: 0.9.6 (F:/dev/ros2_foxy/share/ament_cmake/cmake)
[0.844s] -- Using PYTHON_EXECUTABLE: C:/Python38/python.exe
[1.375s] -- Override CMake install command with custom implementation using symlinks instead of copying resources
[1.938s] -- Found rclcpp: 2.1.0 (F:/dev/ros2_foxy/share/rclcpp/cmake)
[2.438s] -- Using all available rosidl_typesupport_c: rosidl_typesupport_connext_c;rosidl_typesupport_fastrtps_c;rosidl_typesupport_introspection_c
[2.516s] -- Found rosidl_adapter: 1.0.1 (F:/dev/ros2_foxy/share/rosidl_adapter/cmake)
[3.125s] -- Could not find RTI Connext - skipping rosidl_typesupport_connext_c
[3.375s] -- Could not find RTI Connext - skipping rosidl_typesupport_connext_cpp
[4.172s] -- Using all available rosidl_typesupport_cpp: rosidl_typesupport_connext_cpp;rosidl_typesupport_fastrtps_cpp;rosidl_typesupport_introspection_cpp
[4.953s] -- Found rmw_implementation_cmake: 1.0.1 (F:/dev/ros2_foxy/share/rmw_implementation_cmake/cmake)
[5.000s] -- Using RMW implementation 'rmw_fastrtps_cpp' as default
[5.797s] -- Found std_msgs: 2.0.3 (F:/dev/ros2_foxy/share/std_msgs/cmake)
[6.031s] -- Found ament_lint_auto: 0.9.5 (F:/dev/ros2_foxy/share/ament_lint_auto/cmake)
[6.625s] -- Added test 'copyright' to check source files copyright and LICENSE
[6.875s] -- Added test 'cppcheck' to perform static code analysis on C / C++ code
[6.875s] -- Configured cppcheck include dirs: $<BUILD_INTERFACE:F:/dev/colcon_ws/src/lunabotics2021/include>
[6.875s] -- Configured cppcheck exclude dirs and/or files: 
[7.078s] -- Added test 'cpplint' to check C / C++ code against the Google style
[7.078s] -- Configured cpplint exclude dirs and/or files: 
[7.110s] -- Added test 'flake8' to check Python code syntax and style conventions
[7.172s] -- Added test 'lint_cmake' to check CMake code style
[7.203s] -- Added test 'pep257' to check Python code against some of the style conventions in PEP 257
[7.422s] -- Added test 'uncrustify' to check C / C++ code style
[7.422s] -- Configured uncrustify additional arguments: 
[7.453s] -- Added test 'xmllint' to check XML markup files
[7.531s] -- Configuring done
[8.578s] -- Generating done
[8.625s] -- Build files have been written to: F:/dev/colcon_ws/src/lunabotics2021/build/lunabotics2021
[8.641s] Invoked command in 'F:\dev\colcon_ws\src\lunabotics2021\build\lunabotics2021' returned '0': C:\Program Files\CMake\bin\cmake.EXE F:\dev\colcon_ws\src\lunabotics2021 -DAMENT_CMAKE_SYMLINK_INSTALL=1 -DCMAKE_INSTALL_PREFIX=F:\dev\colcon_ws\src\lunabotics2021\install\lunabotics2021
[8.641s] Invoking command in 'F:\dev\colcon_ws\src\lunabotics2021\build\lunabotics2021': CL=/MP C:\Program Files\CMake\bin\cmake.EXE --build F:\dev\colcon_ws\src\lunabotics2021\build\lunabotics2021 --config Release
[8.860s] Microsoft (R) Build Engine version 15.9.21+g9802d43bc3 for .NET Framework
[8.860s] Copyright (C) Microsoft Corporation. All rights reserved.
[8.860s] 
[10.610s]   hello.cpp
[15.172s]   hello.vcxproj -> F:\dev\colcon_ws\src\lunabotics2021\build\lunabotics2021\Release\hello.exe
[15.360s]   listen.cpp
[16.547s] F:\dev\colcon_ws\src\lunabotics2021\src\listen.cpp(30): warning C4551: function call missing argument list [F:\dev\colcon_ws\src\lunabotics2021\build\lunabotics2021\listen.vcxproj]
[16.547s] F:\dev\colcon_ws\src\lunabotics2021\src\listen.cpp(33): error C2589: 'do': illegal token on right side of '::' [F:\dev\colcon_ws\src\lunabotics2021\build\lunabotics2021\listen.vcxproj]
[16.547s] F:\dev\colcon_ws\src\lunabotics2021\src\listen.cpp(33): error C2059: syntax error: '{' [F:\dev\colcon_ws\src\lunabotics2021\build\lunabotics2021\listen.vcxproj]
[16.547s] F:\dev\colcon_ws\src\lunabotics2021\src\listen.cpp(33): error C2143: syntax error: missing ';' before '{' [F:\dev\colcon_ws\src\lunabotics2021\build\lunabotics2021\listen.vcxproj]
[16.547s] F:\dev\colcon_ws\src\lunabotics2021\src\listen.cpp(33): error C2275: 'listen': illegal use of this type as an expression [F:\dev\colcon_ws\src\lunabotics2021\build\lunabotics2021\listen.vcxproj]
[16.547s]   F:\dev\colcon_ws\src\lunabotics2021\src\listen.cpp(6): note: see declaration of 'listen'
[16.547s] F:\dev\colcon_ws\src\lunabotics2021\src\listen.cpp(33): error C2955: 'std::remove_reference': use of class template requires template argument list [F:\dev\colcon_ws\src\lunabotics2021\build\lunabotics2021\listen.vcxproj]
[16.563s]   C:\Program Files (x86)\Microsoft Visual Studio\2017\BuildTools\VC\Tools\MSVC\14.16.27023\include\xtr1common(318): note: see declaration of 'std::remove_reference'
[16.563s] F:\dev\colcon_ws\src\lunabotics2021\src\listen.cpp(33): error C2057: expected constant expression [F:\dev\colcon_ws\src\lunabotics2021\build\lunabotics2021\listen.vcxproj]
[16.672s] Invoked command in 'F:\dev\colcon_ws\src\lunabotics2021\build\lunabotics2021' returned '1': CL=/MP C:\Program Files\CMake\bin\cmake.EXE --build F:\dev\colcon_ws\src\lunabotics2021\build\lunabotics2021 --config Release
