[0.939s] [34mcolcon[0m [1;30mDEBUG[0m [32mCommand line arguments: ['C:\\Python38\\Scripts\\colcon', 'build', '--symlink-install', '--event-handlers', 'console_cohesion+'][0m
[0.940s] [34mcolcon[0m [1;30mDEBUG[0m [32mParsed command line arguments: Namespace(ament_cmake_args=None, base_paths=['.'], build_base='build', catkin_cmake_args=None, catkin_skip_building_tests=False, cmake_args=None, cmake_clean_cache=False, cmake_clean_first=False, cmake_force_configure=False, cmake_target=None, cmake_target_skip_unavailable=False, continue_on_error=False, event_handlers=['console_cohesion+'], executor='parallel', ignore_user_meta=False, install_base='install', log_base=None, log_level=None, main=<bound method BuildVerb.main of <colcon_core.verb.build.BuildVerb object at 0x00000221FC4E4760>>, merge_install=False, metas=['./colcon.meta'], packages_above=None, packages_above_and_dependencies=None, packages_above_depth=None, packages_end=None, packages_ignore=None, packages_ignore_regex=None, packages_select=None, packages_select_build_failed=False, packages_select_by_dep=None, packages_select_regex=None, packages_select_test_failures=False, packages_skip=None, packages_skip_build_finished=False, packages_skip_by_dep=None, packages_skip_regex=None, packages_skip_test_passed=False, packages_skip_up_to=None, packages_start=None, packages_up_to=None, packages_up_to_regex=None, parallel_workers=8, paths=None, symlink_install=True, test_result_base=None, verb_extension=<colcon_core.verb.build.BuildVerb object at 0x00000221FC4E4760>, verb_name='build', verb_parser=<colcon_defaults.argument_parser.defaults.DefaultArgumentsDecorator object at 0x00000221FC4E4C40>)[0m
[1.092s] [34mcolcon.colcon_core.package_discovery[0m [1;30mLevel 1[0m discover_packages(colcon_meta) check parameters
[1.092s] [34mcolcon.colcon_core.package_discovery[0m [1;30mLevel 1[0m discover_packages(recursive) check parameters
[1.092s] [34mcolcon.colcon_core.package_discovery[0m [1;30mLevel 1[0m discover_packages(ignore) check parameters
[1.092s] [34mcolcon.colcon_core.package_discovery[0m [1;30mLevel 1[0m discover_packages(path) check parameters
[1.092s] [34mcolcon.colcon_core.package_discovery[0m [1;30mLevel 1[0m discover_packages(colcon_meta) discover
[1.093s] [34mcolcon.colcon_core.package_discovery[0m [1;30mLevel 1[0m discover_packages(recursive) discover
[1.093s] [34mcolcon.colcon_core.package_discovery[0m [1;30mINFO[0m Crawling recursively for packages in 'C:\dev\colcon_ws\src\lunabotics2021'
[1.093s] [34mcolcon.colcon_core.package_identification[0m [1;30mLevel 1[0m _identify(.) by extensions ['ignore', 'ignore_ament_install']
[1.093s] [34mcolcon.colcon_core.package_identification[0m [1;30mLevel 1[0m _identify(.) by extension 'ignore'
[1.093s] [34mcolcon.colcon_core.package_identification[0m [1;30mLevel 1[0m _identify(.) by extension 'ignore_ament_install'
[1.094s] [34mcolcon.colcon_core.package_identification[0m [1;30mLevel 1[0m _identify(.) by extensions ['colcon_pkg']
[1.094s] [34mcolcon.colcon_core.package_identification[0m [1;30mLevel 1[0m _identify(.) by extension 'colcon_pkg'
[1.094s] [34mcolcon.colcon_core.package_identification[0m [1;30mLevel 1[0m _identify(.) by extensions ['colcon_meta']
[1.094s] [34mcolcon.colcon_core.package_identification[0m [1;30mLevel 1[0m _identify(.) by extension 'colcon_meta'
[1.094s] [34mcolcon.colcon_core.package_identification[0m [1;30mLevel 1[0m _identify(.) by extensions ['ros']
[1.094s] [34mcolcon.colcon_core.package_identification[0m [1;30mLevel 1[0m _identify(.) by extension 'ros'
[1.121s] [34mcolcon.colcon_core.package_identification[0m [1;30mDEBUG[0m [32mPackage '.' with type 'ros.ament_cmake' and name 'lunabotics2021'[0m
[1.121s] [34mcolcon.colcon_core.package_discovery[0m [1;30mLevel 1[0m discover_packages(recursive) using defaults
[1.121s] [34mcolcon.colcon_core.package_discovery[0m [1;30mLevel 1[0m discover_packages(ignore) discover
[1.121s] [34mcolcon.colcon_core.package_discovery[0m [1;30mLevel 1[0m discover_packages(ignore) using defaults
[1.121s] [34mcolcon.colcon_core.package_discovery[0m [1;30mLevel 1[0m discover_packages(path) discover
[1.121s] [34mcolcon.colcon_core.package_discovery[0m [1;30mLevel 1[0m discover_packages(path) using defaults
[1.167s] [34mcolcon.colcon_core.verb[0m [1;30mLevel 5[0m set package 'lunabotics2021' build argument 'cmake_args' from command line to 'None'
[1.167s] [34mcolcon.colcon_core.verb[0m [1;30mLevel 5[0m set package 'lunabotics2021' build argument 'cmake_target' from command line to 'None'
[1.167s] [34mcolcon.colcon_core.verb[0m [1;30mLevel 5[0m set package 'lunabotics2021' build argument 'cmake_target_skip_unavailable' from command line to 'False'
[1.167s] [34mcolcon.colcon_core.verb[0m [1;30mLevel 5[0m set package 'lunabotics2021' build argument 'cmake_clean_cache' from command line to 'False'
[1.167s] [34mcolcon.colcon_core.verb[0m [1;30mLevel 5[0m set package 'lunabotics2021' build argument 'cmake_clean_first' from command line to 'False'
[1.167s] [34mcolcon.colcon_core.verb[0m [1;30mLevel 5[0m set package 'lunabotics2021' build argument 'cmake_force_configure' from command line to 'False'
[1.167s] [34mcolcon.colcon_core.verb[0m [1;30mLevel 5[0m set package 'lunabotics2021' build argument 'ament_cmake_args' from command line to 'None'
[1.168s] [34mcolcon.colcon_core.verb[0m [1;30mLevel 5[0m set package 'lunabotics2021' build argument 'catkin_cmake_args' from command line to 'None'
[1.168s] [34mcolcon.colcon_core.verb[0m [1;30mLevel 5[0m set package 'lunabotics2021' build argument 'catkin_skip_building_tests' from command line to 'False'
[1.168s] [34mcolcon.colcon_core.verb[0m [1;30mDEBUG[0m [32mBuilding package 'lunabotics2021' with the following arguments: {'ament_cmake_args': None, 'build_base': 'C:\\dev\\colcon_ws\\src\\lunabotics2021\\build\\lunabotics2021', 'catkin_cmake_args': None, 'catkin_skip_building_tests': False, 'cmake_args': None, 'cmake_clean_cache': False, 'cmake_clean_first': False, 'cmake_force_configure': False, 'cmake_target': None, 'cmake_target_skip_unavailable': False, 'install_base': 'C:\\dev\\colcon_ws\\src\\lunabotics2021\\install\\lunabotics2021', 'merge_install': False, 'path': 'C:\\dev\\colcon_ws\\src\\lunabotics2021', 'symlink_install': True, 'test_result_base': None}[0m
[1.172s] [34mcolcon.colcon_core.executor[0m [1;30mINFO[0m Executing jobs using 'parallel' executor
[1.198s] [34mcolcon.colcon_parallel_executor.executor.parallel[0m [1;30mDEBUG[0m [32mrun_until_complete[0m
[1.199s] [34mcolcon.colcon_ros.task.ament_cmake.build[0m [1;30mINFO[0m Building ROS package in 'C:\dev\colcon_ws\src\lunabotics2021' with build type 'ament_cmake'
[1.199s] [34mcolcon.colcon_cmake.task.cmake.build[0m [1;30mINFO[0m Building CMake package in 'C:\dev\colcon_ws\src\lunabotics2021'
[1.209s] [34mcolcon.colcon_core.plugin_system[0m [1;30mINFO[0m Skipping extension 'colcon_core.shell.sh': Not used on Windows systems
[1.210s] [34mcolcon.colcon_core.shell[0m [1;30mINFO[0m Skip shell extension 'powershell' for command environment: Not usable outside of PowerShell
[1.325s] [34mcolcon.colcon_core.event_handler.log_command[0m [1;30mDEBUG[0m [32mInvoking command in 'C:\dev\colcon_ws\src\lunabotics2021\build\lunabotics2021': C:\Program Files\CMake\bin\cmake.EXE C:\dev\colcon_ws\src\lunabotics2021 -DAMENT_CMAKE_SYMLINK_INSTALL=1 -DCMAKE_INSTALL_PREFIX=C:\dev\colcon_ws\src\lunabotics2021\install\lunabotics2021[0m
[1.364s] [34mcolcon.colcon_core.event_handler.log_command[0m [1;30mDEBUG[0m [32mInvoked command in 'C:\dev\colcon_ws\src\lunabotics2021\build\lunabotics2021' returned '1': C:\Program Files\CMake\bin\cmake.EXE C:\dev\colcon_ws\src\lunabotics2021 -DAMENT_CMAKE_SYMLINK_INSTALL=1 -DCMAKE_INSTALL_PREFIX=C:\dev\colcon_ws\src\lunabotics2021\install\lunabotics2021[0m
[1.381s] [34mcolcon.colcon_core.environment[0m [1;30mLevel 1[0m create_environment_scripts_only(lunabotics2021)
[1.423s] [34mcolcon.colcon_core.environment[0m [1;30mLevel 1[0m checking 'C:\dev\colcon_ws\src\lunabotics2021\install\lunabotics2021' for CMake module files
[1.426s] [34mcolcon.colcon_core.environment[0m [1;30mLevel 1[0m checking 'C:\dev\colcon_ws\src\lunabotics2021\install\lunabotics2021' for CMake config files
[1.430s] [34mcolcon.colcon_core.shell[0m [1;30mLevel 1[0m create_environment_hook('lunabotics2021', 'cmake_prefix_path')
[1.445s] [34mcolcon.colcon_core.shell[0m [1;30mINFO[0m Creating environment hook 'C:\dev\colcon_ws\src\lunabotics2021\install\lunabotics2021\share\lunabotics2021\hook\cmake_prefix_path.ps1'
[1.459s] [34mcolcon.colcon_core.shell[0m [1;30mINFO[0m Creating environment hook 'C:\dev\colcon_ws\src\lunabotics2021\install\lunabotics2021\share\lunabotics2021\hook\cmake_prefix_path.bat'
[1.484s] [34mcolcon.colcon_core.shell[0m [1;30mINFO[0m Creating environment descriptor 'C:\dev\colcon_ws\src\lunabotics2021\install\lunabotics2021\share\lunabotics2021\hook\cmake_prefix_path.dsv'
[1.496s] [34mcolcon.colcon_core.environment[0m [1;30mLevel 1[0m checking 'C:\dev\colcon_ws\src\lunabotics2021\install\lunabotics2021\bin'
[1.496s] [34mcolcon.colcon_core.environment[0m [1;30mLevel 1[0m checking 'C:\dev\colcon_ws\src\lunabotics2021\install\lunabotics2021\bin'
[1.497s] [34mcolcon.colcon_core.environment[0m [1;30mLevel 1[0m checking 'C:\dev\colcon_ws\src\lunabotics2021\install\lunabotics2021\Scripts'
[1.497s] [34mcolcon.colcon_core.environment[0m [1;30mLevel 1[0m checking 'C:\dev\colcon_ws\src\lunabotics2021\install\lunabotics2021\lib\pkgconfig\lunabotics2021.pc'
[1.497s] [34mcolcon.colcon_core.environment[0m [1;30mLevel 1[0m checking 'C:\dev\colcon_ws\src\lunabotics2021\install\lunabotics2021\Lib\site-packages'
[1.512s] [34mcolcon.colcon_core.shell[0m [1;30mINFO[0m Creating package script 'C:\dev\colcon_ws\src\lunabotics2021\install\lunabotics2021\share\lunabotics2021\package.ps1'
[1.516s] [34mcolcon.colcon_core.shell[0m [1;30mINFO[0m Creating package script 'C:\dev\colcon_ws\src\lunabotics2021\install\lunabotics2021\share\lunabotics2021\package.bat'
[1.519s] [34mcolcon.colcon_core.shell[0m [1;30mINFO[0m Creating package descriptor 'C:\dev\colcon_ws\src\lunabotics2021\install\lunabotics2021\share\lunabotics2021\package.dsv'
[1.522s] [34mcolcon.colcon_core.environment[0m [1;30mLevel 1[0m create_file_with_runtime_dependencies(C:\dev\colcon_ws\src\lunabotics2021\install\lunabotics2021\share\colcon-core\packages\lunabotics2021)
[1.535s] [34mcolcon.colcon_parallel_executor.executor.parallel[0m [1;30mDEBUG[0m [32mrun_until_complete finished with '1'[0m
[1.535s] [34mcolcon.colcon_core.event_reactor[0m [1;30mDEBUG[0m [32mjoining thread[0m
[1.573s] [34mcolcon.colcon_core.plugin_system[0m [1;30mINFO[0m Skipping extension 'colcon_notification.desktop_notification.notify2': 'notify2' not found
[1.574s] [34mcolcon.colcon_core.plugin_system[0m [1;30mINFO[0m Skipping extension 'colcon_notification.desktop_notification.notify_send': Not used on non-Linux systems
[1.574s] [34mcolcon.colcon_core.plugin_system[0m [1;30mINFO[0m Skipping extension 'colcon_notification.desktop_notification.terminal_notifier': Not used on non-Darwin systems
[1.574s] [34mcolcon.colcon_notification.desktop_notification[0m [1;30mINFO[0m Sending desktop notification using 'win32'
[1.582s] [34mcolcon.colcon_notification.desktop_notification.win32[0m [1;30mDEBUG[0m [32mFailed to import win32gui: DLL load failed while importing win32gui: %1 is not a valid Win32 application.[0m
[1.582s] [34mcolcon.colcon_core.event_reactor[0m [1;30mDEBUG[0m [32mjoined thread[0m
[1.597s] [34mcolcon.colcon_core.shell[0m [1;30mINFO[0m Creating prefix script 'C:\dev\colcon_ws\src\lunabotics2021\install\local_setup.ps1'
[1.600s] [34mcolcon.colcon_core.shell[0m [1;30mINFO[0m Creating prefix util module 'C:\dev\colcon_ws\src\lunabotics2021\install\_local_setup_util_ps1.py'
[1.605s] [34mcolcon.colcon_core.shell[0m [1;30mINFO[0m Creating prefix chain script 'C:\dev\colcon_ws\src\lunabotics2021\install\setup.ps1'
[1.623s] [34mcolcon.colcon_core.shell[0m [1;30mINFO[0m Creating prefix script 'C:\dev\colcon_ws\src\lunabotics2021\install\local_setup.bat'
[1.626s] [34mcolcon.colcon_core.shell[0m [1;30mINFO[0m Creating prefix util module 'C:\dev\colcon_ws\src\lunabotics2021\install\_local_setup_util_bat.py'
[1.630s] [34mcolcon.colcon_core.shell[0m [1;30mINFO[0m Creating prefix chain script 'C:\dev\colcon_ws\src\lunabotics2021\install\setup.bat'
