[0.297s] Invoking command in 'F:\dev\colcon_ws\src\lunabotics2021\build\lunabotics2021': C:\Program Files\CMake\bin\cmake.EXE F:\dev\colcon_ws\src\lunabotics2021 -DAMENT_CMAKE_SYMLINK_INSTALL=1 -DCMAKE_INSTALL_PREFIX=F:\dev\colcon_ws\src\lunabotics2021\install\lunabotics2021 -G Visual Studio 15 2017 -A x64
[0.500s] -- Selecting Windows SDK version 10.0.17763.0 to target Windows 10.0.18363.
[5.532s] -- The C compiler identification is MSVC 19.16.27039.0
[10.485s] -- The CXX compiler identification is MSVC 19.16.27039.0
[10.860s] -- Detecting C compiler ABI info
[19.329s] -- Detecting C compiler ABI info - done
[19.360s] -- Check for working C compiler: C:/Program Files (x86)/Microsoft Visual Studio/2017/BuildTools/VC/Tools/MSVC/14.16.27023/bin/Hostx86/x64/cl.exe - skipped
[19.375s] -- Detecting C compile features
[19.375s] -- Detecting C compile features - done
[19.500s] -- Detecting CXX compiler ABI info
[25.329s] -- Detecting CXX compiler ABI info - done
[25.391s] -- Check for working CXX compiler: C:/Program Files (x86)/Microsoft Visual Studio/2017/BuildTools/VC/Tools/MSVC/14.16.27023/bin/Hostx86/x64/cl.exe - skipped
[25.407s] -- Detecting CXX compile features
[25.407s] -- Detecting CXX compile features - done
[25.516s] -- Found ament_cmake: 0.9.6 (F:/dev/ros2_foxy/share/ament_cmake/cmake)
[25.625s] -- Found PythonInterp: C:/Python38/python.exe (found suitable version "3.8.3", minimum required is "3") 
[25.625s] -- Using PYTHON_EXECUTABLE: C:/Python38/python.exe
[26.235s] -- Override CMake install command with custom implementation using symlinks instead of copying resources
[26.797s] -- Found rclcpp: 2.1.0 (F:/dev/ros2_foxy/share/rclcpp/cmake)
[26.891s] -- Using all available rosidl_typesupport_c: rosidl_typesupport_connext_c;rosidl_typesupport_fastrtps_c;rosidl_typesupport_introspection_c
[26.922s] -- Found rosidl_adapter: 1.0.1 (F:/dev/ros2_foxy/share/rosidl_adapter/cmake)
[27.344s] -- Could not find RTI Connext - skipping rosidl_typesupport_connext_c
[27.391s] -- Could not find RTI Connext - skipping rosidl_typesupport_connext_cpp
[27.672s] -- Found OpenSSL: optimized;C:/Program Files/OpenSSL-Win64/lib/VC/libcrypto64MD.lib;debug;C:/Program Files/OpenSSL-Win64/lib/VC/libcrypto64MDd.lib (found version "1.1.1g")  
[27.750s] -- Found FastRTPS: F:/dev/ros2_foxy/include  
[27.844s] -- Using all available rosidl_typesupport_cpp: rosidl_typesupport_connext_cpp;rosidl_typesupport_fastrtps_cpp;rosidl_typesupport_introspection_cpp
[27.969s] -- Found rmw_implementation_cmake: 1.0.1 (F:/dev/ros2_foxy/share/rmw_implementation_cmake/cmake)
[27.969s] -- Using RMW implementation 'rmw_fastrtps_cpp' as default
[28.094s] -- Looking for pthread.h
[30.985s] -- Looking for pthread.h - not found
[31.032s] -- Found Threads: TRUE  
[31.204s] -- Found std_msgs: 2.0.3 (F:/dev/ros2_foxy/share/std_msgs/cmake)
[31.422s] -- Found ament_lint_auto: 0.9.5 (F:/dev/ros2_foxy/share/ament_lint_auto/cmake)
[34.391s] -- Added test 'copyright' to check source files copyright and LICENSE
[34.657s] -- Added test 'cppcheck' to perform static code analysis on C / C++ code
[34.657s] -- Configured cppcheck include dirs: F:/dev/colcon_ws/src/lunabotics2021/hello;F:/dev/colcon_ws/src/lunabotics2021/lib/cpp/motorcontrol;F:/dev/colcon_ws/src/lunabotics2021/lib/cpp/motorcontrol/can;$<BUILD_INTERFACE:F:/dev/colcon_ws/src/lunabotics2021/include>
[34.657s] -- Configured cppcheck exclude dirs and/or files: 
[34.922s] -- Added test 'cpplint' to check C / C++ code against the Google style
[34.922s] -- Configured cpplint exclude dirs and/or files: 
[35.032s] -- Added test 'lint_cmake' to check CMake code style
[35.313s] -- Added test 'uncrustify' to check C / C++ code style
[35.313s] -- Configured uncrustify additional arguments: 
[35.360s] -- Added test 'xmllint' to check XML markup files
[35.922s] -- Configuring done
[39.407s] -- Generating done
[39.594s] -- Build files have been written to: F:/dev/colcon_ws/src/lunabotics2021/build/lunabotics2021
[39.610s] Invoked command in 'F:\dev\colcon_ws\src\lunabotics2021\build\lunabotics2021' returned '0': C:\Program Files\CMake\bin\cmake.EXE F:\dev\colcon_ws\src\lunabotics2021 -DAMENT_CMAKE_SYMLINK_INSTALL=1 -DCMAKE_INSTALL_PREFIX=F:\dev\colcon_ws\src\lunabotics2021\install\lunabotics2021 -G Visual Studio 15 2017 -A x64
[39.625s] Invoking command in 'F:\dev\colcon_ws\src\lunabotics2021\build\lunabotics2021': CL=/MP C:\Program Files\CMake\bin\cmake.EXE --build F:\dev\colcon_ws\src\lunabotics2021\build\lunabotics2021 --config Release
[39.797s] Microsoft (R) Build Engine version 15.9.21+g9802d43bc3 for .NET Framework
[39.797s] Copyright (C) Microsoft Corporation. All rights reserved.
[39.797s] 
[40.844s]   Checking Build System
[41.625s]   Building Custom Rule F:/dev/colcon_ws/src/lunabotics2021/CMakeLists.txt
[42.204s]   hello.cpp
[43.360s] F:\dev\colcon_ws\src\lunabotics2021\include\ctre/phoenix/CANifier.h(6): fatal error C1083: Cannot open include file: 'ctre/phoenix/ErrorCode.h': No such file or directory [F:\dev\colcon_ws\src\lunabotics2021\build\lunabotics2021\hello.vcxproj]
[44.047s]   Building Custom Rule F:/dev/colcon_ws/src/lunabotics2021/CMakeLists.txt
[45.954s]   listen.cpp
[45.969s] F:\dev\colcon_ws\src\lunabotics2021\src\listen.cpp(1): fatal error C1083: Cannot open include file: 'std_msgs/msg/string.hpp': No such file or directory [F:\dev\colcon_ws\src\lunabotics2021\build\lunabotics2021\listen.vcxproj]
[46.360s] Invoked command in 'F:\dev\colcon_ws\src\lunabotics2021\build\lunabotics2021' returned '1': CL=/MP C:\Program Files\CMake\bin\cmake.EXE --build F:\dev\colcon_ws\src\lunabotics2021\build\lunabotics2021 --config Release
