[0.000000] (-) TimerEvent: {}
[0.000000] (lunabotics2021) JobQueued: {'identifier': 'lunabotics2021', 'dependencies': OrderedDict()}
[0.000000] (lunabotics2021) JobStarted: {'identifier': 'lunabotics2021'}
[0.110000] (-) TimerEvent: {}
[0.172000] (lunabotics2021) JobProgress: {'identifier': 'lunabotics2021', 'progress': 'cmake'}
[0.203000] (lunabotics2021) Command: {'cmd': ['C:\\Program Files\\CMake\\bin\\cmake.EXE', 'F:\\dev\\colcon_ws\\src\\lunabotics2021', '-DAMENT_CMAKE_SYMLINK_INSTALL=1', '-DCMAKE_INSTALL_PREFIX=F:\\dev\\colcon_ws\\src\\lunabotics2021\\install\\lunabotics2021'], 'cwd': 'F:\\dev\\colcon_ws\\src\\lunabotics2021\\build\\lunabotics2021', 'env': OrderedDict([('ALLUSERSPROFILE', 'C:\\ProgramData'), ('AMENT_PREFIX_PATH', 'F:\\dev\\colcon_ws\\install\\lunabotics2021;F:\\dev\\colcon_ws\\install\\basic;F:\\dev\\ros2_foxy'), ('APPDATA', 'C:\\Users\\JoelB\\AppData\\Roaming'), ('ChocolateyInstall', 'C:\\ProgramData\\chocolatey'), ('ChocolateyLastPathUpdate', '132440800097210234'), ('CMAKE_PREFIX_PATH', 'F:\\dev\\colcon_ws\\install\\lunabotics2021;F:\\dev\\colcon_ws\\install\\basic;F:\\dev\\ros2_foxy'), ('COLCON', '1'), ('COLCON_PREFIX_PATH', 'F:\\dev\\colcon_ws\\install\\;F:\\dev\\ros2_foxy\\'), ('CommandPromptType', 'Cross'), ('CommonProgramFiles', 'C:\\Program Files\\Common Files'), ('CommonProgramFiles(x86)', 'C:\\Program Files (x86)\\Common Files'), ('CommonProgramW6432', 'C:\\Program Files\\Common Files'), ('COMPUTERNAME', 'LAPTOP-F21FPG6D'), ('ComSpec', 'C:\\WINDOWS\\system32\\cmd.exe'), ('configsetroot', 'C:\\WINDOWS\\ConfigSetRoot'), ('DevEnvDir', 'C:\\Program Files (x86)\\Microsoft Visual Studio\\2017\\BuildTools\\Common7\\IDE\\'), ('DriverData', 'C:\\Windows\\System32\\Drivers\\DriverData'), ('ExtensionSdkDir', 'C:\\Program Files (x86)\\Microsoft SDKs\\Windows Kits\\10\\ExtensionSDKs'), ('Framework40Version', 'v4.0'), ('FrameworkDir', 'C:\\Windows\\Microsoft.NET\\Framework\\'), ('FrameworkDir32', 'C:\\Windows\\Microsoft.NET\\Framework\\'), ('FrameworkDir64', 'C:\\Windows\\Microsoft.NET\\Framework64\\'), ('FrameworkVersion', 'v4.0.30319'), ('FrameworkVersion32', 'v4.0.30319'), ('FrameworkVersion64', 'v4.0.30319'), ('HOMEDRIVE', 'C:'), ('HOMEPATH', '\\Users\\JoelB'), ('INCLUDE', 'C:\\Program Files (x86)\\Microsoft Visual Studio\\2017\\BuildTools\\VC\\Tools\\MSVC\\14.16.27023\\include;C:\\Program Files (x86)\\Windows Kits\\10\\include\\10.0.17763.0\\ucrt;C:\\Program Files (x86)\\Windows Kits\\10\\include\\10.0.17763.0\\shared;C:\\Program Files (x86)\\Windows Kits\\10\\include\\10.0.17763.0\\um;C:\\Program Files (x86)\\Windows Kits\\10\\include\\10.0.17763.0\\winrt;C:\\Program Files (x86)\\Windows Kits\\10\\include\\10.0.17763.0\\cppwinrt'), ('JAVA_HOME', 'C:\\Program Files\\Java\\jdk-12.0.2'), ('LIB', 'C:\\Program Files (x86)\\Microsoft Visual Studio\\2017\\BuildTools\\VC\\Tools\\MSVC\\14.16.27023\\lib\\x64;C:\\Program Files (x86)\\Windows Kits\\10\\lib\\10.0.17763.0\\ucrt\\x64;C:\\Program Files (x86)\\Windows Kits\\10\\lib\\10.0.17763.0\\um\\x64;'), ('LIBPATH', 'C:\\Program Files (x86)\\Microsoft Visual Studio\\2017\\BuildTools\\VC\\Tools\\MSVC\\14.16.27023\\lib\\x64;C:\\Program Files (x86)\\Microsoft Visual Studio\\2017\\BuildTools\\VC\\Tools\\MSVC\\14.16.27023\\lib\\x86\\store\\references;C:\\Program Files (x86)\\Windows Kits\\10\\UnionMetadata\\10.0.17763.0;C:\\Program Files (x86)\\Windows Kits\\10\\References\\10.0.17763.0;C:\\Windows\\Microsoft.NET\\Framework\\v4.0.30319;'), ('LOCALAPPDATA', 'C:\\Users\\JoelB\\AppData\\Local'), ('LOGONSERVER', '\\\\LAPTOP-F21FPG6D'), ('NIEXTCCOMPILERSUPP', 'C:\\Program Files (x86)\\National Instruments\\Shared\\ExternalCompilerSupport\\C\\'), ('NUMBER_OF_PROCESSORS', '8'), ('OneDrive', 'C:\\Users\\JoelB\\OneDrive'), ('OneDriveConsumer', 'C:\\Users\\JoelB\\OneDrive'), ('OpenCV_DIR', 'C:\\opencv'), ('OS', 'Windows_NT'), ('OV_NI_PLUGIN_DIR', 'C:\\Program Files\\National Instruments\\Shared\\OpenVINO\\'), ('Path', 'F:\\dev\\ros2_foxy\\opt\\yaml_cpp_vendor\\bin;F:\\dev\\ros2_foxy\\opt\\rviz_ogre_vendor\\bin;F:\\dev\\ros2_foxy\\opt\\rviz_assimp_vendor\\bin;F:\\dev\\ros2_foxy\\opt\\libcurl_vendor\\bin;F:\\dev\\ros2_foxy\\Scripts;C:\\Program Files (x86)\\Microsoft Visual Studio\\2017\\BuildTools\\VC\\Tools\\MSVC\\14.16.27023\\bin\\HostX86\\x64;C:\\Program Files (x86)\\Microsoft Visual Studio\\2017\\BuildTools\\VC\\Tools\\MSVC\\14.16.27023\\bin\\HostX86\\x86;C:\\Program Files (x86)\\Microsoft Visual Studio\\2017\\BuildTools\\Common7\\IDE\\CommonExtensions\\Microsoft\\TestWindow;C:\\Program Files (x86)\\Microsoft Visual Studio\\2017\\BuildTools\\MSBuild\\15.0\\bin\\Roslyn;C:\\Program Files (x86)\\Windows Kits\\10\\bin\\10.0.17763.0\\x86;C:\\Program Files (x86)\\Windows Kits\\10\\bin\\x86;C:\\Program Files (x86)\\Microsoft Visual Studio\\2017\\BuildTools\\\\MSBuild\\15.0\\bin;C:\\Windows\\Microsoft.NET\\Framework\\v4.0.30319;C:\\Program Files (x86)\\Microsoft Visual Studio\\2017\\BuildTools\\Common7\\IDE\\;C:\\Program Files (x86)\\Microsoft Visual Studio\\2017\\BuildTools\\Common7\\Tools\\;C:\\Program Files\\National Instruments\\Shared\\OpenVINO\\;C:\\Python38\\Scripts\\;C:\\Python38\\;C:\\Program Files (x86)\\Intel\\Intel(R) Management Engine Components\\iCLS\\;C:\\Program Files\\Intel\\Intel(R) Management Engine Components\\iCLS\\;C:\\WINDOWS\\system32;C:\\WINDOWS;C:\\WINDOWS\\System32\\Wbem;C:\\WINDOWS\\System32\\WindowsPowerShell\\v1.0\\;C:\\Program Files (x86)\\Intel\\Intel(R) Management Engine Components\\DAL;C:\\Program Files\\Intel\\Intel(R) Management Engine Components\\DAL;C:\\Program Files (x86)\\Intel\\Intel(R) Management Engine Components\\IPT;C:\\Program Files\\Intel\\Intel(R) Management Engine Components\\IPT;C:\\WINDOWS\\System32\\OpenSSH\\;C:\\Program Files (x86)\\IVI Foundation\\VISA\\WinNT\\Bin;C:\\Program Files\\PuTTY\\;C:\\Program Files\\Java\\jdk-12.0.2\\bin;C:\\Users\\JoelB\\Desktop\\Maven\\apache-maven-3.6.3-bin\\apache-maven-3.6.3\\bin;C:\\Program Files\\nodejs;C:\\ProgramData\\chocolatey\\bin;C:\\Program Files\\Git\\cmd;C:\\Program Files\\CMake\\bin;C:\\MinGW\\bin;C:\\Program Files (x86)\\GnuWin32\\bin;E:\\World Painter\\WorldPainter;C:\\Program Files\\dotnet\\;C:\\Users\\Public\\wpilib\\2020\\frccode;C:\\ProgramData\\chocolatey\\lib\\cunit\\lib;C:\\ProgramData\\chocolatey\\lib\\tinyxml2\\lib;C:\\ProgramData\\chocolatey\\lib\\log4cxx\\lib;C:\\ProgramData\\chocolatey\\lib\\bullet\\lib;C:\\Program Files\\OpenSSL-Win64\\bin;C:\\Program Files\\Cppcheck;C:\\xmllint\\libxml2-2.9.3-win32-x86_64\\bin;F:\\dev\\ros2_foxy\\bin;F:\\QT\\5.15.0\\msvc2015_64;C:\\Python38\\Lib\\site-packages\\PyQt5\\Qt\\plugins\\platforms;C:\\Users\\JoelB\\AppData\\Local\\Programs\\Python\\Python37\\Scripts\\;C:\\Users\\JoelB\\AppData\\Local\\Programs\\Python\\Python37\\;C:\\Users\\JoelB\\AppData\\Local\\Microsoft\\WindowsApps;C:\\Users\\JoelB\\AppData\\Local\\Programs\\Microsoft VS Code\\bin;C:\\Users\\JoelB\\Desktop\\Coding\\jdk-12.0.2_windows-x64_bin\\jdk-12.0.2;C:\\Users\\JoelB\\AppData\\Roaming\\npm;C:\\Program Files (x86)\\Graphviz2.38\\bin;F:\\ROS2\\foxy\\ros2-foxy-20200807-windows-release-amd64\\ros2-windows\\bin;C:\\opencv\\opencv-3.4.6-vc16.VS2019\\opencv\\x64\\vc16\\bin;C:\\Program Files (x86)\\Microsoft Visual Studio\\2017\\BuildTools\\Common7\\IDE\\CommonExtensions\\Microsoft\\CMake\\CMake\\bin;C:\\Program Files (x86)\\Microsoft Visual Studio\\2017\\BuildTools\\Common7\\IDE\\CommonExtensions\\Microsoft\\CMake\\Ninja'), ('PATHEXT', '.COM;.EXE;.BAT;.CMD;.VBS;.VBE;.JS;.JSE;.WSF;.WSH;.MSC;.PY;.PYW'), ('PKG_CONFIG_PATH', 'F:\\dev\\ros2_foxy\\lib\\pkgconfig'), ('Platform', 'x64'), ('PROCESSOR_ARCHITECTURE', 'AMD64'), ('PROCESSOR_IDENTIFIER', 'Intel64 Family 6 Model 142 Stepping 10, GenuineIntel'), ('PROCESSOR_LEVEL', '6'), ('PROCESSOR_REVISION', '8e0a'), ('ProgramData', 'C:\\ProgramData'), ('ProgramFiles', 'C:\\Program Files'), ('ProgramFiles(x86)', 'C:\\Program Files (x86)'), ('ProgramW6432', 'C:\\Program Files'), ('PROMPT', '$P$G'), ('PSModulePath', 'C:\\Program Files\\WindowsPowerShell\\Modules;C:\\WINDOWS\\system32\\WindowsPowerShell\\v1.0\\Modules'), ('PUBLIC', 'C:\\Users\\Public'), ('PYTHONPATH', 'F:\\dev\\ros2_foxy\\Lib\\site-packages'), ('QSYS_ROOTDIR', 'E:\\Quartus_Prime\\quartus\\sopc_builder\\bin'), ('QT_QPA_PLATFORM_PLUGIN_PATH', 'C:\\Python38\\Lib\\site-packages\\PyQt5\\Qt\\plugins\\platforms'), ('QUARTUS_ROOTDIR', 'E:\\Quartus_Prime\\quartus'), ('ROS_DISTRO', 'foxy'), ('ROS_DOMAIN_ID', '12'), ('ROS_LOCALHOST_ONLY', '0'), ('ROS_PYTHON_VERSION', '3'), ('ROS_VERSION', '2'), ('SOPC_KIT_NIOS2', 'E:\\Quartus_Prime\\nios2eds'), ('SystemDrive', 'C:'), ('SystemRoot', 'C:\\WINDOWS'), ('TEMP', 'C:\\Users\\JoelB\\AppData\\Local\\Temp'), ('TMP', 'C:\\Users\\JoelB\\AppData\\Local\\Temp'), ('UCRTVersion', '10.0.17763.0'), ('UniversalCRTSdkDir', 'C:\\Program Files (x86)\\Windows Kits\\10\\'), ('USERDOMAIN', 'LAPTOP-F21FPG6D'), ('USERDOMAIN_ROAMINGPROFILE', 'LAPTOP-F21FPG6D'), ('USERNAME', 'JoelB'), ('USERPROFILE', 'C:\\Users\\JoelB'), ('VBOX_MSI_INSTALL_PATH', 'C:\\Program Files\\Oracle\\VirtualBox\\'), ('VCIDEInstallDir', 'C:\\Program Files (x86)\\Microsoft Visual Studio\\2017\\BuildTools\\Common7\\IDE\\VC\\'), ('VCINSTALLDIR', 'C:\\Program Files (x86)\\Microsoft Visual Studio\\2017\\BuildTools\\VC\\'), ('VCToolsInstallDir', 'C:\\Program Files (x86)\\Microsoft Visual Studio\\2017\\BuildTools\\VC\\Tools\\MSVC\\14.16.27023\\'), ('VCToolsRedistDir', 'C:\\Program Files (x86)\\Microsoft Visual Studio\\2017\\BuildTools\\VC\\Redist\\MSVC\\14.16.27012\\'), ('VCToolsVersion', '14.16.27023'), ('VisualStudioVersion', '15.0'), ('VS150COMNTOOLS', 'C:\\Program Files (x86)\\Microsoft Visual Studio\\2017\\BuildTools\\Common7\\Tools\\'), ('VSCMD_ARG_app_plat', 'Desktop'), ('VSCMD_ARG_HOST_ARCH', 'x86'), ('VSCMD_ARG_TGT_ARCH', 'x64'), ('VSCMD_VER', '15.0'), ('VSINSTALLDIR', 'C:\\Program Files (x86)\\Microsoft Visual Studio\\2017\\BuildTools\\'), ('VXIPNPPATH', 'C:\\Program Files (x86)\\IVI Foundation\\VISA\\'), ('windir', 'C:\\WINDOWS'), ('WindowsLibPath', 'C:\\Program Files (x86)\\Windows Kits\\10\\UnionMetadata\\10.0.17763.0;C:\\Program Files (x86)\\Windows Kits\\10\\References\\10.0.17763.0'), ('WindowsSdkBinPath', 'C:\\Program Files (x86)\\Windows Kits\\10\\bin\\'), ('WindowsSdkDir', 'C:\\Program Files (x86)\\Windows Kits\\10\\'), ('WindowsSDKLibVersion', '10.0.17763.0\\'), ('WindowsSdkVerBinPath', 'C:\\Program Files (x86)\\Windows Kits\\10\\bin\\10.0.17763.0\\'), ('WindowsSDKVersion', '10.0.17763.0\\'), ('__DOTNET_ADD_32BIT', '1'), ('__DOTNET_ADD_64BIT', '1'), ('__DOTNET_PREFERRED_BITNESS', '32'), ('__VSCMD_PREINIT_PATH', 'C:\\Program Files\\National Instruments\\Shared\\OpenVINO\\;C:\\Python38\\Scripts\\;C:\\Python38\\;C:\\Program Files (x86)\\Intel\\Intel(R) Management Engine Components\\iCLS\\;C:\\Program Files\\Intel\\Intel(R) Management Engine Components\\iCLS\\;C:\\WINDOWS\\system32;C:\\WINDOWS;C:\\WINDOWS\\System32\\Wbem;C:\\WINDOWS\\System32\\WindowsPowerShell\\v1.0\\;C:\\Program Files (x86)\\Intel\\Intel(R) Management Engine Components\\DAL;C:\\Program Files\\Intel\\Intel(R) Management Engine Components\\DAL;C:\\Program Files (x86)\\Intel\\Intel(R) Management Engine Components\\IPT;C:\\Program Files\\Intel\\Intel(R) Management Engine Components\\IPT;C:\\WINDOWS\\System32\\OpenSSH\\;C:\\Program Files (x86)\\IVI Foundation\\VISA\\WinNT\\Bin;C:\\Program Files\\PuTTY\\;C:\\Program Files\\Java\\jdk-12.0.2\\bin;C:\\Users\\JoelB\\Desktop\\Maven\\apache-maven-3.6.3-bin\\apache-maven-3.6.3\\bin;C:\\Program Files\\nodejs;C:\\ProgramData\\chocolatey\\bin;C:\\Program Files\\Git\\cmd;C:\\Program Files\\CMake\\bin;C:\\MinGW\\bin;C:\\Program Files (x86)\\GnuWin32\\bin;E:\\World Painter\\WorldPainter;C:\\Program Files\\dotnet\\;C:\\Users\\Public\\wpilib\\2020\\frccode;C:\\ProgramData\\chocolatey\\lib\\cunit\\lib;C:\\ProgramData\\chocolatey\\lib\\tinyxml2\\lib;C:\\ProgramData\\chocolatey\\lib\\log4cxx\\lib;C:\\ProgramData\\chocolatey\\lib\\bullet\\lib;C:\\Program Files\\OpenSSL-Win64\\bin;C:\\Program Files\\Cppcheck;C:\\xmllint\\libxml2-2.9.3-win32-x86_64\\bin;F:\\dev\\ros2_foxy\\bin;F:\\QT\\5.15.0\\msvc2015_64;C:\\Python38\\Lib\\site-packages\\PyQt5\\Qt\\plugins\\platforms;C:\\Users\\JoelB\\AppData\\Local\\Programs\\Python\\Python37\\Scripts\\;C:\\Users\\JoelB\\AppData\\Local\\Programs\\Python\\Python37\\;C:\\Users\\JoelB\\AppData\\Local\\Microsoft\\WindowsApps;C:\\Users\\JoelB\\AppData\\Local\\Programs\\Microsoft VS Code\\bin;C:\\Users\\JoelB\\Desktop\\Coding\\jdk-12.0.2_windows-x64_bin\\jdk-12.0.2;C:\\Users\\JoelB\\AppData\\Roaming\\npm;C:\\Program Files (x86)\\Graphviz2.38\\bin;F:\\ROS2\\foxy\\ros2-foxy-20200807-windows-release-amd64\\ros2-windows\\bin;C:\\opencv\\opencv-3.4.6-vc16.VS2019\\opencv\\x64\\vc16\\bin')]), 'shell': False}
[0.250000] (-) TimerEvent: {}
[0.266000] (lunabotics2021) StdoutLine: {'line': b'-- Selecting Windows SDK version 10.0.17763.0 to target Windows 10.0.18363.\n'}
[0.266000] (lunabotics2021) StdoutLine: {'line': b'-- Found ament_cmake: 0.9.6 (F:/dev/ros2_foxy/share/ament_cmake/cmake)\n'}
[0.297000] (lunabotics2021) StdoutLine: {'line': b'-- Using PYTHON_EXECUTABLE: C:/Python38/python.exe\n'}
[0.360000] (-) TimerEvent: {}
[0.469000] (-) TimerEvent: {}
[0.578000] (-) TimerEvent: {}
[0.688000] (-) TimerEvent: {}
[0.782000] (lunabotics2021) StdoutLine: {'line': b'-- Override CMake install command with custom implementation using symlinks instead of copying resources\n'}
[0.797000] (-) TimerEvent: {}
[0.907000] (-) TimerEvent: {}
[1.063000] (-) TimerEvent: {}
[1.172000] (-) TimerEvent: {}
[1.250000] (lunabotics2021) StdoutLine: {'line': b'-- Found rclcpp: 2.1.0 (F:/dev/ros2_foxy/share/rclcpp/cmake)\n'}
[1.282000] (-) TimerEvent: {}
[1.297000] (lunabotics2021) StdoutLine: {'line': b'-- Using all available rosidl_typesupport_c: rosidl_typesupport_connext_c;rosidl_typesupport_fastrtps_c;rosidl_typesupport_introspection_c\n'}
[1.297000] (lunabotics2021) StdoutLine: {'line': b'-- Found rosidl_adapter: 1.0.1 (F:/dev/ros2_foxy/share/rosidl_adapter/cmake)\n'}
[1.391000] (-) TimerEvent: {}
[1.500000] (-) TimerEvent: {}
[1.610000] (-) TimerEvent: {}
[1.719000] (-) TimerEvent: {}
[1.719000] (lunabotics2021) StdoutLine: {'line': b'-- Could not find RTI Connext - skipping rosidl_typesupport_connext_c\n'}
[1.735000] (lunabotics2021) StdoutLine: {'line': b'-- Could not find RTI Connext - skipping rosidl_typesupport_connext_cpp\n'}
[1.828000] (-) TimerEvent: {}
[1.907000] (lunabotics2021) StdoutLine: {'line': b'-- Using all available rosidl_typesupport_cpp: rosidl_typesupport_connext_cpp;rosidl_typesupport_fastrtps_cpp;rosidl_typesupport_introspection_cpp\n'}
[1.938000] (-) TimerEvent: {}
[2.000000] (lunabotics2021) StdoutLine: {'line': b'-- Found rmw_implementation_cmake: 1.0.1 (F:/dev/ros2_foxy/share/rmw_implementation_cmake/cmake)\n'}
[2.000000] (lunabotics2021) StdoutLine: {'line': b"-- Using RMW implementation 'rmw_fastrtps_cpp' as default\n"}
[2.047000] (-) TimerEvent: {}
[2.141000] (lunabotics2021) StdoutLine: {'line': b'-- Found std_msgs: 2.0.3 (F:/dev/ros2_foxy/share/std_msgs/cmake)\n'}
[2.157000] (-) TimerEvent: {}
[2.266000] (-) TimerEvent: {}
[2.360000] (lunabotics2021) StderrLine: {'line': b'CMake Error at CMakeLists.txt:25 (find_package):\n'}
[2.360000] (lunabotics2021) StderrLine: {'line': b'  By not providing "Findstring.cmake" in CMAKE_MODULE_PATH this project has\n'}
[2.360000] (lunabotics2021) StderrLine: {'line': b'  asked CMake to find a package configuration file provided by "string", but\n'}
[2.360000] (lunabotics2021) StderrLine: {'line': b'  CMake did not find one.\n'}
[2.360000] (lunabotics2021) StderrLine: {'line': b'\n'}
[2.360000] (lunabotics2021) StderrLine: {'line': b'  Could not find a package configuration file provided by "string" with any\n'}
[2.360000] (lunabotics2021) StderrLine: {'line': b'  of the following names:\n'}
[2.360000] (lunabotics2021) StderrLine: {'line': b'\n'}
[2.360000] (lunabotics2021) StderrLine: {'line': b'    stringConfig.cmake\n'}
[2.360000] (lunabotics2021) StderrLine: {'line': b'    string-config.cmake\n'}
[2.360000] (lunabotics2021) StderrLine: {'line': b'\n'}
[2.360000] (lunabotics2021) StderrLine: {'line': b'  Add the installation prefix of "string" to CMAKE_PREFIX_PATH or set\n'}
[2.360000] (lunabotics2021) StderrLine: {'line': b'  "string_DIR" to a directory containing one of the above files.  If "string"\n'}
[2.360000] (lunabotics2021) StderrLine: {'line': b'  provides a separate development package or SDK, be sure it has been\n'}
[2.360000] (lunabotics2021) StderrLine: {'line': b'  installed.\n'}
[2.360000] (lunabotics2021) StderrLine: {'line': b'\n'}
[2.360000] (lunabotics2021) StderrLine: {'line': b'\n'}
[2.360000] (lunabotics2021) StdoutLine: {'line': b'-- Configuring incomplete, errors occurred!\n'}
[2.360000] (lunabotics2021) StdoutLine: {'line': b'See also "F:/dev/colcon_ws/src/lunabotics2021/build/lunabotics2021/CMakeFiles/CMakeOutput.log".\n'}
[2.360000] (lunabotics2021) StdoutLine: {'line': b'See also "F:/dev/colcon_ws/src/lunabotics2021/build/lunabotics2021/CMakeFiles/CMakeError.log".\n'}
[2.375000] (-) TimerEvent: {}
[2.485000] (lunabotics2021) CommandEnded: {'returncode': 1}
[2.485000] (-) TimerEvent: {}
[2.485000] (lunabotics2021) JobEnded: {'identifier': 'lunabotics2021', 'rc': 1}
[2.719000] (-) TimerEvent: {}
[2.719000] (-) EventReactorShutdown: {}
