[0.094s] Invoking command in 'F:\dev\colcon_ws\src\lunabotics2021\build\lunabotics2021': C:\Program Files\CMake\bin\cmake.EXE F:\dev\colcon_ws\src\lunabotics2021 -DAMENT_CMAKE_SYMLINK_INSTALL=1 -DCMAKE_INSTALL_PREFIX=F:\dev\colcon_ws\src\lunabotics2021\install\lunabotics2021
[0.109s] -- Selecting Windows SDK version 10.0.17763.0 to target Windows 10.0.18363.
[0.125s] -- Found ament_cmake: 0.9.6 (F:/dev/ros2_foxy/share/ament_cmake/cmake)
[0.172s] -- Using PYTHON_EXECUTABLE: C:/Python38/python.exe
[0.515s] -- Override CMake install command with custom implementation using symlinks instead of copying resources
[0.609s] -- Found rclcpp: 2.1.0 (F:/dev/ros2_foxy/share/rclcpp/cmake)
[0.656s] -- Using all available rosidl_typesupport_c: rosidl_typesupport_connext_c;rosidl_typesupport_fastrtps_c;rosidl_typesupport_introspection_c
[0.672s] -- Found rosidl_adapter: 1.0.1 (F:/dev/ros2_foxy/share/rosidl_adapter/cmake)
[1.094s] -- Could not find RTI Connext - skipping rosidl_typesupport_connext_c
[1.109s] -- Could not find RTI Connext - skipping rosidl_typesupport_connext_cpp
[1.297s] -- Using all available rosidl_typesupport_cpp: rosidl_typesupport_connext_cpp;rosidl_typesupport_fastrtps_cpp;rosidl_typesupport_introspection_cpp
[1.375s] -- Found rmw_implementation_cmake: 1.0.1 (F:/dev/ros2_foxy/share/rmw_implementation_cmake/cmake)
[1.375s] -- Using RMW implementation 'rmw_fastrtps_cpp' as default
[1.515s] -- Found std_msgs: 2.0.3 (F:/dev/ros2_foxy/share/std_msgs/cmake)
[1.562s] -- Found ament_lint_auto: 0.9.5 (F:/dev/ros2_foxy/share/ament_lint_auto/cmake)
[1.797s] -- Added test 'copyright' to check source files copyright and LICENSE
[2.015s] -- Added test 'cppcheck' to perform static code analysis on C / C++ code
[2.015s] -- Configured cppcheck include dirs: $<BUILD_INTERFACE:F:/dev/colcon_ws/src/lunabotics2021/include>
[2.015s] -- Configured cppcheck exclude dirs and/or files: 
[2.219s] -- Added test 'cpplint' to check C / C++ code against the Google style
[2.219s] -- Configured cpplint exclude dirs and/or files: 
[2.234s] -- Added test 'flake8' to check Python code syntax and style conventions
[2.297s] -- Added test 'lint_cmake' to check CMake code style
[2.312s] -- Added test 'pep257' to check Python code against some of the style conventions in PEP 257
[2.515s] -- Added test 'uncrustify' to check C / C++ code style
[2.515s] -- Configured uncrustify additional arguments: 
[2.547s] -- Added test 'xmllint' to check XML markup files
[2.562s] -- Configuring done
[3.250s] -- Generating done
[3.297s] -- Build files have been written to: F:/dev/colcon_ws/src/lunabotics2021/build/lunabotics2021
[3.312s] Invoked command in 'F:\dev\colcon_ws\src\lunabotics2021\build\lunabotics2021' returned '0': C:\Program Files\CMake\bin\cmake.EXE F:\dev\colcon_ws\src\lunabotics2021 -DAMENT_CMAKE_SYMLINK_INSTALL=1 -DCMAKE_INSTALL_PREFIX=F:\dev\colcon_ws\src\lunabotics2021\install\lunabotics2021
[3.328s] Invoking command in 'F:\dev\colcon_ws\src\lunabotics2021\build\lunabotics2021': CL=/MP C:\Program Files\CMake\bin\cmake.EXE --build F:\dev\colcon_ws\src\lunabotics2021\build\lunabotics2021 --config Release
[3.453s] Microsoft (R) Build Engine version 15.9.21+g9802d43bc3 for .NET Framework
[3.453s] Copyright (C) Microsoft Corporation. All rights reserved.
[3.453s] 
[4.500s]   hello.vcxproj -> F:\dev\colcon_ws\src\lunabotics2021\build\lunabotics2021\Release\hello.exe
[4.625s]   listen.cpp
[5.781s] F:\dev\colcon_ws\src\lunabotics2021\src\listen.cpp(30): warning C4551: function call missing argument list [F:\dev\colcon_ws\src\lunabotics2021\build\lunabotics2021\listen.vcxproj]
[9.375s]   listen.vcxproj -> F:\dev\colcon_ws\src\lunabotics2021\build\lunabotics2021\Release\listen.exe
[9.515s] Invoked command in 'F:\dev\colcon_ws\src\lunabotics2021\build\lunabotics2021' returned '0': CL=/MP C:\Program Files\CMake\bin\cmake.EXE --build F:\dev\colcon_ws\src\lunabotics2021\build\lunabotics2021 --config Release
[9.547s] Invoking command in 'F:\dev\colcon_ws\src\lunabotics2021\build\lunabotics2021': C:\Program Files\CMake\bin\cmake.EXE --install F:\dev\colcon_ws\src\lunabotics2021\build\lunabotics2021 --config Release
[9.578s] -- Execute custom install script
[9.578s] -- Symlinking: F:/dev/colcon_ws/src/lunabotics2021/install/lunabotics2021/lib/lunabotics2021/hello.exe
[9.609s] -- Symlinking: F:/dev/colcon_ws/src/lunabotics2021/install/lunabotics2021/lib/lunabotics2021/listen.exe
[9.640s] -- Symlinking: F:/dev/colcon_ws/src/lunabotics2021/install/lunabotics2021/share/ament_index/resource_index/package_run_dependencies/lunabotics2021
[9.672s] -- Symlinking: F:/dev/colcon_ws/src/lunabotics2021/install/lunabotics2021/share/ament_index/resource_index/parent_prefix_path/lunabotics2021
[9.687s] -- Symlinking: F:/dev/colcon_ws/src/lunabotics2021/install/lunabotics2021/share/lunabotics2021/environment/ament_prefix_path.bat
[9.719s] -- Symlinking: F:/dev/colcon_ws/src/lunabotics2021/install/lunabotics2021/share/lunabotics2021/environment/ament_prefix_path.dsv
[9.750s] -- Symlinking: F:/dev/colcon_ws/src/lunabotics2021/install/lunabotics2021/share/lunabotics2021/environment/path.bat
[9.781s] -- Symlinking: F:/dev/colcon_ws/src/lunabotics2021/install/lunabotics2021/share/lunabotics2021/environment/path.dsv
[9.812s] -- Symlinking: F:/dev/colcon_ws/src/lunabotics2021/install/lunabotics2021/share/lunabotics2021/local_setup.bat
[9.828s] -- Symlinking: F:/dev/colcon_ws/src/lunabotics2021/install/lunabotics2021/share/lunabotics2021/local_setup.dsv
[9.859s] -- Symlinking: F:/dev/colcon_ws/src/lunabotics2021/install/lunabotics2021/share/lunabotics2021/package.dsv
[9.890s] -- Symlinking: F:/dev/colcon_ws/src/lunabotics2021/install/lunabotics2021/share/ament_index/resource_index/packages/lunabotics2021
[9.922s] -- Symlinking: F:/dev/colcon_ws/src/lunabotics2021/install/lunabotics2021/share/lunabotics2021/cmake/lunabotics2021Config.cmake
[9.937s] -- Symlinking: F:/dev/colcon_ws/src/lunabotics2021/install/lunabotics2021/share/lunabotics2021/cmake/lunabotics2021Config-version.cmake
[9.969s] -- Symlinking: F:/dev/colcon_ws/src/lunabotics2021/install/lunabotics2021/share/lunabotics2021/package.xml
[10.000s] Invoked command in 'F:\dev\colcon_ws\src\lunabotics2021\build\lunabotics2021' returned '0': C:\Program Files\CMake\bin\cmake.EXE --install F:\dev\colcon_ws\src\lunabotics2021\build\lunabotics2021 --config Release
