[0.203s] Invoking command in 'F:\dev\colcon_ws\src\lunabotics2021\build\lunabotics2021': C:\Program Files\CMake\bin\cmake.EXE F:\dev\colcon_ws\src\lunabotics2021 -DAMENT_CMAKE_SYMLINK_INSTALL=1 -DCMAKE_INSTALL_PREFIX=F:\dev\colcon_ws\src\lunabotics2021\install\lunabotics2021
[0.281s] -- Selecting Windows SDK version 10.0.17763.0 to target Windows 10.0.18363.
[0.328s] -- Found ament_cmake: 0.9.6 (F:/dev/ros2_foxy/share/ament_cmake/cmake)
[0.469s] -- Using PYTHON_EXECUTABLE: C:/Python38/python.exe
[1.391s] -- Override CMake install command with custom implementation using symlinks instead of copying resources
[1.547s] -- Found rclcpp: 2.1.0 (F:/dev/ros2_foxy/share/rclcpp/cmake)
[1.687s] -- Using all available rosidl_typesupport_c: rosidl_typesupport_connext_c;rosidl_typesupport_fastrtps_c;rosidl_typesupport_introspection_c
[1.719s] -- Found rosidl_adapter: 1.0.1 (F:/dev/ros2_foxy/share/rosidl_adapter/cmake)
[2.625s] -- Could not find RTI Connext - skipping rosidl_typesupport_connext_c
[2.641s] -- Could not find RTI Connext - skipping rosidl_typesupport_connext_cpp
[2.891s] -- Using all available rosidl_typesupport_cpp: rosidl_typesupport_connext_cpp;rosidl_typesupport_fastrtps_cpp;rosidl_typesupport_introspection_cpp
[3.000s] -- Found rmw_implementation_cmake: 1.0.1 (F:/dev/ros2_foxy/share/rmw_implementation_cmake/cmake)
[3.000s] -- Using RMW implementation 'rmw_fastrtps_cpp' as default
[3.156s] -- Found std_msgs: 2.0.3 (F:/dev/ros2_foxy/share/std_msgs/cmake)
[3.219s] -- Found rclpy: 1.0.4 (F:/dev/ros2_foxy/share/rclpy/cmake)
[3.234s] -- Found ament_lint_auto: 0.9.5 (F:/dev/ros2_foxy/share/ament_lint_auto/cmake)
[3.484s] -- Added test 'copyright' to check source files copyright and LICENSE
[3.812s] -- Added test 'cppcheck' to perform static code analysis on C / C++ code
[3.812s] -- Configured cppcheck include dirs: $<BUILD_INTERFACE:F:/dev/colcon_ws/src/lunabotics2021/include>
[3.812s] -- Configured cppcheck exclude dirs and/or files: 
[4.125s] -- Added test 'cpplint' to check C / C++ code against the Google style
[4.125s] -- Configured cpplint exclude dirs and/or files: 
[4.203s] -- Added test 'flake8' to check Python code syntax and style conventions
[4.422s] -- Added test 'lint_cmake' to check CMake code style
[4.609s] -- Added test 'pep257' to check Python code against some of the style conventions in PEP 257
[5.344s] -- Added test 'uncrustify' to check C / C++ code style
[5.344s] -- Configured uncrustify additional arguments: 
[5.453s] -- Added test 'xmllint' to check XML markup files
[13.250s] -- Configuring done
[18.437s] CMake Error: CMake can not determine linker language for target: joystick_ros2
[25.469s] -- Generating done
[25.484s] CMake Generate step failed.  Build files cannot be regenerated correctly.
[25.500s] Invoked command in 'F:\dev\colcon_ws\src\lunabotics2021\build\lunabotics2021' returned '1': C:\Program Files\CMake\bin\cmake.EXE F:\dev\colcon_ws\src\lunabotics2021 -DAMENT_CMAKE_SYMLINK_INSTALL=1 -DCMAKE_INSTALL_PREFIX=F:\dev\colcon_ws\src\lunabotics2021\install\lunabotics2021
