[0.187s] Invoking command in 'F:\dev\colcon_ws\src\lunabotics2021\build\lunabotics2021': C:\Program Files\CMake\bin\cmake.EXE F:\dev\colcon_ws\src\lunabotics2021 -DCMAKE_INSTALL_PREFIX=F:\dev\colcon_ws\src\lunabotics2021\install\lunabotics2021 -G Visual Studio 15 2017 -A x64
[0.719s] -- Selecting Windows SDK version 10.0.17763.0 to target Windows 10.0.18363.
[6.547s] -- The C compiler identification is MSVC 19.16.27039.0
[8.500s] -- The CXX compiler identification is MSVC 19.16.27039.0
[8.734s] -- Detecting C compiler ABI info
[11.281s] -- Detecting C compiler ABI info - done
[11.281s] -- Check for working C compiler: C:/Program Files (x86)/Microsoft Visual Studio/2017/BuildTools/VC/Tools/MSVC/14.16.27023/bin/Hostx86/x64/cl.exe - skipped
[11.297s] -- Detecting C compile features
[11.312s] -- Detecting C compile features - done
[11.359s] -- Detecting CXX compiler ABI info
[13.265s] -- Detecting CXX compiler ABI info - done
[13.281s] -- Check for working CXX compiler: C:/Program Files (x86)/Microsoft Visual Studio/2017/BuildTools/VC/Tools/MSVC/14.16.27023/bin/Hostx86/x64/cl.exe - skipped
[13.281s] -- Detecting CXX compile features
[13.281s] -- Detecting CXX compile features - done
[13.469s] -- Found ament_cmake: 0.9.6 (F:/dev/ros2_foxy/share/ament_cmake/cmake)
[13.890s] -- Found PythonInterp: C:/Python38/python.exe (found suitable version "3.8.3", minimum required is "3") 
[13.890s] -- Using PYTHON_EXECUTABLE: C:/Python38/python.exe
[15.672s] -- Found rclcpp: 2.1.0 (F:/dev/ros2_foxy/share/rclcpp/cmake)
[16.297s] -- Using all available rosidl_typesupport_c: rosidl_typesupport_connext_c;rosidl_typesupport_fastrtps_c;rosidl_typesupport_introspection_c
[16.390s] -- Found rosidl_adapter: 1.0.1 (F:/dev/ros2_foxy/share/rosidl_adapter/cmake)
[17.969s] -- Could not find RTI Connext - skipping rosidl_typesupport_connext_c
[18.250s] -- Could not find RTI Connext - skipping rosidl_typesupport_connext_cpp
[18.859s] -- Found OpenSSL: optimized;C:/Program Files/OpenSSL-Win64/lib/VC/libcrypto64MD.lib;debug;C:/Program Files/OpenSSL-Win64/lib/VC/libcrypto64MDd.lib (found version "1.1.1g")  
[19.015s] -- Found FastRTPS: F:/dev/ros2_foxy/include  
[19.437s] -- Using all available rosidl_typesupport_cpp: rosidl_typesupport_connext_cpp;rosidl_typesupport_fastrtps_cpp;rosidl_typesupport_introspection_cpp
[20.140s] -- Found rmw_implementation_cmake: 1.0.1 (F:/dev/ros2_foxy/share/rmw_implementation_cmake/cmake)
[20.187s] -- Using RMW implementation 'rmw_fastrtps_cpp' as default
[20.234s] -- Looking for pthread.h
[21.984s] -- Looking for pthread.h - not found
[22.000s] -- Found Threads: TRUE  
[22.750s] -- Found std_msgs: 2.0.3 (F:/dev/ros2_foxy/share/std_msgs/cmake)
[22.953s] -- Found ament_lint_auto: 0.9.5 (F:/dev/ros2_foxy/share/ament_lint_auto/cmake)
[23.625s] -- Added test 'copyright' to check source files copyright and LICENSE
[23.906s] -- Added test 'cppcheck' to perform static code analysis on C / C++ code
[23.906s] -- Configured cppcheck include dirs: $<BUILD_INTERFACE:F:/dev/colcon_ws/src/lunabotics2021/include>
[23.906s] -- Configured cppcheck exclude dirs and/or files: 
[24.047s] -- Added test 'cpplint' to check C / C++ code against the Google style
[24.047s] -- Configured cpplint exclude dirs and/or files: 
[24.109s] -- Added test 'lint_cmake' to check CMake code style
[24.265s] -- Added test 'uncrustify' to check C / C++ code style
[24.265s] -- Configured uncrustify additional arguments: 
[24.297s] -- Added test 'xmllint' to check XML markup files
[24.406s] -- Configuring done
[41.328s] -- Generating done
[41.422s] -- Build files have been written to: F:/dev/colcon_ws/src/lunabotics2021/build/lunabotics2021
[41.453s] Invoked command in 'F:\dev\colcon_ws\src\lunabotics2021\build\lunabotics2021' returned '0': C:\Program Files\CMake\bin\cmake.EXE F:\dev\colcon_ws\src\lunabotics2021 -DCMAKE_INSTALL_PREFIX=F:\dev\colcon_ws\src\lunabotics2021\install\lunabotics2021 -G Visual Studio 15 2017 -A x64
[41.484s] Invoking command in 'F:\dev\colcon_ws\src\lunabotics2021\build\lunabotics2021': CL=/MP C:\Program Files\CMake\bin\cmake.EXE --build F:\dev\colcon_ws\src\lunabotics2021\build\lunabotics2021 --config Release
[42.359s] Microsoft (R) Build Engine version 15.9.21+g9802d43bc3 for .NET Framework
[42.359s] Copyright (C) Microsoft Corporation. All rights reserved.
[42.359s] 
[44.047s]   Checking Build System
[44.922s]   Building Custom Rule F:/dev/colcon_ws/src/lunabotics2021/CMakeLists.txt
[45.234s]   hello.cpp
[52.015s]   hello.vcxproj -> F:\dev\colcon_ws\src\lunabotics2021\build\lunabotics2021\Release\hello.exe
[52.078s]   Building Custom Rule F:/dev/colcon_ws/src/lunabotics2021/CMakeLists.txt
[52.250s] Invoked command in 'F:\dev\colcon_ws\src\lunabotics2021\build\lunabotics2021' returned '0': CL=/MP C:\Program Files\CMake\bin\cmake.EXE --build F:\dev\colcon_ws\src\lunabotics2021\build\lunabotics2021 --config Release
[52.344s] Invoking command in 'F:\dev\colcon_ws\src\lunabotics2021\build\lunabotics2021': C:\Program Files\CMake\bin\cmake.EXE --install F:\dev\colcon_ws\src\lunabotics2021\build\lunabotics2021 --config Release
[52.453s] -- Installing: F:/dev/colcon_ws/src/lunabotics2021/install/lunabotics2021/lib/lunabotics2021/hello.exe
[52.469s] -- Installing: F:/dev/colcon_ws/src/lunabotics2021/install/lunabotics2021/share/ament_index/resource_index/package_run_dependencies/lunabotics2021
[52.484s] -- Installing: F:/dev/colcon_ws/src/lunabotics2021/install/lunabotics2021/share/ament_index/resource_index/parent_prefix_path/lunabotics2021
[52.500s] -- Installing: F:/dev/colcon_ws/src/lunabotics2021/install/lunabotics2021/share/lunabotics2021/environment/ament_prefix_path.bat
[52.500s] -- Installing: F:/dev/colcon_ws/src/lunabotics2021/install/lunabotics2021/share/lunabotics2021/environment/ament_prefix_path.dsv
[52.515s] -- Installing: F:/dev/colcon_ws/src/lunabotics2021/install/lunabotics2021/share/lunabotics2021/environment/path.bat
[52.531s] -- Installing: F:/dev/colcon_ws/src/lunabotics2021/install/lunabotics2021/share/lunabotics2021/environment/path.dsv
[52.531s] -- Installing: F:/dev/colcon_ws/src/lunabotics2021/install/lunabotics2021/share/lunabotics2021/local_setup.bat
[52.547s] -- Installing: F:/dev/colcon_ws/src/lunabotics2021/install/lunabotics2021/share/lunabotics2021/local_setup.dsv
[52.562s] -- Installing: F:/dev/colcon_ws/src/lunabotics2021/install/lunabotics2021/share/lunabotics2021/package.dsv
[52.578s] -- Installing: F:/dev/colcon_ws/src/lunabotics2021/install/lunabotics2021/share/ament_index/resource_index/packages/lunabotics2021
[52.578s] -- Installing: F:/dev/colcon_ws/src/lunabotics2021/install/lunabotics2021/share/lunabotics2021/cmake/lunabotics2021Config.cmake
[52.594s] -- Installing: F:/dev/colcon_ws/src/lunabotics2021/install/lunabotics2021/share/lunabotics2021/cmake/lunabotics2021Config-version.cmake
[52.594s] -- Installing: F:/dev/colcon_ws/src/lunabotics2021/install/lunabotics2021/share/lunabotics2021/package.xml
[52.625s] Invoked command in 'F:\dev\colcon_ws\src\lunabotics2021\build\lunabotics2021' returned '0': C:\Program Files\CMake\bin\cmake.EXE --install F:\dev\colcon_ws\src\lunabotics2021\build\lunabotics2021 --config Release
