[0.250s] Invoking command in 'F:\dev\colcon_ws\src\lunabotics2021\build\lunabotics2021': C:\Program Files\CMake\bin\cmake.EXE F:\dev\colcon_ws\src\lunabotics2021 -DAMENT_CMAKE_SYMLINK_INSTALL=1 -DCMAKE_INSTALL_PREFIX=F:\dev\colcon_ws\src\lunabotics2021\install\lunabotics2021
[0.266s] -- Selecting Windows SDK version 10.0.17763.0 to target Windows 10.0.18363.
[0.266s] -- Found ament_cmake: 0.9.6 (F:/dev/ros2_foxy/share/ament_cmake/cmake)
[0.297s] -- Using PYTHON_EXECUTABLE: C:/Python38/python.exe
[0.782s] -- Override CMake install command with custom implementation using symlinks instead of copying resources
[1.250s] -- Found rclcpp: 2.1.0 (F:/dev/ros2_foxy/share/rclcpp/cmake)
[1.297s] -- Using all available rosidl_typesupport_c: rosidl_typesupport_connext_c;rosidl_typesupport_fastrtps_c;rosidl_typesupport_introspection_c
[1.297s] -- Found rosidl_adapter: 1.0.1 (F:/dev/ros2_foxy/share/rosidl_adapter/cmake)
[1.719s] -- Could not find RTI Connext - skipping rosidl_typesupport_connext_c
[1.750s] -- Could not find RTI Connext - skipping rosidl_typesupport_connext_cpp
[1.922s] -- Using all available rosidl_typesupport_cpp: rosidl_typesupport_connext_cpp;rosidl_typesupport_fastrtps_cpp;rosidl_typesupport_introspection_cpp
[2.000s] -- Found rmw_implementation_cmake: 1.0.1 (F:/dev/ros2_foxy/share/rmw_implementation_cmake/cmake)
[2.000s] -- Using RMW implementation 'rmw_fastrtps_cpp' as default
[2.141s] -- Found std_msgs: 2.0.3 (F:/dev/ros2_foxy/share/std_msgs/cmake)
[2.360s] CMake Error at CMakeLists.txt:25 (find_package):
[2.360s]   By not providing "Findstring.cmake" in CMAKE_MODULE_PATH this project has
[2.360s]   asked CMake to find a package configuration file provided by "string", but
[2.360s]   CMake did not find one.
[2.360s] 
[2.360s]   Could not find a package configuration file provided by "string" with any
[2.360s]   of the following names:
[2.360s] 
[2.360s]     stringConfig.cmake
[2.360s]     string-config.cmake
[2.360s] 
[2.360s]   Add the installation prefix of "string" to CMAKE_PREFIX_PATH or set
[2.360s]   "string_DIR" to a directory containing one of the above files.  If "string"
[2.360s]   provides a separate development package or SDK, be sure it has been
[2.360s]   installed.
[2.360s] 
[2.360s] 
[2.360s] -- Configuring incomplete, errors occurred!
[2.360s] See also "F:/dev/colcon_ws/src/lunabotics2021/build/lunabotics2021/CMakeFiles/CMakeOutput.log".
[2.360s] See also "F:/dev/colcon_ws/src/lunabotics2021/build/lunabotics2021/CMakeFiles/CMakeError.log".
[2.485s] Invoked command in 'F:\dev\colcon_ws\src\lunabotics2021\build\lunabotics2021' returned '1': C:\Program Files\CMake\bin\cmake.EXE F:\dev\colcon_ws\src\lunabotics2021 -DAMENT_CMAKE_SYMLINK_INSTALL=1 -DCMAKE_INSTALL_PREFIX=F:\dev\colcon_ws\src\lunabotics2021\install\lunabotics2021
