[0.000000] (-) TimerEvent: {}
[0.000000] (lunabotics2021) JobQueued: {'identifier': 'lunabotics2021', 'dependencies': OrderedDict()}
[0.000000] (lunabotics2021) JobStarted: {'identifier': 'lunabotics2021'}
[0.110000] (-) TimerEvent: {}
[0.172000] (lunabotics2021) JobProgress: {'identifier': 'lunabotics2021', 'progress': 'cmake'}
[0.219000] (-) TimerEvent: {}
[0.235000] (lunabotics2021) Command: {'cmd': ['C:\\Program Files\\CMake\\bin\\cmake.EXE', 'F:\\dev\\colcon_ws\\src\\lunabotics2021', '-DAMENT_CMAKE_SYMLINK_INSTALL=1', '-DCMAKE_INSTALL_PREFIX=F:\\dev\\colcon_ws\\src\\lunabotics2021\\install\\lunabotics2021', '-G', 'Visual Studio 15 2017', '-A', 'x64'], 'cwd': 'F:\\dev\\colcon_ws\\src\\lunabotics2021\\build\\lunabotics2021', 'env': OrderedDict([('ALLUSERSPROFILE', 'C:\\ProgramData'), ('AMENT_PREFIX_PATH', 'F:\\dev\\colcon_ws\\install\\lunabotics2021;F:\\dev\\colcon_ws\\install\\basic;F:\\dev\\ros2_foxy'), ('APPDATA', 'C:\\Users\\JoelB\\AppData\\Roaming'), ('ChocolateyInstall', 'C:\\ProgramData\\chocolatey'), ('ChocolateyLastPathUpdate', '132440800097210234'), ('CMAKE_PREFIX_PATH', 'F:\\dev\\colcon_ws\\install\\lunabotics2021;F:\\dev\\colcon_ws\\install\\basic;F:\\dev\\ros2_foxy'), ('COLCON', '1'), ('COLCON_PREFIX_PATH', 'F:\\dev\\colcon_ws\\install\\;F:\\dev\\ros2_foxy\\'), ('CommandPromptType', 'Cross'), ('CommonProgramFiles', 'C:\\Program Files\\Common Files'), ('CommonProgramFiles(x86)', 'C:\\Program Files (x86)\\Common Files'), ('CommonProgramW6432', 'C:\\Program Files\\Common Files'), ('COMPUTERNAME', 'LAPTOP-F21FPG6D'), ('ComSpec', 'C:\\WINDOWS\\system32\\cmd.exe'), ('configsetroot', 'C:\\WINDOWS\\ConfigSetRoot'), ('DevEnvDir', 'C:\\Program Files (x86)\\Microsoft Visual Studio\\2017\\BuildTools\\Common7\\IDE\\'), ('DriverData', 'C:\\Windows\\System32\\Drivers\\DriverData'), ('ExtensionSdkDir', 'C:\\Program Files (x86)\\Microsoft SDKs\\Windows Kits\\10\\ExtensionSDKs'), ('Framework40Version', 'v4.0'), ('FrameworkDir', 'C:\\Windows\\Microsoft.NET\\Framework\\'), ('FrameworkDir32', 'C:\\Windows\\Microsoft.NET\\Framework\\'), ('FrameworkDir64', 'C:\\Windows\\Microsoft.NET\\Framework64\\'), ('FrameworkVersion', 'v4.0.30319'), ('FrameworkVersion32', 'v4.0.30319'), ('FrameworkVersion64', 'v4.0.30319'), ('HOMEDRIVE', 'C:'), ('HOMEPATH', '\\Users\\JoelB'), ('INCLUDE', 'C:\\Program Files (x86)\\Microsoft Visual Studio\\2017\\BuildTools\\VC\\Tools\\MSVC\\14.16.27023\\include;C:\\Program Files (x86)\\Windows Kits\\10\\include\\10.0.17763.0\\ucrt;C:\\Program Files (x86)\\Windows Kits\\10\\include\\10.0.17763.0\\shared;C:\\Program Files (x86)\\Windows Kits\\10\\include\\10.0.17763.0\\um;C:\\Program Files (x86)\\Windows Kits\\10\\include\\10.0.17763.0\\winrt;C:\\Program Files (x86)\\Windows Kits\\10\\include\\10.0.17763.0\\cppwinrt'), ('JAVA_HOME', 'C:\\Program Files\\Java\\jdk-12.0.2'), ('LIB', 'C:\\Program Files (x86)\\Microsoft Visual Studio\\2017\\BuildTools\\VC\\Tools\\MSVC\\14.16.27023\\lib\\x64;C:\\Program Files (x86)\\Windows Kits\\10\\lib\\10.0.17763.0\\ucrt\\x64;C:\\Program Files (x86)\\Windows Kits\\10\\lib\\10.0.17763.0\\um\\x64;'), ('LIBPATH', 'C:\\Program Files (x86)\\Microsoft Visual Studio\\2017\\BuildTools\\VC\\Tools\\MSVC\\14.16.27023\\lib\\x64;C:\\Program Files (x86)\\Microsoft Visual Studio\\2017\\BuildTools\\VC\\Tools\\MSVC\\14.16.27023\\lib\\x86\\store\\references;C:\\Program Files (x86)\\Windows Kits\\10\\UnionMetadata\\10.0.17763.0;C:\\Program Files (x86)\\Windows Kits\\10\\References\\10.0.17763.0;C:\\Windows\\Microsoft.NET\\Framework\\v4.0.30319;'), ('LOCALAPPDATA', 'C:\\Users\\JoelB\\AppData\\Local'), ('LOGONSERVER', '\\\\LAPTOP-F21FPG6D'), ('NIEXTCCOMPILERSUPP', 'C:\\Program Files (x86)\\National Instruments\\Shared\\ExternalCompilerSupport\\C\\'), ('NUMBER_OF_PROCESSORS', '8'), ('OneDrive', 'C:\\Users\\JoelB\\OneDrive'), ('OneDriveConsumer', 'C:\\Users\\JoelB\\OneDrive'), ('OpenCV_DIR', 'C:\\opencv'), ('OS', 'Windows_NT'), ('OV_NI_PLUGIN_DIR', 'C:\\Program Files\\National Instruments\\Shared\\OpenVINO\\'), ('Path', 'F:\\dev\\ros2_foxy\\opt\\yaml_cpp_vendor\\bin;F:\\dev\\ros2_foxy\\opt\\rviz_ogre_vendor\\bin;F:\\dev\\ros2_foxy\\opt\\rviz_assimp_vendor\\bin;F:\\dev\\ros2_foxy\\opt\\libcurl_vendor\\bin;F:\\dev\\ros2_foxy\\Scripts;C:\\Program Files (x86)\\Microsoft Visual Studio\\2017\\BuildTools\\VC\\Tools\\MSVC\\14.16.27023\\bin\\HostX86\\x64;C:\\Program Files (x86)\\Microsoft Visual Studio\\2017\\BuildTools\\VC\\Tools\\MSVC\\14.16.27023\\bin\\HostX86\\x86;C:\\Program Files (x86)\\Microsoft Visual Studio\\2017\\BuildTools\\Common7\\IDE\\CommonExtensions\\Microsoft\\TestWindow;C:\\Program Files (x86)\\Microsoft Visual Studio\\2017\\BuildTools\\MSBuild\\15.0\\bin\\Roslyn;C:\\Program Files (x86)\\Windows Kits\\10\\bin\\10.0.17763.0\\x86;C:\\Program Files (x86)\\Windows Kits\\10\\bin\\x86;C:\\Program Files (x86)\\Microsoft Visual Studio\\2017\\BuildTools\\\\MSBuild\\15.0\\bin;C:\\Windows\\Microsoft.NET\\Framework\\v4.0.30319;C:\\Program Files (x86)\\Microsoft Visual Studio\\2017\\BuildTools\\Common7\\IDE\\;C:\\Program Files (x86)\\Microsoft Visual Studio\\2017\\BuildTools\\Common7\\Tools\\;C:\\Program Files\\National Instruments\\Shared\\OpenVINO\\;C:\\Python38\\Scripts\\;C:\\Python38\\;C:\\Program Files (x86)\\Intel\\Intel(R) Management Engine Components\\iCLS\\;C:\\Program Files\\Intel\\Intel(R) Management Engine Components\\iCLS\\;C:\\WINDOWS\\system32;C:\\WINDOWS;C:\\WINDOWS\\System32\\Wbem;C:\\WINDOWS\\System32\\WindowsPowerShell\\v1.0\\;C:\\Program Files (x86)\\Intel\\Intel(R) Management Engine Components\\DAL;C:\\Program Files\\Intel\\Intel(R) Management Engine Components\\DAL;C:\\Program Files (x86)\\Intel\\Intel(R) Management Engine Components\\IPT;C:\\Program Files\\Intel\\Intel(R) Management Engine Components\\IPT;C:\\WINDOWS\\System32\\OpenSSH\\;C:\\Program Files (x86)\\IVI Foundation\\VISA\\WinNT\\Bin;C:\\Program Files\\PuTTY\\;C:\\Program Files\\Java\\jdk-12.0.2\\bin;C:\\Users\\JoelB\\Desktop\\Maven\\apache-maven-3.6.3-bin\\apache-maven-3.6.3\\bin;C:\\Program Files\\nodejs;C:\\ProgramData\\chocolatey\\bin;C:\\Program Files\\Git\\cmd;C:\\Program Files\\CMake\\bin;C:\\MinGW\\bin;C:\\Program Files (x86)\\GnuWin32\\bin;E:\\World Painter\\WorldPainter;C:\\Program Files\\dotnet\\;C:\\Users\\Public\\wpilib\\2020\\frccode;C:\\ProgramData\\chocolatey\\lib\\cunit\\lib;C:\\ProgramData\\chocolatey\\lib\\tinyxml2\\lib;C:\\ProgramData\\chocolatey\\lib\\log4cxx\\lib;C:\\ProgramData\\chocolatey\\lib\\bullet\\lib;C:\\Program Files\\OpenSSL-Win64\\bin;C:\\Program Files\\Cppcheck;C:\\xmllint\\libxml2-2.9.3-win32-x86_64\\bin;F:\\dev\\ros2_foxy\\bin;F:\\QT\\5.15.0\\msvc2015_64;C:\\Python38\\Lib\\site-packages\\PyQt5\\Qt\\plugins\\platforms;C:\\Users\\JoelB\\AppData\\Local\\Programs\\Python\\Python37\\Scripts\\;C:\\Users\\JoelB\\AppData\\Local\\Programs\\Python\\Python37\\;C:\\Users\\JoelB\\AppData\\Local\\Microsoft\\WindowsApps;C:\\Users\\JoelB\\AppData\\Local\\Programs\\Microsoft VS Code\\bin;C:\\Users\\JoelB\\Desktop\\Coding\\jdk-12.0.2_windows-x64_bin\\jdk-12.0.2;C:\\Users\\JoelB\\AppData\\Roaming\\npm;C:\\Program Files (x86)\\Graphviz2.38\\bin;F:\\ROS2\\foxy\\ros2-foxy-20200807-windows-release-amd64\\ros2-windows\\bin;C:\\opencv\\opencv-3.4.6-vc16.VS2019\\opencv\\x64\\vc16\\bin;C:\\Program Files (x86)\\Microsoft Visual Studio\\2017\\BuildTools\\Common7\\IDE\\CommonExtensions\\Microsoft\\CMake\\CMake\\bin;C:\\Program Files (x86)\\Microsoft Visual Studio\\2017\\BuildTools\\Common7\\IDE\\CommonExtensions\\Microsoft\\CMake\\Ninja'), ('PATHEXT', '.COM;.EXE;.BAT;.CMD;.VBS;.VBE;.JS;.JSE;.WSF;.WSH;.MSC;.PY;.PYW'), ('PKG_CONFIG_PATH', 'F:\\dev\\ros2_foxy\\lib\\pkgconfig'), ('Platform', 'x64'), ('PROCESSOR_ARCHITECTURE', 'AMD64'), ('PROCESSOR_IDENTIFIER', 'Intel64 Family 6 Model 142 Stepping 10, GenuineIntel'), ('PROCESSOR_LEVEL', '6'), ('PROCESSOR_REVISION', '8e0a'), ('ProgramData', 'C:\\ProgramData'), ('ProgramFiles', 'C:\\Program Files'), ('ProgramFiles(x86)', 'C:\\Program Files (x86)'), ('ProgramW6432', 'C:\\Program Files'), ('PROMPT', '$P$G'), ('PSModulePath', 'C:\\Program Files\\WindowsPowerShell\\Modules;C:\\WINDOWS\\system32\\WindowsPowerShell\\v1.0\\Modules'), ('PUBLIC', 'C:\\Users\\Public'), ('PYTHONPATH', 'F:\\dev\\ros2_foxy\\Lib\\site-packages'), ('QSYS_ROOTDIR', 'E:\\Quartus_Prime\\quartus\\sopc_builder\\bin'), ('QT_QPA_PLATFORM_PLUGIN_PATH', 'C:\\Python38\\Lib\\site-packages\\PyQt5\\Qt\\plugins\\platforms'), ('QUARTUS_ROOTDIR', 'E:\\Quartus_Prime\\quartus'), ('ROS_DISTRO', 'foxy'), ('ROS_DOMAIN_ID', '12'), ('ROS_LOCALHOST_ONLY', '0'), ('ROS_PYTHON_VERSION', '3'), ('ROS_VERSION', '2'), ('SOPC_KIT_NIOS2', 'E:\\Quartus_Prime\\nios2eds'), ('SystemDrive', 'C:'), ('SystemRoot', 'C:\\WINDOWS'), ('TEMP', 'C:\\Users\\JoelB\\AppData\\Local\\Temp'), ('TMP', 'C:\\Users\\JoelB\\AppData\\Local\\Temp'), ('UCRTVersion', '10.0.17763.0'), ('UniversalCRTSdkDir', 'C:\\Program Files (x86)\\Windows Kits\\10\\'), ('USERDOMAIN', 'LAPTOP-F21FPG6D'), ('USERDOMAIN_ROAMINGPROFILE', 'LAPTOP-F21FPG6D'), ('USERNAME', 'JoelB'), ('USERPROFILE', 'C:\\Users\\JoelB'), ('VBOX_MSI_INSTALL_PATH', 'C:\\Program Files\\Oracle\\VirtualBox\\'), ('VCIDEInstallDir', 'C:\\Program Files (x86)\\Microsoft Visual Studio\\2017\\BuildTools\\Common7\\IDE\\VC\\'), ('VCINSTALLDIR', 'C:\\Program Files (x86)\\Microsoft Visual Studio\\2017\\BuildTools\\VC\\'), ('VCToolsInstallDir', 'C:\\Program Files (x86)\\Microsoft Visual Studio\\2017\\BuildTools\\VC\\Tools\\MSVC\\14.16.27023\\'), ('VCToolsRedistDir', 'C:\\Program Files (x86)\\Microsoft Visual Studio\\2017\\BuildTools\\VC\\Redist\\MSVC\\14.16.27012\\'), ('VCToolsVersion', '14.16.27023'), ('VisualStudioVersion', '15.0'), ('VS150COMNTOOLS', 'C:\\Program Files (x86)\\Microsoft Visual Studio\\2017\\BuildTools\\Common7\\Tools\\'), ('VSCMD_ARG_app_plat', 'Desktop'), ('VSCMD_ARG_HOST_ARCH', 'x86'), ('VSCMD_ARG_TGT_ARCH', 'x64'), ('VSCMD_VER', '15.0'), ('VSINSTALLDIR', 'C:\\Program Files (x86)\\Microsoft Visual Studio\\2017\\BuildTools\\'), ('VXIPNPPATH', 'C:\\Program Files (x86)\\IVI Foundation\\VISA\\'), ('windir', 'C:\\WINDOWS'), ('WindowsLibPath', 'C:\\Program Files (x86)\\Windows Kits\\10\\UnionMetadata\\10.0.17763.0;C:\\Program Files (x86)\\Windows Kits\\10\\References\\10.0.17763.0'), ('WindowsSdkBinPath', 'C:\\Program Files (x86)\\Windows Kits\\10\\bin\\'), ('WindowsSdkDir', 'C:\\Program Files (x86)\\Windows Kits\\10\\'), ('WindowsSDKLibVersion', '10.0.17763.0\\'), ('WindowsSdkVerBinPath', 'C:\\Program Files (x86)\\Windows Kits\\10\\bin\\10.0.17763.0\\'), ('WindowsSDKVersion', '10.0.17763.0\\'), ('__DOTNET_ADD_32BIT', '1'), ('__DOTNET_ADD_64BIT', '1'), ('__DOTNET_PREFERRED_BITNESS', '32'), ('__VSCMD_PREINIT_PATH', 'C:\\Program Files\\National Instruments\\Shared\\OpenVINO\\;C:\\Python38\\Scripts\\;C:\\Python38\\;C:\\Program Files (x86)\\Intel\\Intel(R) Management Engine Components\\iCLS\\;C:\\Program Files\\Intel\\Intel(R) Management Engine Components\\iCLS\\;C:\\WINDOWS\\system32;C:\\WINDOWS;C:\\WINDOWS\\System32\\Wbem;C:\\WINDOWS\\System32\\WindowsPowerShell\\v1.0\\;C:\\Program Files (x86)\\Intel\\Intel(R) Management Engine Components\\DAL;C:\\Program Files\\Intel\\Intel(R) Management Engine Components\\DAL;C:\\Program Files (x86)\\Intel\\Intel(R) Management Engine Components\\IPT;C:\\Program Files\\Intel\\Intel(R) Management Engine Components\\IPT;C:\\WINDOWS\\System32\\OpenSSH\\;C:\\Program Files (x86)\\IVI Foundation\\VISA\\WinNT\\Bin;C:\\Program Files\\PuTTY\\;C:\\Program Files\\Java\\jdk-12.0.2\\bin;C:\\Users\\JoelB\\Desktop\\Maven\\apache-maven-3.6.3-bin\\apache-maven-3.6.3\\bin;C:\\Program Files\\nodejs;C:\\ProgramData\\chocolatey\\bin;C:\\Program Files\\Git\\cmd;C:\\Program Files\\CMake\\bin;C:\\MinGW\\bin;C:\\Program Files (x86)\\GnuWin32\\bin;E:\\World Painter\\WorldPainter;C:\\Program Files\\dotnet\\;C:\\Users\\Public\\wpilib\\2020\\frccode;C:\\ProgramData\\chocolatey\\lib\\cunit\\lib;C:\\ProgramData\\chocolatey\\lib\\tinyxml2\\lib;C:\\ProgramData\\chocolatey\\lib\\log4cxx\\lib;C:\\ProgramData\\chocolatey\\lib\\bullet\\lib;C:\\Program Files\\OpenSSL-Win64\\bin;C:\\Program Files\\Cppcheck;C:\\xmllint\\libxml2-2.9.3-win32-x86_64\\bin;F:\\dev\\ros2_foxy\\bin;F:\\QT\\5.15.0\\msvc2015_64;C:\\Python38\\Lib\\site-packages\\PyQt5\\Qt\\plugins\\platforms;C:\\Users\\JoelB\\AppData\\Local\\Programs\\Python\\Python37\\Scripts\\;C:\\Users\\JoelB\\AppData\\Local\\Programs\\Python\\Python37\\;C:\\Users\\JoelB\\AppData\\Local\\Microsoft\\WindowsApps;C:\\Users\\JoelB\\AppData\\Local\\Programs\\Microsoft VS Code\\bin;C:\\Users\\JoelB\\Desktop\\Coding\\jdk-12.0.2_windows-x64_bin\\jdk-12.0.2;C:\\Users\\JoelB\\AppData\\Roaming\\npm;C:\\Program Files (x86)\\Graphviz2.38\\bin;F:\\ROS2\\foxy\\ros2-foxy-20200807-windows-release-amd64\\ros2-windows\\bin;C:\\opencv\\opencv-3.4.6-vc16.VS2019\\opencv\\x64\\vc16\\bin')]), 'shell': False}
[0.329000] (-) TimerEvent: {}
[0.438000] (-) TimerEvent: {}
[0.500000] (lunabotics2021) StdoutLine: {'line': b'-- Selecting Windows SDK version 10.0.17763.0 to target Windows 10.0.18363.\n'}
[0.547000] (-) TimerEvent: {}
[0.657000] (-) TimerEvent: {}
[0.766000] (-) TimerEvent: {}
[0.907000] (-) TimerEvent: {}
[1.016000] (-) TimerEvent: {}
[1.125000] (-) TimerEvent: {}
[1.235000] (-) TimerEvent: {}
[1.344000] (-) TimerEvent: {}
[1.454000] (-) TimerEvent: {}
[1.563000] (-) TimerEvent: {}
[1.672000] (-) TimerEvent: {}
[1.782000] (-) TimerEvent: {}
[1.891000] (-) TimerEvent: {}
[2.000000] (-) TimerEvent: {}
[2.110000] (-) TimerEvent: {}
[2.219000] (-) TimerEvent: {}
[2.329000] (-) TimerEvent: {}
[2.438000] (-) TimerEvent: {}
[2.547000] (-) TimerEvent: {}
[2.657000] (-) TimerEvent: {}
[2.766000] (-) TimerEvent: {}
[2.875000] (-) TimerEvent: {}
[2.985000] (-) TimerEvent: {}
[3.094000] (-) TimerEvent: {}
[3.204000] (-) TimerEvent: {}
[3.313000] (-) TimerEvent: {}
[3.422000] (-) TimerEvent: {}
[3.532000] (-) TimerEvent: {}
[3.641000] (-) TimerEvent: {}
[3.750000] (-) TimerEvent: {}
[3.860000] (-) TimerEvent: {}
[3.969000] (-) TimerEvent: {}
[4.079000] (-) TimerEvent: {}
[4.188000] (-) TimerEvent: {}
[4.297000] (-) TimerEvent: {}
[4.407000] (-) TimerEvent: {}
[4.516000] (-) TimerEvent: {}
[4.625000] (-) TimerEvent: {}
[4.735000] (-) TimerEvent: {}
[4.844000] (-) TimerEvent: {}
[4.954000] (-) TimerEvent: {}
[5.063000] (-) TimerEvent: {}
[5.172000] (-) TimerEvent: {}
[5.282000] (-) TimerEvent: {}
[5.391000] (-) TimerEvent: {}
[5.500000] (-) TimerEvent: {}
[5.532000] (lunabotics2021) StdoutLine: {'line': b'-- The C compiler identification is MSVC 19.16.27039.0\n'}
[5.610000] (-) TimerEvent: {}
[5.719000] (-) TimerEvent: {}
[5.829000] (-) TimerEvent: {}
[5.938000] (-) TimerEvent: {}
[6.047000] (-) TimerEvent: {}
[6.157000] (-) TimerEvent: {}
[6.266000] (-) TimerEvent: {}
[6.375000] (-) TimerEvent: {}
[6.485000] (-) TimerEvent: {}
[6.594000] (-) TimerEvent: {}
[6.704000] (-) TimerEvent: {}
[6.813000] (-) TimerEvent: {}
[6.922000] (-) TimerEvent: {}
[7.032000] (-) TimerEvent: {}
[7.141000] (-) TimerEvent: {}
[7.250000] (-) TimerEvent: {}
[7.360000] (-) TimerEvent: {}
[7.469000] (-) TimerEvent: {}
[7.579000] (-) TimerEvent: {}
[7.688000] (-) TimerEvent: {}
[7.797000] (-) TimerEvent: {}
[7.907000] (-) TimerEvent: {}
[8.016000] (-) TimerEvent: {}
[8.125000] (-) TimerEvent: {}
[8.235000] (-) TimerEvent: {}
[8.344000] (-) TimerEvent: {}
[8.454000] (-) TimerEvent: {}
[8.563000] (-) TimerEvent: {}
[8.672000] (-) TimerEvent: {}
[8.782000] (-) TimerEvent: {}
[8.891000] (-) TimerEvent: {}
[9.000000] (-) TimerEvent: {}
[9.110000] (-) TimerEvent: {}
[9.219000] (-) TimerEvent: {}
[9.329000] (-) TimerEvent: {}
[9.438000] (-) TimerEvent: {}
[9.547000] (-) TimerEvent: {}
[9.657000] (-) TimerEvent: {}
[9.766000] (-) TimerEvent: {}
[9.875000] (-) TimerEvent: {}
[9.985000] (-) TimerEvent: {}
[10.094000] (-) TimerEvent: {}
[10.204000] (-) TimerEvent: {}
[10.313000] (-) TimerEvent: {}
[10.422000] (-) TimerEvent: {}
[10.485000] (lunabotics2021) StdoutLine: {'line': b'-- The CXX compiler identification is MSVC 19.16.27039.0\n'}
[10.532000] (-) TimerEvent: {}
[10.641000] (-) TimerEvent: {}
[10.750000] (-) TimerEvent: {}
[10.860000] (-) TimerEvent: {}
[10.860000] (lunabotics2021) StdoutLine: {'line': b'-- Detecting C compiler ABI info\n'}
[10.969000] (-) TimerEvent: {}
[11.079000] (-) TimerEvent: {}
[11.188000] (-) TimerEvent: {}
[11.297000] (-) TimerEvent: {}
[11.407000] (-) TimerEvent: {}
[11.532000] (-) TimerEvent: {}
[11.641000] (-) TimerEvent: {}
[11.750000] (-) TimerEvent: {}
[11.860000] (-) TimerEvent: {}
[11.969000] (-) TimerEvent: {}
[12.079000] (-) TimerEvent: {}
[12.188000] (-) TimerEvent: {}
[12.297000] (-) TimerEvent: {}
[12.407000] (-) TimerEvent: {}
[12.516000] (-) TimerEvent: {}
[12.625000] (-) TimerEvent: {}
[12.735000] (-) TimerEvent: {}
[12.844000] (-) TimerEvent: {}
[12.954000] (-) TimerEvent: {}
[13.063000] (-) TimerEvent: {}
[13.172000] (-) TimerEvent: {}
[13.282000] (-) TimerEvent: {}
[13.391000] (-) TimerEvent: {}
[13.500000] (-) TimerEvent: {}
[13.610000] (-) TimerEvent: {}
[13.719000] (-) TimerEvent: {}
[13.829000] (-) TimerEvent: {}
[13.938000] (-) TimerEvent: {}
[14.047000] (-) TimerEvent: {}
[14.157000] (-) TimerEvent: {}
[14.266000] (-) TimerEvent: {}
[14.375000] (-) TimerEvent: {}
[14.485000] (-) TimerEvent: {}
[14.594000] (-) TimerEvent: {}
[14.704000] (-) TimerEvent: {}
[14.813000] (-) TimerEvent: {}
[14.922000] (-) TimerEvent: {}
[15.032000] (-) TimerEvent: {}
[15.141000] (-) TimerEvent: {}
[15.250000] (-) TimerEvent: {}
[15.360000] (-) TimerEvent: {}
[15.469000] (-) TimerEvent: {}
[15.579000] (-) TimerEvent: {}
[15.688000] (-) TimerEvent: {}
[15.797000] (-) TimerEvent: {}
[15.907000] (-) TimerEvent: {}
[16.016000] (-) TimerEvent: {}
[16.125000] (-) TimerEvent: {}
[16.235000] (-) TimerEvent: {}
[16.344000] (-) TimerEvent: {}
[16.454000] (-) TimerEvent: {}
[16.563000] (-) TimerEvent: {}
[16.672000] (-) TimerEvent: {}
[16.782000] (-) TimerEvent: {}
[16.891000] (-) TimerEvent: {}
[17.000000] (-) TimerEvent: {}
[17.110000] (-) TimerEvent: {}
[17.219000] (-) TimerEvent: {}
[17.329000] (-) TimerEvent: {}
[17.438000] (-) TimerEvent: {}
[17.547000] (-) TimerEvent: {}
[17.657000] (-) TimerEvent: {}
[17.766000] (-) TimerEvent: {}
[17.875000] (-) TimerEvent: {}
[17.985000] (-) TimerEvent: {}
[18.094000] (-) TimerEvent: {}
[18.204000] (-) TimerEvent: {}
[18.313000] (-) TimerEvent: {}
[18.422000] (-) TimerEvent: {}
[18.532000] (-) TimerEvent: {}
[18.641000] (-) TimerEvent: {}
[18.750000] (-) TimerEvent: {}
[18.860000] (-) TimerEvent: {}
[18.969000] (-) TimerEvent: {}
[19.079000] (-) TimerEvent: {}
[19.188000] (-) TimerEvent: {}
[19.297000] (-) TimerEvent: {}
[19.329000] (lunabotics2021) StdoutLine: {'line': b'-- Detecting C compiler ABI info - done\n'}
[19.360000] (lunabotics2021) StdoutLine: {'line': b'-- Check for working C compiler: C:/Program Files (x86)/Microsoft Visual Studio/2017/BuildTools/VC/Tools/MSVC/14.16.27023/bin/Hostx86/x64/cl.exe - skipped\n'}
[19.375000] (lunabotics2021) StdoutLine: {'line': b'-- Detecting C compile features\n'}
[19.375000] (lunabotics2021) StdoutLine: {'line': b'-- Detecting C compile features - done\n'}
[19.407000] (-) TimerEvent: {}
[19.500000] (lunabotics2021) StdoutLine: {'line': b'-- Detecting CXX compiler ABI info\n'}
[19.516000] (-) TimerEvent: {}
[19.625000] (-) TimerEvent: {}
[19.735000] (-) TimerEvent: {}
[19.844000] (-) TimerEvent: {}
[19.954000] (-) TimerEvent: {}
[20.063000] (-) TimerEvent: {}
[20.172000] (-) TimerEvent: {}
[20.282000] (-) TimerEvent: {}
[20.391000] (-) TimerEvent: {}
[20.500000] (-) TimerEvent: {}
[20.610000] (-) TimerEvent: {}
[20.719000] (-) TimerEvent: {}
[20.829000] (-) TimerEvent: {}
[20.938000] (-) TimerEvent: {}
[21.047000] (-) TimerEvent: {}
[21.157000] (-) TimerEvent: {}
[21.266000] (-) TimerEvent: {}
[21.375000] (-) TimerEvent: {}
[21.485000] (-) TimerEvent: {}
[21.594000] (-) TimerEvent: {}
[21.704000] (-) TimerEvent: {}
[21.813000] (-) TimerEvent: {}
[21.922000] (-) TimerEvent: {}
[22.032000] (-) TimerEvent: {}
[22.141000] (-) TimerEvent: {}
[22.250000] (-) TimerEvent: {}
[22.360000] (-) TimerEvent: {}
[22.469000] (-) TimerEvent: {}
[22.579000] (-) TimerEvent: {}
[22.688000] (-) TimerEvent: {}
[22.797000] (-) TimerEvent: {}
[22.907000] (-) TimerEvent: {}
[23.016000] (-) TimerEvent: {}
[23.125000] (-) TimerEvent: {}
[23.235000] (-) TimerEvent: {}
[23.344000] (-) TimerEvent: {}
[23.454000] (-) TimerEvent: {}
[23.563000] (-) TimerEvent: {}
[23.672000] (-) TimerEvent: {}
[23.782000] (-) TimerEvent: {}
[23.891000] (-) TimerEvent: {}
[24.000000] (-) TimerEvent: {}
[24.110000] (-) TimerEvent: {}
[24.219000] (-) TimerEvent: {}
[24.329000] (-) TimerEvent: {}
[24.438000] (-) TimerEvent: {}
[24.547000] (-) TimerEvent: {}
[24.657000] (-) TimerEvent: {}
[24.766000] (-) TimerEvent: {}
[24.875000] (-) TimerEvent: {}
[24.985000] (-) TimerEvent: {}
[25.094000] (-) TimerEvent: {}
[25.204000] (-) TimerEvent: {}
[25.313000] (-) TimerEvent: {}
[25.329000] (lunabotics2021) StdoutLine: {'line': b'-- Detecting CXX compiler ABI info - done\n'}
[25.375000] (lunabotics2021) StdoutLine: {'line': b'-- Check for working CXX compiler: C:/Program Files (x86)/Microsoft Visual Studio/2017/BuildTools/VC/Tools/MSVC/14.16.27023/bin/Hostx86/x64/cl.exe - skipped\n'}
[25.391000] (lunabotics2021) StdoutLine: {'line': b'-- Detecting CXX compile features\n'}
[25.407000] (lunabotics2021) StdoutLine: {'line': b'-- Detecting CXX compile features - done\n'}
[25.422000] (-) TimerEvent: {}
[25.516000] (lunabotics2021) StdoutLine: {'line': b'-- Found ament_cmake: 0.9.6 (F:/dev/ros2_foxy/share/ament_cmake/cmake)\n'}
[25.532000] (-) TimerEvent: {}
[25.625000] (lunabotics2021) StdoutLine: {'line': b'-- Found PythonInterp: C:/Python38/python.exe (found suitable version "3.8.3", minimum required is "3") \n'}
[25.625000] (lunabotics2021) StdoutLine: {'line': b'-- Using PYTHON_EXECUTABLE: C:/Python38/python.exe\n'}
[25.641000] (-) TimerEvent: {}
[25.750000] (-) TimerEvent: {}
[25.860000] (-) TimerEvent: {}
[25.969000] (-) TimerEvent: {}
[26.079000] (-) TimerEvent: {}
[26.188000] (-) TimerEvent: {}
[26.235000] (lunabotics2021) StdoutLine: {'line': b'-- Override CMake install command with custom implementation using symlinks instead of copying resources\n'}
[26.297000] (-) TimerEvent: {}
[26.407000] (-) TimerEvent: {}
[26.516000] (-) TimerEvent: {}
[26.625000] (-) TimerEvent: {}
[26.735000] (-) TimerEvent: {}
[26.797000] (lunabotics2021) StdoutLine: {'line': b'-- Found rclcpp: 2.1.0 (F:/dev/ros2_foxy/share/rclcpp/cmake)\n'}
[26.844000] (-) TimerEvent: {}
[26.891000] (lunabotics2021) StdoutLine: {'line': b'-- Using all available rosidl_typesupport_c: rosidl_typesupport_connext_c;rosidl_typesupport_fastrtps_c;rosidl_typesupport_introspection_c\n'}
[26.922000] (lunabotics2021) StdoutLine: {'line': b'-- Found rosidl_adapter: 1.0.1 (F:/dev/ros2_foxy/share/rosidl_adapter/cmake)\n'}
[26.954000] (-) TimerEvent: {}
[27.063000] (-) TimerEvent: {}
[27.172000] (-) TimerEvent: {}
[27.282000] (-) TimerEvent: {}
[27.344000] (lunabotics2021) StdoutLine: {'line': b'-- Could not find RTI Connext - skipping rosidl_typesupport_connext_c\n'}
[27.391000] (-) TimerEvent: {}
[27.391000] (lunabotics2021) StdoutLine: {'line': b'-- Could not find RTI Connext - skipping rosidl_typesupport_connext_cpp\n'}
[27.500000] (-) TimerEvent: {}
[27.610000] (-) TimerEvent: {}
[27.672000] (lunabotics2021) StdoutLine: {'line': b'-- Found OpenSSL: optimized;C:/Program Files/OpenSSL-Win64/lib/VC/libcrypto64MD.lib;debug;C:/Program Files/OpenSSL-Win64/lib/VC/libcrypto64MDd.lib (found version "1.1.1g")  \n'}
[27.719000] (-) TimerEvent: {}
[27.750000] (lunabotics2021) StdoutLine: {'line': b'-- Found FastRTPS: F:/dev/ros2_foxy/include  \n'}
[27.829000] (-) TimerEvent: {}
[27.844000] (lunabotics2021) StdoutLine: {'line': b'-- Using all available rosidl_typesupport_cpp: rosidl_typesupport_connext_cpp;rosidl_typesupport_fastrtps_cpp;rosidl_typesupport_introspection_cpp\n'}
[27.938000] (-) TimerEvent: {}
[27.969000] (lunabotics2021) StdoutLine: {'line': b'-- Found rmw_implementation_cmake: 1.0.1 (F:/dev/ros2_foxy/share/rmw_implementation_cmake/cmake)\n'}
[27.969000] (lunabotics2021) StdoutLine: {'line': b"-- Using RMW implementation 'rmw_fastrtps_cpp' as default\n"}
[28.047000] (-) TimerEvent: {}
[28.094000] (lunabotics2021) StdoutLine: {'line': b'-- Looking for pthread.h\n'}
[28.157000] (-) TimerEvent: {}
[28.266000] (-) TimerEvent: {}
[28.375000] (-) TimerEvent: {}
[28.485000] (-) TimerEvent: {}
[28.594000] (-) TimerEvent: {}
[28.704000] (-) TimerEvent: {}
[28.813000] (-) TimerEvent: {}
[28.922000] (-) TimerEvent: {}
[29.032000] (-) TimerEvent: {}
[29.141000] (-) TimerEvent: {}
[29.250000] (-) TimerEvent: {}
[29.360000] (-) TimerEvent: {}
[29.469000] (-) TimerEvent: {}
[29.579000] (-) TimerEvent: {}
[29.688000] (-) TimerEvent: {}
[29.797000] (-) TimerEvent: {}
[29.907000] (-) TimerEvent: {}
[30.016000] (-) TimerEvent: {}
[30.125000] (-) TimerEvent: {}
[30.235000] (-) TimerEvent: {}
[30.344000] (-) TimerEvent: {}
[30.454000] (-) TimerEvent: {}
[30.563000] (-) TimerEvent: {}
[30.672000] (-) TimerEvent: {}
[30.782000] (-) TimerEvent: {}
[30.891000] (-) TimerEvent: {}
[30.985000] (lunabotics2021) StdoutLine: {'line': b'-- Looking for pthread.h - not found\n'}
[31.000000] (-) TimerEvent: {}
[31.032000] (lunabotics2021) StdoutLine: {'line': b'-- Found Threads: TRUE  \n'}
[31.110000] (-) TimerEvent: {}
[31.204000] (lunabotics2021) StdoutLine: {'line': b'-- Found std_msgs: 2.0.3 (F:/dev/ros2_foxy/share/std_msgs/cmake)\n'}
[31.219000] (-) TimerEvent: {}
[31.329000] (-) TimerEvent: {}
[31.422000] (lunabotics2021) StdoutLine: {'line': b'-- Found ament_lint_auto: 0.9.5 (F:/dev/ros2_foxy/share/ament_lint_auto/cmake)\n'}
[31.438000] (-) TimerEvent: {}
[31.547000] (-) TimerEvent: {}
[31.657000] (-) TimerEvent: {}
[31.766000] (-) TimerEvent: {}
[31.875000] (-) TimerEvent: {}
[31.985000] (-) TimerEvent: {}
[32.094000] (-) TimerEvent: {}
[32.204000] (-) TimerEvent: {}
[32.313000] (-) TimerEvent: {}
[32.422000] (-) TimerEvent: {}
[32.532000] (-) TimerEvent: {}
[32.641000] (-) TimerEvent: {}
[32.750000] (-) TimerEvent: {}
[32.860000] (-) TimerEvent: {}
[32.969000] (-) TimerEvent: {}
[32.969000] (lunabotics2021) StdoutLine: {'line': b"-- Added test 'copyright' to check source files copyright and LICENSE\n"}
[34.391000] (-) TimerEvent: {}
[34.500000] (-) TimerEvent: {}
[34.610000] (-) TimerEvent: {}
[34.657000] (lunabotics2021) StdoutLine: {'line': b"-- Added test 'cppcheck' to perform static code analysis on C / C++ code\n"}
[34.657000] (lunabotics2021) StdoutLine: {'line': b'-- Configured cppcheck include dirs: F:/dev/colcon_ws/src/lunabotics2021/hello;F:/dev/colcon_ws/src/lunabotics2021/lib/cpp/motorcontrol;F:/dev/colcon_ws/src/lunabotics2021/lib/cpp/motorcontrol/can;$<BUILD_INTERFACE:F:/dev/colcon_ws/src/lunabotics2021/include>\n'}
[34.657000] (lunabotics2021) StdoutLine: {'line': b'-- Configured cppcheck exclude dirs and/or files: \n'}
[34.719000] (-) TimerEvent: {}
[34.829000] (-) TimerEvent: {}
[34.922000] (lunabotics2021) StdoutLine: {'line': b"-- Added test 'cpplint' to check C / C++ code against the Google style\n"}
[34.922000] (lunabotics2021) StdoutLine: {'line': b'-- Configured cpplint exclude dirs and/or files: \n'}
[34.938000] (-) TimerEvent: {}
[35.032000] (lunabotics2021) StdoutLine: {'line': b"-- Added test 'lint_cmake' to check CMake code style\n"}
[35.047000] (-) TimerEvent: {}
[35.157000] (-) TimerEvent: {}
[35.266000] (-) TimerEvent: {}
[35.313000] (lunabotics2021) StdoutLine: {'line': b"-- Added test 'uncrustify' to check C / C++ code style\n"}
[35.313000] (lunabotics2021) StdoutLine: {'line': b'-- Configured uncrustify additional arguments: \n'}
[35.360000] (lunabotics2021) StdoutLine: {'line': b"-- Added test 'xmllint' to check XML markup files\n"}
[35.375000] (-) TimerEvent: {}
[35.485000] (-) TimerEvent: {}
[35.594000] (-) TimerEvent: {}
[35.704000] (-) TimerEvent: {}
[35.813000] (-) TimerEvent: {}
[35.922000] (lunabotics2021) StdoutLine: {'line': b'-- Configuring done\n'}
[35.922000] (-) TimerEvent: {}
[36.032000] (-) TimerEvent: {}
[36.141000] (-) TimerEvent: {}
[36.250000] (-) TimerEvent: {}
[36.360000] (-) TimerEvent: {}
[36.469000] (-) TimerEvent: {}
[36.579000] (-) TimerEvent: {}
[36.688000] (-) TimerEvent: {}
[36.797000] (-) TimerEvent: {}
[36.907000] (-) TimerEvent: {}
[37.016000] (-) TimerEvent: {}
[37.125000] (-) TimerEvent: {}
[37.235000] (-) TimerEvent: {}
[37.344000] (-) TimerEvent: {}
[37.454000] (-) TimerEvent: {}
[37.563000] (-) TimerEvent: {}
[37.672000] (-) TimerEvent: {}
[37.782000] (-) TimerEvent: {}
[37.891000] (-) TimerEvent: {}
[38.000000] (-) TimerEvent: {}
[38.110000] (-) TimerEvent: {}
[38.219000] (-) TimerEvent: {}
[38.329000] (-) TimerEvent: {}
[38.438000] (-) TimerEvent: {}
[38.547000] (-) TimerEvent: {}
[38.657000] (-) TimerEvent: {}
[38.766000] (-) TimerEvent: {}
[38.875000] (-) TimerEvent: {}
[38.985000] (-) TimerEvent: {}
[39.094000] (-) TimerEvent: {}
[39.204000] (-) TimerEvent: {}
[39.313000] (-) TimerEvent: {}
[39.407000] (lunabotics2021) StdoutLine: {'line': b'-- Generating done\n'}
[39.422000] (-) TimerEvent: {}
[39.532000] (-) TimerEvent: {}
[39.594000] (lunabotics2021) StdoutLine: {'line': b'-- Build files have been written to: F:/dev/colcon_ws/src/lunabotics2021/build/lunabotics2021\n'}
[39.610000] (lunabotics2021) CommandEnded: {'returncode': 0}
[39.610000] (lunabotics2021) JobProgress: {'identifier': 'lunabotics2021', 'progress': 'build'}
[39.610000] (lunabotics2021) Command: {'cmd': ['C:\\Program Files\\CMake\\bin\\cmake.EXE', '--build', 'F:\\dev\\colcon_ws\\src\\lunabotics2021\\build\\lunabotics2021', '--config', 'Release'], 'cwd': 'F:\\dev\\colcon_ws\\src\\lunabotics2021\\build\\lunabotics2021', 'env': {'ALLUSERSPROFILE': 'C:\\ProgramData', 'AMENT_PREFIX_PATH': 'F:\\dev\\colcon_ws\\install\\lunabotics2021;F:\\dev\\colcon_ws\\install\\basic;F:\\dev\\ros2_foxy', 'APPDATA': 'C:\\Users\\JoelB\\AppData\\Roaming', 'ChocolateyInstall': 'C:\\ProgramData\\chocolatey', 'ChocolateyLastPathUpdate': '132440800097210234', 'CMAKE_PREFIX_PATH': 'F:\\dev\\colcon_ws\\install\\lunabotics2021;F:\\dev\\colcon_ws\\install\\basic;F:\\dev\\ros2_foxy', 'COLCON': '1', 'COLCON_PREFIX_PATH': 'F:\\dev\\colcon_ws\\install\\;F:\\dev\\ros2_foxy\\', 'CommandPromptType': 'Cross', 'CommonProgramFiles': 'C:\\Program Files\\Common Files', 'CommonProgramFiles(x86)': 'C:\\Program Files (x86)\\Common Files', 'CommonProgramW6432': 'C:\\Program Files\\Common Files', 'COMPUTERNAME': 'LAPTOP-F21FPG6D', 'ComSpec': 'C:\\WINDOWS\\system32\\cmd.exe', 'configsetroot': 'C:\\WINDOWS\\ConfigSetRoot', 'DevEnvDir': 'C:\\Program Files (x86)\\Microsoft Visual Studio\\2017\\BuildTools\\Common7\\IDE\\', 'DriverData': 'C:\\Windows\\System32\\Drivers\\DriverData', 'ExtensionSdkDir': 'C:\\Program Files (x86)\\Microsoft SDKs\\Windows Kits\\10\\ExtensionSDKs', 'Framework40Version': 'v4.0', 'FrameworkDir': 'C:\\Windows\\Microsoft.NET\\Framework\\', 'FrameworkDir32': 'C:\\Windows\\Microsoft.NET\\Framework\\', 'FrameworkDir64': 'C:\\Windows\\Microsoft.NET\\Framework64\\', 'FrameworkVersion': 'v4.0.30319', 'FrameworkVersion32': 'v4.0.30319', 'FrameworkVersion64': 'v4.0.30319', 'HOMEDRIVE': 'C:', 'HOMEPATH': '\\Users\\JoelB', 'INCLUDE': 'C:\\Program Files (x86)\\Microsoft Visual Studio\\2017\\BuildTools\\VC\\Tools\\MSVC\\14.16.27023\\include;C:\\Program Files (x86)\\Windows Kits\\10\\include\\10.0.17763.0\\ucrt;C:\\Program Files (x86)\\Windows Kits\\10\\include\\10.0.17763.0\\shared;C:\\Program Files (x86)\\Windows Kits\\10\\include\\10.0.17763.0\\um;C:\\Program Files (x86)\\Windows Kits\\10\\include\\10.0.17763.0\\winrt;C:\\Program Files (x86)\\Windows Kits\\10\\include\\10.0.17763.0\\cppwinrt', 'JAVA_HOME': 'C:\\Program Files\\Java\\jdk-12.0.2', 'LIB': 'C:\\Program Files (x86)\\Microsoft Visual Studio\\2017\\BuildTools\\VC\\Tools\\MSVC\\14.16.27023\\lib\\x64;C:\\Program Files (x86)\\Windows Kits\\10\\lib\\10.0.17763.0\\ucrt\\x64;C:\\Program Files (x86)\\Windows Kits\\10\\lib\\10.0.17763.0\\um\\x64;', 'LIBPATH': 'C:\\Program Files (x86)\\Microsoft Visual Studio\\2017\\BuildTools\\VC\\Tools\\MSVC\\14.16.27023\\lib\\x64;C:\\Program Files (x86)\\Microsoft Visual Studio\\2017\\BuildTools\\VC\\Tools\\MSVC\\14.16.27023\\lib\\x86\\store\\references;C:\\Program Files (x86)\\Windows Kits\\10\\UnionMetadata\\10.0.17763.0;C:\\Program Files (x86)\\Windows Kits\\10\\References\\10.0.17763.0;C:\\Windows\\Microsoft.NET\\Framework\\v4.0.30319;', 'LOCALAPPDATA': 'C:\\Users\\JoelB\\AppData\\Local', 'LOGONSERVER': '\\\\LAPTOP-F21FPG6D', 'NIEXTCCOMPILERSUPP': 'C:\\Program Files (x86)\\National Instruments\\Shared\\ExternalCompilerSupport\\C\\', 'NUMBER_OF_PROCESSORS': '8', 'OneDrive': 'C:\\Users\\JoelB\\OneDrive', 'OneDriveConsumer': 'C:\\Users\\JoelB\\OneDrive', 'OpenCV_DIR': 'C:\\opencv', 'OS': 'Windows_NT', 'OV_NI_PLUGIN_DIR': 'C:\\Program Files\\National Instruments\\Shared\\OpenVINO\\', 'Path': 'F:\\dev\\ros2_foxy\\opt\\yaml_cpp_vendor\\bin;F:\\dev\\ros2_foxy\\opt\\rviz_ogre_vendor\\bin;F:\\dev\\ros2_foxy\\opt\\rviz_assimp_vendor\\bin;F:\\dev\\ros2_foxy\\opt\\libcurl_vendor\\bin;F:\\dev\\ros2_foxy\\Scripts;C:\\Program Files (x86)\\Microsoft Visual Studio\\2017\\BuildTools\\VC\\Tools\\MSVC\\14.16.27023\\bin\\HostX86\\x64;C:\\Program Files (x86)\\Microsoft Visual Studio\\2017\\BuildTools\\VC\\Tools\\MSVC\\14.16.27023\\bin\\HostX86\\x86;C:\\Program Files (x86)\\Microsoft Visual Studio\\2017\\BuildTools\\Common7\\IDE\\CommonExtensions\\Microsoft\\TestWindow;C:\\Program Files (x86)\\Microsoft Visual Studio\\2017\\BuildTools\\MSBuild\\15.0\\bin\\Roslyn;C:\\Program Files (x86)\\Windows Kits\\10\\bin\\10.0.17763.0\\x86;C:\\Program Files (x86)\\Windows Kits\\10\\bin\\x86;C:\\Program Files (x86)\\Microsoft Visual Studio\\2017\\BuildTools\\\\MSBuild\\15.0\\bin;C:\\Windows\\Microsoft.NET\\Framework\\v4.0.30319;C:\\Program Files (x86)\\Microsoft Visual Studio\\2017\\BuildTools\\Common7\\IDE\\;C:\\Program Files (x86)\\Microsoft Visual Studio\\2017\\BuildTools\\Common7\\Tools\\;C:\\Program Files\\National Instruments\\Shared\\OpenVINO\\;C:\\Python38\\Scripts\\;C:\\Python38\\;C:\\Program Files (x86)\\Intel\\Intel(R) Management Engine Components\\iCLS\\;C:\\Program Files\\Intel\\Intel(R) Management Engine Components\\iCLS\\;C:\\WINDOWS\\system32;C:\\WINDOWS;C:\\WINDOWS\\System32\\Wbem;C:\\WINDOWS\\System32\\WindowsPowerShell\\v1.0\\;C:\\Program Files (x86)\\Intel\\Intel(R) Management Engine Components\\DAL;C:\\Program Files\\Intel\\Intel(R) Management Engine Components\\DAL;C:\\Program Files (x86)\\Intel\\Intel(R) Management Engine Components\\IPT;C:\\Program Files\\Intel\\Intel(R) Management Engine Components\\IPT;C:\\WINDOWS\\System32\\OpenSSH\\;C:\\Program Files (x86)\\IVI Foundation\\VISA\\WinNT\\Bin;C:\\Program Files\\PuTTY\\;C:\\Program Files\\Java\\jdk-12.0.2\\bin;C:\\Users\\JoelB\\Desktop\\Maven\\apache-maven-3.6.3-bin\\apache-maven-3.6.3\\bin;C:\\Program Files\\nodejs;C:\\ProgramData\\chocolatey\\bin;C:\\Program Files\\Git\\cmd;C:\\Program Files\\CMake\\bin;C:\\MinGW\\bin;C:\\Program Files (x86)\\GnuWin32\\bin;E:\\World Painter\\WorldPainter;C:\\Program Files\\dotnet\\;C:\\Users\\Public\\wpilib\\2020\\frccode;C:\\ProgramData\\chocolatey\\lib\\cunit\\lib;C:\\ProgramData\\chocolatey\\lib\\tinyxml2\\lib;C:\\ProgramData\\chocolatey\\lib\\log4cxx\\lib;C:\\ProgramData\\chocolatey\\lib\\bullet\\lib;C:\\Program Files\\OpenSSL-Win64\\bin;C:\\Program Files\\Cppcheck;C:\\xmllint\\libxml2-2.9.3-win32-x86_64\\bin;F:\\dev\\ros2_foxy\\bin;F:\\QT\\5.15.0\\msvc2015_64;C:\\Python38\\Lib\\site-packages\\PyQt5\\Qt\\plugins\\platforms;C:\\Users\\JoelB\\AppData\\Local\\Programs\\Python\\Python37\\Scripts\\;C:\\Users\\JoelB\\AppData\\Local\\Programs\\Python\\Python37\\;C:\\Users\\JoelB\\AppData\\Local\\Microsoft\\WindowsApps;C:\\Users\\JoelB\\AppData\\Local\\Programs\\Microsoft VS Code\\bin;C:\\Users\\JoelB\\Desktop\\Coding\\jdk-12.0.2_windows-x64_bin\\jdk-12.0.2;C:\\Users\\JoelB\\AppData\\Roaming\\npm;C:\\Program Files (x86)\\Graphviz2.38\\bin;F:\\ROS2\\foxy\\ros2-foxy-20200807-windows-release-amd64\\ros2-windows\\bin;C:\\opencv\\opencv-3.4.6-vc16.VS2019\\opencv\\x64\\vc16\\bin;C:\\Program Files (x86)\\Microsoft Visual Studio\\2017\\BuildTools\\Common7\\IDE\\CommonExtensions\\Microsoft\\CMake\\CMake\\bin;C:\\Program Files (x86)\\Microsoft Visual Studio\\2017\\BuildTools\\Common7\\IDE\\CommonExtensions\\Microsoft\\CMake\\Ninja', 'PATHEXT': '.COM;.EXE;.BAT;.CMD;.VBS;.VBE;.JS;.JSE;.WSF;.WSH;.MSC;.PY;.PYW', 'PKG_CONFIG_PATH': 'F:\\dev\\ros2_foxy\\lib\\pkgconfig', 'Platform': 'x64', 'PROCESSOR_ARCHITECTURE': 'AMD64', 'PROCESSOR_IDENTIFIER': 'Intel64 Family 6 Model 142 Stepping 10, GenuineIntel', 'PROCESSOR_LEVEL': '6', 'PROCESSOR_REVISION': '8e0a', 'ProgramData': 'C:\\ProgramData', 'ProgramFiles': 'C:\\Program Files', 'ProgramFiles(x86)': 'C:\\Program Files (x86)', 'ProgramW6432': 'C:\\Program Files', 'PROMPT': '$P$G', 'PSModulePath': 'C:\\Program Files\\WindowsPowerShell\\Modules;C:\\WINDOWS\\system32\\WindowsPowerShell\\v1.0\\Modules', 'PUBLIC': 'C:\\Users\\Public', 'PYTHONPATH': 'F:\\dev\\ros2_foxy\\Lib\\site-packages', 'QSYS_ROOTDIR': 'E:\\Quartus_Prime\\quartus\\sopc_builder\\bin', 'QT_QPA_PLATFORM_PLUGIN_PATH': 'C:\\Python38\\Lib\\site-packages\\PyQt5\\Qt\\plugins\\platforms', 'QUARTUS_ROOTDIR': 'E:\\Quartus_Prime\\quartus', 'ROS_DISTRO': 'foxy', 'ROS_DOMAIN_ID': '12', 'ROS_LOCALHOST_ONLY': '0', 'ROS_PYTHON_VERSION': '3', 'ROS_VERSION': '2', 'SOPC_KIT_NIOS2': 'E:\\Quartus_Prime\\nios2eds', 'SystemDrive': 'C:', 'SystemRoot': 'C:\\WINDOWS', 'TEMP': 'C:\\Users\\JoelB\\AppData\\Local\\Temp', 'TMP': 'C:\\Users\\JoelB\\AppData\\Local\\Temp', 'UCRTVersion': '10.0.17763.0', 'UniversalCRTSdkDir': 'C:\\Program Files (x86)\\Windows Kits\\10\\', 'USERDOMAIN': 'LAPTOP-F21FPG6D', 'USERDOMAIN_ROAMINGPROFILE': 'LAPTOP-F21FPG6D', 'USERNAME': 'JoelB', 'USERPROFILE': 'C:\\Users\\JoelB', 'VBOX_MSI_INSTALL_PATH': 'C:\\Program Files\\Oracle\\VirtualBox\\', 'VCIDEInstallDir': 'C:\\Program Files (x86)\\Microsoft Visual Studio\\2017\\BuildTools\\Common7\\IDE\\VC\\', 'VCINSTALLDIR': 'C:\\Program Files (x86)\\Microsoft Visual Studio\\2017\\BuildTools\\VC\\', 'VCToolsInstallDir': 'C:\\Program Files (x86)\\Microsoft Visual Studio\\2017\\BuildTools\\VC\\Tools\\MSVC\\14.16.27023\\', 'VCToolsRedistDir': 'C:\\Program Files (x86)\\Microsoft Visual Studio\\2017\\BuildTools\\VC\\Redist\\MSVC\\14.16.27012\\', 'VCToolsVersion': '14.16.27023', 'VisualStudioVersion': '15.0', 'VS150COMNTOOLS': 'C:\\Program Files (x86)\\Microsoft Visual Studio\\2017\\BuildTools\\Common7\\Tools\\', 'VSCMD_ARG_app_plat': 'Desktop', 'VSCMD_ARG_HOST_ARCH': 'x86', 'VSCMD_ARG_TGT_ARCH': 'x64', 'VSCMD_VER': '15.0', 'VSINSTALLDIR': 'C:\\Program Files (x86)\\Microsoft Visual Studio\\2017\\BuildTools\\', 'VXIPNPPATH': 'C:\\Program Files (x86)\\IVI Foundation\\VISA\\', 'windir': 'C:\\WINDOWS', 'WindowsLibPath': 'C:\\Program Files (x86)\\Windows Kits\\10\\UnionMetadata\\10.0.17763.0;C:\\Program Files (x86)\\Windows Kits\\10\\References\\10.0.17763.0', 'WindowsSdkBinPath': 'C:\\Program Files (x86)\\Windows Kits\\10\\bin\\', 'WindowsSdkDir': 'C:\\Program Files (x86)\\Windows Kits\\10\\', 'WindowsSDKLibVersion': '10.0.17763.0\\', 'WindowsSdkVerBinPath': 'C:\\Program Files (x86)\\Windows Kits\\10\\bin\\10.0.17763.0\\', 'WindowsSDKVersion': '10.0.17763.0\\', '__DOTNET_ADD_32BIT': '1', '__DOTNET_ADD_64BIT': '1', '__DOTNET_PREFERRED_BITNESS': '32', '__VSCMD_PREINIT_PATH': 'C:\\Program Files\\National Instruments\\Shared\\OpenVINO\\;C:\\Python38\\Scripts\\;C:\\Python38\\;C:\\Program Files (x86)\\Intel\\Intel(R) Management Engine Components\\iCLS\\;C:\\Program Files\\Intel\\Intel(R) Management Engine Components\\iCLS\\;C:\\WINDOWS\\system32;C:\\WINDOWS;C:\\WINDOWS\\System32\\Wbem;C:\\WINDOWS\\System32\\WindowsPowerShell\\v1.0\\;C:\\Program Files (x86)\\Intel\\Intel(R) Management Engine Components\\DAL;C:\\Program Files\\Intel\\Intel(R) Management Engine Components\\DAL;C:\\Program Files (x86)\\Intel\\Intel(R) Management Engine Components\\IPT;C:\\Program Files\\Intel\\Intel(R) Management Engine Components\\IPT;C:\\WINDOWS\\System32\\OpenSSH\\;C:\\Program Files (x86)\\IVI Foundation\\VISA\\WinNT\\Bin;C:\\Program Files\\PuTTY\\;C:\\Program Files\\Java\\jdk-12.0.2\\bin;C:\\Users\\JoelB\\Desktop\\Maven\\apache-maven-3.6.3-bin\\apache-maven-3.6.3\\bin;C:\\Program Files\\nodejs;C:\\ProgramData\\chocolatey\\bin;C:\\Program Files\\Git\\cmd;C:\\Program Files\\CMake\\bin;C:\\MinGW\\bin;C:\\Program Files (x86)\\GnuWin32\\bin;E:\\World Painter\\WorldPainter;C:\\Program Files\\dotnet\\;C:\\Users\\Public\\wpilib\\2020\\frccode;C:\\ProgramData\\chocolatey\\lib\\cunit\\lib;C:\\ProgramData\\chocolatey\\lib\\tinyxml2\\lib;C:\\ProgramData\\chocolatey\\lib\\log4cxx\\lib;C:\\ProgramData\\chocolatey\\lib\\bullet\\lib;C:\\Program Files\\OpenSSL-Win64\\bin;C:\\Program Files\\Cppcheck;C:\\xmllint\\libxml2-2.9.3-win32-x86_64\\bin;F:\\dev\\ros2_foxy\\bin;F:\\QT\\5.15.0\\msvc2015_64;C:\\Python38\\Lib\\site-packages\\PyQt5\\Qt\\plugins\\platforms;C:\\Users\\JoelB\\AppData\\Local\\Programs\\Python\\Python37\\Scripts\\;C:\\Users\\JoelB\\AppData\\Local\\Programs\\Python\\Python37\\;C:\\Users\\JoelB\\AppData\\Local\\Microsoft\\WindowsApps;C:\\Users\\JoelB\\AppData\\Local\\Programs\\Microsoft VS Code\\bin;C:\\Users\\JoelB\\Desktop\\Coding\\jdk-12.0.2_windows-x64_bin\\jdk-12.0.2;C:\\Users\\JoelB\\AppData\\Roaming\\npm;C:\\Program Files (x86)\\Graphviz2.38\\bin;F:\\ROS2\\foxy\\ros2-foxy-20200807-windows-release-amd64\\ros2-windows\\bin;C:\\opencv\\opencv-3.4.6-vc16.VS2019\\opencv\\x64\\vc16\\bin', 'CL': '/MP'}, 'shell': False}
[39.641000] (-) TimerEvent: {}
[39.750000] (-) TimerEvent: {}
[39.797000] (lunabotics2021) StdoutLine: {'line': b'Microsoft (R) Build Engine version 15.9.21+g9802d43bc3 for .NET Framework\r\n'}
[39.797000] (lunabotics2021) StdoutLine: {'line': b'Copyright (C) Microsoft Corporation. All rights reserved.\r\n'}
[39.797000] (lunabotics2021) StdoutLine: {'line': b'\r\n'}
[39.860000] (-) TimerEvent: {}
[39.969000] (-) TimerEvent: {}
[40.079000] (-) TimerEvent: {}
[40.188000] (-) TimerEvent: {}
[40.297000] (-) TimerEvent: {}
[40.407000] (-) TimerEvent: {}
[40.516000] (-) TimerEvent: {}
[40.625000] (-) TimerEvent: {}
[40.735000] (-) TimerEvent: {}
[40.844000] (-) TimerEvent: {}
[40.844000] (lunabotics2021) StdoutLine: {'line': b'  Checking Build System\r\n'}
[40.954000] (-) TimerEvent: {}
[41.063000] (-) TimerEvent: {}
[41.172000] (-) TimerEvent: {}
[41.282000] (-) TimerEvent: {}
[41.391000] (-) TimerEvent: {}
[41.516000] (-) TimerEvent: {}
[41.625000] (-) TimerEvent: {}
[41.625000] (lunabotics2021) StdoutLine: {'line': b'  Building Custom Rule F:/dev/colcon_ws/src/lunabotics2021/CMakeLists.txt\r\n'}
[41.735000] (-) TimerEvent: {}
[41.844000] (-) TimerEvent: {}
[41.954000] (-) TimerEvent: {}
[42.063000] (-) TimerEvent: {}
[42.172000] (-) TimerEvent: {}
[42.204000] (lunabotics2021) StdoutLine: {'line': b'  hello.cpp\r\n'}
[42.282000] (-) TimerEvent: {}
[42.391000] (-) TimerEvent: {}
[42.500000] (-) TimerEvent: {}
[42.610000] (-) TimerEvent: {}
[42.719000] (-) TimerEvent: {}
[42.829000] (-) TimerEvent: {}
[42.938000] (-) TimerEvent: {}
[43.047000] (-) TimerEvent: {}
[43.157000] (-) TimerEvent: {}
[43.266000] (-) TimerEvent: {}
[43.360000] (lunabotics2021) StdoutLine: {'line': b"F:\\dev\\colcon_ws\\src\\lunabotics2021\\include\\ctre/phoenix/CANifier.h(6): fatal error C1083: Cannot open include file: 'ctre/phoenix/ErrorCode.h': No such file or directory [F:\\dev\\colcon_ws\\src\\lunabotics2021\\build\\lunabotics2021\\hello.vcxproj]\r\n"}
[43.375000] (-) TimerEvent: {}
[43.485000] (-) TimerEvent: {}
[43.594000] (-) TimerEvent: {}
[43.704000] (-) TimerEvent: {}
[43.813000] (-) TimerEvent: {}
[43.922000] (-) TimerEvent: {}
[44.032000] (-) TimerEvent: {}
[44.047000] (lunabotics2021) StdoutLine: {'line': b'  Building Custom Rule F:/dev/colcon_ws/src/lunabotics2021/CMakeLists.txt\r\n'}
[44.141000] (-) TimerEvent: {}
[44.250000] (-) TimerEvent: {}
[44.360000] (-) TimerEvent: {}
[44.469000] (-) TimerEvent: {}
[44.579000] (-) TimerEvent: {}
[44.688000] (-) TimerEvent: {}
[44.797000] (-) TimerEvent: {}
[44.907000] (-) TimerEvent: {}
[45.016000] (-) TimerEvent: {}
[45.125000] (-) TimerEvent: {}
[45.235000] (-) TimerEvent: {}
[45.344000] (-) TimerEvent: {}
[45.454000] (-) TimerEvent: {}
[45.563000] (-) TimerEvent: {}
[45.672000] (-) TimerEvent: {}
[45.782000] (-) TimerEvent: {}
[45.891000] (-) TimerEvent: {}
[45.954000] (lunabotics2021) StdoutLine: {'line': b'  listen.cpp\r\n'}
[45.969000] (lunabotics2021) StdoutLine: {'line': b"F:\\dev\\colcon_ws\\src\\lunabotics2021\\src\\listen.cpp(1): fatal error C1083: Cannot open include file: 'std_msgs/msg/string.hpp': No such file or directory [F:\\dev\\colcon_ws\\src\\lunabotics2021\\build\\lunabotics2021\\listen.vcxproj]\r\n"}
[46.000000] (-) TimerEvent: {}
[46.110000] (-) TimerEvent: {}
[46.219000] (-) TimerEvent: {}
[46.329000] (-) TimerEvent: {}
[46.360000] (lunabotics2021) CommandEnded: {'returncode': 1}
[46.360000] (lunabotics2021) JobEnded: {'identifier': 'lunabotics2021', 'rc': 1}
[46.532000] (-) TimerEvent: {}
[46.532000] (-) EventReactorShutdown: {}
