[0.125s] Invoking command in 'F:\dev\colcon_ws\src\lunabotics2021\build\lunabotics2021': C:\Program Files\CMake\bin\cmake.EXE F:\dev\colcon_ws\src\lunabotics2021 -DAMENT_CMAKE_SYMLINK_INSTALL=1 -DCMAKE_INSTALL_PREFIX=F:\dev\colcon_ws\src\lunabotics2021\install\lunabotics2021
[0.203s] -- Selecting Windows SDK version 10.0.17763.0 to target Windows 10.0.18363.
[0.266s] -- Found ament_cmake: 0.9.6 (F:/dev/ros2_foxy/share/ament_cmake/cmake)
[0.406s] -- Using PYTHON_EXECUTABLE: C:/Python38/python.exe
[1.422s] -- Override CMake install command with custom implementation using symlinks instead of copying resources
[1.578s] -- Found rclcpp: 2.1.0 (F:/dev/ros2_foxy/share/rclcpp/cmake)
[1.719s] -- Using all available rosidl_typesupport_c: rosidl_typesupport_connext_c;rosidl_typesupport_fastrtps_c;rosidl_typesupport_introspection_c
[1.734s] -- Found rosidl_adapter: 1.0.1 (F:/dev/ros2_foxy/share/rosidl_adapter/cmake)
[2.656s] -- Could not find RTI Connext - skipping rosidl_typesupport_connext_c
[2.687s] -- Could not find RTI Connext - skipping rosidl_typesupport_connext_cpp
[2.953s] -- Using all available rosidl_typesupport_cpp: rosidl_typesupport_connext_cpp;rosidl_typesupport_fastrtps_cpp;rosidl_typesupport_introspection_cpp
[3.078s] -- Found rmw_implementation_cmake: 1.0.1 (F:/dev/ros2_foxy/share/rmw_implementation_cmake/cmake)
[3.078s] -- Using RMW implementation 'rmw_fastrtps_cpp' as default
[3.266s] -- Found std_msgs: 2.0.3 (F:/dev/ros2_foxy/share/std_msgs/cmake)
[3.328s] -- Found ament_lint_auto: 0.9.5 (F:/dev/ros2_foxy/share/ament_lint_auto/cmake)
[3.594s] -- Added test 'copyright' to check source files copyright and LICENSE
[3.922s] -- Added test 'cppcheck' to perform static code analysis on C / C++ code
[3.922s] -- Configured cppcheck include dirs: $<BUILD_INTERFACE:F:/dev/colcon_ws/src/lunabotics2021/include>
[3.922s] -- Configured cppcheck exclude dirs and/or files: 
[4.531s] -- Added test 'cpplint' to check C / C++ code against the Google style
[4.531s] -- Configured cpplint exclude dirs and/or files: 
[4.641s] -- Added test 'flake8' to check Python code syntax and style conventions
[4.875s] -- Added test 'lint_cmake' to check CMake code style
[5.000s] -- Added test 'pep257' to check Python code against some of the style conventions in PEP 257
[6.031s] -- Added test 'uncrustify' to check C / C++ code style
[6.031s] -- Configured uncrustify additional arguments: 
[6.219s] -- Added test 'xmllint' to check XML markup files
[6.281s] -- Configuring done
[7.406s] -- Generating done
[7.422s] -- Build files have been written to: F:/dev/colcon_ws/src/lunabotics2021/build/lunabotics2021
[7.437s] Invoked command in 'F:\dev\colcon_ws\src\lunabotics2021\build\lunabotics2021' returned '0': C:\Program Files\CMake\bin\cmake.EXE F:\dev\colcon_ws\src\lunabotics2021 -DAMENT_CMAKE_SYMLINK_INSTALL=1 -DCMAKE_INSTALL_PREFIX=F:\dev\colcon_ws\src\lunabotics2021\install\lunabotics2021
[7.437s] Invoking command in 'F:\dev\colcon_ws\src\lunabotics2021\build\lunabotics2021': CL=/MP C:\Program Files\CMake\bin\cmake.EXE --build F:\dev\colcon_ws\src\lunabotics2021\build\lunabotics2021 --config Release
[7.578s] Microsoft (R) Build Engine version 15.9.21+g9802d43bc3 for .NET Framework
[7.578s] Copyright (C) Microsoft Corporation. All rights reserved.
[7.578s] 
[10.359s] hello.obj : error LNK2019: unresolved external symbol "int __cdecl ctre::phoenix::platform::can::SetCANInterface(char const *)" (?SetCANInterface@can@platform@phoenix@ctre@@YAHPEBD@Z) referenced in function main [F:\dev\colcon_ws\src\lunabotics2021\build\lunabotics2021\hello.vcxproj]
[10.359s] ..\..\lib\x86-64\libCTRE_Phoenix.a : fatal error LNK1107: invalid or corrupt file: cannot read at 0x56FF0 [F:\dev\colcon_ws\src\lunabotics2021\build\lunabotics2021\hello.vcxproj]
[10.484s]   listen.vcxproj -> F:\dev\colcon_ws\src\lunabotics2021\build\lunabotics2021\Release\listen.exe
[10.562s] Invoked command in 'F:\dev\colcon_ws\src\lunabotics2021\build\lunabotics2021' returned '1': CL=/MP C:\Program Files\CMake\bin\cmake.EXE --build F:\dev\colcon_ws\src\lunabotics2021\build\lunabotics2021 --config Release
