-- Selecting Windows SDK version 10.0.17763.0 to target Windows 10.0.18363.
-- Found ament_cmake: 0.9.6 (F:/dev/ros2_foxy/share/ament_cmake/cmake)
-- Using PYTHON_EXECUTABLE: C:/Python38/python.exe
-- Override CMake install command with custom implementation using symlinks instead of copying resources
-- Found rclcpp: 2.1.0 (F:/dev/ros2_foxy/share/rclcpp/cmake)
-- Using all available rosidl_typesupport_c: rosidl_typesupport_connext_c;rosidl_typesupport_fastrtps_c;rosidl_typesupport_introspection_c
-- Found rosidl_adapter: 1.0.1 (F:/dev/ros2_foxy/share/rosidl_adapter/cmake)
-- Could not find RTI Connext - skipping rosidl_typesupport_connext_c
-- Could not find RTI Connext - skipping rosidl_typesupport_connext_cpp
-- Using all available rosidl_typesupport_cpp: rosidl_typesupport_connext_cpp;rosidl_typesupport_fastrtps_cpp;rosidl_typesupport_introspection_cpp
-- Found rmw_implementation_cmake: 1.0.1 (F:/dev/ros2_foxy/share/rmw_implementation_cmake/cmake)
-- Using RMW implementation 'rmw_fastrtps_cpp' as default
-- Found std_msgs: 2.0.3 (F:/dev/ros2_foxy/share/std_msgs/cmake)
-- Found ament_lint_auto: 0.9.5 (F:/dev/ros2_foxy/share/ament_lint_auto/cmake)
-- Added test 'copyright' to check source files copyright and LICENSE
-- Added test 'cppcheck' to perform static code analysis on C / C++ code
-- Configured cppcheck include dirs: F:/dev/colcon_ws/src/lunabotics2021/hello;F:/dev/colcon_ws/src/lunabotics2021/include/ctre;$<BUILD_INTERFACE:F:/dev/colcon_ws/src/lunabotics2021/include>
-- Configured cppcheck exclude dirs and/or files: 
-- Added test 'cpplint' to check C / C++ code against the Google style
-- Configured cpplint exclude dirs and/or files: 
-- Added test 'flake8' to check Python code syntax and style conventions
-- Added test 'lint_cmake' to check CMake code style
-- Added test 'pep257' to check Python code against some of the style conventions in PEP 257
-- Added test 'uncrustify' to check C / C++ code style
-- Configured uncrustify additional arguments: 
-- Added test 'xmllint' to check XML markup files
-- Configuring done
-- Generating done
-- Build files have been written to: F:/dev/colcon_ws/src/lunabotics2021/build/lunabotics2021
Microsoft (R) Build Engine version 15.9.21+g9802d43bc3 for .NET Framework
Copyright (C) Microsoft Corporation. All rights reserved.

  hello.cpp
hello.obj : error LNK2019: unresolved external symbol "int __cdecl ctre::phoenix::platform::can::SetCANInterface(char const *)" (?SetCANInterface@can@platform@phoenix@ctre@@YAHPEBD@Z) referenced in function main [F:\dev\colcon_ws\src\lunabotics2021\build\lunabotics2021\hello.vcxproj]
F:\dev\colcon_ws\src\lunabotics2021\build\lunabotics2021\Release\hello.exe : fatal error LNK1120: 1 unresolved externals [F:\dev\colcon_ws\src\lunabotics2021\build\lunabotics2021\hello.vcxproj]
  listen.cpp
F:\dev\colcon_ws\src\lunabotics2021\src\listen.cpp(1): fatal error C1083: Cannot open include file: 'std_msgs/msg/string.hpp': No such file or directory [F:\dev\colcon_ws\src\lunabotics2021\build\lunabotics2021\listen.vcxproj]
