[0.407s] Invoking command in 'F:\dev\colcon_ws\src\lunabotics2021\build\lunabotics2021': C:\Program Files\CMake\bin\cmake.EXE F:\dev\colcon_ws\src\lunabotics2021 -DAMENT_CMAKE_SYMLINK_INSTALL=1 -DCMAKE_INSTALL_PREFIX=F:\dev\colcon_ws\src\lunabotics2021\install\lunabotics2021
[0.454s] -- Selecting Windows SDK version 10.0.17763.0 to target Windows 10.0.18363.
[0.516s] -- Found ament_cmake: 0.9.6 (F:/dev/ros2_foxy/share/ament_cmake/cmake)
[0.657s] -- Using PYTHON_EXECUTABLE: C:/Python38/python.exe
[1.516s] -- Override CMake install command with custom implementation using symlinks instead of copying resources
[1.891s] -- Found rclcpp: 2.1.0 (F:/dev/ros2_foxy/share/rclcpp/cmake)
[1.954s] -- Using all available rosidl_typesupport_c: rosidl_typesupport_connext_c;rosidl_typesupport_fastrtps_c;rosidl_typesupport_introspection_c
[1.969s] -- Found rosidl_adapter: 1.0.1 (F:/dev/ros2_foxy/share/rosidl_adapter/cmake)
[2.594s] -- Could not find RTI Connext - skipping rosidl_typesupport_connext_c
[2.641s] -- Could not find RTI Connext - skipping rosidl_typesupport_connext_cpp
[2.938s] -- Using all available rosidl_typesupport_cpp: rosidl_typesupport_connext_cpp;rosidl_typesupport_fastrtps_cpp;rosidl_typesupport_introspection_cpp
[3.016s] -- Found rmw_implementation_cmake: 1.0.1 (F:/dev/ros2_foxy/share/rmw_implementation_cmake/cmake)
[3.016s] -- Using RMW implementation 'rmw_fastrtps_cpp' as default
[3.219s] -- Found std_msgs: 2.0.3 (F:/dev/ros2_foxy/share/std_msgs/cmake)
[3.438s] -- Found ament_lint_auto: 0.9.5 (F:/dev/ros2_foxy/share/ament_lint_auto/cmake)
[6.422s] -- Added test 'copyright' to check source files copyright and LICENSE
[6.844s] -- Added test 'cppcheck' to perform static code analysis on C / C++ code
[6.844s] -- Configured cppcheck include dirs: F:/dev/colcon_ws/src/lunabotics2021/hello;F:/dev/colcon_ws/src/lunabotics2021/include/ctre;$<BUILD_INTERFACE:F:/dev/colcon_ws/src/lunabotics2021/include>
[6.844s] -- Configured cppcheck exclude dirs and/or files: 
[7.250s] -- Added test 'cpplint' to check C / C++ code against the Google style
[7.250s] -- Configured cpplint exclude dirs and/or files: 
[7.313s] -- Added test 'flake8' to check Python code syntax and style conventions
[7.469s] -- Added test 'lint_cmake' to check CMake code style
[7.516s] -- Added test 'pep257' to check Python code against some of the style conventions in PEP 257
[8.032s] -- Added test 'uncrustify' to check C / C++ code style
[8.032s] -- Configured uncrustify additional arguments: 
[8.079s] -- Added test 'xmllint' to check XML markup files
[8.375s] -- Configuring done
[11.469s] -- Generating done
[11.672s] -- Build files have been written to: F:/dev/colcon_ws/src/lunabotics2021/build/lunabotics2021
[11.672s] Invoked command in 'F:\dev\colcon_ws\src\lunabotics2021\build\lunabotics2021' returned '0': C:\Program Files\CMake\bin\cmake.EXE F:\dev\colcon_ws\src\lunabotics2021 -DAMENT_CMAKE_SYMLINK_INSTALL=1 -DCMAKE_INSTALL_PREFIX=F:\dev\colcon_ws\src\lunabotics2021\install\lunabotics2021
[11.704s] Invoking command in 'F:\dev\colcon_ws\src\lunabotics2021\build\lunabotics2021': CL=/MP C:\Program Files\CMake\bin\cmake.EXE --build F:\dev\colcon_ws\src\lunabotics2021\build\lunabotics2021 --config Release
[11.891s] Microsoft (R) Build Engine version 15.9.21+g9802d43bc3 for .NET Framework
[11.891s] Copyright (C) Microsoft Corporation. All rights reserved.
[11.891s] 
[13.969s]   hello.cpp
[21.032s] hello.obj : error LNK2019: unresolved external symbol "int __cdecl ctre::phoenix::platform::can::SetCANInterface(char const *)" (?SetCANInterface@can@platform@phoenix@ctre@@YAHPEBD@Z) referenced in function main [F:\dev\colcon_ws\src\lunabotics2021\build\lunabotics2021\hello.vcxproj]
[21.032s] F:\dev\colcon_ws\src\lunabotics2021\build\lunabotics2021\Release\hello.exe : fatal error LNK1120: 1 unresolved externals [F:\dev\colcon_ws\src\lunabotics2021\build\lunabotics2021\hello.vcxproj]
[21.985s]   listen.cpp
[22.032s] F:\dev\colcon_ws\src\lunabotics2021\src\listen.cpp(1): fatal error C1083: Cannot open include file: 'std_msgs/msg/string.hpp': No such file or directory [F:\dev\colcon_ws\src\lunabotics2021\build\lunabotics2021\listen.vcxproj]
[22.485s] Invoked command in 'F:\dev\colcon_ws\src\lunabotics2021\build\lunabotics2021' returned '1': CL=/MP C:\Program Files\CMake\bin\cmake.EXE --build F:\dev\colcon_ws\src\lunabotics2021\build\lunabotics2021 --config Release
