-- Selecting Windows SDK version 10.0.17763.0 to target Windows 10.0.18363.
-- Found ament_cmake: 0.9.6 (F:/dev/ros2_foxy/share/ament_cmake/cmake)
-- Using PYTHON_EXECUTABLE: C:/Python38/python.exe
-- Override CMake install command with custom implementation using symlinks instead of copying resources
-- Found rclcpp: 2.1.0 (F:/dev/ros2_foxy/share/rclcpp/cmake)
-- Using all available rosidl_typesupport_c: rosidl_typesupport_connext_c;rosidl_typesupport_fastrtps_c;rosidl_typesupport_introspection_c
-- Found rosidl_adapter: 1.0.1 (F:/dev/ros2_foxy/share/rosidl_adapter/cmake)
-- Could not find RTI Connext - skipping rosidl_typesupport_connext_c
-- Could not find RTI Connext - skipping rosidl_typesupport_connext_cpp
-- Using all available rosidl_typesupport_cpp: rosidl_typesupport_connext_cpp;rosidl_typesupport_fastrtps_cpp;rosidl_typesupport_introspection_cpp
-- Found rmw_implementation_cmake: 1.0.1 (F:/dev/ros2_foxy/share/rmw_implementation_cmake/cmake)
-- Using RMW implementation 'rmw_fastrtps_cpp' as default
-- Found std_msgs: 2.0.3 (F:/dev/ros2_foxy/share/std_msgs/cmake)
-- Found ament_lint_auto: 0.9.5 (F:/dev/ros2_foxy/share/ament_lint_auto/cmake)
-- Added test 'copyright' to check source files copyright and LICENSE
-- Added test 'cppcheck' to perform static code analysis on C / C++ code
-- Configured cppcheck include dirs: $<BUILD_INTERFACE:F:/dev/colcon_ws/src/lunabotics2021/include>
-- Configured cppcheck exclude dirs and/or files: 
-- Added test 'cpplint' to check C / C++ code against the Google style
-- Configured cpplint exclude dirs and/or files: 
-- Added test 'flake8' to check Python code syntax and style conventions
-- Added test 'lint_cmake' to check CMake code style
-- Added test 'pep257' to check Python code against some of the style conventions in PEP 257
-- Added test 'uncrustify' to check C / C++ code style
-- Configured uncrustify additional arguments: 
-- Added test 'xmllint' to check XML markup files
-- Configuring done
-- Generating done
-- Build files have been written to: F:/dev/colcon_ws/src/lunabotics2021/build/lunabotics2021
Microsoft (R) Build Engine version 15.9.21+g9802d43bc3 for .NET Framework
Copyright (C) Microsoft Corporation. All rights reserved.

  hello.vcxproj -> F:\dev\colcon_ws\src\lunabotics2021\build\lunabotics2021\Release\hello.exe
  listen.cpp
F:\dev\colcon_ws\src\lunabotics2021\src\listen.cpp(30): warning C4551: function call missing argument list [F:\dev\colcon_ws\src\lunabotics2021\build\lunabotics2021\listen.vcxproj]
F:\dev\colcon_ws\src\lunabotics2021\src\listen.cpp(33): error C2589: 'do': illegal token on right side of '::' [F:\dev\colcon_ws\src\lunabotics2021\build\lunabotics2021\listen.vcxproj]
F:\dev\colcon_ws\src\lunabotics2021\src\listen.cpp(33): error C2059: syntax error: '{' [F:\dev\colcon_ws\src\lunabotics2021\build\lunabotics2021\listen.vcxproj]
F:\dev\colcon_ws\src\lunabotics2021\src\listen.cpp(33): error C2143: syntax error: missing ';' before '{' [F:\dev\colcon_ws\src\lunabotics2021\build\lunabotics2021\listen.vcxproj]
F:\dev\colcon_ws\src\lunabotics2021\src\listen.cpp(33): error C2275: 'listen': illegal use of this type as an expression [F:\dev\colcon_ws\src\lunabotics2021\build\lunabotics2021\listen.vcxproj]
  F:\dev\colcon_ws\src\lunabotics2021\src\listen.cpp(6): note: see declaration of 'listen'
F:\dev\colcon_ws\src\lunabotics2021\src\listen.cpp(33): error C2955: 'std::remove_reference': use of class template requires template argument list [F:\dev\colcon_ws\src\lunabotics2021\build\lunabotics2021\listen.vcxproj]
  C:\Program Files (x86)\Microsoft Visual Studio\2017\BuildTools\VC\Tools\MSVC\14.16.27023\include\xtr1common(318): note: see declaration of 'std::remove_reference'
F:\dev\colcon_ws\src\lunabotics2021\src\listen.cpp(33): error C2057: expected constant expression [F:\dev\colcon_ws\src\lunabotics2021\build\lunabotics2021\listen.vcxproj]
