[0.000000] (-) TimerEvent: {}
[0.000000] (lunabotics2021) JobQueued: {'identifier': 'lunabotics2021', 'dependencies': OrderedDict()}
[0.016000] (lunabotics2021) JobStarted: {'identifier': 'lunabotics2021'}
[0.110000] (-) TimerEvent: {}
[0.188000] (lunabotics2021) JobProgress: {'identifier': 'lunabotics2021', 'progress': 'cmake'}
[0.203000] (lunabotics2021) Command: {'cmd': ['C:\\Program Files\\CMake\\bin\\cmake.EXE', 'F:\\dev\\colcon_ws\\src\\lunabotics2021', '-DCMAKE_INSTALL_PREFIX=F:\\dev\\colcon_ws\\src\\lunabotics2021\\install\\lunabotics2021', '-G', 'Visual Studio 15 2017', '-A', 'x64'], 'cwd': 'F:\\dev\\colcon_ws\\src\\lunabotics2021\\build\\lunabotics2021', 'env': OrderedDict([('ALLUSERSPROFILE', 'C:\\ProgramData'), ('AMENT_PREFIX_PATH', 'F:\\dev\\ros2_foxy'), ('APPDATA', 'C:\\Users\\JoelB\\AppData\\Roaming'), ('ChocolateyInstall', 'C:\\ProgramData\\chocolatey'), ('ChocolateyLastPathUpdate', '132440800097210234'), ('CMAKE_PREFIX_PATH', 'F:\\dev\\ros2_foxy'), ('COLCON', '1'), ('COLCON_PREFIX_PATH', 'F:\\dev\\ros2_foxy\\'), ('CommandPromptType', 'Cross'), ('CommonProgramFiles', 'C:\\Program Files\\Common Files'), ('CommonProgramFiles(x86)', 'C:\\Program Files (x86)\\Common Files'), ('CommonProgramW6432', 'C:\\Program Files\\Common Files'), ('COMPUTERNAME', 'LAPTOP-F21FPG6D'), ('ComSpec', 'C:\\WINDOWS\\system32\\cmd.exe'), ('configsetroot', 'C:\\WINDOWS\\ConfigSetRoot'), ('DevEnvDir', 'C:\\Program Files (x86)\\Microsoft Visual Studio\\2017\\BuildTools\\Common7\\IDE\\'), ('DriverData', 'C:\\Windows\\System32\\Drivers\\DriverData'), ('ExtensionSdkDir', 'C:\\Program Files (x86)\\Microsoft SDKs\\Windows Kits\\10\\ExtensionSDKs'), ('Framework40Version', 'v4.0'), ('FrameworkDir', 'C:\\Windows\\Microsoft.NET\\Framework\\'), ('FrameworkDir32', 'C:\\Windows\\Microsoft.NET\\Framework\\'), ('FrameworkDir64', 'C:\\Windows\\Microsoft.NET\\Framework64\\'), ('FrameworkVersion', 'v4.0.30319'), ('FrameworkVersion32', 'v4.0.30319'), ('FrameworkVersion64', 'v4.0.30319'), ('HOMEDRIVE', 'C:'), ('HOMEPATH', '\\Users\\JoelB'), ('INCLUDE', 'C:\\Program Files (x86)\\Microsoft Visual Studio\\2017\\BuildTools\\VC\\Tools\\MSVC\\14.16.27023\\include;C:\\Program Files (x86)\\Windows Kits\\10\\include\\10.0.17763.0\\ucrt;C:\\Program Files (x86)\\Windows Kits\\10\\include\\10.0.17763.0\\shared;C:\\Program Files (x86)\\Windows Kits\\10\\include\\10.0.17763.0\\um;C:\\Program Files (x86)\\Windows Kits\\10\\include\\10.0.17763.0\\winrt;C:\\Program Files (x86)\\Windows Kits\\10\\include\\10.0.17763.0\\cppwinrt'), ('JAVA_HOME', 'C:\\Program Files\\Java\\jdk-12.0.2'), ('LIB', 'C:\\Program Files (x86)\\Microsoft Visual Studio\\2017\\BuildTools\\VC\\Tools\\MSVC\\14.16.27023\\lib\\x64;C:\\Program Files (x86)\\Windows Kits\\10\\lib\\10.0.17763.0\\ucrt\\x64;C:\\Program Files (x86)\\Windows Kits\\10\\lib\\10.0.17763.0\\um\\x64;'), ('LIBPATH', 'C:\\Program Files (x86)\\Microsoft Visual Studio\\2017\\BuildTools\\VC\\Tools\\MSVC\\14.16.27023\\lib\\x64;C:\\Program Files (x86)\\Microsoft Visual Studio\\2017\\BuildTools\\VC\\Tools\\MSVC\\14.16.27023\\lib\\x86\\store\\references;C:\\Program Files (x86)\\Windows Kits\\10\\UnionMetadata\\10.0.17763.0;C:\\Program Files (x86)\\Windows Kits\\10\\References\\10.0.17763.0;C:\\Windows\\Microsoft.NET\\Framework\\v4.0.30319;'), ('LOCALAPPDATA', 'C:\\Users\\JoelB\\AppData\\Local'), ('LOGONSERVER', '\\\\LAPTOP-F21FPG6D'), ('NIEXTCCOMPILERSUPP', 'C:\\Program Files (x86)\\National Instruments\\Shared\\ExternalCompilerSupport\\C\\'), ('NUMBER_OF_PROCESSORS', '8'), ('OneDrive', 'C:\\Users\\JoelB\\OneDrive'), ('OneDriveConsumer', 'C:\\Users\\JoelB\\OneDrive'), ('OpenCV_DIR', 'C:\\opencv'), ('OS', 'Windows_NT'), ('OV_NI_PLUGIN_DIR', 'C:\\Program Files\\National Instruments\\Shared\\OpenVINO\\'), ('Path', 'F:\\dev\\ros2_foxy\\opt\\yaml_cpp_vendor\\bin;F:\\dev\\ros2_foxy\\opt\\rviz_ogre_vendor\\bin;F:\\dev\\ros2_foxy\\opt\\rviz_assimp_vendor\\bin;F:\\dev\\ros2_foxy\\opt\\libcurl_vendor\\bin;F:\\dev\\ros2_foxy\\Scripts;C:\\Program Files (x86)\\Microsoft Visual Studio\\2017\\BuildTools\\VC\\Tools\\MSVC\\14.16.27023\\bin\\HostX86\\x64;C:\\Program Files (x86)\\Microsoft Visual Studio\\2017\\BuildTools\\VC\\Tools\\MSVC\\14.16.27023\\bin\\HostX86\\x86;C:\\Program Files (x86)\\Microsoft Visual Studio\\2017\\BuildTools\\Common7\\IDE\\CommonExtensions\\Microsoft\\TestWindow;C:\\Program Files (x86)\\Microsoft Visual Studio\\2017\\BuildTools\\MSBuild\\15.0\\bin\\Roslyn;C:\\Program Files (x86)\\Windows Kits\\10\\bin\\10.0.17763.0\\x86;C:\\Program Files (x86)\\Windows Kits\\10\\bin\\x86;C:\\Program Files (x86)\\Microsoft Visual Studio\\2017\\BuildTools\\\\MSBuild\\15.0\\bin;C:\\Windows\\Microsoft.NET\\Framework\\v4.0.30319;C:\\Program Files (x86)\\Microsoft Visual Studio\\2017\\BuildTools\\Common7\\IDE\\;C:\\Program Files (x86)\\Microsoft Visual Studio\\2017\\BuildTools\\Common7\\Tools\\;C:\\Program Files\\National Instruments\\Shared\\OpenVINO\\;C:\\Python38\\Scripts\\;C:\\Python38\\;C:\\Program Files (x86)\\Intel\\Intel(R) Management Engine Components\\iCLS\\;C:\\Program Files\\Intel\\Intel(R) Management Engine Components\\iCLS\\;C:\\WINDOWS\\system32;C:\\WINDOWS;C:\\WINDOWS\\System32\\Wbem;C:\\WINDOWS\\System32\\WindowsPowerShell\\v1.0\\;C:\\Program Files (x86)\\Intel\\Intel(R) Management Engine Components\\DAL;C:\\Program Files\\Intel\\Intel(R) Management Engine Components\\DAL;C:\\Program Files (x86)\\Intel\\Intel(R) Management Engine Components\\IPT;C:\\Program Files\\Intel\\Intel(R) Management Engine Components\\IPT;C:\\WINDOWS\\System32\\OpenSSH\\;C:\\Program Files (x86)\\IVI Foundation\\VISA\\WinNT\\Bin;C:\\Program Files\\PuTTY\\;C:\\Program Files\\Java\\jdk-12.0.2\\bin;C:\\Users\\JoelB\\Desktop\\Maven\\apache-maven-3.6.3-bin\\apache-maven-3.6.3\\bin;C:\\Program Files\\nodejs;C:\\ProgramData\\chocolatey\\bin;C:\\Program Files\\Git\\cmd;C:\\Program Files\\CMake\\bin;C:\\MinGW\\bin;C:\\Program Files (x86)\\GnuWin32\\bin;E:\\World Painter\\WorldPainter;C:\\Program Files\\dotnet\\;C:\\Users\\Public\\wpilib\\2020\\frccode;C:\\ProgramData\\chocolatey\\lib\\cunit\\lib;C:\\ProgramData\\chocolatey\\lib\\tinyxml2\\lib;C:\\ProgramData\\chocolatey\\lib\\log4cxx\\lib;C:\\ProgramData\\chocolatey\\lib\\bullet\\lib;C:\\Program Files\\OpenSSL-Win64\\bin;C:\\Program Files\\Cppcheck;C:\\xmllint\\libxml2-2.9.3-win32-x86_64\\bin;F:\\dev\\ros2_foxy\\bin;F:\\QT\\5.15.0\\msvc2015_64;C:\\Python38\\Lib\\site-packages\\PyQt5\\Qt\\plugins\\platforms;C:\\Users\\JoelB\\AppData\\Local\\Programs\\Python\\Python37\\Scripts\\;C:\\Users\\JoelB\\AppData\\Local\\Programs\\Python\\Python37\\;C:\\Users\\JoelB\\AppData\\Local\\Microsoft\\WindowsApps;C:\\Users\\JoelB\\AppData\\Local\\Programs\\Microsoft VS Code\\bin;C:\\Users\\JoelB\\Desktop\\Coding\\jdk-12.0.2_windows-x64_bin\\jdk-12.0.2;C:\\Users\\JoelB\\Desktop\\Maven\\apache-maven-3.6.3-bin\\apache-maven-3.6.3\\bin;C:\\Users\\JoelB\\AppData\\Roaming\\npm;C:\\Program Files\\nodejs;C:\\Users\\Public\\wpilib\\2020\\frccode;C:\\Program Files\\CMake\\bin;C:\\Program Files (x86)\\Graphviz2.38\\bin;C:\\Program Files\\OpenSSL-Win64\\bin;F:\\ROS2\\foxy\\ros2-foxy-20200807-windows-release-amd64\\ros2-windows\\bin;C:\\opencv\\opencv-3.4.6-vc16.VS2019\\opencv\\x64\\vc16\\bin;F:\\QT\\5.15.0\\msvc2015_64;;C:\\Program Files (x86)\\Microsoft Visual Studio\\2017\\BuildTools\\Common7\\IDE\\CommonExtensions\\Microsoft\\CMake\\CMake\\bin;C:\\Program Files (x86)\\Microsoft Visual Studio\\2017\\BuildTools\\Common7\\IDE\\CommonExtensions\\Microsoft\\CMake\\Ninja'), ('PATHEXT', '.COM;.EXE;.BAT;.CMD;.VBS;.VBE;.JS;.JSE;.WSF;.WSH;.MSC;.PY;.PYW'), ('PKG_CONFIG_PATH', 'F:\\dev\\ros2_foxy\\lib\\pkgconfig'), ('Platform', 'x64'), ('PROCESSOR_ARCHITECTURE', 'AMD64'), ('PROCESSOR_IDENTIFIER', 'Intel64 Family 6 Model 142 Stepping 10, GenuineIntel'), ('PROCESSOR_LEVEL', '6'), ('PROCESSOR_REVISION', '8e0a'), ('ProgramData', 'C:\\ProgramData'), ('ProgramFiles', 'C:\\Program Files'), ('ProgramFiles(x86)', 'C:\\Program Files (x86)'), ('ProgramW6432', 'C:\\Program Files'), ('PROMPT', '$P$G'), ('PSModulePath', 'C:\\Program Files\\WindowsPowerShell\\Modules;C:\\WINDOWS\\system32\\WindowsPowerShell\\v1.0\\Modules'), ('PUBLIC', 'C:\\Users\\Public'), ('PYTHONPATH', 'F:\\dev\\ros2_foxy\\Lib\\site-packages'), ('QSYS_ROOTDIR', 'E:\\Quartus_Prime\\quartus\\sopc_builder\\bin'), ('QT_QPA_PLATFORM_PLUGIN_PATH', 'C:\\Python38\\Lib\\site-packages\\PyQt5\\Qt\\plugins\\platforms'), ('QUARTUS_ROOTDIR', 'E:\\Quartus_Prime\\quartus'), ('ROS_DISTRO', 'foxy'), ('ROS_DOMAIN_ID', '12'), ('ROS_LOCALHOST_ONLY', '0'), ('ROS_PYTHON_VERSION', '3'), ('ROS_VERSION', '2'), ('SESSIONNAME', 'Console'), ('SOPC_KIT_NIOS2', 'E:\\Quartus_Prime\\nios2eds'), ('SystemDrive', 'C:'), ('SystemRoot', 'C:\\WINDOWS'), ('TEMP', 'C:\\Users\\JoelB\\AppData\\Local\\Temp'), ('TMP', 'C:\\Users\\JoelB\\AppData\\Local\\Temp'), ('UCRTVersion', '10.0.17763.0'), ('UniversalCRTSdkDir', 'C:\\Program Files (x86)\\Windows Kits\\10\\'), ('USERDOMAIN', 'LAPTOP-F21FPG6D'), ('USERDOMAIN_ROAMINGPROFILE', 'LAPTOP-F21FPG6D'), ('USERNAME', 'JoelB'), ('USERPROFILE', 'C:\\Users\\JoelB'), ('VBOX_MSI_INSTALL_PATH', 'C:\\Program Files\\Oracle\\VirtualBox\\'), ('VCIDEInstallDir', 'C:\\Program Files (x86)\\Microsoft Visual Studio\\2017\\BuildTools\\Common7\\IDE\\VC\\'), ('VCINSTALLDIR', 'C:\\Program Files (x86)\\Microsoft Visual Studio\\2017\\BuildTools\\VC\\'), ('VCToolsInstallDir', 'C:\\Program Files (x86)\\Microsoft Visual Studio\\2017\\BuildTools\\VC\\Tools\\MSVC\\14.16.27023\\'), ('VCToolsRedistDir', 'C:\\Program Files (x86)\\Microsoft Visual Studio\\2017\\BuildTools\\VC\\Redist\\MSVC\\14.16.27012\\'), ('VCToolsVersion', '14.16.27023'), ('VisualStudioVersion', '15.0'), ('VS150COMNTOOLS', 'C:\\Program Files (x86)\\Microsoft Visual Studio\\2017\\BuildTools\\Common7\\Tools\\'), ('VSCMD_ARG_app_plat', 'Desktop'), ('VSCMD_ARG_HOST_ARCH', 'x86'), ('VSCMD_ARG_TGT_ARCH', 'x64'), ('VSCMD_VER', '15.0'), ('VSINSTALLDIR', 'C:\\Program Files (x86)\\Microsoft Visual Studio\\2017\\BuildTools\\'), ('VXIPNPPATH', 'C:\\Program Files (x86)\\IVI Foundation\\VISA\\'), ('windir', 'C:\\WINDOWS'), ('WindowsLibPath', 'C:\\Program Files (x86)\\Windows Kits\\10\\UnionMetadata\\10.0.17763.0;C:\\Program Files (x86)\\Windows Kits\\10\\References\\10.0.17763.0'), ('WindowsSdkBinPath', 'C:\\Program Files (x86)\\Windows Kits\\10\\bin\\'), ('WindowsSdkDir', 'C:\\Program Files (x86)\\Windows Kits\\10\\'), ('WindowsSDKLibVersion', '10.0.17763.0\\'), ('WindowsSdkVerBinPath', 'C:\\Program Files (x86)\\Windows Kits\\10\\bin\\10.0.17763.0\\'), ('WindowsSDKVersion', '10.0.17763.0\\'), ('__DOTNET_ADD_32BIT', '1'), ('__DOTNET_ADD_64BIT', '1'), ('__DOTNET_PREFERRED_BITNESS', '32'), ('__VSCMD_PREINIT_PATH', 'C:\\Program Files\\National Instruments\\Shared\\OpenVINO\\;C:\\Python38\\Scripts\\;C:\\Python38\\;C:\\Program Files (x86)\\Intel\\Intel(R) Management Engine Components\\iCLS\\;C:\\Program Files\\Intel\\Intel(R) Management Engine Components\\iCLS\\;C:\\WINDOWS\\system32;C:\\WINDOWS;C:\\WINDOWS\\System32\\Wbem;C:\\WINDOWS\\System32\\WindowsPowerShell\\v1.0\\;C:\\Program Files (x86)\\Intel\\Intel(R) Management Engine Components\\DAL;C:\\Program Files\\Intel\\Intel(R) Management Engine Components\\DAL;C:\\Program Files (x86)\\Intel\\Intel(R) Management Engine Components\\IPT;C:\\Program Files\\Intel\\Intel(R) Management Engine Components\\IPT;C:\\WINDOWS\\System32\\OpenSSH\\;C:\\Program Files (x86)\\IVI Foundation\\VISA\\WinNT\\Bin;C:\\Program Files\\PuTTY\\;C:\\Program Files\\Java\\jdk-12.0.2\\bin;C:\\Users\\JoelB\\Desktop\\Maven\\apache-maven-3.6.3-bin\\apache-maven-3.6.3\\bin;C:\\Program Files\\nodejs;C:\\ProgramData\\chocolatey\\bin;C:\\Program Files\\Git\\cmd;C:\\Program Files\\CMake\\bin;C:\\MinGW\\bin;C:\\Program Files (x86)\\GnuWin32\\bin;E:\\World Painter\\WorldPainter;C:\\Program Files\\dotnet\\;C:\\Users\\Public\\wpilib\\2020\\frccode;C:\\ProgramData\\chocolatey\\lib\\cunit\\lib;C:\\ProgramData\\chocolatey\\lib\\tinyxml2\\lib;C:\\ProgramData\\chocolatey\\lib\\log4cxx\\lib;C:\\ProgramData\\chocolatey\\lib\\bullet\\lib;C:\\Program Files\\OpenSSL-Win64\\bin;C:\\Program Files\\Cppcheck;C:\\xmllint\\libxml2-2.9.3-win32-x86_64\\bin;F:\\dev\\ros2_foxy\\bin;F:\\QT\\5.15.0\\msvc2015_64;C:\\Python38\\Lib\\site-packages\\PyQt5\\Qt\\plugins\\platforms;C:\\Users\\JoelB\\AppData\\Local\\Programs\\Python\\Python37\\Scripts\\;C:\\Users\\JoelB\\AppData\\Local\\Programs\\Python\\Python37\\;C:\\Users\\JoelB\\AppData\\Local\\Microsoft\\WindowsApps;C:\\Users\\JoelB\\AppData\\Local\\Programs\\Microsoft VS Code\\bin;C:\\Users\\JoelB\\Desktop\\Coding\\jdk-12.0.2_windows-x64_bin\\jdk-12.0.2;C:\\Users\\JoelB\\Desktop\\Maven\\apache-maven-3.6.3-bin\\apache-maven-3.6.3\\bin;C:\\Users\\JoelB\\AppData\\Roaming\\npm;C:\\Program Files\\nodejs;C:\\Users\\Public\\wpilib\\2020\\frccode;C:\\Program Files\\CMake\\bin;C:\\Program Files (x86)\\Graphviz2.38\\bin;C:\\Program Files\\OpenSSL-Win64\\bin;F:\\ROS2\\foxy\\ros2-foxy-20200807-windows-release-amd64\\ros2-windows\\bin;C:\\opencv\\opencv-3.4.6-vc16.VS2019\\opencv\\x64\\vc16\\bin;F:\\QT\\5.15.0\\msvc2015_64;')]), 'shell': False}
[0.219000] (-) TimerEvent: {}
[0.328000] (-) TimerEvent: {}
[0.438000] (-) TimerEvent: {}
[0.547000] (-) TimerEvent: {}
[0.656000] (-) TimerEvent: {}
[0.719000] (lunabotics2021) StdoutLine: {'line': b'-- Selecting Windows SDK version 10.0.17763.0 to target Windows 10.0.18363.\n'}
[0.766000] (-) TimerEvent: {}
[0.875000] (-) TimerEvent: {}
[0.985000] (-) TimerEvent: {}
[1.094000] (-) TimerEvent: {}
[1.203000] (-) TimerEvent: {}
[1.313000] (-) TimerEvent: {}
[1.422000] (-) TimerEvent: {}
[1.531000] (-) TimerEvent: {}
[1.641000] (-) TimerEvent: {}
[1.750000] (-) TimerEvent: {}
[1.860000] (-) TimerEvent: {}
[1.969000] (-) TimerEvent: {}
[2.078000] (-) TimerEvent: {}
[2.188000] (-) TimerEvent: {}
[2.297000] (-) TimerEvent: {}
[2.406000] (-) TimerEvent: {}
[2.516000] (-) TimerEvent: {}
[2.625000] (-) TimerEvent: {}
[2.735000] (-) TimerEvent: {}
[2.844000] (-) TimerEvent: {}
[2.953000] (-) TimerEvent: {}
[3.063000] (-) TimerEvent: {}
[3.172000] (-) TimerEvent: {}
[3.281000] (-) TimerEvent: {}
[3.391000] (-) TimerEvent: {}
[3.500000] (-) TimerEvent: {}
[3.610000] (-) TimerEvent: {}
[3.719000] (-) TimerEvent: {}
[3.828000] (-) TimerEvent: {}
[3.938000] (-) TimerEvent: {}
[4.047000] (-) TimerEvent: {}
[4.156000] (-) TimerEvent: {}
[4.266000] (-) TimerEvent: {}
[4.375000] (-) TimerEvent: {}
[4.485000] (-) TimerEvent: {}
[4.594000] (-) TimerEvent: {}
[4.703000] (-) TimerEvent: {}
[4.813000] (-) TimerEvent: {}
[4.922000] (-) TimerEvent: {}
[5.031000] (-) TimerEvent: {}
[5.141000] (-) TimerEvent: {}
[5.250000] (-) TimerEvent: {}
[5.360000] (-) TimerEvent: {}
[5.469000] (-) TimerEvent: {}
[5.578000] (-) TimerEvent: {}
[5.688000] (-) TimerEvent: {}
[5.797000] (-) TimerEvent: {}
[5.906000] (-) TimerEvent: {}
[6.016000] (-) TimerEvent: {}
[6.125000] (-) TimerEvent: {}
[6.235000] (-) TimerEvent: {}
[6.344000] (-) TimerEvent: {}
[6.453000] (-) TimerEvent: {}
[6.563000] (-) TimerEvent: {}
[6.563000] (lunabotics2021) StdoutLine: {'line': b'-- The C compiler identification is MSVC 19.16.27039.0\n'}
[6.672000] (-) TimerEvent: {}
[6.781000] (-) TimerEvent: {}
[6.891000] (-) TimerEvent: {}
[7.000000] (-) TimerEvent: {}
[7.110000] (-) TimerEvent: {}
[7.219000] (-) TimerEvent: {}
[7.328000] (-) TimerEvent: {}
[7.438000] (-) TimerEvent: {}
[7.547000] (-) TimerEvent: {}
[7.656000] (-) TimerEvent: {}
[7.766000] (-) TimerEvent: {}
[7.875000] (-) TimerEvent: {}
[7.985000] (-) TimerEvent: {}
[8.094000] (-) TimerEvent: {}
[8.203000] (-) TimerEvent: {}
[8.313000] (-) TimerEvent: {}
[8.422000] (-) TimerEvent: {}
[8.516000] (lunabotics2021) StdoutLine: {'line': b'-- The CXX compiler identification is MSVC 19.16.27039.0\n'}
[8.531000] (-) TimerEvent: {}
[8.641000] (-) TimerEvent: {}
[8.750000] (-) TimerEvent: {}
[8.750000] (lunabotics2021) StdoutLine: {'line': b'-- Detecting C compiler ABI info\n'}
[8.860000] (-) TimerEvent: {}
[8.969000] (-) TimerEvent: {}
[9.078000] (-) TimerEvent: {}
[9.188000] (-) TimerEvent: {}
[9.297000] (-) TimerEvent: {}
[9.406000] (-) TimerEvent: {}
[9.516000] (-) TimerEvent: {}
[9.625000] (-) TimerEvent: {}
[9.735000] (-) TimerEvent: {}
[9.844000] (-) TimerEvent: {}
[9.953000] (-) TimerEvent: {}
[10.063000] (-) TimerEvent: {}
[10.172000] (-) TimerEvent: {}
[10.281000] (-) TimerEvent: {}
[10.391000] (-) TimerEvent: {}
[10.500000] (-) TimerEvent: {}
[10.610000] (-) TimerEvent: {}
[10.719000] (-) TimerEvent: {}
[10.828000] (-) TimerEvent: {}
[10.938000] (-) TimerEvent: {}
[11.047000] (-) TimerEvent: {}
[11.156000] (-) TimerEvent: {}
[11.266000] (-) TimerEvent: {}
[11.297000] (lunabotics2021) StdoutLine: {'line': b'-- Detecting C compiler ABI info - done\n'}
[11.297000] (lunabotics2021) StdoutLine: {'line': b'-- Check for working C compiler: C:/Program Files (x86)/Microsoft Visual Studio/2017/BuildTools/VC/Tools/MSVC/14.16.27023/bin/Hostx86/x64/cl.exe - skipped\n'}
[11.313000] (lunabotics2021) StdoutLine: {'line': b'-- Detecting C compile features\n'}
[11.313000] (lunabotics2021) StdoutLine: {'line': b'-- Detecting C compile features - done\n'}
[11.375000] (-) TimerEvent: {}
[11.375000] (lunabotics2021) StdoutLine: {'line': b'-- Detecting CXX compiler ABI info\n'}
[11.485000] (-) TimerEvent: {}
[11.594000] (-) TimerEvent: {}
[11.703000] (-) TimerEvent: {}
[11.813000] (-) TimerEvent: {}
[11.922000] (-) TimerEvent: {}
[12.031000] (-) TimerEvent: {}
[12.141000] (-) TimerEvent: {}
[12.250000] (-) TimerEvent: {}
[12.360000] (-) TimerEvent: {}
[12.469000] (-) TimerEvent: {}
[12.578000] (-) TimerEvent: {}
[12.688000] (-) TimerEvent: {}
[12.797000] (-) TimerEvent: {}
[12.906000] (-) TimerEvent: {}
[13.016000] (-) TimerEvent: {}
[13.125000] (-) TimerEvent: {}
[13.235000] (-) TimerEvent: {}
[13.281000] (lunabotics2021) StdoutLine: {'line': b'-- Detecting CXX compiler ABI info - done\n'}
[13.297000] (lunabotics2021) StdoutLine: {'line': b'-- Check for working CXX compiler: C:/Program Files (x86)/Microsoft Visual Studio/2017/BuildTools/VC/Tools/MSVC/14.16.27023/bin/Hostx86/x64/cl.exe - skipped\n'}
[13.297000] (lunabotics2021) StdoutLine: {'line': b'-- Detecting CXX compile features\n'}
[13.297000] (lunabotics2021) StdoutLine: {'line': b'-- Detecting CXX compile features - done\n'}
[13.344000] (-) TimerEvent: {}
[13.453000] (-) TimerEvent: {}
[13.485000] (lunabotics2021) StdoutLine: {'line': b'-- Found ament_cmake: 0.9.6 (F:/dev/ros2_foxy/share/ament_cmake/cmake)\n'}
[13.563000] (-) TimerEvent: {}
[13.672000] (-) TimerEvent: {}
[13.781000] (-) TimerEvent: {}
[13.891000] (-) TimerEvent: {}
[13.906000] (lunabotics2021) StdoutLine: {'line': b'-- Found PythonInterp: C:/Python38/python.exe (found suitable version "3.8.3", minimum required is "3") \n'}
[13.906000] (lunabotics2021) StdoutLine: {'line': b'-- Using PYTHON_EXECUTABLE: C:/Python38/python.exe\n'}
[14.000000] (-) TimerEvent: {}
[14.110000] (-) TimerEvent: {}
[14.219000] (-) TimerEvent: {}
[14.328000] (-) TimerEvent: {}
[14.438000] (-) TimerEvent: {}
[14.547000] (-) TimerEvent: {}
[14.656000] (-) TimerEvent: {}
[14.766000] (-) TimerEvent: {}
[14.875000] (-) TimerEvent: {}
[14.985000] (-) TimerEvent: {}
[15.094000] (-) TimerEvent: {}
[15.203000] (-) TimerEvent: {}
[15.313000] (-) TimerEvent: {}
[15.422000] (-) TimerEvent: {}
[15.531000] (-) TimerEvent: {}
[15.641000] (-) TimerEvent: {}
[15.688000] (lunabotics2021) StdoutLine: {'line': b'-- Found rclcpp: 2.1.0 (F:/dev/ros2_foxy/share/rclcpp/cmake)\n'}
[15.750000] (-) TimerEvent: {}
[15.860000] (-) TimerEvent: {}
[15.969000] (-) TimerEvent: {}
[16.078000] (-) TimerEvent: {}
[16.188000] (-) TimerEvent: {}
[16.297000] (-) TimerEvent: {}
[16.313000] (lunabotics2021) StdoutLine: {'line': b'-- Using all available rosidl_typesupport_c: rosidl_typesupport_connext_c;rosidl_typesupport_fastrtps_c;rosidl_typesupport_introspection_c\n'}
[16.406000] (-) TimerEvent: {}
[16.406000] (lunabotics2021) StdoutLine: {'line': b'-- Found rosidl_adapter: 1.0.1 (F:/dev/ros2_foxy/share/rosidl_adapter/cmake)\n'}
[16.516000] (-) TimerEvent: {}
[16.625000] (-) TimerEvent: {}
[16.735000] (-) TimerEvent: {}
[16.844000] (-) TimerEvent: {}
[16.953000] (-) TimerEvent: {}
[17.063000] (-) TimerEvent: {}
[17.172000] (-) TimerEvent: {}
[17.281000] (-) TimerEvent: {}
[17.391000] (-) TimerEvent: {}
[17.500000] (-) TimerEvent: {}
[17.610000] (-) TimerEvent: {}
[17.719000] (-) TimerEvent: {}
[17.828000] (-) TimerEvent: {}
[17.938000] (-) TimerEvent: {}
[17.985000] (lunabotics2021) StdoutLine: {'line': b'-- Could not find RTI Connext - skipping rosidl_typesupport_connext_c\n'}
[18.047000] (-) TimerEvent: {}
[18.156000] (-) TimerEvent: {}
[18.266000] (-) TimerEvent: {}
[18.266000] (lunabotics2021) StdoutLine: {'line': b'-- Could not find RTI Connext - skipping rosidl_typesupport_connext_cpp\n'}
[18.375000] (-) TimerEvent: {}
[18.485000] (-) TimerEvent: {}
[18.594000] (-) TimerEvent: {}
[18.703000] (-) TimerEvent: {}
[18.813000] (-) TimerEvent: {}
[18.875000] (lunabotics2021) StdoutLine: {'line': b'-- Found OpenSSL: optimized;C:/Program Files/OpenSSL-Win64/lib/VC/libcrypto64MD.lib;debug;C:/Program Files/OpenSSL-Win64/lib/VC/libcrypto64MDd.lib (found version "1.1.1g")  \n'}
[18.922000] (-) TimerEvent: {}
[19.031000] (-) TimerEvent: {}
[19.031000] (lunabotics2021) StdoutLine: {'line': b'-- Found FastRTPS: F:/dev/ros2_foxy/include  \n'}
[19.141000] (-) TimerEvent: {}
[19.250000] (-) TimerEvent: {}
[19.360000] (-) TimerEvent: {}
[19.453000] (lunabotics2021) StdoutLine: {'line': b'-- Using all available rosidl_typesupport_cpp: rosidl_typesupport_connext_cpp;rosidl_typesupport_fastrtps_cpp;rosidl_typesupport_introspection_cpp\n'}
[19.469000] (-) TimerEvent: {}
[19.578000] (-) TimerEvent: {}
[19.688000] (-) TimerEvent: {}
[19.797000] (-) TimerEvent: {}
[19.906000] (-) TimerEvent: {}
[20.016000] (-) TimerEvent: {}
[20.125000] (-) TimerEvent: {}
[20.156000] (lunabotics2021) StdoutLine: {'line': b'-- Found rmw_implementation_cmake: 1.0.1 (F:/dev/ros2_foxy/share/rmw_implementation_cmake/cmake)\n'}
[20.203000] (lunabotics2021) StdoutLine: {'line': b"-- Using RMW implementation 'rmw_fastrtps_cpp' as default\n"}
[20.235000] (-) TimerEvent: {}
[20.250000] (lunabotics2021) StdoutLine: {'line': b'-- Looking for pthread.h\n'}
[20.344000] (-) TimerEvent: {}
[20.453000] (-) TimerEvent: {}
[20.563000] (-) TimerEvent: {}
[20.672000] (-) TimerEvent: {}
[20.781000] (-) TimerEvent: {}
[20.891000] (-) TimerEvent: {}
[21.000000] (-) TimerEvent: {}
[21.110000] (-) TimerEvent: {}
[21.219000] (-) TimerEvent: {}
[21.328000] (-) TimerEvent: {}
[21.438000] (-) TimerEvent: {}
[21.547000] (-) TimerEvent: {}
[21.656000] (-) TimerEvent: {}
[21.766000] (-) TimerEvent: {}
[21.875000] (-) TimerEvent: {}
[21.985000] (-) TimerEvent: {}
[22.000000] (lunabotics2021) StdoutLine: {'line': b'-- Looking for pthread.h - not found\n'}
[22.016000] (lunabotics2021) StdoutLine: {'line': b'-- Found Threads: TRUE  \n'}
[22.094000] (-) TimerEvent: {}
[22.203000] (-) TimerEvent: {}
[22.313000] (-) TimerEvent: {}
[22.422000] (-) TimerEvent: {}
[22.531000] (-) TimerEvent: {}
[22.641000] (-) TimerEvent: {}
[22.750000] (-) TimerEvent: {}
[22.766000] (lunabotics2021) StdoutLine: {'line': b'-- Found std_msgs: 2.0.3 (F:/dev/ros2_foxy/share/std_msgs/cmake)\n'}
[22.860000] (-) TimerEvent: {}
[22.969000] (lunabotics2021) StdoutLine: {'line': b'-- Found ament_lint_auto: 0.9.5 (F:/dev/ros2_foxy/share/ament_lint_auto/cmake)\n'}
[22.969000] (-) TimerEvent: {}
[23.078000] (-) TimerEvent: {}
[23.188000] (-) TimerEvent: {}
[23.297000] (-) TimerEvent: {}
[23.406000] (-) TimerEvent: {}
[23.516000] (-) TimerEvent: {}
[23.625000] (-) TimerEvent: {}
[23.641000] (lunabotics2021) StdoutLine: {'line': b"-- Added test 'copyright' to check source files copyright and LICENSE\n"}
[23.735000] (-) TimerEvent: {}
[23.844000] (-) TimerEvent: {}
[23.922000] (lunabotics2021) StdoutLine: {'line': b"-- Added test 'cppcheck' to perform static code analysis on C / C++ code\n"}
[23.922000] (lunabotics2021) StdoutLine: {'line': b'-- Configured cppcheck include dirs: $<BUILD_INTERFACE:F:/dev/colcon_ws/src/lunabotics2021/include>\n'}
[23.922000] (lunabotics2021) StdoutLine: {'line': b'-- Configured cppcheck exclude dirs and/or files: \n'}
[23.953000] (-) TimerEvent: {}
[24.063000] (lunabotics2021) StdoutLine: {'line': b"-- Added test 'cpplint' to check C / C++ code against the Google style\n"}
[24.063000] (-) TimerEvent: {}
[24.063000] (lunabotics2021) StdoutLine: {'line': b'-- Configured cpplint exclude dirs and/or files: \n'}
[24.125000] (lunabotics2021) StdoutLine: {'line': b"-- Added test 'lint_cmake' to check CMake code style\n"}
[24.172000] (-) TimerEvent: {}
[24.281000] (-) TimerEvent: {}
[24.281000] (lunabotics2021) StdoutLine: {'line': b"-- Added test 'uncrustify' to check C / C++ code style\n"}
[24.281000] (lunabotics2021) StdoutLine: {'line': b'-- Configured uncrustify additional arguments: \n'}
[24.313000] (lunabotics2021) StdoutLine: {'line': b"-- Added test 'xmllint' to check XML markup files\n"}
[24.391000] (-) TimerEvent: {}
[24.422000] (lunabotics2021) StdoutLine: {'line': b'-- Configuring done\n'}
[24.500000] (-) TimerEvent: {}
[24.610000] (-) TimerEvent: {}
[24.719000] (-) TimerEvent: {}
[24.828000] (-) TimerEvent: {}
[24.938000] (-) TimerEvent: {}
[25.047000] (-) TimerEvent: {}
[25.156000] (-) TimerEvent: {}
[25.266000] (-) TimerEvent: {}
[25.375000] (-) TimerEvent: {}
[25.485000] (-) TimerEvent: {}
[25.594000] (-) TimerEvent: {}
[25.703000] (-) TimerEvent: {}
[25.813000] (-) TimerEvent: {}
[25.922000] (-) TimerEvent: {}
[26.031000] (-) TimerEvent: {}
[26.141000] (-) TimerEvent: {}
[26.250000] (-) TimerEvent: {}
[26.360000] (-) TimerEvent: {}
[26.469000] (-) TimerEvent: {}
[26.578000] (-) TimerEvent: {}
[26.688000] (-) TimerEvent: {}
[26.797000] (-) TimerEvent: {}
[26.906000] (-) TimerEvent: {}
[27.016000] (-) TimerEvent: {}
[27.125000] (-) TimerEvent: {}
[27.235000] (-) TimerEvent: {}
[27.344000] (-) TimerEvent: {}
[27.453000] (-) TimerEvent: {}
[27.563000] (-) TimerEvent: {}
[27.672000] (-) TimerEvent: {}
[27.781000] (-) TimerEvent: {}
[27.891000] (-) TimerEvent: {}
[28.000000] (-) TimerEvent: {}
[28.110000] (-) TimerEvent: {}
[28.219000] (-) TimerEvent: {}
[28.328000] (-) TimerEvent: {}
[28.438000] (-) TimerEvent: {}
[28.547000] (-) TimerEvent: {}
[28.656000] (-) TimerEvent: {}
[28.766000] (-) TimerEvent: {}
[28.875000] (-) TimerEvent: {}
[28.985000] (-) TimerEvent: {}
[29.094000] (-) TimerEvent: {}
[29.203000] (-) TimerEvent: {}
[29.313000] (-) TimerEvent: {}
[29.422000] (-) TimerEvent: {}
[29.531000] (-) TimerEvent: {}
[29.641000] (-) TimerEvent: {}
[29.750000] (-) TimerEvent: {}
[29.860000] (-) TimerEvent: {}
[29.969000] (-) TimerEvent: {}
[30.078000] (-) TimerEvent: {}
[30.188000] (-) TimerEvent: {}
[30.297000] (-) TimerEvent: {}
[30.406000] (-) TimerEvent: {}
[30.516000] (-) TimerEvent: {}
[30.625000] (-) TimerEvent: {}
[30.735000] (-) TimerEvent: {}
[30.844000] (-) TimerEvent: {}
[30.953000] (-) TimerEvent: {}
[31.063000] (-) TimerEvent: {}
[31.172000] (-) TimerEvent: {}
[31.281000] (-) TimerEvent: {}
[31.391000] (-) TimerEvent: {}
[31.500000] (-) TimerEvent: {}
[31.610000] (-) TimerEvent: {}
[31.719000] (-) TimerEvent: {}
[31.828000] (-) TimerEvent: {}
[31.938000] (-) TimerEvent: {}
[32.047000] (-) TimerEvent: {}
[32.156000] (-) TimerEvent: {}
[32.266000] (-) TimerEvent: {}
[32.375000] (-) TimerEvent: {}
[32.485000] (-) TimerEvent: {}
[32.594000] (-) TimerEvent: {}
[32.703000] (-) TimerEvent: {}
[32.813000] (-) TimerEvent: {}
[32.922000] (-) TimerEvent: {}
[33.031000] (-) TimerEvent: {}
[33.141000] (-) TimerEvent: {}
[33.250000] (-) TimerEvent: {}
[33.360000] (-) TimerEvent: {}
[33.469000] (-) TimerEvent: {}
[33.578000] (-) TimerEvent: {}
[33.688000] (-) TimerEvent: {}
[34.531000] (-) TimerEvent: {}
[34.641000] (-) TimerEvent: {}
[34.750000] (-) TimerEvent: {}
[34.860000] (-) TimerEvent: {}
[34.969000] (-) TimerEvent: {}
[35.078000] (-) TimerEvent: {}
[35.188000] (-) TimerEvent: {}
[35.297000] (-) TimerEvent: {}
[35.406000] (-) TimerEvent: {}
[35.516000] (-) TimerEvent: {}
[35.625000] (-) TimerEvent: {}
[35.735000] (-) TimerEvent: {}
[35.844000] (-) TimerEvent: {}
[35.953000] (-) TimerEvent: {}
[36.063000] (-) TimerEvent: {}
[36.172000] (-) TimerEvent: {}
[36.281000] (-) TimerEvent: {}
[36.391000] (-) TimerEvent: {}
[36.500000] (-) TimerEvent: {}
[36.610000] (-) TimerEvent: {}
[36.719000] (-) TimerEvent: {}
[36.828000] (-) TimerEvent: {}
[36.938000] (-) TimerEvent: {}
[37.047000] (-) TimerEvent: {}
[37.156000] (-) TimerEvent: {}
[37.266000] (-) TimerEvent: {}
[37.375000] (-) TimerEvent: {}
[37.485000] (-) TimerEvent: {}
[37.594000] (-) TimerEvent: {}
[37.703000] (-) TimerEvent: {}
[37.813000] (-) TimerEvent: {}
[37.922000] (-) TimerEvent: {}
[38.031000] (-) TimerEvent: {}
[38.141000] (-) TimerEvent: {}
[38.250000] (-) TimerEvent: {}
[38.360000] (-) TimerEvent: {}
[38.469000] (-) TimerEvent: {}
[38.578000] (-) TimerEvent: {}
[38.688000] (-) TimerEvent: {}
[38.797000] (-) TimerEvent: {}
[38.906000] (-) TimerEvent: {}
[39.016000] (-) TimerEvent: {}
[39.125000] (-) TimerEvent: {}
[39.235000] (-) TimerEvent: {}
[39.344000] (-) TimerEvent: {}
[39.453000] (-) TimerEvent: {}
[39.563000] (-) TimerEvent: {}
[39.672000] (-) TimerEvent: {}
[39.781000] (-) TimerEvent: {}
[39.891000] (-) TimerEvent: {}
[40.000000] (-) TimerEvent: {}
[40.110000] (-) TimerEvent: {}
[40.610000] (-) TimerEvent: {}
[40.719000] (-) TimerEvent: {}
[40.828000] (-) TimerEvent: {}
[40.938000] (-) TimerEvent: {}
[41.047000] (-) TimerEvent: {}
[41.156000] (-) TimerEvent: {}
[41.266000] (-) TimerEvent: {}
[41.344000] (lunabotics2021) StdoutLine: {'line': b'-- Generating done\n'}
[41.375000] (-) TimerEvent: {}
[41.438000] (lunabotics2021) StdoutLine: {'line': b'-- Build files have been written to: F:/dev/colcon_ws/src/lunabotics2021/build/lunabotics2021\n'}
[41.469000] (lunabotics2021) CommandEnded: {'returncode': 0}
[41.485000] (-) TimerEvent: {}
[41.485000] (lunabotics2021) JobProgress: {'identifier': 'lunabotics2021', 'progress': 'build'}
[41.485000] (lunabotics2021) Command: {'cmd': ['C:\\Program Files\\CMake\\bin\\cmake.EXE', '--build', 'F:\\dev\\colcon_ws\\src\\lunabotics2021\\build\\lunabotics2021', '--config', 'Release'], 'cwd': 'F:\\dev\\colcon_ws\\src\\lunabotics2021\\build\\lunabotics2021', 'env': {'ALLUSERSPROFILE': 'C:\\ProgramData', 'AMENT_PREFIX_PATH': 'F:\\dev\\ros2_foxy', 'APPDATA': 'C:\\Users\\JoelB\\AppData\\Roaming', 'ChocolateyInstall': 'C:\\ProgramData\\chocolatey', 'ChocolateyLastPathUpdate': '132440800097210234', 'CMAKE_PREFIX_PATH': 'F:\\dev\\ros2_foxy', 'COLCON': '1', 'COLCON_PREFIX_PATH': 'F:\\dev\\ros2_foxy\\', 'CommandPromptType': 'Cross', 'CommonProgramFiles': 'C:\\Program Files\\Common Files', 'CommonProgramFiles(x86)': 'C:\\Program Files (x86)\\Common Files', 'CommonProgramW6432': 'C:\\Program Files\\Common Files', 'COMPUTERNAME': 'LAPTOP-F21FPG6D', 'ComSpec': 'C:\\WINDOWS\\system32\\cmd.exe', 'configsetroot': 'C:\\WINDOWS\\ConfigSetRoot', 'DevEnvDir': 'C:\\Program Files (x86)\\Microsoft Visual Studio\\2017\\BuildTools\\Common7\\IDE\\', 'DriverData': 'C:\\Windows\\System32\\Drivers\\DriverData', 'ExtensionSdkDir': 'C:\\Program Files (x86)\\Microsoft SDKs\\Windows Kits\\10\\ExtensionSDKs', 'Framework40Version': 'v4.0', 'FrameworkDir': 'C:\\Windows\\Microsoft.NET\\Framework\\', 'FrameworkDir32': 'C:\\Windows\\Microsoft.NET\\Framework\\', 'FrameworkDir64': 'C:\\Windows\\Microsoft.NET\\Framework64\\', 'FrameworkVersion': 'v4.0.30319', 'FrameworkVersion32': 'v4.0.30319', 'FrameworkVersion64': 'v4.0.30319', 'HOMEDRIVE': 'C:', 'HOMEPATH': '\\Users\\JoelB', 'INCLUDE': 'C:\\Program Files (x86)\\Microsoft Visual Studio\\2017\\BuildTools\\VC\\Tools\\MSVC\\14.16.27023\\include;C:\\Program Files (x86)\\Windows Kits\\10\\include\\10.0.17763.0\\ucrt;C:\\Program Files (x86)\\Windows Kits\\10\\include\\10.0.17763.0\\shared;C:\\Program Files (x86)\\Windows Kits\\10\\include\\10.0.17763.0\\um;C:\\Program Files (x86)\\Windows Kits\\10\\include\\10.0.17763.0\\winrt;C:\\Program Files (x86)\\Windows Kits\\10\\include\\10.0.17763.0\\cppwinrt', 'JAVA_HOME': 'C:\\Program Files\\Java\\jdk-12.0.2', 'LIB': 'C:\\Program Files (x86)\\Microsoft Visual Studio\\2017\\BuildTools\\VC\\Tools\\MSVC\\14.16.27023\\lib\\x64;C:\\Program Files (x86)\\Windows Kits\\10\\lib\\10.0.17763.0\\ucrt\\x64;C:\\Program Files (x86)\\Windows Kits\\10\\lib\\10.0.17763.0\\um\\x64;', 'LIBPATH': 'C:\\Program Files (x86)\\Microsoft Visual Studio\\2017\\BuildTools\\VC\\Tools\\MSVC\\14.16.27023\\lib\\x64;C:\\Program Files (x86)\\Microsoft Visual Studio\\2017\\BuildTools\\VC\\Tools\\MSVC\\14.16.27023\\lib\\x86\\store\\references;C:\\Program Files (x86)\\Windows Kits\\10\\UnionMetadata\\10.0.17763.0;C:\\Program Files (x86)\\Windows Kits\\10\\References\\10.0.17763.0;C:\\Windows\\Microsoft.NET\\Framework\\v4.0.30319;', 'LOCALAPPDATA': 'C:\\Users\\JoelB\\AppData\\Local', 'LOGONSERVER': '\\\\LAPTOP-F21FPG6D', 'NIEXTCCOMPILERSUPP': 'C:\\Program Files (x86)\\National Instruments\\Shared\\ExternalCompilerSupport\\C\\', 'NUMBER_OF_PROCESSORS': '8', 'OneDrive': 'C:\\Users\\JoelB\\OneDrive', 'OneDriveConsumer': 'C:\\Users\\JoelB\\OneDrive', 'OpenCV_DIR': 'C:\\opencv', 'OS': 'Windows_NT', 'OV_NI_PLUGIN_DIR': 'C:\\Program Files\\National Instruments\\Shared\\OpenVINO\\', 'Path': 'F:\\dev\\ros2_foxy\\opt\\yaml_cpp_vendor\\bin;F:\\dev\\ros2_foxy\\opt\\rviz_ogre_vendor\\bin;F:\\dev\\ros2_foxy\\opt\\rviz_assimp_vendor\\bin;F:\\dev\\ros2_foxy\\opt\\libcurl_vendor\\bin;F:\\dev\\ros2_foxy\\Scripts;C:\\Program Files (x86)\\Microsoft Visual Studio\\2017\\BuildTools\\VC\\Tools\\MSVC\\14.16.27023\\bin\\HostX86\\x64;C:\\Program Files (x86)\\Microsoft Visual Studio\\2017\\BuildTools\\VC\\Tools\\MSVC\\14.16.27023\\bin\\HostX86\\x86;C:\\Program Files (x86)\\Microsoft Visual Studio\\2017\\BuildTools\\Common7\\IDE\\CommonExtensions\\Microsoft\\TestWindow;C:\\Program Files (x86)\\Microsoft Visual Studio\\2017\\BuildTools\\MSBuild\\15.0\\bin\\Roslyn;C:\\Program Files (x86)\\Windows Kits\\10\\bin\\10.0.17763.0\\x86;C:\\Program Files (x86)\\Windows Kits\\10\\bin\\x86;C:\\Program Files (x86)\\Microsoft Visual Studio\\2017\\BuildTools\\\\MSBuild\\15.0\\bin;C:\\Windows\\Microsoft.NET\\Framework\\v4.0.30319;C:\\Program Files (x86)\\Microsoft Visual Studio\\2017\\BuildTools\\Common7\\IDE\\;C:\\Program Files (x86)\\Microsoft Visual Studio\\2017\\BuildTools\\Common7\\Tools\\;C:\\Program Files\\National Instruments\\Shared\\OpenVINO\\;C:\\Python38\\Scripts\\;C:\\Python38\\;C:\\Program Files (x86)\\Intel\\Intel(R) Management Engine Components\\iCLS\\;C:\\Program Files\\Intel\\Intel(R) Management Engine Components\\iCLS\\;C:\\WINDOWS\\system32;C:\\WINDOWS;C:\\WINDOWS\\System32\\Wbem;C:\\WINDOWS\\System32\\WindowsPowerShell\\v1.0\\;C:\\Program Files (x86)\\Intel\\Intel(R) Management Engine Components\\DAL;C:\\Program Files\\Intel\\Intel(R) Management Engine Components\\DAL;C:\\Program Files (x86)\\Intel\\Intel(R) Management Engine Components\\IPT;C:\\Program Files\\Intel\\Intel(R) Management Engine Components\\IPT;C:\\WINDOWS\\System32\\OpenSSH\\;C:\\Program Files (x86)\\IVI Foundation\\VISA\\WinNT\\Bin;C:\\Program Files\\PuTTY\\;C:\\Program Files\\Java\\jdk-12.0.2\\bin;C:\\Users\\JoelB\\Desktop\\Maven\\apache-maven-3.6.3-bin\\apache-maven-3.6.3\\bin;C:\\Program Files\\nodejs;C:\\ProgramData\\chocolatey\\bin;C:\\Program Files\\Git\\cmd;C:\\Program Files\\CMake\\bin;C:\\MinGW\\bin;C:\\Program Files (x86)\\GnuWin32\\bin;E:\\World Painter\\WorldPainter;C:\\Program Files\\dotnet\\;C:\\Users\\Public\\wpilib\\2020\\frccode;C:\\ProgramData\\chocolatey\\lib\\cunit\\lib;C:\\ProgramData\\chocolatey\\lib\\tinyxml2\\lib;C:\\ProgramData\\chocolatey\\lib\\log4cxx\\lib;C:\\ProgramData\\chocolatey\\lib\\bullet\\lib;C:\\Program Files\\OpenSSL-Win64\\bin;C:\\Program Files\\Cppcheck;C:\\xmllint\\libxml2-2.9.3-win32-x86_64\\bin;F:\\dev\\ros2_foxy\\bin;F:\\QT\\5.15.0\\msvc2015_64;C:\\Python38\\Lib\\site-packages\\PyQt5\\Qt\\plugins\\platforms;C:\\Users\\JoelB\\AppData\\Local\\Programs\\Python\\Python37\\Scripts\\;C:\\Users\\JoelB\\AppData\\Local\\Programs\\Python\\Python37\\;C:\\Users\\JoelB\\AppData\\Local\\Microsoft\\WindowsApps;C:\\Users\\JoelB\\AppData\\Local\\Programs\\Microsoft VS Code\\bin;C:\\Users\\JoelB\\Desktop\\Coding\\jdk-12.0.2_windows-x64_bin\\jdk-12.0.2;C:\\Users\\JoelB\\Desktop\\Maven\\apache-maven-3.6.3-bin\\apache-maven-3.6.3\\bin;C:\\Users\\JoelB\\AppData\\Roaming\\npm;C:\\Program Files\\nodejs;C:\\Users\\Public\\wpilib\\2020\\frccode;C:\\Program Files\\CMake\\bin;C:\\Program Files (x86)\\Graphviz2.38\\bin;C:\\Program Files\\OpenSSL-Win64\\bin;F:\\ROS2\\foxy\\ros2-foxy-20200807-windows-release-amd64\\ros2-windows\\bin;C:\\opencv\\opencv-3.4.6-vc16.VS2019\\opencv\\x64\\vc16\\bin;F:\\QT\\5.15.0\\msvc2015_64;;C:\\Program Files (x86)\\Microsoft Visual Studio\\2017\\BuildTools\\Common7\\IDE\\CommonExtensions\\Microsoft\\CMake\\CMake\\bin;C:\\Program Files (x86)\\Microsoft Visual Studio\\2017\\BuildTools\\Common7\\IDE\\CommonExtensions\\Microsoft\\CMake\\Ninja', 'PATHEXT': '.COM;.EXE;.BAT;.CMD;.VBS;.VBE;.JS;.JSE;.WSF;.WSH;.MSC;.PY;.PYW', 'PKG_CONFIG_PATH': 'F:\\dev\\ros2_foxy\\lib\\pkgconfig', 'Platform': 'x64', 'PROCESSOR_ARCHITECTURE': 'AMD64', 'PROCESSOR_IDENTIFIER': 'Intel64 Family 6 Model 142 Stepping 10, GenuineIntel', 'PROCESSOR_LEVEL': '6', 'PROCESSOR_REVISION': '8e0a', 'ProgramData': 'C:\\ProgramData', 'ProgramFiles': 'C:\\Program Files', 'ProgramFiles(x86)': 'C:\\Program Files (x86)', 'ProgramW6432': 'C:\\Program Files', 'PROMPT': '$P$G', 'PSModulePath': 'C:\\Program Files\\WindowsPowerShell\\Modules;C:\\WINDOWS\\system32\\WindowsPowerShell\\v1.0\\Modules', 'PUBLIC': 'C:\\Users\\Public', 'PYTHONPATH': 'F:\\dev\\ros2_foxy\\Lib\\site-packages', 'QSYS_ROOTDIR': 'E:\\Quartus_Prime\\quartus\\sopc_builder\\bin', 'QT_QPA_PLATFORM_PLUGIN_PATH': 'C:\\Python38\\Lib\\site-packages\\PyQt5\\Qt\\plugins\\platforms', 'QUARTUS_ROOTDIR': 'E:\\Quartus_Prime\\quartus', 'ROS_DISTRO': 'foxy', 'ROS_DOMAIN_ID': '12', 'ROS_LOCALHOST_ONLY': '0', 'ROS_PYTHON_VERSION': '3', 'ROS_VERSION': '2', 'SESSIONNAME': 'Console', 'SOPC_KIT_NIOS2': 'E:\\Quartus_Prime\\nios2eds', 'SystemDrive': 'C:', 'SystemRoot': 'C:\\WINDOWS', 'TEMP': 'C:\\Users\\JoelB\\AppData\\Local\\Temp', 'TMP': 'C:\\Users\\JoelB\\AppData\\Local\\Temp', 'UCRTVersion': '10.0.17763.0', 'UniversalCRTSdkDir': 'C:\\Program Files (x86)\\Windows Kits\\10\\', 'USERDOMAIN': 'LAPTOP-F21FPG6D', 'USERDOMAIN_ROAMINGPROFILE': 'LAPTOP-F21FPG6D', 'USERNAME': 'JoelB', 'USERPROFILE': 'C:\\Users\\JoelB', 'VBOX_MSI_INSTALL_PATH': 'C:\\Program Files\\Oracle\\VirtualBox\\', 'VCIDEInstallDir': 'C:\\Program Files (x86)\\Microsoft Visual Studio\\2017\\BuildTools\\Common7\\IDE\\VC\\', 'VCINSTALLDIR': 'C:\\Program Files (x86)\\Microsoft Visual Studio\\2017\\BuildTools\\VC\\', 'VCToolsInstallDir': 'C:\\Program Files (x86)\\Microsoft Visual Studio\\2017\\BuildTools\\VC\\Tools\\MSVC\\14.16.27023\\', 'VCToolsRedistDir': 'C:\\Program Files (x86)\\Microsoft Visual Studio\\2017\\BuildTools\\VC\\Redist\\MSVC\\14.16.27012\\', 'VCToolsVersion': '14.16.27023', 'VisualStudioVersion': '15.0', 'VS150COMNTOOLS': 'C:\\Program Files (x86)\\Microsoft Visual Studio\\2017\\BuildTools\\Common7\\Tools\\', 'VSCMD_ARG_app_plat': 'Desktop', 'VSCMD_ARG_HOST_ARCH': 'x86', 'VSCMD_ARG_TGT_ARCH': 'x64', 'VSCMD_VER': '15.0', 'VSINSTALLDIR': 'C:\\Program Files (x86)\\Microsoft Visual Studio\\2017\\BuildTools\\', 'VXIPNPPATH': 'C:\\Program Files (x86)\\IVI Foundation\\VISA\\', 'windir': 'C:\\WINDOWS', 'WindowsLibPath': 'C:\\Program Files (x86)\\Windows Kits\\10\\UnionMetadata\\10.0.17763.0;C:\\Program Files (x86)\\Windows Kits\\10\\References\\10.0.17763.0', 'WindowsSdkBinPath': 'C:\\Program Files (x86)\\Windows Kits\\10\\bin\\', 'WindowsSdkDir': 'C:\\Program Files (x86)\\Windows Kits\\10\\', 'WindowsSDKLibVersion': '10.0.17763.0\\', 'WindowsSdkVerBinPath': 'C:\\Program Files (x86)\\Windows Kits\\10\\bin\\10.0.17763.0\\', 'WindowsSDKVersion': '10.0.17763.0\\', '__DOTNET_ADD_32BIT': '1', '__DOTNET_ADD_64BIT': '1', '__DOTNET_PREFERRED_BITNESS': '32', '__VSCMD_PREINIT_PATH': 'C:\\Program Files\\National Instruments\\Shared\\OpenVINO\\;C:\\Python38\\Scripts\\;C:\\Python38\\;C:\\Program Files (x86)\\Intel\\Intel(R) Management Engine Components\\iCLS\\;C:\\Program Files\\Intel\\Intel(R) Management Engine Components\\iCLS\\;C:\\WINDOWS\\system32;C:\\WINDOWS;C:\\WINDOWS\\System32\\Wbem;C:\\WINDOWS\\System32\\WindowsPowerShell\\v1.0\\;C:\\Program Files (x86)\\Intel\\Intel(R) Management Engine Components\\DAL;C:\\Program Files\\Intel\\Intel(R) Management Engine Components\\DAL;C:\\Program Files (x86)\\Intel\\Intel(R) Management Engine Components\\IPT;C:\\Program Files\\Intel\\Intel(R) Management Engine Components\\IPT;C:\\WINDOWS\\System32\\OpenSSH\\;C:\\Program Files (x86)\\IVI Foundation\\VISA\\WinNT\\Bin;C:\\Program Files\\PuTTY\\;C:\\Program Files\\Java\\jdk-12.0.2\\bin;C:\\Users\\JoelB\\Desktop\\Maven\\apache-maven-3.6.3-bin\\apache-maven-3.6.3\\bin;C:\\Program Files\\nodejs;C:\\ProgramData\\chocolatey\\bin;C:\\Program Files\\Git\\cmd;C:\\Program Files\\CMake\\bin;C:\\MinGW\\bin;C:\\Program Files (x86)\\GnuWin32\\bin;E:\\World Painter\\WorldPainter;C:\\Program Files\\dotnet\\;C:\\Users\\Public\\wpilib\\2020\\frccode;C:\\ProgramData\\chocolatey\\lib\\cunit\\lib;C:\\ProgramData\\chocolatey\\lib\\tinyxml2\\lib;C:\\ProgramData\\chocolatey\\lib\\log4cxx\\lib;C:\\ProgramData\\chocolatey\\lib\\bullet\\lib;C:\\Program Files\\OpenSSL-Win64\\bin;C:\\Program Files\\Cppcheck;C:\\xmllint\\libxml2-2.9.3-win32-x86_64\\bin;F:\\dev\\ros2_foxy\\bin;F:\\QT\\5.15.0\\msvc2015_64;C:\\Python38\\Lib\\site-packages\\PyQt5\\Qt\\plugins\\platforms;C:\\Users\\JoelB\\AppData\\Local\\Programs\\Python\\Python37\\Scripts\\;C:\\Users\\JoelB\\AppData\\Local\\Programs\\Python\\Python37\\;C:\\Users\\JoelB\\AppData\\Local\\Microsoft\\WindowsApps;C:\\Users\\JoelB\\AppData\\Local\\Programs\\Microsoft VS Code\\bin;C:\\Users\\JoelB\\Desktop\\Coding\\jdk-12.0.2_windows-x64_bin\\jdk-12.0.2;C:\\Users\\JoelB\\Desktop\\Maven\\apache-maven-3.6.3-bin\\apache-maven-3.6.3\\bin;C:\\Users\\JoelB\\AppData\\Roaming\\npm;C:\\Program Files\\nodejs;C:\\Users\\Public\\wpilib\\2020\\frccode;C:\\Program Files\\CMake\\bin;C:\\Program Files (x86)\\Graphviz2.38\\bin;C:\\Program Files\\OpenSSL-Win64\\bin;F:\\ROS2\\foxy\\ros2-foxy-20200807-windows-release-amd64\\ros2-windows\\bin;C:\\opencv\\opencv-3.4.6-vc16.VS2019\\opencv\\x64\\vc16\\bin;F:\\QT\\5.15.0\\msvc2015_64;', 'CL': '/MP'}, 'shell': False}
[41.594000] (-) TimerEvent: {}
[41.703000] (-) TimerEvent: {}
[41.813000] (-) TimerEvent: {}
[41.922000] (-) TimerEvent: {}
[42.031000] (-) TimerEvent: {}
[42.141000] (-) TimerEvent: {}
[42.250000] (-) TimerEvent: {}
[42.360000] (-) TimerEvent: {}
[42.375000] (lunabotics2021) StdoutLine: {'line': b'Microsoft (R) Build Engine version 15.9.21+g9802d43bc3 for .NET Framework\r\n'}
[42.375000] (lunabotics2021) StdoutLine: {'line': b'Copyright (C) Microsoft Corporation. All rights reserved.\r\n'}
[42.375000] (lunabotics2021) StdoutLine: {'line': b'\r\n'}
[42.469000] (-) TimerEvent: {}
[42.578000] (-) TimerEvent: {}
[42.688000] (-) TimerEvent: {}
[42.797000] (-) TimerEvent: {}
[42.906000] (-) TimerEvent: {}
[43.016000] (-) TimerEvent: {}
[43.125000] (-) TimerEvent: {}
[43.235000] (-) TimerEvent: {}
[43.344000] (-) TimerEvent: {}
[43.453000] (-) TimerEvent: {}
[43.563000] (-) TimerEvent: {}
[43.672000] (-) TimerEvent: {}
[43.781000] (-) TimerEvent: {}
[43.891000] (-) TimerEvent: {}
[44.000000] (-) TimerEvent: {}
[44.063000] (lunabotics2021) StdoutLine: {'line': b'  Checking Build System\r\n'}
[44.110000] (-) TimerEvent: {}
[44.219000] (-) TimerEvent: {}
[44.328000] (-) TimerEvent: {}
[44.438000] (-) TimerEvent: {}
[44.547000] (-) TimerEvent: {}
[44.656000] (-) TimerEvent: {}
[44.766000] (-) TimerEvent: {}
[44.875000] (-) TimerEvent: {}
[44.938000] (lunabotics2021) StdoutLine: {'line': b'  Building Custom Rule F:/dev/colcon_ws/src/lunabotics2021/CMakeLists.txt\r\n'}
[44.985000] (-) TimerEvent: {}
[45.094000] (-) TimerEvent: {}
[45.203000] (-) TimerEvent: {}
[45.250000] (lunabotics2021) StdoutLine: {'line': b'  hello.cpp\r\n'}
[45.313000] (-) TimerEvent: {}
[45.422000] (-) TimerEvent: {}
[45.531000] (-) TimerEvent: {}
[45.641000] (-) TimerEvent: {}
[45.750000] (-) TimerEvent: {}
[45.860000] (-) TimerEvent: {}
[45.969000] (-) TimerEvent: {}
[46.078000] (-) TimerEvent: {}
[46.188000] (-) TimerEvent: {}
[46.297000] (-) TimerEvent: {}
[46.406000] (-) TimerEvent: {}
[46.516000] (-) TimerEvent: {}
[46.625000] (-) TimerEvent: {}
[46.735000] (-) TimerEvent: {}
[46.844000] (-) TimerEvent: {}
[46.953000] (-) TimerEvent: {}
[47.063000] (-) TimerEvent: {}
[47.172000] (-) TimerEvent: {}
[47.281000] (-) TimerEvent: {}
[47.391000] (-) TimerEvent: {}
[47.500000] (-) TimerEvent: {}
[47.610000] (-) TimerEvent: {}
[47.719000] (-) TimerEvent: {}
[47.828000] (-) TimerEvent: {}
[47.938000] (-) TimerEvent: {}
[48.047000] (-) TimerEvent: {}
[48.156000] (-) TimerEvent: {}
[48.266000] (-) TimerEvent: {}
[48.375000] (-) TimerEvent: {}
[48.485000] (-) TimerEvent: {}
[48.594000] (-) TimerEvent: {}
[48.703000] (-) TimerEvent: {}
[48.813000] (-) TimerEvent: {}
[48.922000] (-) TimerEvent: {}
[49.031000] (-) TimerEvent: {}
[49.141000] (-) TimerEvent: {}
[49.250000] (-) TimerEvent: {}
[49.360000] (-) TimerEvent: {}
[49.469000] (-) TimerEvent: {}
[49.578000] (-) TimerEvent: {}
[49.688000] (-) TimerEvent: {}
[49.797000] (-) TimerEvent: {}
[49.906000] (-) TimerEvent: {}
[50.016000] (-) TimerEvent: {}
[50.125000] (-) TimerEvent: {}
[50.235000] (-) TimerEvent: {}
[50.344000] (-) TimerEvent: {}
[50.453000] (-) TimerEvent: {}
[50.563000] (-) TimerEvent: {}
[50.672000] (-) TimerEvent: {}
[50.781000] (-) TimerEvent: {}
[50.891000] (-) TimerEvent: {}
[51.000000] (-) TimerEvent: {}
[51.110000] (-) TimerEvent: {}
[51.219000] (-) TimerEvent: {}
[51.328000] (-) TimerEvent: {}
[51.438000] (-) TimerEvent: {}
[51.547000] (-) TimerEvent: {}
[51.656000] (-) TimerEvent: {}
[51.766000] (-) TimerEvent: {}
[51.875000] (-) TimerEvent: {}
[51.985000] (-) TimerEvent: {}
[52.031000] (lunabotics2021) StdoutLine: {'line': b'  hello.vcxproj -> F:\\dev\\colcon_ws\\src\\lunabotics2021\\build\\lunabotics2021\\Release\\hello.exe\r\n'}
[52.094000] (-) TimerEvent: {}
[52.094000] (lunabotics2021) StdoutLine: {'line': b'  Building Custom Rule F:/dev/colcon_ws/src/lunabotics2021/CMakeLists.txt\r\n'}
[52.203000] (-) TimerEvent: {}
[52.266000] (lunabotics2021) CommandEnded: {'returncode': 0}
[52.281000] (lunabotics2021) JobProgress: {'identifier': 'lunabotics2021', 'progress': 'install'}
[52.313000] (-) TimerEvent: {}
[52.360000] (lunabotics2021) Command: {'cmd': ['C:\\Program Files\\CMake\\bin\\cmake.EXE', '--install', 'F:\\dev\\colcon_ws\\src\\lunabotics2021\\build\\lunabotics2021', '--config', 'Release'], 'cwd': 'F:\\dev\\colcon_ws\\src\\lunabotics2021\\build\\lunabotics2021', 'env': OrderedDict([('ALLUSERSPROFILE', 'C:\\ProgramData'), ('AMENT_PREFIX_PATH', 'F:\\dev\\ros2_foxy'), ('APPDATA', 'C:\\Users\\JoelB\\AppData\\Roaming'), ('ChocolateyInstall', 'C:\\ProgramData\\chocolatey'), ('ChocolateyLastPathUpdate', '132440800097210234'), ('CMAKE_PREFIX_PATH', 'F:\\dev\\ros2_foxy'), ('COLCON', '1'), ('COLCON_PREFIX_PATH', 'F:\\dev\\ros2_foxy\\'), ('CommandPromptType', 'Cross'), ('CommonProgramFiles', 'C:\\Program Files\\Common Files'), ('CommonProgramFiles(x86)', 'C:\\Program Files (x86)\\Common Files'), ('CommonProgramW6432', 'C:\\Program Files\\Common Files'), ('COMPUTERNAME', 'LAPTOP-F21FPG6D'), ('ComSpec', 'C:\\WINDOWS\\system32\\cmd.exe'), ('configsetroot', 'C:\\WINDOWS\\ConfigSetRoot'), ('DevEnvDir', 'C:\\Program Files (x86)\\Microsoft Visual Studio\\2017\\BuildTools\\Common7\\IDE\\'), ('DriverData', 'C:\\Windows\\System32\\Drivers\\DriverData'), ('ExtensionSdkDir', 'C:\\Program Files (x86)\\Microsoft SDKs\\Windows Kits\\10\\ExtensionSDKs'), ('Framework40Version', 'v4.0'), ('FrameworkDir', 'C:\\Windows\\Microsoft.NET\\Framework\\'), ('FrameworkDir32', 'C:\\Windows\\Microsoft.NET\\Framework\\'), ('FrameworkDir64', 'C:\\Windows\\Microsoft.NET\\Framework64\\'), ('FrameworkVersion', 'v4.0.30319'), ('FrameworkVersion32', 'v4.0.30319'), ('FrameworkVersion64', 'v4.0.30319'), ('HOMEDRIVE', 'C:'), ('HOMEPATH', '\\Users\\JoelB'), ('INCLUDE', 'C:\\Program Files (x86)\\Microsoft Visual Studio\\2017\\BuildTools\\VC\\Tools\\MSVC\\14.16.27023\\include;C:\\Program Files (x86)\\Windows Kits\\10\\include\\10.0.17763.0\\ucrt;C:\\Program Files (x86)\\Windows Kits\\10\\include\\10.0.17763.0\\shared;C:\\Program Files (x86)\\Windows Kits\\10\\include\\10.0.17763.0\\um;C:\\Program Files (x86)\\Windows Kits\\10\\include\\10.0.17763.0\\winrt;C:\\Program Files (x86)\\Windows Kits\\10\\include\\10.0.17763.0\\cppwinrt'), ('JAVA_HOME', 'C:\\Program Files\\Java\\jdk-12.0.2'), ('LIB', 'C:\\Program Files (x86)\\Microsoft Visual Studio\\2017\\BuildTools\\VC\\Tools\\MSVC\\14.16.27023\\lib\\x64;C:\\Program Files (x86)\\Windows Kits\\10\\lib\\10.0.17763.0\\ucrt\\x64;C:\\Program Files (x86)\\Windows Kits\\10\\lib\\10.0.17763.0\\um\\x64;'), ('LIBPATH', 'C:\\Program Files (x86)\\Microsoft Visual Studio\\2017\\BuildTools\\VC\\Tools\\MSVC\\14.16.27023\\lib\\x64;C:\\Program Files (x86)\\Microsoft Visual Studio\\2017\\BuildTools\\VC\\Tools\\MSVC\\14.16.27023\\lib\\x86\\store\\references;C:\\Program Files (x86)\\Windows Kits\\10\\UnionMetadata\\10.0.17763.0;C:\\Program Files (x86)\\Windows Kits\\10\\References\\10.0.17763.0;C:\\Windows\\Microsoft.NET\\Framework\\v4.0.30319;'), ('LOCALAPPDATA', 'C:\\Users\\JoelB\\AppData\\Local'), ('LOGONSERVER', '\\\\LAPTOP-F21FPG6D'), ('NIEXTCCOMPILERSUPP', 'C:\\Program Files (x86)\\National Instruments\\Shared\\ExternalCompilerSupport\\C\\'), ('NUMBER_OF_PROCESSORS', '8'), ('OneDrive', 'C:\\Users\\JoelB\\OneDrive'), ('OneDriveConsumer', 'C:\\Users\\JoelB\\OneDrive'), ('OpenCV_DIR', 'C:\\opencv'), ('OS', 'Windows_NT'), ('OV_NI_PLUGIN_DIR', 'C:\\Program Files\\National Instruments\\Shared\\OpenVINO\\'), ('Path', 'F:\\dev\\ros2_foxy\\opt\\yaml_cpp_vendor\\bin;F:\\dev\\ros2_foxy\\opt\\rviz_ogre_vendor\\bin;F:\\dev\\ros2_foxy\\opt\\rviz_assimp_vendor\\bin;F:\\dev\\ros2_foxy\\opt\\libcurl_vendor\\bin;F:\\dev\\ros2_foxy\\Scripts;C:\\Program Files (x86)\\Microsoft Visual Studio\\2017\\BuildTools\\VC\\Tools\\MSVC\\14.16.27023\\bin\\HostX86\\x64;C:\\Program Files (x86)\\Microsoft Visual Studio\\2017\\BuildTools\\VC\\Tools\\MSVC\\14.16.27023\\bin\\HostX86\\x86;C:\\Program Files (x86)\\Microsoft Visual Studio\\2017\\BuildTools\\Common7\\IDE\\CommonExtensions\\Microsoft\\TestWindow;C:\\Program Files (x86)\\Microsoft Visual Studio\\2017\\BuildTools\\MSBuild\\15.0\\bin\\Roslyn;C:\\Program Files (x86)\\Windows Kits\\10\\bin\\10.0.17763.0\\x86;C:\\Program Files (x86)\\Windows Kits\\10\\bin\\x86;C:\\Program Files (x86)\\Microsoft Visual Studio\\2017\\BuildTools\\\\MSBuild\\15.0\\bin;C:\\Windows\\Microsoft.NET\\Framework\\v4.0.30319;C:\\Program Files (x86)\\Microsoft Visual Studio\\2017\\BuildTools\\Common7\\IDE\\;C:\\Program Files (x86)\\Microsoft Visual Studio\\2017\\BuildTools\\Common7\\Tools\\;C:\\Program Files\\National Instruments\\Shared\\OpenVINO\\;C:\\Python38\\Scripts\\;C:\\Python38\\;C:\\Program Files (x86)\\Intel\\Intel(R) Management Engine Components\\iCLS\\;C:\\Program Files\\Intel\\Intel(R) Management Engine Components\\iCLS\\;C:\\WINDOWS\\system32;C:\\WINDOWS;C:\\WINDOWS\\System32\\Wbem;C:\\WINDOWS\\System32\\WindowsPowerShell\\v1.0\\;C:\\Program Files (x86)\\Intel\\Intel(R) Management Engine Components\\DAL;C:\\Program Files\\Intel\\Intel(R) Management Engine Components\\DAL;C:\\Program Files (x86)\\Intel\\Intel(R) Management Engine Components\\IPT;C:\\Program Files\\Intel\\Intel(R) Management Engine Components\\IPT;C:\\WINDOWS\\System32\\OpenSSH\\;C:\\Program Files (x86)\\IVI Foundation\\VISA\\WinNT\\Bin;C:\\Program Files\\PuTTY\\;C:\\Program Files\\Java\\jdk-12.0.2\\bin;C:\\Users\\JoelB\\Desktop\\Maven\\apache-maven-3.6.3-bin\\apache-maven-3.6.3\\bin;C:\\Program Files\\nodejs;C:\\ProgramData\\chocolatey\\bin;C:\\Program Files\\Git\\cmd;C:\\Program Files\\CMake\\bin;C:\\MinGW\\bin;C:\\Program Files (x86)\\GnuWin32\\bin;E:\\World Painter\\WorldPainter;C:\\Program Files\\dotnet\\;C:\\Users\\Public\\wpilib\\2020\\frccode;C:\\ProgramData\\chocolatey\\lib\\cunit\\lib;C:\\ProgramData\\chocolatey\\lib\\tinyxml2\\lib;C:\\ProgramData\\chocolatey\\lib\\log4cxx\\lib;C:\\ProgramData\\chocolatey\\lib\\bullet\\lib;C:\\Program Files\\OpenSSL-Win64\\bin;C:\\Program Files\\Cppcheck;C:\\xmllint\\libxml2-2.9.3-win32-x86_64\\bin;F:\\dev\\ros2_foxy\\bin;F:\\QT\\5.15.0\\msvc2015_64;C:\\Python38\\Lib\\site-packages\\PyQt5\\Qt\\plugins\\platforms;C:\\Users\\JoelB\\AppData\\Local\\Programs\\Python\\Python37\\Scripts\\;C:\\Users\\JoelB\\AppData\\Local\\Programs\\Python\\Python37\\;C:\\Users\\JoelB\\AppData\\Local\\Microsoft\\WindowsApps;C:\\Users\\JoelB\\AppData\\Local\\Programs\\Microsoft VS Code\\bin;C:\\Users\\JoelB\\Desktop\\Coding\\jdk-12.0.2_windows-x64_bin\\jdk-12.0.2;C:\\Users\\JoelB\\Desktop\\Maven\\apache-maven-3.6.3-bin\\apache-maven-3.6.3\\bin;C:\\Users\\JoelB\\AppData\\Roaming\\npm;C:\\Program Files\\nodejs;C:\\Users\\Public\\wpilib\\2020\\frccode;C:\\Program Files\\CMake\\bin;C:\\Program Files (x86)\\Graphviz2.38\\bin;C:\\Program Files\\OpenSSL-Win64\\bin;F:\\ROS2\\foxy\\ros2-foxy-20200807-windows-release-amd64\\ros2-windows\\bin;C:\\opencv\\opencv-3.4.6-vc16.VS2019\\opencv\\x64\\vc16\\bin;F:\\QT\\5.15.0\\msvc2015_64;;C:\\Program Files (x86)\\Microsoft Visual Studio\\2017\\BuildTools\\Common7\\IDE\\CommonExtensions\\Microsoft\\CMake\\CMake\\bin;C:\\Program Files (x86)\\Microsoft Visual Studio\\2017\\BuildTools\\Common7\\IDE\\CommonExtensions\\Microsoft\\CMake\\Ninja'), ('PATHEXT', '.COM;.EXE;.BAT;.CMD;.VBS;.VBE;.JS;.JSE;.WSF;.WSH;.MSC;.PY;.PYW'), ('PKG_CONFIG_PATH', 'F:\\dev\\ros2_foxy\\lib\\pkgconfig'), ('Platform', 'x64'), ('PROCESSOR_ARCHITECTURE', 'AMD64'), ('PROCESSOR_IDENTIFIER', 'Intel64 Family 6 Model 142 Stepping 10, GenuineIntel'), ('PROCESSOR_LEVEL', '6'), ('PROCESSOR_REVISION', '8e0a'), ('ProgramData', 'C:\\ProgramData'), ('ProgramFiles', 'C:\\Program Files'), ('ProgramFiles(x86)', 'C:\\Program Files (x86)'), ('ProgramW6432', 'C:\\Program Files'), ('PROMPT', '$P$G'), ('PSModulePath', 'C:\\Program Files\\WindowsPowerShell\\Modules;C:\\WINDOWS\\system32\\WindowsPowerShell\\v1.0\\Modules'), ('PUBLIC', 'C:\\Users\\Public'), ('PYTHONPATH', 'F:\\dev\\ros2_foxy\\Lib\\site-packages'), ('QSYS_ROOTDIR', 'E:\\Quartus_Prime\\quartus\\sopc_builder\\bin'), ('QT_QPA_PLATFORM_PLUGIN_PATH', 'C:\\Python38\\Lib\\site-packages\\PyQt5\\Qt\\plugins\\platforms'), ('QUARTUS_ROOTDIR', 'E:\\Quartus_Prime\\quartus'), ('ROS_DISTRO', 'foxy'), ('ROS_DOMAIN_ID', '12'), ('ROS_LOCALHOST_ONLY', '0'), ('ROS_PYTHON_VERSION', '3'), ('ROS_VERSION', '2'), ('SESSIONNAME', 'Console'), ('SOPC_KIT_NIOS2', 'E:\\Quartus_Prime\\nios2eds'), ('SystemDrive', 'C:'), ('SystemRoot', 'C:\\WINDOWS'), ('TEMP', 'C:\\Users\\JoelB\\AppData\\Local\\Temp'), ('TMP', 'C:\\Users\\JoelB\\AppData\\Local\\Temp'), ('UCRTVersion', '10.0.17763.0'), ('UniversalCRTSdkDir', 'C:\\Program Files (x86)\\Windows Kits\\10\\'), ('USERDOMAIN', 'LAPTOP-F21FPG6D'), ('USERDOMAIN_ROAMINGPROFILE', 'LAPTOP-F21FPG6D'), ('USERNAME', 'JoelB'), ('USERPROFILE', 'C:\\Users\\JoelB'), ('VBOX_MSI_INSTALL_PATH', 'C:\\Program Files\\Oracle\\VirtualBox\\'), ('VCIDEInstallDir', 'C:\\Program Files (x86)\\Microsoft Visual Studio\\2017\\BuildTools\\Common7\\IDE\\VC\\'), ('VCINSTALLDIR', 'C:\\Program Files (x86)\\Microsoft Visual Studio\\2017\\BuildTools\\VC\\'), ('VCToolsInstallDir', 'C:\\Program Files (x86)\\Microsoft Visual Studio\\2017\\BuildTools\\VC\\Tools\\MSVC\\14.16.27023\\'), ('VCToolsRedistDir', 'C:\\Program Files (x86)\\Microsoft Visual Studio\\2017\\BuildTools\\VC\\Redist\\MSVC\\14.16.27012\\'), ('VCToolsVersion', '14.16.27023'), ('VisualStudioVersion', '15.0'), ('VS150COMNTOOLS', 'C:\\Program Files (x86)\\Microsoft Visual Studio\\2017\\BuildTools\\Common7\\Tools\\'), ('VSCMD_ARG_app_plat', 'Desktop'), ('VSCMD_ARG_HOST_ARCH', 'x86'), ('VSCMD_ARG_TGT_ARCH', 'x64'), ('VSCMD_VER', '15.0'), ('VSINSTALLDIR', 'C:\\Program Files (x86)\\Microsoft Visual Studio\\2017\\BuildTools\\'), ('VXIPNPPATH', 'C:\\Program Files (x86)\\IVI Foundation\\VISA\\'), ('windir', 'C:\\WINDOWS'), ('WindowsLibPath', 'C:\\Program Files (x86)\\Windows Kits\\10\\UnionMetadata\\10.0.17763.0;C:\\Program Files (x86)\\Windows Kits\\10\\References\\10.0.17763.0'), ('WindowsSdkBinPath', 'C:\\Program Files (x86)\\Windows Kits\\10\\bin\\'), ('WindowsSdkDir', 'C:\\Program Files (x86)\\Windows Kits\\10\\'), ('WindowsSDKLibVersion', '10.0.17763.0\\'), ('WindowsSdkVerBinPath', 'C:\\Program Files (x86)\\Windows Kits\\10\\bin\\10.0.17763.0\\'), ('WindowsSDKVersion', '10.0.17763.0\\'), ('__DOTNET_ADD_32BIT', '1'), ('__DOTNET_ADD_64BIT', '1'), ('__DOTNET_PREFERRED_BITNESS', '32'), ('__VSCMD_PREINIT_PATH', 'C:\\Program Files\\National Instruments\\Shared\\OpenVINO\\;C:\\Python38\\Scripts\\;C:\\Python38\\;C:\\Program Files (x86)\\Intel\\Intel(R) Management Engine Components\\iCLS\\;C:\\Program Files\\Intel\\Intel(R) Management Engine Components\\iCLS\\;C:\\WINDOWS\\system32;C:\\WINDOWS;C:\\WINDOWS\\System32\\Wbem;C:\\WINDOWS\\System32\\WindowsPowerShell\\v1.0\\;C:\\Program Files (x86)\\Intel\\Intel(R) Management Engine Components\\DAL;C:\\Program Files\\Intel\\Intel(R) Management Engine Components\\DAL;C:\\Program Files (x86)\\Intel\\Intel(R) Management Engine Components\\IPT;C:\\Program Files\\Intel\\Intel(R) Management Engine Components\\IPT;C:\\WINDOWS\\System32\\OpenSSH\\;C:\\Program Files (x86)\\IVI Foundation\\VISA\\WinNT\\Bin;C:\\Program Files\\PuTTY\\;C:\\Program Files\\Java\\jdk-12.0.2\\bin;C:\\Users\\JoelB\\Desktop\\Maven\\apache-maven-3.6.3-bin\\apache-maven-3.6.3\\bin;C:\\Program Files\\nodejs;C:\\ProgramData\\chocolatey\\bin;C:\\Program Files\\Git\\cmd;C:\\Program Files\\CMake\\bin;C:\\MinGW\\bin;C:\\Program Files (x86)\\GnuWin32\\bin;E:\\World Painter\\WorldPainter;C:\\Program Files\\dotnet\\;C:\\Users\\Public\\wpilib\\2020\\frccode;C:\\ProgramData\\chocolatey\\lib\\cunit\\lib;C:\\ProgramData\\chocolatey\\lib\\tinyxml2\\lib;C:\\ProgramData\\chocolatey\\lib\\log4cxx\\lib;C:\\ProgramData\\chocolatey\\lib\\bullet\\lib;C:\\Program Files\\OpenSSL-Win64\\bin;C:\\Program Files\\Cppcheck;C:\\xmllint\\libxml2-2.9.3-win32-x86_64\\bin;F:\\dev\\ros2_foxy\\bin;F:\\QT\\5.15.0\\msvc2015_64;C:\\Python38\\Lib\\site-packages\\PyQt5\\Qt\\plugins\\platforms;C:\\Users\\JoelB\\AppData\\Local\\Programs\\Python\\Python37\\Scripts\\;C:\\Users\\JoelB\\AppData\\Local\\Programs\\Python\\Python37\\;C:\\Users\\JoelB\\AppData\\Local\\Microsoft\\WindowsApps;C:\\Users\\JoelB\\AppData\\Local\\Programs\\Microsoft VS Code\\bin;C:\\Users\\JoelB\\Desktop\\Coding\\jdk-12.0.2_windows-x64_bin\\jdk-12.0.2;C:\\Users\\JoelB\\Desktop\\Maven\\apache-maven-3.6.3-bin\\apache-maven-3.6.3\\bin;C:\\Users\\JoelB\\AppData\\Roaming\\npm;C:\\Program Files\\nodejs;C:\\Users\\Public\\wpilib\\2020\\frccode;C:\\Program Files\\CMake\\bin;C:\\Program Files (x86)\\Graphviz2.38\\bin;C:\\Program Files\\OpenSSL-Win64\\bin;F:\\ROS2\\foxy\\ros2-foxy-20200807-windows-release-amd64\\ros2-windows\\bin;C:\\opencv\\opencv-3.4.6-vc16.VS2019\\opencv\\x64\\vc16\\bin;F:\\QT\\5.15.0\\msvc2015_64;')]), 'shell': False}
[52.422000] (-) TimerEvent: {}
[52.469000] (lunabotics2021) StdoutLine: {'line': b'-- Installing: F:/dev/colcon_ws/src/lunabotics2021/install/lunabotics2021/lib/lunabotics2021/hello.exe\n'}
[52.485000] (lunabotics2021) StdoutLine: {'line': b'-- Installing: F:/dev/colcon_ws/src/lunabotics2021/install/lunabotics2021/share/ament_index/resource_index/package_run_dependencies/lunabotics2021\n'}
[52.500000] (lunabotics2021) StdoutLine: {'line': b'-- Installing: F:/dev/colcon_ws/src/lunabotics2021/install/lunabotics2021/share/ament_index/resource_index/parent_prefix_path/lunabotics2021\n'}
[52.516000] (lunabotics2021) StdoutLine: {'line': b'-- Installing: F:/dev/colcon_ws/src/lunabotics2021/install/lunabotics2021/share/lunabotics2021/environment/ament_prefix_path.bat\n'}
[52.516000] (lunabotics2021) StdoutLine: {'line': b'-- Installing: F:/dev/colcon_ws/src/lunabotics2021/install/lunabotics2021/share/lunabotics2021/environment/ament_prefix_path.dsv\n'}
[52.516000] (lunabotics2021) StdoutLine: {'line': b'-- Installing: F:/dev/colcon_ws/src/lunabotics2021/install/lunabotics2021/share/lunabotics2021/environment/path.bat\n'}
[52.531000] (-) TimerEvent: {}
[52.547000] (lunabotics2021) StdoutLine: {'line': b'-- Installing: F:/dev/colcon_ws/src/lunabotics2021/install/lunabotics2021/share/lunabotics2021/environment/path.dsv\n'}
[52.547000] (lunabotics2021) StdoutLine: {'line': b'-- Installing: F:/dev/colcon_ws/src/lunabotics2021/install/lunabotics2021/share/lunabotics2021/local_setup.bat\n'}
[52.563000] (lunabotics2021) StdoutLine: {'line': b'-- Installing: F:/dev/colcon_ws/src/lunabotics2021/install/lunabotics2021/share/lunabotics2021/local_setup.dsv\n'}
[52.578000] (lunabotics2021) StdoutLine: {'line': b'-- Installing: F:/dev/colcon_ws/src/lunabotics2021/install/lunabotics2021/share/lunabotics2021/package.dsv\n'}
[52.594000] (lunabotics2021) StdoutLine: {'line': b'-- Installing: F:/dev/colcon_ws/src/lunabotics2021/install/lunabotics2021/share/ament_index/resource_index/packages/lunabotics2021\n'}
[52.594000] (lunabotics2021) StdoutLine: {'line': b'-- Installing: F:/dev/colcon_ws/src/lunabotics2021/install/lunabotics2021/share/lunabotics2021/cmake/lunabotics2021Config.cmake\n'}
[52.610000] (lunabotics2021) StdoutLine: {'line': b'-- Installing: F:/dev/colcon_ws/src/lunabotics2021/install/lunabotics2021/share/lunabotics2021/cmake/lunabotics2021Config-version.cmake\n'}
[52.610000] (lunabotics2021) StdoutLine: {'line': b'-- Installing: F:/dev/colcon_ws/src/lunabotics2021/install/lunabotics2021/share/lunabotics2021/package.xml\n'}
[52.641000] (lunabotics2021) CommandEnded: {'returncode': 0}
[52.641000] (-) TimerEvent: {}
[52.750000] (-) TimerEvent: {}
[52.860000] (lunabotics2021) JobEnded: {'identifier': 'lunabotics2021', 'rc': 0}
[52.875000] (-) TimerEvent: {}
[52.875000] (-) EventReactorShutdown: {}
