[1.095s] [34mcolcon[0m [1;30mDEBUG[0m [32mCommand line arguments: ['C:\\Python38\\Scripts\\colcon', 'build', '--symlink-install', '--event-handlers', 'console_cohesion+'][0m
[1.096s] [34mcolcon[0m [1;30mDEBUG[0m [32mParsed command line arguments: Namespace(ament_cmake_args=None, base_paths=['.'], build_base='build', catkin_cmake_args=None, catkin_skip_building_tests=False, cmake_args=None, cmake_clean_cache=False, cmake_clean_first=False, cmake_force_configure=False, cmake_target=None, cmake_target_skip_unavailable=False, continue_on_error=False, event_handlers=['console_cohesion+'], executor='parallel', ignore_user_meta=False, install_base='install', log_base=None, log_level=None, main=<bound method BuildVerb.main of <colcon_core.verb.build.BuildVerb object at 0x000001D3D207D700>>, merge_install=False, metas=['./colcon.meta'], packages_above=None, packages_above_and_dependencies=None, packages_above_depth=None, packages_end=None, packages_ignore=None, packages_ignore_regex=None, packages_select=None, packages_select_build_failed=False, packages_select_by_dep=None, packages_select_regex=None, packages_select_test_failures=False, packages_skip=None, packages_skip_build_finished=False, packages_skip_by_dep=None, packages_skip_regex=None, packages_skip_test_passed=False, packages_skip_up_to=None, packages_start=None, packages_up_to=None, packages_up_to_regex=None, parallel_workers=8, paths=None, symlink_install=True, test_result_base=None, verb_extension=<colcon_core.verb.build.BuildVerb object at 0x000001D3D207D700>, verb_name='build', verb_parser=<colcon_defaults.argument_parser.defaults.DefaultArgumentsDecorator object at 0x000001D3D207DBB0>)[0m
[1.247s] [34mcolcon.colcon_core.package_discovery[0m [1;30mLevel 1[0m discover_packages(colcon_meta) check parameters
[1.248s] [34mcolcon.colcon_core.package_discovery[0m [1;30mLevel 1[0m discover_packages(recursive) check parameters
[1.248s] [34mcolcon.colcon_core.package_discovery[0m [1;30mLevel 1[0m discover_packages(ignore) check parameters
[1.248s] [34mcolcon.colcon_core.package_discovery[0m [1;30mLevel 1[0m discover_packages(path) check parameters
[1.248s] [34mcolcon.colcon_core.package_discovery[0m [1;30mLevel 1[0m discover_packages(colcon_meta) discover
[1.248s] [34mcolcon.colcon_core.package_discovery[0m [1;30mLevel 1[0m discover_packages(recursive) discover
[1.249s] [34mcolcon.colcon_core.package_discovery[0m [1;30mINFO[0m Crawling recursively for packages in 'F:\dev\colcon_ws\src\lunabotics2021'
[1.250s] [34mcolcon.colcon_core.package_identification[0m [1;30mLevel 1[0m _identify(.) by extensions ['ignore', 'ignore_ament_install']
[1.250s] [34mcolcon.colcon_core.package_identification[0m [1;30mLevel 1[0m _identify(.) by extension 'ignore'
[1.250s] [34mcolcon.colcon_core.package_identification[0m [1;30mLevel 1[0m _identify(.) by extension 'ignore_ament_install'
[1.250s] [34mcolcon.colcon_core.package_identification[0m [1;30mLevel 1[0m _identify(.) by extensions ['colcon_pkg']
[1.251s] [34mcolcon.colcon_core.package_identification[0m [1;30mLevel 1[0m _identify(.) by extension 'colcon_pkg'
[1.251s] [34mcolcon.colcon_core.package_identification[0m [1;30mLevel 1[0m _identify(.) by extensions ['colcon_meta']
[1.251s] [34mcolcon.colcon_core.package_identification[0m [1;30mLevel 1[0m _identify(.) by extension 'colcon_meta'
[1.252s] [34mcolcon.colcon_core.package_identification[0m [1;30mLevel 1[0m _identify(.) by extensions ['ros']
[1.252s] [34mcolcon.colcon_core.package_identification[0m [1;30mLevel 1[0m _identify(.) by extension 'ros'
[1.308s] [34mcolcon.colcon_core.package_identification[0m [1;30mDEBUG[0m [32mPackage '.' with type 'ros.ament_cmake' and name 'lunabotics2021'[0m
[1.308s] [34mcolcon.colcon_core.package_discovery[0m [1;30mLevel 1[0m discover_packages(recursive) using defaults
[1.309s] [34mcolcon.colcon_core.package_discovery[0m [1;30mLevel 1[0m discover_packages(ignore) discover
[1.309s] [34mcolcon.colcon_core.package_discovery[0m [1;30mLevel 1[0m discover_packages(ignore) using defaults
[1.309s] [34mcolcon.colcon_core.package_discovery[0m [1;30mLevel 1[0m discover_packages(path) discover
[1.309s] [34mcolcon.colcon_core.package_discovery[0m [1;30mLevel 1[0m discover_packages(path) using defaults
[1.417s] [34mcolcon.colcon_core.verb[0m [1;30mLevel 5[0m set package 'lunabotics2021' build argument 'cmake_args' from command line to 'None'
[1.418s] [34mcolcon.colcon_core.verb[0m [1;30mLevel 5[0m set package 'lunabotics2021' build argument 'cmake_target' from command line to 'None'
[1.418s] [34mcolcon.colcon_core.verb[0m [1;30mLevel 5[0m set package 'lunabotics2021' build argument 'cmake_target_skip_unavailable' from command line to 'False'
[1.418s] [34mcolcon.colcon_core.verb[0m [1;30mLevel 5[0m set package 'lunabotics2021' build argument 'cmake_clean_cache' from command line to 'False'
[1.418s] [34mcolcon.colcon_core.verb[0m [1;30mLevel 5[0m set package 'lunabotics2021' build argument 'cmake_clean_first' from command line to 'False'
[1.418s] [34mcolcon.colcon_core.verb[0m [1;30mLevel 5[0m set package 'lunabotics2021' build argument 'cmake_force_configure' from command line to 'False'
[1.418s] [34mcolcon.colcon_core.verb[0m [1;30mLevel 5[0m set package 'lunabotics2021' build argument 'ament_cmake_args' from command line to 'None'
[1.418s] [34mcolcon.colcon_core.verb[0m [1;30mLevel 5[0m set package 'lunabotics2021' build argument 'catkin_cmake_args' from command line to 'None'
[1.418s] [34mcolcon.colcon_core.verb[0m [1;30mLevel 5[0m set package 'lunabotics2021' build argument 'catkin_skip_building_tests' from command line to 'False'
[1.419s] [34mcolcon.colcon_core.verb[0m [1;30mDEBUG[0m [32mBuilding package 'lunabotics2021' with the following arguments: {'ament_cmake_args': None, 'build_base': 'F:\\dev\\colcon_ws\\src\\lunabotics2021\\build\\lunabotics2021', 'catkin_cmake_args': None, 'catkin_skip_building_tests': False, 'cmake_args': None, 'cmake_clean_cache': False, 'cmake_clean_first': False, 'cmake_force_configure': False, 'cmake_target': None, 'cmake_target_skip_unavailable': False, 'install_base': 'F:\\dev\\colcon_ws\\src\\lunabotics2021\\install\\lunabotics2021', 'merge_install': False, 'path': 'F:\\dev\\colcon_ws\\src\\lunabotics2021', 'symlink_install': True, 'test_result_base': None}[0m
[1.428s] [34mcolcon.colcon_core.executor[0m [1;30mINFO[0m Executing jobs using 'parallel' executor
[1.492s] [34mcolcon.colcon_parallel_executor.executor.parallel[0m [1;30mDEBUG[0m [32mrun_until_complete[0m
[1.492s] [34mcolcon.colcon_ros.task.ament_cmake.build[0m [1;30mINFO[0m Building ROS package in 'F:\dev\colcon_ws\src\lunabotics2021' with build type 'ament_cmake'
[1.515s] [34mcolcon.colcon_core.plugin_system[0m [1;30mINFO[0m Skipping extension 'colcon_core.shell.sh': Not used on Windows systems
[1.515s] [34mcolcon.colcon_cmake.task.cmake.build[0m [1;30mINFO[0m Building CMake package in 'F:\dev\colcon_ws\src\lunabotics2021'
[1.536s] [34mcolcon.colcon_core.shell[0m [1;30mINFO[0m Skip shell extension 'powershell' for command environment: Not usable outside of PowerShell
[1.705s] [34mcolcon.colcon_core.event_handler.log_command[0m [1;30mDEBUG[0m [32mInvoking command in 'F:\dev\colcon_ws\src\lunabotics2021\build\lunabotics2021': C:\Program Files\CMake\bin\cmake.EXE F:\dev\colcon_ws\src\lunabotics2021 -DAMENT_CMAKE_SYMLINK_INSTALL=1 -DCMAKE_INSTALL_PREFIX=F:\dev\colcon_ws\src\lunabotics2021\install\lunabotics2021[0m
[27.000s] [34mcolcon.colcon_core.event_handler.log_command[0m [1;30mDEBUG[0m [32mInvoked command in 'F:\dev\colcon_ws\src\lunabotics2021\build\lunabotics2021' returned '1': C:\Program Files\CMake\bin\cmake.EXE F:\dev\colcon_ws\src\lunabotics2021 -DAMENT_CMAKE_SYMLINK_INSTALL=1 -DCMAKE_INSTALL_PREFIX=F:\dev\colcon_ws\src\lunabotics2021\install\lunabotics2021[0m
[27.020s] [34mcolcon.colcon_parallel_executor.executor.parallel[0m [1;30mDEBUG[0m [32mrun_until_complete finished with '1'[0m
[27.020s] [34mcolcon.colcon_core.event_reactor[0m [1;30mDEBUG[0m [32mjoining thread[0m
[27.084s] [34mcolcon.colcon_core.plugin_system[0m [1;30mINFO[0m Skipping extension 'colcon_notification.desktop_notification.notify2': 'notify2' not found
[27.085s] [34mcolcon.colcon_core.plugin_system[0m [1;30mINFO[0m Skipping extension 'colcon_notification.desktop_notification.notify_send': Not used on non-Linux systems
[27.085s] [34mcolcon.colcon_core.plugin_system[0m [1;30mINFO[0m Skipping extension 'colcon_notification.desktop_notification.terminal_notifier': Not used on non-Darwin systems
[27.085s] [34mcolcon.colcon_notification.desktop_notification[0m [1;30mINFO[0m Sending desktop notification using 'win32'
[32.131s] [34mcolcon.colcon_core.event_reactor[0m [1;30mDEBUG[0m [32mjoined thread[0m
[32.148s] [34mcolcon.colcon_core.shell[0m [1;30mINFO[0m Creating prefix script 'F:\dev\colcon_ws\src\lunabotics2021\install\local_setup.ps1'
[33.632s] [34mcolcon.colcon_core.shell[0m [1;30mINFO[0m Creating prefix util module 'F:\dev\colcon_ws\src\lunabotics2021\install\_local_setup_util_ps1.py'
[33.646s] [34mcolcon.colcon_core.shell[0m [1;30mINFO[0m Creating prefix chain script 'F:\dev\colcon_ws\src\lunabotics2021\install\setup.ps1'
[33.667s] [34mcolcon.colcon_core.shell[0m [1;30mINFO[0m Creating prefix script 'F:\dev\colcon_ws\src\lunabotics2021\install\local_setup.bat'
[33.675s] [34mcolcon.colcon_core.shell[0m [1;30mINFO[0m Creating prefix util module 'F:\dev\colcon_ws\src\lunabotics2021\install\_local_setup_util_bat.py'
[33.686s] [34mcolcon.colcon_core.shell[0m [1;30mINFO[0m Creating prefix chain script 'F:\dev\colcon_ws\src\lunabotics2021\install\setup.bat'
