[0.094s] Invoking command in 'F:\dev\colcon_ws\src\lunabotics2021\build\lunabotics2021': C:\Program Files\CMake\bin\cmake.EXE F:\dev\colcon_ws\src\lunabotics2021 -DAMENT_CMAKE_SYMLINK_INSTALL=1 -DCMAKE_INSTALL_PREFIX=F:\dev\colcon_ws\src\lunabotics2021\install\lunabotics2021
[0.110s] -- Selecting Windows SDK version 10.0.17763.0 to target Windows 10.0.18363.
[0.141s] -- Found ament_cmake: 0.9.6 (F:/dev/ros2_foxy/share/ament_cmake/cmake)
[0.203s] -- Using PYTHON_EXECUTABLE: C:/Python38/python.exe
[0.938s] -- Override CMake install command with custom implementation using symlinks instead of copying resources
[1.125s] -- Found rclcpp: 2.1.0 (F:/dev/ros2_foxy/share/rclcpp/cmake)
[1.250s] -- Using all available rosidl_typesupport_c: rosidl_typesupport_connext_c;rosidl_typesupport_fastrtps_c;rosidl_typesupport_introspection_c
[1.281s] -- Found rosidl_adapter: 1.0.1 (F:/dev/ros2_foxy/share/rosidl_adapter/cmake)
[2.922s] -- Could not find RTI Connext - skipping rosidl_typesupport_connext_c
[3.000s] -- Could not find RTI Connext - skipping rosidl_typesupport_connext_cpp
[3.485s] -- Using all available rosidl_typesupport_cpp: rosidl_typesupport_connext_cpp;rosidl_typesupport_fastrtps_cpp;rosidl_typesupport_introspection_cpp
[3.610s] -- Found rmw_implementation_cmake: 1.0.1 (F:/dev/ros2_foxy/share/rmw_implementation_cmake/cmake)
[3.610s] -- Using RMW implementation 'rmw_fastrtps_cpp' as default
[3.766s] -- Found std_msgs: 2.0.3 (F:/dev/ros2_foxy/share/std_msgs/cmake)
[3.813s] -- Found ament_lint_auto: 0.9.5 (F:/dev/ros2_foxy/share/ament_lint_auto/cmake)
[4.078s] -- Added test 'copyright' to check source files copyright and LICENSE
[4.391s] -- Added test 'cppcheck' to perform static code analysis on C / C++ code
[4.391s] -- Configured cppcheck include dirs: $<BUILD_INTERFACE:F:/dev/colcon_ws/src/lunabotics2021/include>
[4.391s] -- Configured cppcheck exclude dirs and/or files: 
[4.703s] -- Added test 'cpplint' to check C / C++ code against the Google style
[4.703s] -- Configured cpplint exclude dirs and/or files: 
[4.735s] -- Added test 'flake8' to check Python code syntax and style conventions
[4.828s] -- Added test 'lint_cmake' to check CMake code style
[4.860s] -- Added test 'pep257' to check Python code against some of the style conventions in PEP 257
[5.188s] -- Added test 'uncrustify' to check C / C++ code style
[5.188s] -- Configured uncrustify additional arguments: 
[5.219s] -- Added test 'xmllint' to check XML markup files
[5.266s] -- Configuring done
[6.313s] -- Generating done
[6.375s] -- Build files have been written to: F:/dev/colcon_ws/src/lunabotics2021/build/lunabotics2021
[6.406s] Invoked command in 'F:\dev\colcon_ws\src\lunabotics2021\build\lunabotics2021' returned '0': C:\Program Files\CMake\bin\cmake.EXE F:\dev\colcon_ws\src\lunabotics2021 -DAMENT_CMAKE_SYMLINK_INSTALL=1 -DCMAKE_INSTALL_PREFIX=F:\dev\colcon_ws\src\lunabotics2021\install\lunabotics2021
[6.406s] Invoking command in 'F:\dev\colcon_ws\src\lunabotics2021\build\lunabotics2021': CL=/MP C:\Program Files\CMake\bin\cmake.EXE --build F:\dev\colcon_ws\src\lunabotics2021\build\lunabotics2021 --config Release
[6.735s] Microsoft (R) Build Engine version 15.9.21+g9802d43bc3 for .NET Framework
[6.735s] Copyright (C) Microsoft Corporation. All rights reserved.
[6.735s] 
[8.563s] LINK : fatal error LNK1181: cannot open input file 'F:\dev\colcon_ws\src\lunabotics2021lib\x86-64\libCTRE_Phoenix.a' [F:\dev\colcon_ws\src\lunabotics2021\build\lunabotics2021\hello.vcxproj]
[8.672s]   listen.vcxproj -> F:\dev\colcon_ws\src\lunabotics2021\build\lunabotics2021\Release\listen.exe
[8.750s] Invoked command in 'F:\dev\colcon_ws\src\lunabotics2021\build\lunabotics2021' returned '1': CL=/MP C:\Program Files\CMake\bin\cmake.EXE --build F:\dev\colcon_ws\src\lunabotics2021\build\lunabotics2021 --config Release
