[0.680s] [34mcolcon[0m [1;30mDEBUG[0m [32mCommand line arguments: ['C:\\Python38\\Scripts\\colcon', 'build', '--symlink-install', '--event-handlers', 'console_cohesion+'][0m
[0.681s] [34mcolcon[0m [1;30mDEBUG[0m [32mParsed command line arguments: Namespace(ament_cmake_args=None, base_paths=['.'], build_base='build', catkin_cmake_args=None, catkin_skip_building_tests=False, cmake_args=None, cmake_clean_cache=False, cmake_clean_first=False, cmake_force_configure=False, cmake_target=None, cmake_target_skip_unavailable=False, continue_on_error=False, event_handlers=['console_cohesion+'], executor='parallel', ignore_user_meta=False, install_base='install', log_base=None, log_level=None, main=<bound method BuildVerb.main of <colcon_core.verb.build.BuildVerb object at 0x00000288B195E370>>, merge_install=False, metas=['./colcon.meta'], packages_above=None, packages_above_and_dependencies=None, packages_above_depth=None, packages_end=None, packages_ignore=None, packages_ignore_regex=None, packages_select=None, packages_select_build_failed=False, packages_select_by_dep=None, packages_select_regex=None, packages_select_test_failures=False, packages_skip=None, packages_skip_build_finished=False, packages_skip_by_dep=None, packages_skip_regex=None, packages_skip_test_passed=False, packages_skip_up_to=None, packages_start=None, packages_up_to=None, packages_up_to_regex=None, parallel_workers=8, paths=None, symlink_install=True, test_result_base=None, verb_extension=<colcon_core.verb.build.BuildVerb object at 0x00000288B195E370>, verb_name='build', verb_parser=<colcon_defaults.argument_parser.defaults.DefaultArgumentsDecorator object at 0x00000288B195E820>)[0m
[0.738s] [34mcolcon.colcon_core.package_discovery[0m [1;30mLevel 1[0m discover_packages(colcon_meta) check parameters
[0.738s] [34mcolcon.colcon_core.package_discovery[0m [1;30mLevel 1[0m discover_packages(recursive) check parameters
[0.738s] [34mcolcon.colcon_core.package_discovery[0m [1;30mLevel 1[0m discover_packages(ignore) check parameters
[0.738s] [34mcolcon.colcon_core.package_discovery[0m [1;30mLevel 1[0m discover_packages(path) check parameters
[0.738s] [34mcolcon.colcon_core.package_discovery[0m [1;30mLevel 1[0m discover_packages(colcon_meta) discover
[0.739s] [34mcolcon.colcon_core.package_discovery[0m [1;30mLevel 1[0m discover_packages(recursive) discover
[0.739s] [34mcolcon.colcon_core.package_discovery[0m [1;30mINFO[0m Crawling recursively for packages in 'F:\dev\colcon_ws\src\lunabotics2021'
[0.739s] [34mcolcon.colcon_core.package_identification[0m [1;30mLevel 1[0m _identify(.) by extensions ['ignore', 'ignore_ament_install']
[0.739s] [34mcolcon.colcon_core.package_identification[0m [1;30mLevel 1[0m _identify(.) by extension 'ignore'
[0.739s] [34mcolcon.colcon_core.package_identification[0m [1;30mLevel 1[0m _identify(.) by extension 'ignore_ament_install'
[0.739s] [34mcolcon.colcon_core.package_identification[0m [1;30mLevel 1[0m _identify(.) by extensions ['colcon_pkg']
[0.739s] [34mcolcon.colcon_core.package_identification[0m [1;30mLevel 1[0m _identify(.) by extension 'colcon_pkg'
[0.739s] [34mcolcon.colcon_core.package_identification[0m [1;30mLevel 1[0m _identify(.) by extensions ['colcon_meta']
[0.739s] [34mcolcon.colcon_core.package_identification[0m [1;30mLevel 1[0m _identify(.) by extension 'colcon_meta'
[0.740s] [34mcolcon.colcon_core.package_identification[0m [1;30mLevel 1[0m _identify(.) by extensions ['ros']
[0.740s] [34mcolcon.colcon_core.package_identification[0m [1;30mLevel 1[0m _identify(.) by extension 'ros'
[0.761s] [34mcolcon.colcon_core.package_identification[0m [1;30mDEBUG[0m [32mPackage '.' with type 'ros.ament_cmake' and name 'lunabotics2021'[0m
[0.762s] [34mcolcon.colcon_core.package_discovery[0m [1;30mLevel 1[0m discover_packages(recursive) using defaults
[0.762s] [34mcolcon.colcon_core.package_discovery[0m [1;30mLevel 1[0m discover_packages(ignore) discover
[0.762s] [34mcolcon.colcon_core.package_discovery[0m [1;30mLevel 1[0m discover_packages(ignore) using defaults
[0.762s] [34mcolcon.colcon_core.package_discovery[0m [1;30mLevel 1[0m discover_packages(path) discover
[0.762s] [34mcolcon.colcon_core.package_discovery[0m [1;30mLevel 1[0m discover_packages(path) using defaults
[0.799s] [34mcolcon.colcon_core.verb[0m [1;30mLevel 5[0m set package 'lunabotics2021' build argument 'cmake_args' from command line to 'None'
[0.799s] [34mcolcon.colcon_core.verb[0m [1;30mLevel 5[0m set package 'lunabotics2021' build argument 'cmake_target' from command line to 'None'
[0.800s] [34mcolcon.colcon_core.verb[0m [1;30mLevel 5[0m set package 'lunabotics2021' build argument 'cmake_target_skip_unavailable' from command line to 'False'
[0.800s] [34mcolcon.colcon_core.verb[0m [1;30mLevel 5[0m set package 'lunabotics2021' build argument 'cmake_clean_cache' from command line to 'False'
[0.800s] [34mcolcon.colcon_core.verb[0m [1;30mLevel 5[0m set package 'lunabotics2021' build argument 'cmake_clean_first' from command line to 'False'
[0.800s] [34mcolcon.colcon_core.verb[0m [1;30mLevel 5[0m set package 'lunabotics2021' build argument 'cmake_force_configure' from command line to 'False'
[0.800s] [34mcolcon.colcon_core.verb[0m [1;30mLevel 5[0m set package 'lunabotics2021' build argument 'ament_cmake_args' from command line to 'None'
[0.800s] [34mcolcon.colcon_core.verb[0m [1;30mLevel 5[0m set package 'lunabotics2021' build argument 'catkin_cmake_args' from command line to 'None'
[0.800s] [34mcolcon.colcon_core.verb[0m [1;30mLevel 5[0m set package 'lunabotics2021' build argument 'catkin_skip_building_tests' from command line to 'False'
[0.800s] [34mcolcon.colcon_core.verb[0m [1;30mDEBUG[0m [32mBuilding package 'lunabotics2021' with the following arguments: {'ament_cmake_args': None, 'build_base': 'F:\\dev\\colcon_ws\\src\\lunabotics2021\\build\\lunabotics2021', 'catkin_cmake_args': None, 'catkin_skip_building_tests': False, 'cmake_args': None, 'cmake_clean_cache': False, 'cmake_clean_first': False, 'cmake_force_configure': False, 'cmake_target': None, 'cmake_target_skip_unavailable': False, 'install_base': 'F:\\dev\\colcon_ws\\src\\lunabotics2021\\install\\lunabotics2021', 'merge_install': False, 'path': 'F:\\dev\\colcon_ws\\src\\lunabotics2021', 'symlink_install': True, 'test_result_base': None}[0m
[0.803s] [34mcolcon.colcon_core.executor[0m [1;30mINFO[0m Executing jobs using 'parallel' executor
[0.824s] [34mcolcon.colcon_parallel_executor.executor.parallel[0m [1;30mDEBUG[0m [32mrun_until_complete[0m
[0.825s] [34mcolcon.colcon_ros.task.ament_cmake.build[0m [1;30mINFO[0m Building ROS package in 'F:\dev\colcon_ws\src\lunabotics2021' with build type 'ament_cmake'
[0.833s] [34mcolcon.colcon_core.plugin_system[0m [1;30mINFO[0m Skipping extension 'colcon_core.shell.sh': Not used on Windows systems
[0.833s] [34mcolcon.colcon_cmake.task.cmake.build[0m [1;30mINFO[0m Building CMake package in 'F:\dev\colcon_ws\src\lunabotics2021'
[0.839s] [34mcolcon.colcon_core.shell[0m [1;30mINFO[0m Skip shell extension 'powershell' for command environment: Not usable outside of PowerShell
[0.913s] [34mcolcon.colcon_core.event_handler.log_command[0m [1;30mDEBUG[0m [32mInvoking command in 'F:\dev\colcon_ws\src\lunabotics2021\build\lunabotics2021': C:\Program Files\CMake\bin\cmake.EXE F:\dev\colcon_ws\src\lunabotics2021 -DAMENT_CMAKE_SYMLINK_INSTALL=1 -DCMAKE_INSTALL_PREFIX=F:\dev\colcon_ws\src\lunabotics2021\install\lunabotics2021[0m
[4.142s] [34mcolcon.colcon_core.event_handler.log_command[0m [1;30mDEBUG[0m [32mInvoked command in 'F:\dev\colcon_ws\src\lunabotics2021\build\lunabotics2021' returned '0': C:\Program Files\CMake\bin\cmake.EXE F:\dev\colcon_ws\src\lunabotics2021 -DAMENT_CMAKE_SYMLINK_INSTALL=1 -DCMAKE_INSTALL_PREFIX=F:\dev\colcon_ws\src\lunabotics2021\install\lunabotics2021[0m
[4.148s] [34mcolcon.colcon_core.event_handler.log_command[0m [1;30mDEBUG[0m [32mInvoking command in 'F:\dev\colcon_ws\src\lunabotics2021\build\lunabotics2021': CL=/MP C:\Program Files\CMake\bin\cmake.EXE --build F:\dev\colcon_ws\src\lunabotics2021\build\lunabotics2021 --config Release[0m
[10.337s] [34mcolcon.colcon_core.event_handler.log_command[0m [1;30mDEBUG[0m [32mInvoked command in 'F:\dev\colcon_ws\src\lunabotics2021\build\lunabotics2021' returned '0': CL=/MP C:\Program Files\CMake\bin\cmake.EXE --build F:\dev\colcon_ws\src\lunabotics2021\build\lunabotics2021 --config Release[0m
[10.373s] [34mcolcon.colcon_core.event_handler.log_command[0m [1;30mDEBUG[0m [32mInvoking command in 'F:\dev\colcon_ws\src\lunabotics2021\build\lunabotics2021': C:\Program Files\CMake\bin\cmake.EXE --install F:\dev\colcon_ws\src\lunabotics2021\build\lunabotics2021 --config Release[0m
[10.820s] [34mcolcon.colcon_core.environment[0m [1;30mLevel 1[0m create_environment_scripts_only(lunabotics2021)
[10.823s] [34mcolcon.colcon_core.event_handler.log_command[0m [1;30mDEBUG[0m [32mInvoked command in 'F:\dev\colcon_ws\src\lunabotics2021\build\lunabotics2021' returned '0': C:\Program Files\CMake\bin\cmake.EXE --install F:\dev\colcon_ws\src\lunabotics2021\build\lunabotics2021 --config Release[0m
[10.850s] [34mcolcon.colcon_core.environment[0m [1;30mLevel 1[0m checking 'F:\dev\colcon_ws\src\lunabotics2021\install\lunabotics2021' for CMake module files
[10.851s] [34mcolcon.colcon_core.environment[0m [1;30mLevel 1[0m checking 'F:\dev\colcon_ws\src\lunabotics2021\install\lunabotics2021' for CMake config files
[10.853s] [34mcolcon.colcon_core.shell[0m [1;30mLevel 1[0m create_environment_hook('lunabotics2021', 'cmake_prefix_path')
[10.859s] [34mcolcon.colcon_core.shell[0m [1;30mINFO[0m Creating environment hook 'F:\dev\colcon_ws\src\lunabotics2021\install\lunabotics2021\share\lunabotics2021\hook\cmake_prefix_path.ps1'
[10.871s] [34mcolcon.colcon_core.shell[0m [1;30mINFO[0m Creating environment hook 'F:\dev\colcon_ws\src\lunabotics2021\install\lunabotics2021\share\lunabotics2021\hook\cmake_prefix_path.bat'
[10.885s] [34mcolcon.colcon_core.shell[0m [1;30mINFO[0m Creating environment descriptor 'F:\dev\colcon_ws\src\lunabotics2021\install\lunabotics2021\share\lunabotics2021\hook\cmake_prefix_path.dsv'
[10.895s] [34mcolcon.colcon_core.environment[0m [1;30mLevel 1[0m checking 'F:\dev\colcon_ws\src\lunabotics2021\install\lunabotics2021\bin'
[10.896s] [34mcolcon.colcon_core.environment[0m [1;30mLevel 1[0m checking 'F:\dev\colcon_ws\src\lunabotics2021\install\lunabotics2021\bin'
[10.896s] [34mcolcon.colcon_core.environment[0m [1;30mLevel 1[0m checking 'F:\dev\colcon_ws\src\lunabotics2021\install\lunabotics2021\Scripts'
[10.896s] [34mcolcon.colcon_core.environment[0m [1;30mLevel 1[0m checking 'F:\dev\colcon_ws\src\lunabotics2021\install\lunabotics2021\lib\pkgconfig\lunabotics2021.pc'
[10.896s] [34mcolcon.colcon_core.environment[0m [1;30mLevel 1[0m checking 'F:\dev\colcon_ws\src\lunabotics2021\install\lunabotics2021\Lib\site-packages'
[10.904s] [34mcolcon.colcon_core.shell[0m [1;30mINFO[0m Creating package script 'F:\dev\colcon_ws\src\lunabotics2021\install\lunabotics2021\share\lunabotics2021\package.ps1'
[10.917s] [34mcolcon.colcon_core.shell[0m [1;30mINFO[0m Creating package script 'F:\dev\colcon_ws\src\lunabotics2021\install\lunabotics2021\share\lunabotics2021\package.bat'
[10.930s] [34mcolcon.colcon_core.shell[0m [1;30mINFO[0m Creating package descriptor 'F:\dev\colcon_ws\src\lunabotics2021\install\lunabotics2021\share\lunabotics2021\package.dsv'
[10.941s] [34mcolcon.colcon_core.environment[0m [1;30mLevel 1[0m create_file_with_runtime_dependencies(F:\dev\colcon_ws\src\lunabotics2021\install\lunabotics2021\share\colcon-core\packages\lunabotics2021)
[10.944s] [34mcolcon.colcon_parallel_executor.executor.parallel[0m [1;30mDEBUG[0m [32mrun_until_complete finished with '0'[0m
[10.944s] [34mcolcon.colcon_core.event_reactor[0m [1;30mDEBUG[0m [32mjoining thread[0m
[10.980s] [34mcolcon.colcon_core.plugin_system[0m [1;30mINFO[0m Skipping extension 'colcon_notification.desktop_notification.notify2': 'notify2' not found
[10.980s] [34mcolcon.colcon_core.plugin_system[0m [1;30mINFO[0m Skipping extension 'colcon_notification.desktop_notification.notify_send': Not used on non-Linux systems
[10.980s] [34mcolcon.colcon_core.plugin_system[0m [1;30mINFO[0m Skipping extension 'colcon_notification.desktop_notification.terminal_notifier': Not used on non-Darwin systems
[10.980s] [34mcolcon.colcon_notification.desktop_notification[0m [1;30mINFO[0m Sending desktop notification using 'win32'
[16.036s] [34mcolcon.colcon_core.event_reactor[0m [1;30mDEBUG[0m [32mjoined thread[0m
[16.047s] [34mcolcon.colcon_core.shell[0m [1;30mINFO[0m Creating prefix script 'F:\dev\colcon_ws\src\lunabotics2021\install\local_setup.ps1'
[16.052s] [34mcolcon.colcon_core.shell[0m [1;30mINFO[0m Creating prefix util module 'F:\dev\colcon_ws\src\lunabotics2021\install\_local_setup_util_ps1.py'
[16.056s] [34mcolcon.colcon_core.shell[0m [1;30mINFO[0m Creating prefix chain script 'F:\dev\colcon_ws\src\lunabotics2021\install\setup.ps1'
[16.073s] [34mcolcon.colcon_core.shell[0m [1;30mINFO[0m Creating prefix script 'F:\dev\colcon_ws\src\lunabotics2021\install\local_setup.bat'
[16.077s] [34mcolcon.colcon_core.shell[0m [1;30mINFO[0m Creating prefix util module 'F:\dev\colcon_ws\src\lunabotics2021\install\_local_setup_util_bat.py'
[16.082s] [34mcolcon.colcon_core.shell[0m [1;30mINFO[0m Creating prefix chain script 'F:\dev\colcon_ws\src\lunabotics2021\install\setup.bat'
