[1.421s] Invoking command in 'F:\dev\colcon_ws\src\lunabotics2021\build\lunabotics2021': C:\Program Files\CMake\bin\cmake.EXE F:\dev\colcon_ws\src\lunabotics2021 -DAMENT_CMAKE_SYMLINK_INSTALL=1 -DCMAKE_INSTALL_PREFIX=F:\dev\colcon_ws\src\lunabotics2021\install\lunabotics2021
[1.703s] -- Selecting Windows SDK version 10.0.17763.0 to target Windows 10.0.18363.
[1.890s] -- Found ament_cmake: 0.9.6 (F:/dev/ros2_foxy/share/ament_cmake/cmake)
[2.093s] -- Using PYTHON_EXECUTABLE: C:/Python38/python.exe
[2.625s] -- Override CMake install command with custom implementation using symlinks instead of copying resources
[3.296s] -- Found rclcpp: 2.1.0 (F:/dev/ros2_foxy/share/rclcpp/cmake)
[3.750s] -- Using all available rosidl_typesupport_c: rosidl_typesupport_connext_c;rosidl_typesupport_fastrtps_c;rosidl_typesupport_introspection_c
[3.812s] -- Found rosidl_adapter: 1.0.1 (F:/dev/ros2_foxy/share/rosidl_adapter/cmake)
[4.640s] -- Could not find RTI Connext - skipping rosidl_typesupport_connext_c
[5.484s] -- Could not find RTI Connext - skipping rosidl_typesupport_connext_cpp
[6.312s] -- Using all available rosidl_typesupport_cpp: rosidl_typesupport_connext_cpp;rosidl_typesupport_fastrtps_cpp;rosidl_typesupport_introspection_cpp
[7.031s] -- Found rmw_implementation_cmake: 1.0.1 (F:/dev/ros2_foxy/share/rmw_implementation_cmake/cmake)
[7.609s] -- Using RMW implementation 'rmw_fastrtps_cpp' as default
[8.312s] -- Found std_msgs: 2.0.3 (F:/dev/ros2_foxy/share/std_msgs/cmake)
[8.578s] -- Found ament_lint_auto: 0.9.5 (F:/dev/ros2_foxy/share/ament_lint_auto/cmake)
[9.312s] -- Added test 'copyright' to check source files copyright and LICENSE
[9.578s] -- Added test 'cppcheck' to perform static code analysis on C / C++ code
[9.578s] -- Configured cppcheck include dirs: $<BUILD_INTERFACE:F:/dev/colcon_ws/src/lunabotics2021/include>
[9.578s] -- Configured cppcheck exclude dirs and/or files: 
[9.812s] -- Added test 'cpplint' to check C / C++ code against the Google style
[9.812s] -- Configured cpplint exclude dirs and/or files: 
[9.843s] -- Added test 'flake8' to check Python code syntax and style conventions
[9.906s] -- Added test 'lint_cmake' to check CMake code style
[9.953s] -- Added test 'pep257' to check Python code against some of the style conventions in PEP 257
[10.171s] -- Added test 'uncrustify' to check C / C++ code style
[10.171s] -- Configured uncrustify additional arguments: 
[10.203s] -- Added test 'xmllint' to check XML markup files
[19.281s] -- Configuring done
[19.984s] -- Generating done
[20.015s] -- Build files have been written to: F:/dev/colcon_ws/src/lunabotics2021/build/lunabotics2021
[20.031s] Invoked command in 'F:\dev\colcon_ws\src\lunabotics2021\build\lunabotics2021' returned '0': C:\Program Files\CMake\bin\cmake.EXE F:\dev\colcon_ws\src\lunabotics2021 -DAMENT_CMAKE_SYMLINK_INSTALL=1 -DCMAKE_INSTALL_PREFIX=F:\dev\colcon_ws\src\lunabotics2021\install\lunabotics2021
[20.031s] Invoking command in 'F:\dev\colcon_ws\src\lunabotics2021\build\lunabotics2021': CL=/MP C:\Program Files\CMake\bin\cmake.EXE --build F:\dev\colcon_ws\src\lunabotics2021\build\lunabotics2021 --config Release
[20.234s] Microsoft (R) Build Engine version 15.9.21+g9802d43bc3 for .NET Framework
[20.234s] Copyright (C) Microsoft Corporation. All rights reserved.
[20.234s] 
[21.765s]   hello.cpp
[25.468s] hello.obj : error LNK2019: unresolved external symbol "public: virtual __cdecl ctre::phoenix::motorcontrol::can::BaseMotorController::~BaseMotorController(void)" (??1BaseMotorController@can@motorcontrol@phoenix@ctre@@UEAA@XZ) referenced in function "public: void __cdecl ctre::phoenix::motorcontrol::can::TalonSRX::`vbase destructor'(void)" (??_DTalonSRX@can@motorcontrol@phoenix@ctre@@QEAAXXZ) [F:\dev\colcon_ws\src\lunabotics2021\build\lunabotics2021\hello.vcxproj]
[25.468s] hello.obj : error LNK2019: unresolved external symbol "public: __cdecl ctre::phoenix::motorcontrol::can::TalonSRX::TalonSRX(int)" (??0TalonSRX@can@motorcontrol@phoenix@ctre@@QEAA@H@Z) referenced in function "class std::shared_ptr<class Hello> __cdecl std::make_shared<class Hello>(void)" (??$make_shared@VHello@@$$V@std@@YA?AV?$shared_ptr@VHello@@@0@XZ) [F:\dev\colcon_ws\src\lunabotics2021\build\lunabotics2021\hello.vcxproj]
[25.468s] hello.obj : error LNK2019: unresolved external symbol "public: virtual __cdecl ctre::phoenix::motorcontrol::can::TalonSRX::~TalonSRX(void)" (??1TalonSRX@can@motorcontrol@phoenix@ctre@@UEAA@XZ) referenced in function "public: void __cdecl ctre::phoenix::motorcontrol::can::TalonSRX::`vbase destructor'(void)" (??_DTalonSRX@can@motorcontrol@phoenix@ctre@@QEAAXXZ) [F:\dev\colcon_ws\src\lunabotics2021\build\lunabotics2021\hello.vcxproj]
[25.468s] hello.obj : error LNK2019: unresolved external symbol "int __cdecl ctre::phoenix::platform::can::SetCANInterface(char const *)" (?SetCANInterface@can@platform@phoenix@ctre@@YAHPEBD@Z) referenced in function main [F:\dev\colcon_ws\src\lunabotics2021\build\lunabotics2021\hello.vcxproj]
[25.484s] F:\dev\colcon_ws\src\lunabotics2021\build\lunabotics2021\Release\hello.exe : fatal error LNK1120: 4 unresolved externals [F:\dev\colcon_ws\src\lunabotics2021\build\lunabotics2021\hello.vcxproj]
[25.640s]   Building Custom Rule F:/dev/colcon_ws/src/lunabotics2021/CMakeLists.txt
[25.765s]   listen.cpp
[30.312s]   listen.vcxproj -> F:\dev\colcon_ws\src\lunabotics2021\build\lunabotics2021\Release\listen.exe
[30.359s] Invoked command in 'F:\dev\colcon_ws\src\lunabotics2021\build\lunabotics2021' returned '1': CL=/MP C:\Program Files\CMake\bin\cmake.EXE --build F:\dev\colcon_ws\src\lunabotics2021\build\lunabotics2021 --config Release
