[0.110s] Invoking command in 'F:\dev\colcon_ws\src\lunabotics2021\build\lunabotics2021': C:\Program Files\CMake\bin\cmake.EXE F:\dev\colcon_ws\src\lunabotics2021 -DAMENT_CMAKE_SYMLINK_INSTALL=1 -DCMAKE_INSTALL_PREFIX=F:\dev\colcon_ws\src\lunabotics2021\install\lunabotics2021
[0.141s] -- Selecting Windows SDK version 10.0.17763.0 to target Windows 10.0.18363.
[0.172s] -- Found ament_cmake: 0.9.6 (F:/dev/ros2_foxy/share/ament_cmake/cmake)
[0.219s] -- Using PYTHON_EXECUTABLE: C:/Python38/python.exe
[1.016s] -- Override CMake install command with custom implementation using symlinks instead of copying resources
[1.172s] -- Found rclcpp: 2.1.0 (F:/dev/ros2_foxy/share/rclcpp/cmake)
[1.313s] -- Using all available rosidl_typesupport_c: rosidl_typesupport_connext_c;rosidl_typesupport_fastrtps_c;rosidl_typesupport_introspection_c
[1.328s] -- Found rosidl_adapter: 1.0.1 (F:/dev/ros2_foxy/share/rosidl_adapter/cmake)
[2.891s] -- Could not find RTI Connext - skipping rosidl_typesupport_connext_c
[2.969s] -- Could not find RTI Connext - skipping rosidl_typesupport_connext_cpp
[3.438s] -- Using all available rosidl_typesupport_cpp: rosidl_typesupport_connext_cpp;rosidl_typesupport_fastrtps_cpp;rosidl_typesupport_introspection_cpp
[3.531s] -- Found rmw_implementation_cmake: 1.0.1 (F:/dev/ros2_foxy/share/rmw_implementation_cmake/cmake)
[3.547s] -- Using RMW implementation 'rmw_fastrtps_cpp' as default
[3.703s] -- Found std_msgs: 2.0.3 (F:/dev/ros2_foxy/share/std_msgs/cmake)
[3.735s] CMake Error at CMakeLists.txt:25 (find_pachage):
[3.735s]   Unknown CMake command "find_pachage".
[3.735s] 
[3.735s] 
[3.735s] -- Configuring incomplete, errors occurred!
[3.735s] See also "F:/dev/colcon_ws/src/lunabotics2021/build/lunabotics2021/CMakeFiles/CMakeOutput.log".
[3.735s] See also "F:/dev/colcon_ws/src/lunabotics2021/build/lunabotics2021/CMakeFiles/CMakeError.log".
[3.766s] Invoked command in 'F:\dev\colcon_ws\src\lunabotics2021\build\lunabotics2021' returned '1': C:\Program Files\CMake\bin\cmake.EXE F:\dev\colcon_ws\src\lunabotics2021 -DAMENT_CMAKE_SYMLINK_INSTALL=1 -DCMAKE_INSTALL_PREFIX=F:\dev\colcon_ws\src\lunabotics2021\install\lunabotics2021
