[0.282s] Invoking command in 'F:\dev\colcon_ws\src\lunabotics2021\build\lunabotics2021': C:\Program Files\CMake\bin\cmake.EXE F:\dev\colcon_ws\src\lunabotics2021 -DAMENT_CMAKE_SYMLINK_INSTALL=1 -DCMAKE_INSTALL_PREFIX=F:\dev\colcon_ws\src\lunabotics2021\install\lunabotics2021
[0.282s] -- Selecting Windows SDK version 10.0.17763.0 to target Windows 10.0.18363.
[0.297s] -- Found ament_cmake: 0.9.6 (F:/dev/ros2_foxy/share/ament_cmake/cmake)
[0.344s] -- Using PYTHON_EXECUTABLE: C:/Python38/python.exe
[0.875s] -- Override CMake install command with custom implementation using symlinks instead of copying resources
[1.313s] -- Found rclcpp: 2.1.0 (F:/dev/ros2_foxy/share/rclcpp/cmake)
[1.360s] -- Using all available rosidl_typesupport_c: rosidl_typesupport_connext_c;rosidl_typesupport_fastrtps_c;rosidl_typesupport_introspection_c
[1.375s] -- Found rosidl_adapter: 1.0.1 (F:/dev/ros2_foxy/share/rosidl_adapter/cmake)
[1.985s] -- Could not find RTI Connext - skipping rosidl_typesupport_connext_c
[2.016s] -- Could not find RTI Connext - skipping rosidl_typesupport_connext_cpp
[2.235s] -- Using all available rosidl_typesupport_cpp: rosidl_typesupport_connext_cpp;rosidl_typesupport_fastrtps_cpp;rosidl_typesupport_introspection_cpp
[2.344s] -- Found rmw_implementation_cmake: 1.0.1 (F:/dev/ros2_foxy/share/rmw_implementation_cmake/cmake)
[2.375s] -- Using RMW implementation 'rmw_fastrtps_cpp' as default
[2.485s] -- Found std_msgs: 2.0.3 (F:/dev/ros2_foxy/share/std_msgs/cmake)
[2.704s] -- Found ament_lint_auto: 0.9.5 (F:/dev/ros2_foxy/share/ament_lint_auto/cmake)
[4.110s] -- Added test 'copyright' to check source files copyright and LICENSE
[4.797s] -- Added test 'cppcheck' to perform static code analysis on C / C++ code
[4.797s] -- Configured cppcheck include dirs: F:/dev/colcon_ws/src/lunabotics2021/hello;F:/dev/colcon_ws/src/lunabotics2021/include/ctre/phoenix;$<BUILD_INTERFACE:F:/dev/colcon_ws/src/lunabotics2021/include>
[4.797s] -- Configured cppcheck exclude dirs and/or files: 
[5.157s] -- Added test 'cpplint' to check C / C++ code against the Google style
[5.157s] -- Configured cpplint exclude dirs and/or files: 
[5.204s] -- Added test 'flake8' to check Python code syntax and style conventions
[5.297s] -- Added test 'lint_cmake' to check CMake code style
[5.344s] -- Added test 'pep257' to check Python code against some of the style conventions in PEP 257
[5.704s] -- Added test 'uncrustify' to check C / C++ code style
[5.704s] -- Configured uncrustify additional arguments: 
[5.750s] -- Added test 'xmllint' to check XML markup files
[6.000s] -- Configuring done
[8.610s] -- Generating done
[8.766s] -- Build files have been written to: F:/dev/colcon_ws/src/lunabotics2021/build/lunabotics2021
[8.766s] Invoked command in 'F:\dev\colcon_ws\src\lunabotics2021\build\lunabotics2021' returned '0': C:\Program Files\CMake\bin\cmake.EXE F:\dev\colcon_ws\src\lunabotics2021 -DAMENT_CMAKE_SYMLINK_INSTALL=1 -DCMAKE_INSTALL_PREFIX=F:\dev\colcon_ws\src\lunabotics2021\install\lunabotics2021
[8.797s] Invoking command in 'F:\dev\colcon_ws\src\lunabotics2021\build\lunabotics2021': CL=/MP C:\Program Files\CMake\bin\cmake.EXE --build F:\dev\colcon_ws\src\lunabotics2021\build\lunabotics2021 --config Release
[8.985s] Microsoft (R) Build Engine version 15.9.21+g9802d43bc3 for .NET Framework
[8.985s] Copyright (C) Microsoft Corporation. All rights reserved.
[8.985s] 
[10.704s]   hello.cpp
[18.094s] hello.obj : error LNK2019: unresolved external symbol "int __cdecl ctre::phoenix::platform::can::SetCANInterface(char const *)" (?SetCANInterface@can@platform@phoenix@ctre@@YAHPEBD@Z) referenced in function main [F:\dev\colcon_ws\src\lunabotics2021\build\lunabotics2021\hello.vcxproj]
[18.094s] F:\dev\colcon_ws\src\lunabotics2021\build\lunabotics2021\Release\hello.exe : fatal error LNK1120: 1 unresolved externals [F:\dev\colcon_ws\src\lunabotics2021\build\lunabotics2021\hello.vcxproj]
[18.860s]   listen.cpp
[18.891s] F:\dev\colcon_ws\src\lunabotics2021\src\listen.cpp(1): fatal error C1083: Cannot open include file: 'std_msgs/msg/string.hpp': No such file or directory [F:\dev\colcon_ws\src\lunabotics2021\build\lunabotics2021\listen.vcxproj]
[19.282s] Invoked command in 'F:\dev\colcon_ws\src\lunabotics2021\build\lunabotics2021' returned '1': CL=/MP C:\Program Files\CMake\bin\cmake.EXE --build F:\dev\colcon_ws\src\lunabotics2021\build\lunabotics2021 --config Release
